<?xml version="1.0" encoding="UTF-8"?>
<testsuites name="Community Rules" time="152.733" tests="3" failures="0" errors="0">
   <testsuite name="Community Rules" tests="3" failures="0" errors="0" time="152.733" skipped="0" timestamp="2022-05-18 11:52:38" hostname="juzcategui - juzcategui" id="Test Suites/Community Rules">
      <properties>
         <property name="deviceName" value=""/>
         <property name="devicePlatform" value=""/>
         <property name="logFolder" value="/home/juzcategui/git/DIMS/Reports/20220518_115235/Community Rules/20220518_115235"/>
         <property name="logFiles" value="/home/juzcategui/git/DIMS/Reports/20220518_115235/Community Rules/20220518_115235/execution0.log"/>
         <property name="attachments" value="/home/juzcategui/git/DIMS/Reports/20220518_115235/Community Rules/20220518_115235/1652889228599.png, /home/juzcategui/git/DIMS/Reports/20220518_115235/Community Rules/20220518_115235/1652889273979.png, /home/juzcategui/git/DIMS/Reports/20220518_115235/Community Rules/20220518_115235/1652889310975.png"/>
         <property name="hostName" value="juzcategui - juzcategui"/>
         <property name="os" value="Linux 64bit"/>
         <property name="katalonVersion" value="8.2.5.208"/>
         <property name="browser" value="Chrome 100.0.4896.75"/>
         <property name="hostAddress" value="192.168.250.10"/>
         <property name="sessionId" value="c433a5f56b5ac4b5268f22e4f6a5ff3c"/>
         <property name="seleniumVersion" value="3.141.59"/>
         <property name="proxyInformation" value="ProxyInformation { proxyOption=NO_PROXY, proxyServerType=HTTP, username=, password=********, proxyServerAddress=, proxyServerPort=0, executionList=&quot;&quot;, isApplyToDesiredCapabilities=true }"/>
         <property name="platform" value="Linux"/>
      </properties>
      <testcase name="Test Cases/Add Community Rule" time="69.96" classname="Test Cases/Add Community Rule" status="PASSED">
         <system-out><![CDATA[2022-05-18 11:52:39 - [TEST_CASE][PASSED] - Test Cases/Add Community Rule: Test Cases/Add Community Rule

2022-05-18 11:52:39 - [TEST_STEP][PASSED] - openBrowser(""): Browser is opened with url: ''

2022-05-18 11:52:40 - [MESSAGE][INFO] - Starting 'Chrome' driver

2022-05-18 11:52:40 - [MESSAGE][INFO] - Action delay is set to 0 milliseconds

2022-05-18 11:52:41 - [MESSAGE][PASSED] - Browser is opened with url: ''

2022-05-18 11:52:41 - [TEST_STEP][PASSED] - navigateToUrl("http://35.237.24.127:8081/dims-app/#/home"): Navigate to 'http://35.237.24.127:8081/dims-app/#/home' successfully

2022-05-18 11:53:34 - [MESSAGE][PASSED] - Navigate to 'http://35.237.24.127:8081/dims-app/#/home' successfully

2022-05-18 11:53:34 - [TEST_STEP][PASSED] - setText(findTestObject("Object Repository/Create Lead/Page_Debt IMS/input_Username_form-control w-75 ng-untouch_2a886e"), username): Text 'SUPER_USER7' is set on object 'Object Repository/Create Lead/Page_Debt IMS/input_Username_form-control w-75 ng-untouch_2a886e'

2022-05-18 11:53:35 - [MESSAGE][PASSED] - Text 'SUPER_USER7' is set on object 'Object Repository/Create Lead/Page_Debt IMS/input_Username_form-control w-75 ng-untouch_2a886e'

2022-05-18 11:53:35 - [TEST_STEP][PASSED] - setText(findTestObject("Object Repository/Create Lead/Page_Debt IMS/input_Password_form-control w-75 ng-untouch_173c6b"), pass): Text 'Abcd1234**' is set on object 'Object Repository/Create Lead/Page_Debt IMS/input_Password_form-control w-75 ng-untouch_173c6b'

2022-05-18 11:53:36 - [MESSAGE][PASSED] - Text 'Abcd1234**' is set on object 'Object Repository/Create Lead/Page_Debt IMS/input_Password_form-control w-75 ng-untouch_173c6b'

2022-05-18 11:53:36 - [TEST_STEP][PASSED] - click(findTestObject("Object Repository/Create Lead/Page_Debt IMS/button_Login")): Object: 'Object Repository/Create Lead/Page_Debt IMS/button_Login' is clicked on

2022-05-18 11:53:39 - [MESSAGE][PASSED] - Object: 'Object Repository/Create Lead/Page_Debt IMS/button_Login' is clicked on

2022-05-18 11:53:39 - [TEST_STEP][PASSED] - click(findTestObject("Competitors/Add Competitors/strong_Maintenance Tools")): Object: 'Object Repository/Competitors/Add Competitors/strong_Maintenance Tools' is clicked on

2022-05-18 11:53:39 - [MESSAGE][PASSED] - Object: 'Object Repository/Competitors/Add Competitors/strong_Maintenance Tools' is clicked on

2022-05-18 11:53:39 - [TEST_STEP][PASSED] - click(findTestObject("Community Rules/Add community rule/span_Community Rules")): Object: 'Object Repository/Community Rules/Add community rule/span_Community Rules' is clicked on

2022-05-18 11:53:40 - [MESSAGE][PASSED] - Object: 'Object Repository/Community Rules/Add community rule/span_Community Rules' is clicked on

2022-05-18 11:53:40 - [TEST_STEP][PASSED] - click(findTestObject("Competitors/Add Competitors/button_Welcome, Julio Uzctegui_addButton")): Object: 'Object Repository/Competitors/Add Competitors/button_Welcome, Julio Uzctegui_addButton' is clicked on

2022-05-18 11:53:43 - [MESSAGE][PASSED] - Object: 'Object Repository/Competitors/Add Competitors/button_Welcome, Julio Uzctegui_addButton' is clicked on

2022-05-18 11:53:43 - [TEST_STEP][PASSED] - selectOptionByValue(findTestObject("Community Rules/Add community rule/select_office"), "1", false): All options with value '1' are selected in object 'Object Repository/Community Rules/Add community rule/select_office' 

2022-05-18 11:53:44 - [MESSAGE][PASSED] - All options with value '1' are selected in object 'Object Repository/Community Rules/Add community rule/select_office' 

2022-05-18 11:53:44 - [TEST_STEP][PASSED] - setText(findTestObject("Community Rules/Add community rule/input_Community Rule Name_"), communityrulename): Text 'Test aut' is set on object 'Object Repository/Community Rules/Add community rule/input_Community Rule Name_'

2022-05-18 11:53:45 - [MESSAGE][PASSED] - Text 'Test aut' is set on object 'Object Repository/Community Rules/Add community rule/input_Community Rule Name_'

2022-05-18 11:53:45 - [TEST_STEP][PASSED] - click(findTestObject("Community Rules/Page_Debt IMS/span_Show Age")): Object: 'Object Repository/Community Rules/Page_Debt IMS/span_Show Age' is clicked on

2022-05-18 11:53:45 - [MESSAGE][PASSED] - Object: 'Object Repository/Community Rules/Page_Debt IMS/span_Show Age' is clicked on

2022-05-18 11:53:45 - [TEST_STEP][PASSED] - click(findTestObject("Community Rules/Page_Debt IMS/span_Show Source")): Object: 'Object Repository/Community Rules/Page_Debt IMS/span_Show Source' is clicked on

2022-05-18 11:53:46 - [MESSAGE][PASSED] - Object: 'Object Repository/Community Rules/Page_Debt IMS/span_Show Source' is clicked on

2022-05-18 11:53:46 - [TEST_STEP][PASSED] - click(findTestObject("Community Rules/Page_Debt IMS/span_Show City")): Object: 'Object Repository/Community Rules/Page_Debt IMS/span_Show City' is clicked on

2022-05-18 11:53:46 - [MESSAGE][PASSED] - Object: 'Object Repository/Community Rules/Page_Debt IMS/span_Show City' is clicked on

2022-05-18 11:53:46 - [TEST_STEP][PASSED] - click(findTestObject("Community Rules/Page_Debt IMS/span_Show Speak Spanish")): Object: 'Object Repository/Community Rules/Page_Debt IMS/span_Show Speak Spanish' is clicked on

2022-05-18 11:53:47 - [MESSAGE][PASSED] - Object: 'Object Repository/Community Rules/Page_Debt IMS/span_Show Speak Spanish' is clicked on

2022-05-18 11:53:47 - [TEST_STEP][PASSED] - click(findTestObject("Competitors/Add Competitors/button_Welcome, Julio Uzctegui_saveButton")): Object: 'Object Repository/Competitors/Add Competitors/button_Welcome, Julio Uzctegui_saveButton' is clicked on

2022-05-18 11:53:47 - [MESSAGE][PASSED] - Object: 'Object Repository/Competitors/Add Competitors/button_Welcome, Julio Uzctegui_saveButton' is clicked on

2022-05-18 11:53:47 - [TEST_STEP][PASSED] - delay(1): Delayed 1 second(s)

2022-05-18 11:53:48 - [MESSAGE][PASSED] - Delayed 1 second(s)

2022-05-18 11:53:48 - [TEST_STEP][PASSED] - takeFullPageScreenshot([]): Taking screenshot successfully

2022-05-18 11:53:48 - [MESSAGE][INFO] - 0 hidden object(s)

2022-05-18 11:53:49 - [MESSAGE][INFO] - 0 hidden object(s)

2022-05-18 11:53:49 - [MESSAGE][PASSED] - Taking screenshot successfully
[[ATTACHMENT|/home/juzcategui/git/DIMS/Reports/20220518_115235/Community Rules/20220518_115235/1652889228599.png]]]]></system-out>
         <system-err><![CDATA[]]></system-err>
      </testcase>
      <testcase name="Test Cases/Edit Community Rule" time="45.175" classname="Test Cases/Edit Community Rule" status="PASSED">
         <system-out><![CDATA[2022-05-18 11:53:49 - [TEST_CASE][PASSED] - Test Cases/Edit Community Rule: Test Cases/Edit Community Rule

2022-05-18 11:53:49 - [TEST_STEP][PASSED] - openBrowser(""): Browser is opened with url: ''

2022-05-18 11:53:49 - [MESSAGE][WARNING] - A browser is already opened. Closing browser and opening a new one

2022-05-18 11:53:49 - [MESSAGE][INFO] - Starting 'Chrome' driver

2022-05-18 11:53:49 - [MESSAGE][INFO] - Action delay is set to 0 milliseconds

2022-05-18 11:53:50 - [MESSAGE][PASSED] - Browser is opened with url: ''

2022-05-18 11:53:50 - [TEST_STEP][PASSED] - navigateToUrl("http://35.237.24.127:8081/dims-app/#/home"): Navigate to 'http://35.237.24.127:8081/dims-app/#/home' successfully

2022-05-18 11:54:18 - [MESSAGE][PASSED] - Navigate to 'http://35.237.24.127:8081/dims-app/#/home' successfully

2022-05-18 11:54:18 - [TEST_STEP][PASSED] - setText(findTestObject("Object Repository/Create Lead/Page_Debt IMS/input_Username_form-control w-75 ng-untouch_2a886e"), username): Text 'SUPER_USER7' is set on object 'Object Repository/Create Lead/Page_Debt IMS/input_Username_form-control w-75 ng-untouch_2a886e'

2022-05-18 11:54:19 - [MESSAGE][PASSED] - Text 'SUPER_USER7' is set on object 'Object Repository/Create Lead/Page_Debt IMS/input_Username_form-control w-75 ng-untouch_2a886e'

2022-05-18 11:54:19 - [TEST_STEP][PASSED] - setText(findTestObject("Object Repository/Create Lead/Page_Debt IMS/input_Password_form-control w-75 ng-untouch_173c6b"), pass): Text 'Abcd1234**' is set on object 'Object Repository/Create Lead/Page_Debt IMS/input_Password_form-control w-75 ng-untouch_173c6b'

2022-05-18 11:54:19 - [MESSAGE][PASSED] - Text 'Abcd1234**' is set on object 'Object Repository/Create Lead/Page_Debt IMS/input_Password_form-control w-75 ng-untouch_173c6b'

2022-05-18 11:54:19 - [TEST_STEP][PASSED] - click(findTestObject("Object Repository/Create Lead/Page_Debt IMS/button_Login")): Object: 'Object Repository/Create Lead/Page_Debt IMS/button_Login' is clicked on

2022-05-18 11:54:22 - [MESSAGE][PASSED] - Object: 'Object Repository/Create Lead/Page_Debt IMS/button_Login' is clicked on

2022-05-18 11:54:22 - [TEST_STEP][PASSED] - click(findTestObject("Competitors/Add Competitors/strong_Maintenance Tools")): Object: 'Object Repository/Competitors/Add Competitors/strong_Maintenance Tools' is clicked on

2022-05-18 11:54:23 - [MESSAGE][PASSED] - Object: 'Object Repository/Competitors/Add Competitors/strong_Maintenance Tools' is clicked on

2022-05-18 11:54:23 - [TEST_STEP][PASSED] - click(findTestObject("Community Rules/Add community rule/span_Community Rules")): Object: 'Object Repository/Community Rules/Add community rule/span_Community Rules' is clicked on

2022-05-18 11:54:23 - [MESSAGE][PASSED] - Object: 'Object Repository/Community Rules/Add community rule/span_Community Rules' is clicked on

2022-05-18 11:54:23 - [TEST_STEP][PASSED] - setText(findTestObject("Competitors/Edit Competitor/input competitors for search"), communityrulename): Text 'Test aut' is set on object 'Object Repository/Competitors/Edit Competitor/input competitors for search'

2022-05-18 11:54:25 - [MESSAGE][PASSED] - Text 'Test aut' is set on object 'Object Repository/Competitors/Edit Competitor/input competitors for search'

2022-05-18 11:54:25 - [TEST_STEP][PASSED] - click(findTestObject("Competitors/Edit Competitor/button_Competitors_editButton")): Object: 'Object Repository/Competitors/Edit Competitor/button_Competitors_editButton' is clicked on

2022-05-18 11:54:26 - [MESSAGE][PASSED] - Object: 'Object Repository/Competitors/Edit Competitor/button_Competitors_editButton' is clicked on

2022-05-18 11:54:26 - [TEST_STEP][PASSED] - delay(3): Delayed 3 second(s)

2022-05-18 11:54:29 - [MESSAGE][PASSED] - Delayed 3 second(s)

2022-05-18 11:54:29 - [TEST_STEP][PASSED] - setText(findTestObject("Community Rules/Edit community rule/input_Community Rule edit"), communityrulenamemodify): Text 'Test aut modificado' is set on object 'Object Repository/Community Rules/Edit community rule/input_Community Rule edit'

2022-05-18 11:54:30 - [MESSAGE][PASSED] - Text 'Test aut modificado' is set on object 'Object Repository/Community Rules/Edit community rule/input_Community Rule edit'

2022-05-18 11:54:30 - [TEST_STEP][PASSED] - click(findTestObject("Community Rules/Page_Debt IMS/span_Show Age_p-inputswitch-slider")): Object: 'Object Repository/Community Rules/Page_Debt IMS/span_Show Age_p-inputswitch-slider' is clicked on

2022-05-18 11:54:30 - [MESSAGE][PASSED] - Object: 'Object Repository/Community Rules/Page_Debt IMS/span_Show Age_p-inputswitch-slider' is clicked on

2022-05-18 11:54:30 - [TEST_STEP][PASSED] - click(findTestObject("Community Rules/Page_Debt IMS/span_Show Source_p-inputswitch-slider")): Object: 'Object Repository/Community Rules/Page_Debt IMS/span_Show Source_p-inputswitch-slider' is clicked on

2022-05-18 11:54:31 - [MESSAGE][PASSED] - Object: 'Object Repository/Community Rules/Page_Debt IMS/span_Show Source_p-inputswitch-slider' is clicked on

2022-05-18 11:54:31 - [TEST_STEP][PASSED] - click(findTestObject("Community Rules/Page_Debt IMS/span_Show City_p-inputswitch-slider")): Object: 'Object Repository/Community Rules/Page_Debt IMS/span_Show City_p-inputswitch-slider' is clicked on

2022-05-18 11:54:31 - [MESSAGE][PASSED] - Object: 'Object Repository/Community Rules/Page_Debt IMS/span_Show City_p-inputswitch-slider' is clicked on

2022-05-18 11:54:31 - [TEST_STEP][PASSED] - click(findTestObject("Community Rules/Page_Debt IMS/span_Show Speak Spanish_p-inputswitch-slider")): Object: 'Object Repository/Community Rules/Page_Debt IMS/span_Show Speak Spanish_p-inputswitch-slider' is clicked on

2022-05-18 11:54:31 - [MESSAGE][PASSED] - Object: 'Object Repository/Community Rules/Page_Debt IMS/span_Show Speak Spanish_p-inputswitch-slider' is clicked on

2022-05-18 11:54:31 - [TEST_STEP][PASSED] - click(findTestObject("Community Rules/Edit community rule/button_Welcome, Julio Uzctegui_saveButton")): Object: 'Object Repository/Community Rules/Edit community rule/button_Welcome, Julio Uzctegui_saveButton' is clicked on

2022-05-18 11:54:32 - [MESSAGE][PASSED] - Object: 'Object Repository/Community Rules/Edit community rule/button_Welcome, Julio Uzctegui_saveButton' is clicked on

2022-05-18 11:54:32 - [TEST_STEP][PASSED] - click(findTestObject("Community Rules/Edit community rule/button_Accept")): Object: 'Object Repository/Community Rules/Edit community rule/button_Accept' is clicked on

2022-05-18 11:54:32 - [MESSAGE][PASSED] - Object: 'Object Repository/Community Rules/Edit community rule/button_Accept' is clicked on

2022-05-18 11:54:32 - [TEST_STEP][PASSED] - delay(1): Delayed 1 second(s)

2022-05-18 11:54:33 - [MESSAGE][PASSED] - Delayed 1 second(s)

2022-05-18 11:54:33 - [TEST_STEP][PASSED] - takeFullPageScreenshot([]): Taking screenshot successfully

2022-05-18 11:54:33 - [MESSAGE][INFO] - 0 hidden object(s)

2022-05-18 11:54:34 - [MESSAGE][INFO] - 0 hidden object(s)

2022-05-18 11:54:34 - [MESSAGE][PASSED] - Taking screenshot successfully
[[ATTACHMENT|/home/juzcategui/git/DIMS/Reports/20220518_115235/Community Rules/20220518_115235/1652889273979.png]]]]></system-out>
         <system-err><![CDATA[]]></system-err>
      </testcase>
      <testcase name="Test Cases/Delete Community Rule" time="36.926" classname="Test Cases/Delete Community Rule" status="PASSED">
         <system-out><![CDATA[2022-05-18 11:54:34 - [TEST_CASE][PASSED] - Test Cases/Delete Community Rule: Test Cases/Delete Community Rule

2022-05-18 11:54:35 - [TEST_STEP][PASSED] - openBrowser(""): Browser is opened with url: ''

2022-05-18 11:54:35 - [MESSAGE][WARNING] - A browser is already opened. Closing browser and opening a new one

2022-05-18 11:54:35 - [MESSAGE][INFO] - Starting 'Chrome' driver

2022-05-18 11:54:35 - [MESSAGE][INFO] - Action delay is set to 0 milliseconds

2022-05-18 11:54:35 - [MESSAGE][PASSED] - Browser is opened with url: ''

2022-05-18 11:54:35 - [TEST_STEP][PASSED] - navigateToUrl("http://35.237.24.127:8081/dims-app/#/home"): Navigate to 'http://35.237.24.127:8081/dims-app/#/home' successfully

2022-05-18 11:55:01 - [MESSAGE][PASSED] - Navigate to 'http://35.237.24.127:8081/dims-app/#/home' successfully

2022-05-18 11:55:01 - [TEST_STEP][PASSED] - setText(findTestObject("Object Repository/Create Lead/Page_Debt IMS/input_Username_form-control w-75 ng-untouch_2a886e"), username): Text 'SUPER_USER7' is set on object 'Object Repository/Create Lead/Page_Debt IMS/input_Username_form-control w-75 ng-untouch_2a886e'

2022-05-18 11:55:02 - [MESSAGE][PASSED] - Text 'SUPER_USER7' is set on object 'Object Repository/Create Lead/Page_Debt IMS/input_Username_form-control w-75 ng-untouch_2a886e'

2022-05-18 11:55:02 - [TEST_STEP][PASSED] - setText(findTestObject("Object Repository/Create Lead/Page_Debt IMS/input_Password_form-control w-75 ng-untouch_173c6b"), pass): Text 'Abcd1234**' is set on object 'Object Repository/Create Lead/Page_Debt IMS/input_Password_form-control w-75 ng-untouch_173c6b'

2022-05-18 11:55:03 - [MESSAGE][PASSED] - Text 'Abcd1234**' is set on object 'Object Repository/Create Lead/Page_Debt IMS/input_Password_form-control w-75 ng-untouch_173c6b'

2022-05-18 11:55:03 - [TEST_STEP][PASSED] - click(findTestObject("Object Repository/Create Lead/Page_Debt IMS/button_Login")): Object: 'Object Repository/Create Lead/Page_Debt IMS/button_Login' is clicked on

2022-05-18 11:55:05 - [MESSAGE][PASSED] - Object: 'Object Repository/Create Lead/Page_Debt IMS/button_Login' is clicked on

2022-05-18 11:55:05 - [TEST_STEP][PASSED] - click(findTestObject("Competitors/Add Competitors/strong_Maintenance Tools")): Object: 'Object Repository/Competitors/Add Competitors/strong_Maintenance Tools' is clicked on

2022-05-18 11:55:06 - [MESSAGE][PASSED] - Object: 'Object Repository/Competitors/Add Competitors/strong_Maintenance Tools' is clicked on

2022-05-18 11:55:06 - [TEST_STEP][PASSED] - click(findTestObject("Community Rules/Add community rule/span_Community Rules")): Object: 'Object Repository/Community Rules/Add community rule/span_Community Rules' is clicked on

2022-05-18 11:55:06 - [MESSAGE][PASSED] - Object: 'Object Repository/Community Rules/Add community rule/span_Community Rules' is clicked on

2022-05-18 11:55:06 - [TEST_STEP][PASSED] - setText(findTestObject("Competitors/Edit Competitor/input competitors for search"), communityrulenamemodify): Text 'Test aut modificado' is set on object 'Object Repository/Competitors/Edit Competitor/input competitors for search'

2022-05-18 11:55:08 - [MESSAGE][PASSED] - Text 'Test aut modificado' is set on object 'Object Repository/Competitors/Edit Competitor/input competitors for search'

2022-05-18 11:55:08 - [TEST_STEP][PASSED] - click(findTestObject("Community Rules/Delete community rule/td_Office_tdEditButton")): Object: 'Object Repository/Community Rules/Delete community rule/td_Office_tdEditButton' is clicked on

2022-05-18 11:55:08 - [MESSAGE][PASSED] - Object: 'Object Repository/Community Rules/Delete community rule/td_Office_tdEditButton' is clicked on

2022-05-18 11:55:08 - [TEST_STEP][PASSED] - click(findTestObject("Competitors/Delete competitor/button_Welcome, Julio Uzctegui_deleteButton")): Object: 'Object Repository/Competitors/Delete competitor/button_Welcome, Julio Uzctegui_deleteButton' is clicked on

2022-05-18 11:55:09 - [MESSAGE][PASSED] - Object: 'Object Repository/Competitors/Delete competitor/button_Welcome, Julio Uzctegui_deleteButton' is clicked on

2022-05-18 11:55:09 - [TEST_STEP][PASSED] - click(findTestObject("Competitors/Delete competitor/button_Accept")): Object: 'Object Repository/Competitors/Delete competitor/button_Accept' is clicked on

2022-05-18 11:55:09 - [MESSAGE][PASSED] - Object: 'Object Repository/Competitors/Delete competitor/button_Accept' is clicked on

2022-05-18 11:55:09 - [TEST_STEP][PASSED] - delay(1): Delayed 1 second(s)

2022-05-18 11:55:10 - [MESSAGE][PASSED] - Delayed 1 second(s)

2022-05-18 11:55:10 - [TEST_STEP][PASSED] - takeFullPageScreenshot([]): Taking screenshot successfully

2022-05-18 11:55:10 - [MESSAGE][INFO] - 0 hidden object(s)

2022-05-18 11:55:11 - [MESSAGE][INFO] - 0 hidden object(s)

2022-05-18 11:55:11 - [MESSAGE][PASSED] - Taking screenshot successfully
[[ATTACHMENT|/home/juzcategui/git/DIMS/Reports/20220518_115235/Community Rules/20220518_115235/1652889310975.png]]]]></system-out>
         <system-err><![CDATA[]]></system-err>
      </testcase>
      <system-out><![CDATA[2022-05-18 11:52:38 - [TEST_SUITE][PASSED] - Community Rules: Test Cases/Delete Community Rule]]></system-out>
      <system-err><![CDATA[]]></system-err>
   </testsuite>
</testsuites>
