<?xml version="1.0" encoding="UTF-8"?>
<testsuites name="Programs" time="90.784" tests="1" failures="0" errors="0">
   <testsuite name="Programs" tests="1" failures="0" errors="0" time="90.784" skipped="0" timestamp="2022-03-22 00:16:17" hostname="juzcategui - juzcategui" id="Test Suites/Programs">
      <properties>
         <property name="deviceName" value=""/>
         <property name="devicePlatform" value=""/>
         <property name="logFolder" value="/home/juzcategui/git/DIMS/Reports/20220322_001614/Programs/20220322_001614"/>
         <property name="logFiles" value="/home/juzcategui/git/DIMS/Reports/20220322_001614/Programs/20220322_001614/execution0.log"/>
         <property name="attachments" value="/home/juzcategui/git/DIMS/Reports/20220322_001614/Programs/20220322_001614/1647922639665.png, /home/juzcategui/git/DIMS/Reports/20220322_001614/Programs/20220322_001614/1647922667224.png"/>
         <property name="hostName" value="juzcategui - juzcategui"/>
         <property name="os" value="Linux 64bit"/>
         <property name="katalonVersion" value="8.2.5.208"/>
         <property name="browser" value="Chrome 98.0.4758.102"/>
         <property name="hostAddress" value="192.168.250.10"/>
         <property name="sessionId" value="5eb17fe5164ccb89f3357aeff06a0171"/>
         <property name="seleniumVersion" value="3.141.59"/>
         <property name="proxyInformation" value="ProxyInformation { proxyOption=NO_PROXY, proxyServerType=HTTP, username=, password=********, proxyServerAddress=, proxyServerPort=0, executionList=&quot;&quot;, isApplyToDesiredCapabilities=true }"/>
         <property name="platform" value="Linux"/>
      </properties>
      <testcase name="Test Cases/Add Programs" time="0.836" classname="Test Cases/Add Programs" status="INCOMPLETE">
         <system-out><![CDATA[2022-03-22 00:17:47 - [TEST_CASE][INCOMPLETE] - Test Cases/Add Programs: null

2022-03-22 00:17:47 - [TEST_STEP][PASSED] - openBrowser(""): Browser is opened with url: ''

2022-03-22 00:17:47 - [MESSAGE][WARNING] - A browser is already opened. Closing browser and opening a new one

2022-03-22 00:17:47 - [MESSAGE][INFO] - Starting 'Chrome' driver

2022-03-22 00:17:47 - [MESSAGE][INFO] - Action delay is set to 0 milliseconds

2022-03-22 00:17:48 - [MESSAGE][PASSED] - Browser is opened with url: ''

2022-03-22 00:17:48 - [TEST_STEP][INCOMPLETE] - navigateToUrl("http://35.237.24.127:8081/dims-app/#/home"): null]]></system-out>
         <system-err><![CDATA[2022-03-22 00:17:47 - [TEST_CASE][INCOMPLETE] - Test Cases/Add Programs: null]]></system-err>
      </testcase>
      <system-out><![CDATA[2022-03-22 00:16:17 - [TEST_SUITE][INCOMPLETE] - Programs: null]]></system-out>
      <system-err><![CDATA[2022-03-22 00:16:17 - [TEST_SUITE][INCOMPLETE] - Programs: null]]></system-err>
   </testsuite>
</testsuites>
