<?xml version="1.0" encoding="UTF-8"?>
<testsuites name="Debt Type" time="69.718" tests="2" failures="0" errors="0">
   <testsuite name="Debt Type" tests="2" failures="0" errors="0" time="69.718" skipped="0" timestamp="2022-03-24 15:12:33" hostname="juzcategui - juzcategui" id="Test Suites/Debt Type">
      <properties>
         <property name="deviceName" value=""/>
         <property name="devicePlatform" value=""/>
         <property name="logFolder" value="/home/juzcategui/git/DIMS/Reports/20220324_151226/Debt Type/20220324_151226"/>
         <property name="logFiles" value="/home/juzcategui/git/DIMS/Reports/20220324_151226/Debt Type/20220324_151226/execution0.log"/>
         <property name="attachments" value=""/>
         <property name="hostName" value="juzcategui - juzcategui"/>
         <property name="os" value="Linux 64bit"/>
         <property name="katalonVersion" value="8.2.5.208"/>
         <property name="browser" value="Chrome 98.0.4758.102"/>
         <property name="hostAddress" value="192.168.12.44"/>
         <property name="sessionId" value="a6741b69607dc86cf5865dffb8185f2f"/>
         <property name="seleniumVersion" value="3.141.59"/>
         <property name="proxyInformation" value="ProxyInformation { proxyOption=NO_PROXY, proxyServerType=HTTP, username=, password=********, proxyServerAddress=, proxyServerPort=0, executionList=&quot;&quot;, isApplyToDesiredCapabilities=true }"/>
         <property name="platform" value="Linux"/>
      </properties>
      <testcase name="Test Cases/Edit debt Type" time="33.026" classname="Test Cases/Edit debt Type" status="PASSED">
         <system-out><![CDATA[2022-03-24 15:12:34 - [TEST_CASE][PASSED] - Test Cases/Edit debt Type: Test Cases/Edit debt Type

2022-03-24 15:12:35 - [TEST_STEP][PASSED] - openBrowser(""): Browser is opened with url: ''

2022-03-24 15:12:35 - [MESSAGE][INFO] - Starting 'Chrome' driver

2022-03-24 15:12:35 - [MESSAGE][INFO] - Action delay is set to 0 milliseconds

2022-03-24 15:12:40 - [MESSAGE][PASSED] - Browser is opened with url: ''

2022-03-24 15:12:40 - [TEST_STEP][PASSED] - navigateToUrl("http://35.237.24.127:8081/dims-app/#/home"): Navigate to 'http://35.237.24.127:8081/dims-app/#/home' successfully

2022-03-24 15:12:54 - [MESSAGE][PASSED] - Navigate to 'http://35.237.24.127:8081/dims-app/#/home' successfully

2022-03-24 15:12:54 - [TEST_STEP][PASSED] - setText(findTestObject("Object Repository/Create Lead/Page_Debt IMS/input_Username_form-control w-75 ng-untouch_2a886e"), username): Text 'SUPER_USER7' is set on object 'Object Repository/Create Lead/Page_Debt IMS/input_Username_form-control w-75 ng-untouch_2a886e'

2022-03-24 15:12:55 - [MESSAGE][PASSED] - Text 'SUPER_USER7' is set on object 'Object Repository/Create Lead/Page_Debt IMS/input_Username_form-control w-75 ng-untouch_2a886e'

2022-03-24 15:12:55 - [TEST_STEP][PASSED] - setText(findTestObject("Object Repository/Create Lead/Page_Debt IMS/input_Password_form-control w-75 ng-untouch_173c6b"), pass): Text 'Abcd1234**' is set on object 'Object Repository/Create Lead/Page_Debt IMS/input_Password_form-control w-75 ng-untouch_173c6b'

2022-03-24 15:12:56 - [MESSAGE][PASSED] - Text 'Abcd1234**' is set on object 'Object Repository/Create Lead/Page_Debt IMS/input_Password_form-control w-75 ng-untouch_173c6b'

2022-03-24 15:12:56 - [TEST_STEP][PASSED] - click(findTestObject("Object Repository/Create Lead/Page_Debt IMS/button_Login")): Object: 'Object Repository/Create Lead/Page_Debt IMS/button_Login' is clicked on

2022-03-24 15:12:59 - [MESSAGE][PASSED] - Object: 'Object Repository/Create Lead/Page_Debt IMS/button_Login' is clicked on

2022-03-24 15:12:59 - [TEST_STEP][PASSED] - click(findTestObject("Object Repository/Create Lead/Page_Debt IMS/strong_Maintenance Tools")): Object: 'Object Repository/Create Lead/Page_Debt IMS/strong_Maintenance Tools' is clicked on

2022-03-24 15:13:00 - [MESSAGE][PASSED] - Object: 'Object Repository/Create Lead/Page_Debt IMS/strong_Maintenance Tools' is clicked on

2022-03-24 15:13:00 - [TEST_STEP][PASSED] - click(findTestObject("debt type/add/span_Debt Type")): Object: 'Object Repository/debt type/add/span_Debt Type' is clicked on

2022-03-24 15:13:01 - [MESSAGE][PASSED] - Object: 'Object Repository/debt type/add/span_Debt Type' is clicked on

2022-03-24 15:13:01 - [TEST_STEP][PASSED] - setText(findTestObject("debt type/add/input_Debt Type search"), "test dg aut"): Text 'test dg aut' is set on object 'Object Repository/debt type/add/input_Debt Type search'

2022-03-24 15:13:02 - [MESSAGE][PASSED] - Text 'test dg aut' is set on object 'Object Repository/debt type/add/input_Debt Type search'

2022-03-24 15:13:02 - [TEST_STEP][PASSED] - click(findTestObject("debt type/add/button_Office_editButton edit type edit")): Object: 'Object Repository/debt type/add/button_Office_editButton edit type edit' is clicked on

2022-03-24 15:13:03 - [MESSAGE][PASSED] - Object: 'Object Repository/debt type/add/button_Office_editButton edit type edit' is clicked on

2022-03-24 15:13:03 - [TEST_STEP][PASSED] - click(findTestObject("Object Repository/Create Lead/Page_Debt IMS/div_Select an Office(s)")): Object: 'Object Repository/Create Lead/Page_Debt IMS/div_Select an Office(s)' is clicked on

2022-03-24 15:13:03 - [MESSAGE][PASSED] - Object: 'Object Repository/Create Lead/Page_Debt IMS/div_Select an Office(s)' is clicked on

2022-03-24 15:13:03 - [TEST_STEP][PASSED] - click(findTestObject("debt type/add/div_Consumer Capital Advocates LLC_to choose office")): Object: 'Object Repository/debt type/add/div_Consumer Capital Advocates LLC_to choose office' is clicked on

2022-03-24 15:13:04 - [MESSAGE][PASSED] - Object: 'Object Repository/debt type/add/div_Consumer Capital Advocates LLC_to choose office' is clicked on

2022-03-24 15:13:04 - [TEST_STEP][PASSED] - setText(findTestObject("debt type/add/input_Debt name"), debttypename): Text 'Test dg aut modifcado' is set on object 'Object Repository/debt type/add/input_Debt name'

2022-03-24 15:13:05 - [MESSAGE][PASSED] - Text 'Test dg aut modifcado' is set on object 'Object Repository/debt type/add/input_Debt name'

2022-03-24 15:13:05 - [TEST_STEP][PASSED] - click(findTestObject("debt type/add/select_YesNo"), STOP_ON_FAILURE): Object: 'Object Repository/debt type/add/select_YesNo' is clicked on

2022-03-24 15:13:05 - [MESSAGE][PASSED] - Object: 'Object Repository/debt type/add/select_YesNo' is clicked on

2022-03-24 15:13:05 - [TEST_STEP][PASSED] - click(findTestObject("Object Repository/Create Lead/Page_Debt IMS/edit -delete lead source/Page_Debt IMS/button_Welcome, Julio Uzctegui_saveButton")): Object: 'Object Repository/Create Lead/Page_Debt IMS/edit -delete lead source/Page_Debt IMS/button_Welcome, Julio Uzctegui_saveButton' is clicked on

2022-03-24 15:13:06 - [MESSAGE][PASSED] - Object: 'Object Repository/Create Lead/Page_Debt IMS/edit -delete lead source/Page_Debt IMS/button_Welcome, Julio Uzctegui_saveButton' is clicked on

2022-03-24 15:13:06 - [TEST_STEP][PASSED] - click(findTestObject("Create Lead/Page_Debt IMS/edit -delete lead source/Page_Debt IMS/button_Accept")): Object: 'Object Repository/Create Lead/Page_Debt IMS/edit -delete lead source/Page_Debt IMS/button_Accept' is clicked on

2022-03-24 15:13:07 - [MESSAGE][PASSED] - Object: 'Object Repository/Create Lead/Page_Debt IMS/edit -delete lead source/Page_Debt IMS/button_Accept' is clicked on]]></system-out>
         <system-err><![CDATA[]]></system-err>
      </testcase>
      <testcase name="Test Cases/Delete Debt Type" time="35.492" classname="Test Cases/Delete Debt Type" status="PASSED">
         <system-out><![CDATA[2022-03-24 15:13:07 - [TEST_CASE][PASSED] - Test Cases/Delete Debt Type: Test Cases/Delete Debt Type

2022-03-24 15:13:07 - [TEST_STEP][PASSED] - openBrowser(""): Browser is opened with url: ''

2022-03-24 15:13:07 - [MESSAGE][WARNING] - A browser is already opened. Closing browser and opening a new one

2022-03-24 15:13:08 - [MESSAGE][INFO] - Starting 'Chrome' driver

2022-03-24 15:13:08 - [MESSAGE][INFO] - Action delay is set to 0 milliseconds

2022-03-24 15:13:09 - [MESSAGE][PASSED] - Browser is opened with url: ''

2022-03-24 15:13:09 - [TEST_STEP][PASSED] - navigateToUrl("http://35.237.24.127:8081/dims-app/#/home"): Navigate to 'http://35.237.24.127:8081/dims-app/#/home' successfully

2022-03-24 15:13:35 - [MESSAGE][PASSED] - Navigate to 'http://35.237.24.127:8081/dims-app/#/home' successfully

2022-03-24 15:13:35 - [TEST_STEP][PASSED] - setText(findTestObject("Object Repository/Create Lead/Page_Debt IMS/edit -delete lead source/Page_Debt IMS/input_Username_form-control w-75 ng-untouch_2a886e"), username): Text 'SUPER_USER7' is set on object 'Object Repository/Create Lead/Page_Debt IMS/edit -delete lead source/Page_Debt IMS/input_Username_form-control w-75 ng-untouch_2a886e'

2022-03-24 15:13:35 - [MESSAGE][PASSED] - Text 'SUPER_USER7' is set on object 'Object Repository/Create Lead/Page_Debt IMS/edit -delete lead source/Page_Debt IMS/input_Username_form-control w-75 ng-untouch_2a886e'

2022-03-24 15:13:35 - [TEST_STEP][PASSED] - setText(findTestObject("Object Repository/Create Lead/Page_Debt IMS/edit -delete lead source/Page_Debt IMS/input_Password_form-control w-75 ng-untouch_173c6b"), pass): Text 'Abcd1234**' is set on object 'Object Repository/Create Lead/Page_Debt IMS/edit -delete lead source/Page_Debt IMS/input_Password_form-control w-75 ng-untouch_173c6b'

2022-03-24 15:13:36 - [MESSAGE][PASSED] - Text 'Abcd1234**' is set on object 'Object Repository/Create Lead/Page_Debt IMS/edit -delete lead source/Page_Debt IMS/input_Password_form-control w-75 ng-untouch_173c6b'

2022-03-24 15:13:36 - [TEST_STEP][PASSED] - click(findTestObject("Object Repository/Create Lead/Page_Debt IMS/edit -delete lead source/Page_Debt IMS/button_Login")): Object: 'Object Repository/Create Lead/Page_Debt IMS/edit -delete lead source/Page_Debt IMS/button_Login' is clicked on

2022-03-24 15:13:38 - [MESSAGE][PASSED] - Object: 'Object Repository/Create Lead/Page_Debt IMS/edit -delete lead source/Page_Debt IMS/button_Login' is clicked on

2022-03-24 15:13:38 - [TEST_STEP][PASSED] - click(findTestObject("Object Repository/Create Lead/Page_Debt IMS/edit -delete lead source/Page_Debt IMS/strong_Maintenance Tools")): Object: 'Object Repository/Create Lead/Page_Debt IMS/edit -delete lead source/Page_Debt IMS/strong_Maintenance Tools' is clicked on

2022-03-24 15:13:39 - [MESSAGE][PASSED] - Object: 'Object Repository/Create Lead/Page_Debt IMS/edit -delete lead source/Page_Debt IMS/strong_Maintenance Tools' is clicked on

2022-03-24 15:13:39 - [TEST_STEP][PASSED] - click(findTestObject("debt type/add/span_Debt Type")): Object: 'Object Repository/debt type/add/span_Debt Type' is clicked on

2022-03-24 15:13:40 - [MESSAGE][PASSED] - Object: 'Object Repository/debt type/add/span_Debt Type' is clicked on

2022-03-24 15:13:40 - [TEST_STEP][PASSED] - setText(findTestObject("debt type/add/input_Debt Type search"), "test dg aut"): Text 'test dg aut' is set on object 'Object Repository/debt type/add/input_Debt Type search'

2022-03-24 15:13:41 - [MESSAGE][PASSED] - Text 'test dg aut' is set on object 'Object Repository/debt type/add/input_Debt Type search'

2022-03-24 15:13:41 - [TEST_STEP][PASSED] - click(findTestObject("debt type/add/td_Office_choose to delete")): Object: 'Object Repository/debt type/add/td_Office_choose to delete' is clicked on

2022-03-24 15:13:41 - [MESSAGE][PASSED] - Object: 'Object Repository/debt type/add/td_Office_choose to delete' is clicked on

2022-03-24 15:13:41 - [TEST_STEP][PASSED] - click(findTestObject("Object Repository/Create Lead/Page_Debt IMS/edit -delete lead source/Page_Debt IMS/button_Welcome, Julio Uzctegui_deleteButton")): Object: 'Object Repository/Create Lead/Page_Debt IMS/edit -delete lead source/Page_Debt IMS/button_Welcome, Julio Uzctegui_deleteButton' is clicked on

2022-03-24 15:13:42 - [MESSAGE][PASSED] - Object: 'Object Repository/Create Lead/Page_Debt IMS/edit -delete lead source/Page_Debt IMS/button_Welcome, Julio Uzctegui_deleteButton' is clicked on

2022-03-24 15:13:42 - [TEST_STEP][PASSED] - click(findTestObject("Create Lead/Page_Debt IMS/edit -delete lead source/Page_Debt IMS/button_Accept delete")): Object: 'Object Repository/Create Lead/Page_Debt IMS/edit -delete lead source/Page_Debt IMS/button_Accept delete' is clicked on

2022-03-24 15:13:42 - [MESSAGE][PASSED] - Object: 'Object Repository/Create Lead/Page_Debt IMS/edit -delete lead source/Page_Debt IMS/button_Accept delete' is clicked on]]></system-out>
         <system-err><![CDATA[]]></system-err>
      </testcase>
      <system-out><![CDATA[2022-03-24 15:12:33 - [TEST_SUITE][PASSED] - Debt Type: Test Cases/Delete Debt Type]]></system-out>
      <system-err><![CDATA[]]></system-err>
   </testsuite>
</testsuites>
