<?xml version="1.0" encoding="UTF-8"?>
<testsuites name="Mailer Data" time="92.56" tests="1" failures="0" errors="0">
   <testsuite name="Mailer Data" tests="1" failures="0" errors="0" time="92.56" skipped="0" timestamp="2022-04-20 11:57:51" hostname="juzcategui - juzcategui" id="Test Suites/Mailer Data">
      <properties>
         <property name="deviceName" value=""/>
         <property name="devicePlatform" value=""/>
         <property name="logFolder" value="/home/juzcategui/git/DIMS/Reports/20220420_115746/Mailer Data/20220420_115746"/>
         <property name="logFiles" value="/home/juzcategui/git/DIMS/Reports/20220420_115746/Mailer Data/20220420_115746/execution0.log"/>
         <property name="attachments" value=""/>
         <property name="hostName" value="juzcategui - juzcategui"/>
         <property name="os" value="Linux 64bit"/>
         <property name="katalonVersion" value="8.2.5.208"/>
         <property name="browser" value="Chrome 100.0.4896.75"/>
         <property name="hostAddress" value="192.168.250.10"/>
         <property name="sessionId" value="6430733775c7756d7dd039e4b995ec2d"/>
         <property name="seleniumVersion" value="3.141.59"/>
         <property name="proxyInformation" value="ProxyInformation { proxyOption=NO_PROXY, proxyServerType=HTTP, username=, password=********, proxyServerAddress=, proxyServerPort=0, executionList=&quot;&quot;, isApplyToDesiredCapabilities=true }"/>
         <property name="platform" value="Linux"/>
      </properties>
      <testcase name="Test Cases/Search Mailer Data" time="91.677" classname="Test Cases/Search Mailer Data" status="PASSED">
         <system-out><![CDATA[2022-04-20 11:57:52 - [TEST_CASE][PASSED] - Test Cases/Search Mailer Data: Test Cases/Search Mailer Data

2022-04-20 11:57:53 - [TEST_STEP][PASSED] - openBrowser(""): Browser is opened with url: ''

2022-04-20 11:57:53 - [MESSAGE][INFO] - Starting 'Chrome' driver

2022-04-20 11:57:53 - [MESSAGE][INFO] - Action delay is set to 0 milliseconds

2022-04-20 11:57:56 - [MESSAGE][PASSED] - Browser is opened with url: ''

2022-04-20 11:57:56 - [TEST_STEP][PASSED] - navigateToUrl("http://35.237.24.127:8081/dims-app/#/home"): Navigate to 'http://35.237.24.127:8081/dims-app/#/home' successfully

2022-04-20 11:58:59 - [MESSAGE][PASSED] - Navigate to 'http://35.237.24.127:8081/dims-app/#/home' successfully

2022-04-20 11:58:59 - [TEST_STEP][PASSED] - setText(findTestObject("Object Repository/Create Lead/input_Username_form-control w-75 ng-untouch_2a886e"), username): Text 'SUPER_USER7' is set on object 'Object Repository/Create Lead/input_Username_form-control w-75 ng-untouch_2a886e'

2022-04-20 11:59:00 - [MESSAGE][PASSED] - Text 'SUPER_USER7' is set on object 'Object Repository/Create Lead/input_Username_form-control w-75 ng-untouch_2a886e'

2022-04-20 11:59:00 - [TEST_STEP][PASSED] - setText(findTestObject("Object Repository/Create Lead/input_Password_form-control w-75 ng-untouch_173c6b"), pass): Text 'Abcd1234**' is set on object 'Object Repository/Create Lead/input_Password_form-control w-75 ng-untouch_173c6b'

2022-04-20 11:59:01 - [MESSAGE][PASSED] - Text 'Abcd1234**' is set on object 'Object Repository/Create Lead/input_Password_form-control w-75 ng-untouch_173c6b'

2022-04-20 11:59:01 - [TEST_STEP][PASSED] - click(findTestObject("Object Repository/Create Lead/button_Login")): Object: 'Object Repository/Create Lead/button_Login' is clicked on

2022-04-20 11:59:01 - [MESSAGE][PASSED] - Object: 'Object Repository/Create Lead/button_Login' is clicked on

2022-04-20 11:59:01 - [TEST_STEP][PASSED] - click(findTestObject("Object Repository/Create Lead/strong_My Tools")): Object: 'Object Repository/Create Lead/strong_My Tools' is clicked on

2022-04-20 11:59:05 - [MESSAGE][PASSED] - Object: 'Object Repository/Create Lead/strong_My Tools' is clicked on

2022-04-20 11:59:05 - [TEST_STEP][PASSED] - click(findTestObject("Search Mailder Data/span_Mailer Data")): Object: 'Object Repository/Search Mailder Data/span_Mailer Data' is clicked on

2022-04-20 11:59:06 - [MESSAGE][PASSED] - Object: 'Object Repository/Search Mailder Data/span_Mailer Data' is clicked on

2022-04-20 11:59:06 - [TEST_STEP][PASSED] - setText(findTestObject("Search Mailder Data/input_Phone_form-"), homephone): Text '2129909090' is set on object 'Object Repository/Search Mailder Data/input_Phone_form-'

2022-04-20 11:59:07 - [MESSAGE][PASSED] - Text '2129909090' is set on object 'Object Repository/Search Mailder Data/input_Phone_form-'

2022-04-20 11:59:07 - [TEST_STEP][PASSED] - click(findTestObject("Search Mailder Data/button_Search")): Object: 'Object Repository/Search Mailder Data/button_Search' is clicked on

2022-04-20 11:59:08 - [MESSAGE][PASSED] - Object: 'Object Repository/Search Mailder Data/button_Search' is clicked on

2022-04-20 11:59:08 - [TEST_STEP][PASSED] - click(findTestObject("Search Mailder Data/button_Reset")): Object: 'Object Repository/Search Mailder Data/button_Reset' is clicked on

2022-04-20 11:59:09 - [MESSAGE][PASSED] - Object: 'Object Repository/Search Mailder Data/button_Reset' is clicked on

2022-04-20 11:59:09 - [TEST_STEP][PASSED] - setText(findTestObject("Search Mailder Data/input_First Name_form"), firstname): Text 'Test Mailer' is set on object 'Object Repository/Search Mailder Data/input_First Name_form'

2022-04-20 11:59:11 - [MESSAGE][PASSED] - Text 'Test Mailer' is set on object 'Object Repository/Search Mailder Data/input_First Name_form'

2022-04-20 11:59:11 - [TEST_STEP][PASSED] - click(findTestObject("Search Mailder Data/button_Search")): Object: 'Object Repository/Search Mailder Data/button_Search' is clicked on

2022-04-20 11:59:11 - [MESSAGE][PASSED] - Object: 'Object Repository/Search Mailder Data/button_Search' is clicked on

2022-04-20 11:59:11 - [TEST_STEP][PASSED] - click(findTestObject("Search Mailder Data/button_Reset")): Object: 'Object Repository/Search Mailder Data/button_Reset' is clicked on

2022-04-20 11:59:12 - [MESSAGE][PASSED] - Object: 'Object Repository/Search Mailder Data/button_Reset' is clicked on

2022-04-20 11:59:12 - [TEST_STEP][PASSED] - setText(findTestObject("Search Mailder Data/input_Last Name_form"), lastname): Text 'Test Data' is set on object 'Object Repository/Search Mailder Data/input_Last Name_form'

2022-04-20 11:59:14 - [MESSAGE][PASSED] - Text 'Test Data' is set on object 'Object Repository/Search Mailder Data/input_Last Name_form'

2022-04-20 11:59:14 - [TEST_STEP][PASSED] - click(findTestObject("Search Mailder Data/button_Search")): Object: 'Object Repository/Search Mailder Data/button_Search' is clicked on

2022-04-20 11:59:14 - [MESSAGE][PASSED] - Object: 'Object Repository/Search Mailder Data/button_Search' is clicked on

2022-04-20 11:59:14 - [TEST_STEP][PASSED] - click(findTestObject("Search Mailder Data/button_Reset")): Object: 'Object Repository/Search Mailder Data/button_Reset' is clicked on

2022-04-20 11:59:15 - [MESSAGE][PASSED] - Object: 'Object Repository/Search Mailder Data/button_Reset' is clicked on

2022-04-20 11:59:15 - [TEST_STEP][PASSED] - setText(findTestObject("Search Mailder Data/input_Zip_form"), zip): Text '1010' is set on object 'Object Repository/Search Mailder Data/input_Zip_form'

2022-04-20 11:59:16 - [MESSAGE][PASSED] - Text '1010' is set on object 'Object Repository/Search Mailder Data/input_Zip_form'

2022-04-20 11:59:16 - [TEST_STEP][PASSED] - click(findTestObject("Search Mailder Data/button_Search")): Object: 'Object Repository/Search Mailder Data/button_Search' is clicked on

2022-04-20 11:59:17 - [MESSAGE][PASSED] - Object: 'Object Repository/Search Mailder Data/button_Search' is clicked on

2022-04-20 11:59:17 - [TEST_STEP][PASSED] - click(findTestObject("Search Mailder Data/button_Reset")): Object: 'Object Repository/Search Mailder Data/button_Reset' is clicked on

2022-04-20 11:59:17 - [MESSAGE][PASSED] - Object: 'Object Repository/Search Mailder Data/button_Reset' is clicked on

2022-04-20 11:59:17 - [TEST_STEP][PASSED] - setText(findTestObject("Search Mailder Data/input_Custom Code_form"), maildercode): Text 'CodeAut100' is set on object 'Object Repository/Search Mailder Data/input_Custom Code_form'

2022-04-20 11:59:18 - [MESSAGE][PASSED] - Text 'CodeAut100' is set on object 'Object Repository/Search Mailder Data/input_Custom Code_form'

2022-04-20 11:59:18 - [TEST_STEP][PASSED] - click(findTestObject("Search Mailder Data/button_Search")): Object: 'Object Repository/Search Mailder Data/button_Search' is clicked on

2022-04-20 11:59:19 - [MESSAGE][PASSED] - Object: 'Object Repository/Search Mailder Data/button_Search' is clicked on

2022-04-20 11:59:19 - [TEST_STEP][PASSED] - click(findTestObject("Search Mailder Data/button_Reset")): Object: 'Object Repository/Search Mailder Data/button_Reset' is clicked on

2022-04-20 11:59:20 - [MESSAGE][PASSED] - Object: 'Object Repository/Search Mailder Data/button_Reset' is clicked on

2022-04-20 11:59:20 - [TEST_STEP][PASSED] - delay(4, STOP_ON_FAILURE): Delayed 4 second(s)

2022-04-20 11:59:24 - [MESSAGE][PASSED] - Delayed 4 second(s)]]></system-out>
         <system-err><![CDATA[]]></system-err>
      </testcase>
      <system-out><![CDATA[2022-04-20 11:57:51 - [TEST_SUITE][PASSED] - Mailer Data: Test Cases/Search Mailer Data]]></system-out>
      <system-err><![CDATA[]]></system-err>
   </testsuite>
</testsuites>
