<?xml version="1.0" encoding="UTF-8"?>
<testsuites name="Ip restrictions" time="36.75" tests="1" failures="0" errors="0">
   <testsuite name="Ip restrictions" tests="1" failures="0" errors="0" time="36.75" skipped="0" timestamp="2022-03-14 15:20:56" hostname="juzcategui - juzcategui" id="Test Suites/Ip restrictions">
      <properties>
         <property name="deviceName" value=""/>
         <property name="devicePlatform" value=""/>
         <property name="logFolder" value="/home/juzcategui/git/DIMS/Reports/20220314_152052/Ip restrictions/20220314_152052"/>
         <property name="logFiles" value="/home/juzcategui/git/DIMS/Reports/20220314_152052/Ip restrictions/20220314_152052/execution0.log"/>
         <property name="attachments" value=""/>
         <property name="hostName" value="juzcategui - juzcategui"/>
         <property name="os" value="Linux 64bit"/>
         <property name="katalonVersion" value="8.2.5.208"/>
         <property name="browser" value="Chrome 98.0.4758.102"/>
         <property name="hostAddress" value="192.168.250.10"/>
         <property name="sessionId" value="9f4d51ae466e5f563ca0d3156361b64c"/>
         <property name="seleniumVersion" value="3.141.59"/>
         <property name="proxyInformation" value="ProxyInformation { proxyOption=NO_PROXY, proxyServerType=HTTP, username=, password=********, proxyServerAddress=, proxyServerPort=0, executionList=&quot;&quot;, isApplyToDesiredCapabilities=true }"/>
         <property name="platform" value="Linux"/>
      </properties>
      <testcase name="Test Cases/Add IP" time="36.245" classname="Test Cases/Add IP" status="PASSED">
         <system-out><![CDATA[2022-03-14 15:20:56 - [TEST_CASE][PASSED] - Test Cases/Add IP: Test Cases/Add IP

2022-03-14 15:20:57 - [TEST_STEP][PASSED] - openBrowser(""): Browser is opened with url: ''

2022-03-14 15:20:57 - [MESSAGE][INFO] - Starting 'Chrome' driver

2022-03-14 15:20:57 - [MESSAGE][INFO] - Action delay is set to 0 milliseconds

2022-03-14 15:20:58 - [MESSAGE][PASSED] - Browser is opened with url: ''

2022-03-14 15:20:58 - [TEST_STEP][PASSED] - navigateToUrl("http://35.237.24.127:8081/dims-app/#/home"): Navigate to 'http://35.237.24.127:8081/dims-app/#/home' successfully

2022-03-14 15:21:17 - [MESSAGE][PASSED] - Navigate to 'http://35.237.24.127:8081/dims-app/#/home' successfully

2022-03-14 15:21:17 - [TEST_STEP][PASSED] - setText(findTestObject("Object Repository/Add IP objects/input_Username_form-control w-75 ng-untouch_2a886e"), username): Text 'SUPER_USER7' is set on object 'Object Repository/Add IP objects/input_Username_form-control w-75 ng-untouch_2a886e'

2022-03-14 15:21:18 - [MESSAGE][PASSED] - Text 'SUPER_USER7' is set on object 'Object Repository/Add IP objects/input_Username_form-control w-75 ng-untouch_2a886e'

2022-03-14 15:21:18 - [TEST_STEP][PASSED] - setText(findTestObject("Object Repository/Add IP objects/input_Password_form-control w-75 ng-untouch_173c6b"), pass): Text 'Abcd1234**' is set on object 'Object Repository/Add IP objects/input_Password_form-control w-75 ng-untouch_173c6b'

2022-03-14 15:21:19 - [MESSAGE][PASSED] - Text 'Abcd1234**' is set on object 'Object Repository/Add IP objects/input_Password_form-control w-75 ng-untouch_173c6b'

2022-03-14 15:21:19 - [TEST_STEP][PASSED] - click(findTestObject("Object Repository/Add IP objects/button_Login")): Object: 'Object Repository/Add IP objects/button_Login' is clicked on

2022-03-14 15:21:22 - [MESSAGE][PASSED] - Object: 'Object Repository/Add IP objects/button_Login' is clicked on

2022-03-14 15:21:22 - [TEST_STEP][PASSED] - click(findTestObject("Object Repository/Add IP objects/strong_Office Tools")): Object: 'Object Repository/Add IP objects/strong_Office Tools' is clicked on

2022-03-14 15:21:22 - [MESSAGE][PASSED] - Object: 'Object Repository/Add IP objects/strong_Office Tools' is clicked on

2022-03-14 15:21:22 - [TEST_STEP][PASSED] - click(findTestObject("Object Repository/Add IP objects/span_IP Restrictions")): Object: 'Object Repository/Add IP objects/span_IP Restrictions' is clicked on

2022-03-14 15:21:23 - [MESSAGE][PASSED] - Object: 'Object Repository/Add IP objects/span_IP Restrictions' is clicked on

2022-03-14 15:21:23 - [TEST_STEP][PASSED] - click(findTestObject("Add IP objects/add ip - button")): Object: 'Object Repository/Add IP objects/add ip - button' is clicked on

2022-03-14 15:21:24 - [MESSAGE][PASSED] - Object: 'Object Repository/Add IP objects/add ip - button' is clicked on

2022-03-14 15:21:24 - [TEST_STEP][PASSED] - selectOptionByValue(findTestObject("Add IP objects/select oficina CGTS"), "19", true): All options with value '19' are selected in object 'Object Repository/Add IP objects/select oficina CGTS'  using regular expression

2022-03-14 15:21:25 - [MESSAGE][PASSED] - All options with value '19' are selected in object 'Object Repository/Add IP objects/select oficina CGTS'  using regular expression

2022-03-14 15:21:25 - [TEST_STEP][PASSED] - setText(findTestObject("Object Repository/Add IP objects/input_IP Address_form-control shadow-none n_fc27df"), ip): Text '172.168.0.144' is set on object 'Object Repository/Add IP objects/input_IP Address_form-control shadow-none n_fc27df'

2022-03-14 15:21:26 - [MESSAGE][PASSED] - Text '172.168.0.144' is set on object 'Object Repository/Add IP objects/input_IP Address_form-control shadow-none n_fc27df'

2022-03-14 15:21:26 - [TEST_STEP][PASSED] - setText(findTestObject("Add IP objects/input_Description_form-control shadow-none ng-untouched ng-pristine ng-invalid"), ipname): Text 'ip CGTS' is set on object 'Object Repository/Add IP objects/input_Description_form-control shadow-none ng-untouched ng-pristine ng-invalid'

2022-03-14 15:21:27 - [MESSAGE][PASSED] - Text 'ip CGTS' is set on object 'Object Repository/Add IP objects/input_Description_form-control shadow-none ng-untouched ng-pristine ng-invalid'

2022-03-14 15:21:27 - [TEST_STEP][PASSED] - click(findTestObject("Add IP objects/save IP - Button")): Object: 'Object Repository/Add IP objects/save IP - Button' is clicked on

2022-03-14 15:21:27 - [MESSAGE][PASSED] - Object: 'Object Repository/Add IP objects/save IP - Button' is clicked on

2022-03-14 15:21:27 - [TEST_STEP][PASSED] - delay(5, STOP_ON_FAILURE): Delayed 5 second(s)

2022-03-14 15:21:32 - [MESSAGE][PASSED] - Delayed 5 second(s)

2022-03-14 15:21:32 - [TEST_STEP][PASSED] - closeBrowser(): Browser is closed

2022-03-14 15:21:32 - [MESSAGE][PASSED] - Browser is closed]]></system-out>
         <system-err><![CDATA[]]></system-err>
      </testcase>
      <system-out><![CDATA[2022-03-14 15:20:56 - [TEST_SUITE][PASSED] - Ip restrictions: Test Cases/Add IP]]></system-out>
      <system-err><![CDATA[]]></system-err>
   </testsuite>
</testsuites>
