<?xml version="1.0" encoding="UTF-8"?>
<testsuites name="Debt Type" time="43.991" tests="3" failures="0" errors="0">
   <testsuite name="Debt Type" tests="3" failures="0" errors="0" time="43.991" skipped="0" timestamp="2022-03-24 15:22:08" hostname="juzcategui - juzcategui" id="Test Suites/Debt Type">
      <properties>
         <property name="deviceName" value=""/>
         <property name="devicePlatform" value=""/>
         <property name="logFolder" value="/home/juzcategui/git/DIMS/Reports/20220324_152205/Debt Type/20220324_152205"/>
         <property name="logFiles" value="/home/juzcategui/git/DIMS/Reports/20220324_152205/Debt Type/20220324_152205/execution0.log"/>
         <property name="attachments" value=""/>
         <property name="hostName" value="juzcategui - juzcategui"/>
         <property name="os" value="Linux 64bit"/>
         <property name="katalonVersion" value="8.2.5.208"/>
         <property name="browser" value="Chrome 98.0.4758.102"/>
         <property name="hostAddress" value="192.168.12.44"/>
         <property name="sessionId" value="0205edba264753a27df046976ac42a36"/>
         <property name="seleniumVersion" value="3.141.59"/>
         <property name="proxyInformation" value="ProxyInformation { proxyOption=NO_PROXY, proxyServerType=HTTP, username=, password=********, proxyServerAddress=, proxyServerPort=0, executionList=&quot;&quot;, isApplyToDesiredCapabilities=true }"/>
         <property name="platform" value="Linux"/>
      </properties>
      <testcase name="Test Cases/Add debt Type" time="14.957" classname="Test Cases/Add debt Type" status="PASSED">
         <system-out><![CDATA[2022-03-24 15:22:09 - [TEST_CASE][PASSED] - Test Cases/Add debt Type: Test Cases/Add debt Type

2022-03-24 15:22:10 - [TEST_STEP][PASSED] - openBrowser(""): Browser is opened with url: ''

2022-03-24 15:22:10 - [MESSAGE][INFO] - Starting 'Chrome' driver

2022-03-24 15:22:10 - [MESSAGE][INFO] - Action delay is set to 0 milliseconds

2022-03-24 15:22:12 - [MESSAGE][PASSED] - Browser is opened with url: ''

2022-03-24 15:22:12 - [TEST_STEP][PASSED] - navigateToUrl("http://35.237.24.127:8081/dims-app/#/home"): Navigate to 'http://35.237.24.127:8081/dims-app/#/home' successfully

2022-03-24 15:22:16 - [MESSAGE][PASSED] - Navigate to 'http://35.237.24.127:8081/dims-app/#/home' successfully

2022-03-24 15:22:16 - [TEST_STEP][PASSED] - setText(findTestObject("Object Repository/Create Lead/Page_Debt IMS/input_Username_form-control w-75 ng-untouch_2a886e"), username): Text 'SUPER_USER7' is set on object 'Object Repository/Create Lead/Page_Debt IMS/input_Username_form-control w-75 ng-untouch_2a886e'

2022-03-24 15:22:17 - [MESSAGE][PASSED] - Text 'SUPER_USER7' is set on object 'Object Repository/Create Lead/Page_Debt IMS/input_Username_form-control w-75 ng-untouch_2a886e'

2022-03-24 15:22:17 - [TEST_STEP][PASSED] - setText(findTestObject("Object Repository/Create Lead/Page_Debt IMS/input_Password_form-control w-75 ng-untouch_173c6b"), pass): Text 'Abcd1234**' is set on object 'Object Repository/Create Lead/Page_Debt IMS/input_Password_form-control w-75 ng-untouch_173c6b'

2022-03-24 15:22:17 - [MESSAGE][PASSED] - Text 'Abcd1234**' is set on object 'Object Repository/Create Lead/Page_Debt IMS/input_Password_form-control w-75 ng-untouch_173c6b'

2022-03-24 15:22:17 - [TEST_STEP][PASSED] - click(findTestObject("Object Repository/Create Lead/Page_Debt IMS/button_Login")): Object: 'Object Repository/Create Lead/Page_Debt IMS/button_Login' is clicked on

2022-03-24 15:22:20 - [MESSAGE][PASSED] - Object: 'Object Repository/Create Lead/Page_Debt IMS/button_Login' is clicked on

2022-03-24 15:22:20 - [TEST_STEP][PASSED] - click(findTestObject("Object Repository/Create Lead/Page_Debt IMS/strong_Maintenance Tools")): Object: 'Object Repository/Create Lead/Page_Debt IMS/strong_Maintenance Tools' is clicked on

2022-03-24 15:22:21 - [MESSAGE][PASSED] - Object: 'Object Repository/Create Lead/Page_Debt IMS/strong_Maintenance Tools' is clicked on

2022-03-24 15:22:21 - [TEST_STEP][PASSED] - click(findTestObject("debt type/add/span_Debt Type")): Object: 'Object Repository/debt type/add/span_Debt Type' is clicked on

2022-03-24 15:22:21 - [MESSAGE][PASSED] - Object: 'Object Repository/debt type/add/span_Debt Type' is clicked on

2022-03-24 15:22:21 - [TEST_STEP][PASSED] - click(findTestObject("Object Repository/Create Lead/Page_Debt IMS/button_Welcome, Julio Uzctegui_addButton")): Object: 'Object Repository/Create Lead/Page_Debt IMS/button_Welcome, Julio Uzctegui_addButton' is clicked on

2022-03-24 15:22:22 - [MESSAGE][PASSED] - Object: 'Object Repository/Create Lead/Page_Debt IMS/button_Welcome, Julio Uzctegui_addButton' is clicked on

2022-03-24 15:22:22 - [TEST_STEP][PASSED] - click(findTestObject("Object Repository/Create Lead/Page_Debt IMS/div_Select an Office(s)")): Object: 'Object Repository/Create Lead/Page_Debt IMS/div_Select an Office(s)' is clicked on

2022-03-24 15:22:23 - [MESSAGE][PASSED] - Object: 'Object Repository/Create Lead/Page_Debt IMS/div_Select an Office(s)' is clicked on

2022-03-24 15:22:23 - [TEST_STEP][PASSED] - click(findTestObject("Object Repository/Create Lead/Page_Debt IMS/div_Select an Office(s)_p-checkbox-box")): Object: 'Object Repository/Create Lead/Page_Debt IMS/div_Select an Office(s)_p-checkbox-box' is clicked on

2022-03-24 15:22:23 - [MESSAGE][PASSED] - Object: 'Object Repository/Create Lead/Page_Debt IMS/div_Select an Office(s)_p-checkbox-box' is clicked on

2022-03-24 15:22:23 - [TEST_STEP][PASSED] - setText(findTestObject("debt type/add/input_Debt name"), debttypename): Text 'Test dg aut' is set on object 'Object Repository/debt type/add/input_Debt name'

2022-03-24 15:22:24 - [MESSAGE][PASSED] - Text 'Test dg aut' is set on object 'Object Repository/debt type/add/input_Debt name'

2022-03-24 15:22:24 - [TEST_STEP][PASSED] - click(findTestObject("Object Repository/Create Lead/Page_Debt IMS/edit -delete lead source/Page_Debt IMS/button_Welcome, Julio Uzctegui_saveButton")): Object: 'Object Repository/Create Lead/Page_Debt IMS/edit -delete lead source/Page_Debt IMS/button_Welcome, Julio Uzctegui_saveButton' is clicked on

2022-03-24 15:22:24 - [MESSAGE][PASSED] - Object: 'Object Repository/Create Lead/Page_Debt IMS/edit -delete lead source/Page_Debt IMS/button_Welcome, Julio Uzctegui_saveButton' is clicked on]]></system-out>
         <system-err><![CDATA[]]></system-err>
      </testcase>
      <testcase name="Test Cases/Edit debt Type" time="14.729" classname="Test Cases/Edit debt Type" status="PASSED">
         <system-out><![CDATA[2022-03-24 15:22:24 - [TEST_CASE][PASSED] - Test Cases/Edit debt Type: Test Cases/Edit debt Type

2022-03-24 15:22:25 - [TEST_STEP][PASSED] - openBrowser(""): Browser is opened with url: ''

2022-03-24 15:22:25 - [MESSAGE][WARNING] - A browser is already opened. Closing browser and opening a new one

2022-03-24 15:22:25 - [MESSAGE][INFO] - Starting 'Chrome' driver

2022-03-24 15:22:25 - [MESSAGE][INFO] - Action delay is set to 0 milliseconds

2022-03-24 15:22:26 - [MESSAGE][PASSED] - Browser is opened with url: ''

2022-03-24 15:22:26 - [TEST_STEP][PASSED] - navigateToUrl("http://35.237.24.127:8081/dims-app/#/home"): Navigate to 'http://35.237.24.127:8081/dims-app/#/home' successfully

2022-03-24 15:22:29 - [MESSAGE][PASSED] - Navigate to 'http://35.237.24.127:8081/dims-app/#/home' successfully

2022-03-24 15:22:29 - [TEST_STEP][PASSED] - setText(findTestObject("Object Repository/Create Lead/Page_Debt IMS/input_Username_form-control w-75 ng-untouch_2a886e"), username): Text 'SUPER_USER7' is set on object 'Object Repository/Create Lead/Page_Debt IMS/input_Username_form-control w-75 ng-untouch_2a886e'

2022-03-24 15:22:29 - [MESSAGE][PASSED] - Text 'SUPER_USER7' is set on object 'Object Repository/Create Lead/Page_Debt IMS/input_Username_form-control w-75 ng-untouch_2a886e'

2022-03-24 15:22:29 - [TEST_STEP][PASSED] - setText(findTestObject("Object Repository/Create Lead/Page_Debt IMS/input_Password_form-control w-75 ng-untouch_173c6b"), pass): Text 'Abcd1234**' is set on object 'Object Repository/Create Lead/Page_Debt IMS/input_Password_form-control w-75 ng-untouch_173c6b'

2022-03-24 15:22:30 - [MESSAGE][PASSED] - Text 'Abcd1234**' is set on object 'Object Repository/Create Lead/Page_Debt IMS/input_Password_form-control w-75 ng-untouch_173c6b'

2022-03-24 15:22:30 - [TEST_STEP][PASSED] - click(findTestObject("Object Repository/Create Lead/Page_Debt IMS/button_Login")): Object: 'Object Repository/Create Lead/Page_Debt IMS/button_Login' is clicked on

2022-03-24 15:22:33 - [MESSAGE][PASSED] - Object: 'Object Repository/Create Lead/Page_Debt IMS/button_Login' is clicked on

2022-03-24 15:22:33 - [TEST_STEP][PASSED] - click(findTestObject("Object Repository/Create Lead/Page_Debt IMS/strong_Maintenance Tools")): Object: 'Object Repository/Create Lead/Page_Debt IMS/strong_Maintenance Tools' is clicked on

2022-03-24 15:22:33 - [MESSAGE][PASSED] - Object: 'Object Repository/Create Lead/Page_Debt IMS/strong_Maintenance Tools' is clicked on

2022-03-24 15:22:33 - [TEST_STEP][PASSED] - click(findTestObject("debt type/add/span_Debt Type")): Object: 'Object Repository/debt type/add/span_Debt Type' is clicked on

2022-03-24 15:22:34 - [MESSAGE][PASSED] - Object: 'Object Repository/debt type/add/span_Debt Type' is clicked on

2022-03-24 15:22:34 - [TEST_STEP][PASSED] - setText(findTestObject("debt type/add/input_Debt Type search"), "test dg aut"): Text 'test dg aut' is set on object 'Object Repository/debt type/add/input_Debt Type search'

2022-03-24 15:22:35 - [MESSAGE][PASSED] - Text 'test dg aut' is set on object 'Object Repository/debt type/add/input_Debt Type search'

2022-03-24 15:22:35 - [TEST_STEP][PASSED] - click(findTestObject("debt type/add/button_Office_editButton edit type edit")): Object: 'Object Repository/debt type/add/button_Office_editButton edit type edit' is clicked on

2022-03-24 15:22:35 - [MESSAGE][PASSED] - Object: 'Object Repository/debt type/add/button_Office_editButton edit type edit' is clicked on

2022-03-24 15:22:35 - [TEST_STEP][PASSED] - click(findTestObject("Object Repository/Create Lead/Page_Debt IMS/div_Select an Office(s)")): Object: 'Object Repository/Create Lead/Page_Debt IMS/div_Select an Office(s)' is clicked on

2022-03-24 15:22:36 - [MESSAGE][PASSED] - Object: 'Object Repository/Create Lead/Page_Debt IMS/div_Select an Office(s)' is clicked on

2022-03-24 15:22:36 - [TEST_STEP][PASSED] - click(findTestObject("debt type/add/div_Consumer Capital Advocates LLC_to choose office")): Object: 'Object Repository/debt type/add/div_Consumer Capital Advocates LLC_to choose office' is clicked on

2022-03-24 15:22:36 - [MESSAGE][PASSED] - Object: 'Object Repository/debt type/add/div_Consumer Capital Advocates LLC_to choose office' is clicked on

2022-03-24 15:22:36 - [TEST_STEP][PASSED] - setText(findTestObject("debt type/add/input_Debt name"), debttypename): Text 'Test dg aut modifcado' is set on object 'Object Repository/debt type/add/input_Debt name'

2022-03-24 15:22:37 - [MESSAGE][PASSED] - Text 'Test dg aut modifcado' is set on object 'Object Repository/debt type/add/input_Debt name'

2022-03-24 15:22:37 - [TEST_STEP][PASSED] - click(findTestObject("debt type/add/select_YesNo"), STOP_ON_FAILURE): Object: 'Object Repository/debt type/add/select_YesNo' is clicked on

2022-03-24 15:22:38 - [MESSAGE][PASSED] - Object: 'Object Repository/debt type/add/select_YesNo' is clicked on

2022-03-24 15:22:38 - [TEST_STEP][PASSED] - click(findTestObject("Object Repository/Create Lead/Page_Debt IMS/edit -delete lead source/Page_Debt IMS/button_Welcome, Julio Uzctegui_saveButton")): Object: 'Object Repository/Create Lead/Page_Debt IMS/edit -delete lead source/Page_Debt IMS/button_Welcome, Julio Uzctegui_saveButton' is clicked on

2022-03-24 15:22:38 - [MESSAGE][PASSED] - Object: 'Object Repository/Create Lead/Page_Debt IMS/edit -delete lead source/Page_Debt IMS/button_Welcome, Julio Uzctegui_saveButton' is clicked on

2022-03-24 15:22:38 - [TEST_STEP][PASSED] - click(findTestObject("Create Lead/Page_Debt IMS/edit -delete lead source/Page_Debt IMS/button_Accept")): Object: 'Object Repository/Create Lead/Page_Debt IMS/edit -delete lead source/Page_Debt IMS/button_Accept' is clicked on

2022-03-24 15:22:39 - [MESSAGE][PASSED] - Object: 'Object Repository/Create Lead/Page_Debt IMS/edit -delete lead source/Page_Debt IMS/button_Accept' is clicked on]]></system-out>
         <system-err><![CDATA[]]></system-err>
      </testcase>
      <testcase name="Test Cases/Delete Debt Type" time="13.197" classname="Test Cases/Delete Debt Type" status="PASSED">
         <system-out><![CDATA[2022-03-24 15:22:39 - [TEST_CASE][PASSED] - Test Cases/Delete Debt Type: Test Cases/Delete Debt Type

2022-03-24 15:22:39 - [TEST_STEP][PASSED] - openBrowser(""): Browser is opened with url: ''

2022-03-24 15:22:39 - [MESSAGE][WARNING] - A browser is already opened. Closing browser and opening a new one

2022-03-24 15:22:40 - [MESSAGE][INFO] - Starting 'Chrome' driver

2022-03-24 15:22:40 - [MESSAGE][INFO] - Action delay is set to 0 milliseconds

2022-03-24 15:22:40 - [MESSAGE][PASSED] - Browser is opened with url: ''

2022-03-24 15:22:40 - [TEST_STEP][PASSED] - navigateToUrl("http://35.237.24.127:8081/dims-app/#/home"): Navigate to 'http://35.237.24.127:8081/dims-app/#/home' successfully

2022-03-24 15:22:44 - [MESSAGE][PASSED] - Navigate to 'http://35.237.24.127:8081/dims-app/#/home' successfully

2022-03-24 15:22:44 - [TEST_STEP][PASSED] - setText(findTestObject("Object Repository/Create Lead/Page_Debt IMS/edit -delete lead source/Page_Debt IMS/input_Username_form-control w-75 ng-untouch_2a886e"), username): Text 'SUPER_USER7' is set on object 'Object Repository/Create Lead/Page_Debt IMS/edit -delete lead source/Page_Debt IMS/input_Username_form-control w-75 ng-untouch_2a886e'

2022-03-24 15:22:45 - [MESSAGE][PASSED] - Text 'SUPER_USER7' is set on object 'Object Repository/Create Lead/Page_Debt IMS/edit -delete lead source/Page_Debt IMS/input_Username_form-control w-75 ng-untouch_2a886e'

2022-03-24 15:22:45 - [TEST_STEP][PASSED] - setText(findTestObject("Object Repository/Create Lead/Page_Debt IMS/edit -delete lead source/Page_Debt IMS/input_Password_form-control w-75 ng-untouch_173c6b"), pass): Text 'Abcd1234**' is set on object 'Object Repository/Create Lead/Page_Debt IMS/edit -delete lead source/Page_Debt IMS/input_Password_form-control w-75 ng-untouch_173c6b'

2022-03-24 15:22:45 - [MESSAGE][PASSED] - Text 'Abcd1234**' is set on object 'Object Repository/Create Lead/Page_Debt IMS/edit -delete lead source/Page_Debt IMS/input_Password_form-control w-75 ng-untouch_173c6b'

2022-03-24 15:22:45 - [TEST_STEP][PASSED] - click(findTestObject("Object Repository/Create Lead/Page_Debt IMS/edit -delete lead source/Page_Debt IMS/button_Login")): Object: 'Object Repository/Create Lead/Page_Debt IMS/edit -delete lead source/Page_Debt IMS/button_Login' is clicked on

2022-03-24 15:22:48 - [MESSAGE][PASSED] - Object: 'Object Repository/Create Lead/Page_Debt IMS/edit -delete lead source/Page_Debt IMS/button_Login' is clicked on

2022-03-24 15:22:48 - [TEST_STEP][PASSED] - click(findTestObject("Object Repository/Create Lead/Page_Debt IMS/edit -delete lead source/Page_Debt IMS/strong_Maintenance Tools")): Object: 'Object Repository/Create Lead/Page_Debt IMS/edit -delete lead source/Page_Debt IMS/strong_Maintenance Tools' is clicked on

2022-03-24 15:22:49 - [MESSAGE][PASSED] - Object: 'Object Repository/Create Lead/Page_Debt IMS/edit -delete lead source/Page_Debt IMS/strong_Maintenance Tools' is clicked on

2022-03-24 15:22:49 - [TEST_STEP][PASSED] - click(findTestObject("debt type/add/span_Debt Type")): Object: 'Object Repository/debt type/add/span_Debt Type' is clicked on

2022-03-24 15:22:49 - [MESSAGE][PASSED] - Object: 'Object Repository/debt type/add/span_Debt Type' is clicked on

2022-03-24 15:22:49 - [TEST_STEP][PASSED] - setText(findTestObject("debt type/add/input_Debt Type search"), "test dg aut"): Text 'test dg aut' is set on object 'Object Repository/debt type/add/input_Debt Type search'

2022-03-24 15:22:50 - [MESSAGE][PASSED] - Text 'test dg aut' is set on object 'Object Repository/debt type/add/input_Debt Type search'

2022-03-24 15:22:50 - [TEST_STEP][PASSED] - click(findTestObject("debt type/add/td_Office_choose to delete")): Object: 'Object Repository/debt type/add/td_Office_choose to delete' is clicked on

2022-03-24 15:22:51 - [MESSAGE][PASSED] - Object: 'Object Repository/debt type/add/td_Office_choose to delete' is clicked on

2022-03-24 15:22:51 - [TEST_STEP][PASSED] - click(findTestObject("Object Repository/Create Lead/Page_Debt IMS/edit -delete lead source/Page_Debt IMS/button_Welcome, Julio Uzctegui_deleteButton")): Object: 'Object Repository/Create Lead/Page_Debt IMS/edit -delete lead source/Page_Debt IMS/button_Welcome, Julio Uzctegui_deleteButton' is clicked on

2022-03-24 15:22:52 - [MESSAGE][PASSED] - Object: 'Object Repository/Create Lead/Page_Debt IMS/edit -delete lead source/Page_Debt IMS/button_Welcome, Julio Uzctegui_deleteButton' is clicked on

2022-03-24 15:22:52 - [TEST_STEP][PASSED] - click(findTestObject("Create Lead/Page_Debt IMS/edit -delete lead source/Page_Debt IMS/button_Accept delete")): Object: 'Object Repository/Create Lead/Page_Debt IMS/edit -delete lead source/Page_Debt IMS/button_Accept delete' is clicked on

2022-03-24 15:22:52 - [MESSAGE][PASSED] - Object: 'Object Repository/Create Lead/Page_Debt IMS/edit -delete lead source/Page_Debt IMS/button_Accept delete' is clicked on]]></system-out>
         <system-err><![CDATA[]]></system-err>
      </testcase>
      <system-out><![CDATA[2022-03-24 15:22:08 - [TEST_SUITE][PASSED] - Debt Type: Test Cases/Delete Debt Type]]></system-out>
      <system-err><![CDATA[]]></system-err>
   </testsuite>
</testsuites>
