<?xml version="1.0" encoding="UTF-8"?>
<testsuites name="Ip restrictions" time="125.268" tests="3" failures="0" errors="0">
   <testsuite name="Ip restrictions" tests="3" failures="0" errors="0" time="125.268" skipped="0" timestamp="2022-03-15 10:52:39" hostname="juzcategui - juzcategui" id="Test Suites/Ip restrictions">
      <properties>
         <property name="deviceName" value=""/>
         <property name="devicePlatform" value=""/>
         <property name="logFolder" value="/home/juzcategui/git/DIMS/Reports/20220315_105232/Ip restrictions/20220315_105232"/>
         <property name="logFiles" value="/home/juzcategui/git/DIMS/Reports/20220315_105232/Ip restrictions/20220315_105232/execution0.log"/>
         <property name="attachments" value=""/>
         <property name="hostName" value="juzcategui - juzcategui"/>
         <property name="os" value="Linux 64bit"/>
         <property name="katalonVersion" value="8.2.5.208"/>
         <property name="browser" value="Chrome 98.0.4758.102"/>
         <property name="hostAddress" value="192.168.250.10"/>
         <property name="sessionId" value="e4f91c411bc30221377ee247ba642826"/>
         <property name="seleniumVersion" value="3.141.59"/>
         <property name="proxyInformation" value="ProxyInformation { proxyOption=NO_PROXY, proxyServerType=HTTP, username=, password=********, proxyServerAddress=, proxyServerPort=0, executionList=&quot;&quot;, isApplyToDesiredCapabilities=true }"/>
         <property name="platform" value="Linux"/>
      </properties>
      <testcase name="Test Cases/Add IP" time="43.884" classname="Test Cases/Add IP" status="PASSED">
         <system-out><![CDATA[2022-03-15 10:52:39 - [TEST_CASE][PASSED] - Test Cases/Add IP: Test Cases/Add IP

2022-03-15 10:52:40 - [TEST_STEP][PASSED] - openBrowser(""): Browser is opened with url: ''

2022-03-15 10:52:40 - [MESSAGE][INFO] - Starting 'Chrome' driver

2022-03-15 10:52:40 - [MESSAGE][INFO] - Action delay is set to 0 milliseconds

2022-03-15 10:52:42 - [MESSAGE][PASSED] - Browser is opened with url: ''

2022-03-15 10:52:42 - [TEST_STEP][PASSED] - navigateToUrl("http://35.237.24.127:8081/dims-app/#/home"): Navigate to 'http://35.237.24.127:8081/dims-app/#/home' successfully

2022-03-15 10:53:05 - [MESSAGE][PASSED] - Navigate to 'http://35.237.24.127:8081/dims-app/#/home' successfully

2022-03-15 10:53:05 - [TEST_STEP][PASSED] - setText(findTestObject("Object Repository/Add IP objects/input_Username_form-control w-75 ng-untouch_2a886e"), username): Text 'SUPER_USER7' is set on object 'Object Repository/Add IP objects/input_Username_form-control w-75 ng-untouch_2a886e'

2022-03-15 10:53:06 - [MESSAGE][PASSED] - Text 'SUPER_USER7' is set on object 'Object Repository/Add IP objects/input_Username_form-control w-75 ng-untouch_2a886e'

2022-03-15 10:53:06 - [TEST_STEP][PASSED] - setText(findTestObject("Object Repository/Add IP objects/input_Password_form-control w-75 ng-untouch_173c6b"), pass): Text 'Abcd1234**' is set on object 'Object Repository/Add IP objects/input_Password_form-control w-75 ng-untouch_173c6b'

2022-03-15 10:53:07 - [MESSAGE][PASSED] - Text 'Abcd1234**' is set on object 'Object Repository/Add IP objects/input_Password_form-control w-75 ng-untouch_173c6b'

2022-03-15 10:53:07 - [TEST_STEP][PASSED] - click(findTestObject("Object Repository/Add IP objects/button_Login")): Object: 'Object Repository/Add IP objects/button_Login' is clicked on

2022-03-15 10:53:10 - [MESSAGE][PASSED] - Object: 'Object Repository/Add IP objects/button_Login' is clicked on

2022-03-15 10:53:10 - [TEST_STEP][PASSED] - click(findTestObject("Object Repository/Add IP objects/strong_Office Tools")): Object: 'Object Repository/Add IP objects/strong_Office Tools' is clicked on

2022-03-15 10:53:11 - [MESSAGE][PASSED] - Object: 'Object Repository/Add IP objects/strong_Office Tools' is clicked on

2022-03-15 10:53:11 - [TEST_STEP][PASSED] - click(findTestObject("Object Repository/Add IP objects/span_IP Restrictions")): Object: 'Object Repository/Add IP objects/span_IP Restrictions' is clicked on

2022-03-15 10:53:12 - [MESSAGE][PASSED] - Object: 'Object Repository/Add IP objects/span_IP Restrictions' is clicked on

2022-03-15 10:53:12 - [TEST_STEP][PASSED] - click(findTestObject("Add IP objects/add ip - button")): Object: 'Object Repository/Add IP objects/add ip - button' is clicked on

2022-03-15 10:53:14 - [MESSAGE][PASSED] - Object: 'Object Repository/Add IP objects/add ip - button' is clicked on

2022-03-15 10:53:14 - [TEST_STEP][PASSED] - selectOptionByValue(findTestObject("Add IP objects/select oficina CGTS"), "19", true): All options with value '19' are selected in object 'Object Repository/Add IP objects/select oficina CGTS'  using regular expression

2022-03-15 10:53:16 - [MESSAGE][PASSED] - All options with value '19' are selected in object 'Object Repository/Add IP objects/select oficina CGTS'  using regular expression

2022-03-15 10:53:16 - [TEST_STEP][PASSED] - setText(findTestObject("Object Repository/Add IP objects/input_IP Address_form-control shadow-none n_fc27df"), ip): Text '172.168.0.144' is set on object 'Object Repository/Add IP objects/input_IP Address_form-control shadow-none n_fc27df'

2022-03-15 10:53:17 - [MESSAGE][PASSED] - Text '172.168.0.144' is set on object 'Object Repository/Add IP objects/input_IP Address_form-control shadow-none n_fc27df'

2022-03-15 10:53:17 - [TEST_STEP][PASSED] - setText(findTestObject("Add IP objects/input_Description_form-control shadow-none ng-untouched ng-pristine ng-invalid"), ipname): Text 'ip CGTS' is set on object 'Object Repository/Add IP objects/input_Description_form-control shadow-none ng-untouched ng-pristine ng-invalid'

2022-03-15 10:53:18 - [MESSAGE][PASSED] - Text 'ip CGTS' is set on object 'Object Repository/Add IP objects/input_Description_form-control shadow-none ng-untouched ng-pristine ng-invalid'

2022-03-15 10:53:18 - [TEST_STEP][PASSED] - click(findTestObject("Add IP objects/save IP - Button")): Object: 'Object Repository/Add IP objects/save IP - Button' is clicked on

2022-03-15 10:53:18 - [MESSAGE][PASSED] - Object: 'Object Repository/Add IP objects/save IP - Button' is clicked on

2022-03-15 10:53:18 - [TEST_STEP][PASSED] - delay(5, STOP_ON_FAILURE): Delayed 5 second(s)

2022-03-15 10:53:23 - [MESSAGE][PASSED] - Delayed 5 second(s)

2022-03-15 10:53:23 - [TEST_STEP][PASSED] - closeBrowser(): Browser is closed

2022-03-15 10:53:23 - [MESSAGE][PASSED] - Browser is closed]]></system-out>
         <system-err><![CDATA[]]></system-err>
      </testcase>
      <testcase name="Test Cases/Edit IP" time="42.842" classname="Test Cases/Edit IP" status="PASSED">
         <system-out><![CDATA[2022-03-15 10:53:23 - [TEST_CASE][PASSED] - Test Cases/Edit IP: Test Cases/Edit IP

2022-03-15 10:53:24 - [TEST_STEP][PASSED] - openBrowser(""): Browser is opened with url: ''

2022-03-15 10:53:24 - [MESSAGE][INFO] - Starting 'Chrome' driver

2022-03-15 10:53:24 - [MESSAGE][INFO] - Action delay is set to 0 milliseconds

2022-03-15 10:53:25 - [MESSAGE][PASSED] - Browser is opened with url: ''

2022-03-15 10:53:25 - [TEST_STEP][PASSED] - navigateToUrl("http://35.237.24.127:8081/dims-app/#/home"): Navigate to 'http://35.237.24.127:8081/dims-app/#/home' successfully

2022-03-15 10:53:48 - [MESSAGE][PASSED] - Navigate to 'http://35.237.24.127:8081/dims-app/#/home' successfully

2022-03-15 10:53:48 - [TEST_STEP][PASSED] - setText(findTestObject("Object Repository/Edit Ip Office/input_Username_form-control w-75 ng-untouch_2a886e"), username): Text 'SUPER_USER7' is set on object 'Object Repository/Edit Ip Office/input_Username_form-control w-75 ng-untouch_2a886e'

2022-03-15 10:53:49 - [MESSAGE][PASSED] - Text 'SUPER_USER7' is set on object 'Object Repository/Edit Ip Office/input_Username_form-control w-75 ng-untouch_2a886e'

2022-03-15 10:53:49 - [TEST_STEP][PASSED] - setText(findTestObject("Object Repository/Add IP objects/input_Password_form-control w-75 ng-untouch_173c6b"), pass): Text 'Abcd1234**' is set on object 'Object Repository/Add IP objects/input_Password_form-control w-75 ng-untouch_173c6b'

2022-03-15 10:53:50 - [MESSAGE][PASSED] - Text 'Abcd1234**' is set on object 'Object Repository/Add IP objects/input_Password_form-control w-75 ng-untouch_173c6b'

2022-03-15 10:53:50 - [TEST_STEP][PASSED] - click(findTestObject("Object Repository/Edit Ip Office/button_Login")): Object: 'Object Repository/Edit Ip Office/button_Login' is clicked on

2022-03-15 10:53:52 - [MESSAGE][PASSED] - Object: 'Object Repository/Edit Ip Office/button_Login' is clicked on

2022-03-15 10:53:52 - [TEST_STEP][PASSED] - click(findTestObject("Object Repository/Edit Ip Office/strong_Office Tools")): Object: 'Object Repository/Edit Ip Office/strong_Office Tools' is clicked on

2022-03-15 10:53:54 - [MESSAGE][PASSED] - Object: 'Object Repository/Edit Ip Office/strong_Office Tools' is clicked on

2022-03-15 10:53:54 - [TEST_STEP][PASSED] - click(findTestObject("Object Repository/Edit Ip Office/span_IP Restrictions")): Object: 'Object Repository/Edit Ip Office/span_IP Restrictions' is clicked on

2022-03-15 10:53:54 - [MESSAGE][PASSED] - Object: 'Object Repository/Edit Ip Office/span_IP Restrictions' is clicked on

2022-03-15 10:53:54 - [TEST_STEP][PASSED] - setText(findTestObject("Object Repository/Edit Ip Office/input_IP Restrictions_p-inputtext p-compone_ad6e79"), "Ip cgts"): Text 'Ip cgts' is set on object 'Object Repository/Edit Ip Office/input_IP Restrictions_p-inputtext p-compone_ad6e79'

2022-03-15 10:54:00 - [MESSAGE][PASSED] - Text 'Ip cgts' is set on object 'Object Repository/Edit Ip Office/input_IP Restrictions_p-inputtext p-compone_ad6e79'

2022-03-15 10:54:00 - [TEST_STEP][PASSED] - click(findTestObject("Object Repository/Edit Ip Office/button_Active_editButton")): Object: 'Object Repository/Edit Ip Office/button_Active_editButton' is clicked on

2022-03-15 10:54:00 - [MESSAGE][PASSED] - Object: 'Object Repository/Edit Ip Office/button_Active_editButton' is clicked on

2022-03-15 10:54:00 - [TEST_STEP][PASSED] - setText(findTestObject("Object Repository/Edit Ip Office/input_IP Address_form-control shadow-none n_a5e085"), ip): Text '172.168.0.199' is set on object 'Object Repository/Edit Ip Office/input_IP Address_form-control shadow-none n_a5e085'

2022-03-15 10:54:02 - [MESSAGE][PASSED] - Text '172.168.0.199' is set on object 'Object Repository/Edit Ip Office/input_IP Address_form-control shadow-none n_a5e085'

2022-03-15 10:54:02 - [TEST_STEP][PASSED] - setText(findTestObject("Add IP objects/input_Description_form-control shadow-none ng-untouched ng-pristine ng-invalid"), ipname): Text 'ip CGTS modificada' is set on object 'Object Repository/Add IP objects/input_Description_form-control shadow-none ng-untouched ng-pristine ng-invalid'

2022-03-15 10:54:03 - [MESSAGE][PASSED] - Text 'ip CGTS modificada' is set on object 'Object Repository/Add IP objects/input_Description_form-control shadow-none ng-untouched ng-pristine ng-invalid'

2022-03-15 10:54:03 - [TEST_STEP][PASSED] - delay(2, STOP_ON_FAILURE): Delayed 2 second(s)

2022-03-15 10:54:05 - [MESSAGE][PASSED] - Delayed 2 second(s)

2022-03-15 10:54:05 - [TEST_STEP][PASSED] - click(findTestObject("Edit Ip Office/button_Welcome, Julio Uzctegui_saveButton")): Object: 'Object Repository/Edit Ip Office/button_Welcome, Julio Uzctegui_saveButton' is clicked on

2022-03-15 10:54:05 - [MESSAGE][PASSED] - Object: 'Object Repository/Edit Ip Office/button_Welcome, Julio Uzctegui_saveButton' is clicked on

2022-03-15 10:54:05 - [TEST_STEP][PASSED] - click(findTestObject("Edit Ip Office/button_Accept"), STOP_ON_FAILURE): Object: 'Object Repository/Edit Ip Office/button_Accept' is clicked on

2022-03-15 10:54:06 - [MESSAGE][PASSED] - Object: 'Object Repository/Edit Ip Office/button_Accept' is clicked on

2022-03-15 10:54:06 - [TEST_STEP][PASSED] - closeBrowser(): Browser is closed

2022-03-15 10:54:06 - [MESSAGE][PASSED] - Browser is closed]]></system-out>
         <system-err><![CDATA[]]></system-err>
      </testcase>
      <testcase name="Test Cases/Delete Ip" time="37.802" classname="Test Cases/Delete Ip" status="PASSED">
         <system-out><![CDATA[2022-03-15 10:54:06 - [TEST_CASE][PASSED] - Test Cases/Delete Ip: Test Cases/Delete Ip

2022-03-15 10:54:07 - [TEST_STEP][PASSED] - openBrowser(""): Browser is opened with url: ''

2022-03-15 10:54:07 - [MESSAGE][INFO] - Starting 'Chrome' driver

2022-03-15 10:54:07 - [MESSAGE][INFO] - Action delay is set to 0 milliseconds

2022-03-15 10:54:07 - [MESSAGE][PASSED] - Browser is opened with url: ''

2022-03-15 10:54:07 - [TEST_STEP][PASSED] - navigateToUrl("http://35.237.24.127:8081/dims-app/#/home"): Navigate to 'http://35.237.24.127:8081/dims-app/#/home' successfully

2022-03-15 10:54:31 - [MESSAGE][PASSED] - Navigate to 'http://35.237.24.127:8081/dims-app/#/home' successfully

2022-03-15 10:54:31 - [TEST_STEP][PASSED] - setText(findTestObject("Object Repository/debt ims R/Page_Debt IMS/input_Username_form-control w-75 ng-untouch_2a886e"), username): Text 'SUPER_USER7' is set on object 'Object Repository/debt ims R/Page_Debt IMS/input_Username_form-control w-75 ng-untouch_2a886e'

2022-03-15 10:54:32 - [MESSAGE][PASSED] - Text 'SUPER_USER7' is set on object 'Object Repository/debt ims R/Page_Debt IMS/input_Username_form-control w-75 ng-untouch_2a886e'

2022-03-15 10:54:32 - [TEST_STEP][PASSED] - setText(findTestObject("Object Repository/debt ims R/Page_Debt IMS/input_Password_form-control w-75 ng-untouch_173c6b"), pass): Text 'Abcd1234**' is set on object 'Object Repository/debt ims R/Page_Debt IMS/input_Password_form-control w-75 ng-untouch_173c6b'

2022-03-15 10:54:33 - [MESSAGE][PASSED] - Text 'Abcd1234**' is set on object 'Object Repository/debt ims R/Page_Debt IMS/input_Password_form-control w-75 ng-untouch_173c6b'

2022-03-15 10:54:33 - [TEST_STEP][PASSED] - click(findTestObject("Object Repository/debt ims R/Page_Debt IMS/button_Login")): Object: 'Object Repository/debt ims R/Page_Debt IMS/button_Login' is clicked on

2022-03-15 10:54:35 - [MESSAGE][PASSED] - Object: 'Object Repository/debt ims R/Page_Debt IMS/button_Login' is clicked on

2022-03-15 10:54:35 - [TEST_STEP][PASSED] - click(findTestObject("Object Repository/debt ims R/Page_Debt IMS/strong_Office Tools")): Object: 'Object Repository/debt ims R/Page_Debt IMS/strong_Office Tools' is clicked on

2022-03-15 10:54:36 - [MESSAGE][PASSED] - Object: 'Object Repository/debt ims R/Page_Debt IMS/strong_Office Tools' is clicked on

2022-03-15 10:54:36 - [TEST_STEP][PASSED] - click(findTestObject("Object Repository/Edit Ip Office/span_IP Restrictions")): Object: 'Object Repository/Edit Ip Office/span_IP Restrictions' is clicked on

2022-03-15 10:54:37 - [MESSAGE][PASSED] - Object: 'Object Repository/Edit Ip Office/span_IP Restrictions' is clicked on

2022-03-15 10:54:37 - [TEST_STEP][PASSED] - setText(findTestObject("Object Repository/Edit Ip Office/input_IP Restrictions_p-inputtext p-compone_ad6e79"), "Ip CGTS modificada"): Text 'Ip CGTS modificada' is set on object 'Object Repository/Edit Ip Office/input_IP Restrictions_p-inputtext p-compone_ad6e79'

2022-03-15 10:54:40 - [MESSAGE][PASSED] - Text 'Ip CGTS modificada' is set on object 'Object Repository/Edit Ip Office/input_IP Restrictions_p-inputtext p-compone_ad6e79'

2022-03-15 10:54:40 - [TEST_STEP][PASSED] - delay(2, STOP_ON_FAILURE): Delayed 2 second(s)

2022-03-15 10:54:42 - [MESSAGE][PASSED] - Delayed 2 second(s)

2022-03-15 10:54:42 - [TEST_STEP][PASSED] - click(findTestObject("Delete Options/Choose office")): Object: 'Object Repository/Delete Options/Choose office' is clicked on

2022-03-15 10:54:43 - [MESSAGE][PASSED] - Object: 'Object Repository/Delete Options/Choose office' is clicked on

2022-03-15 10:54:43 - [TEST_STEP][PASSED] - click(findTestObject("Delete Options/deleteButton ip")): Object: 'Object Repository/Delete Options/deleteButton ip' is clicked on

2022-03-15 10:54:43 - [MESSAGE][PASSED] - Object: 'Object Repository/Delete Options/deleteButton ip' is clicked on

2022-03-15 10:54:43 - [TEST_STEP][PASSED] - click(findTestObject("Delete Options/button_Accept ip")): Object: 'Object Repository/Delete Options/button_Accept ip' is clicked on

2022-03-15 10:54:44 - [MESSAGE][PASSED] - Object: 'Object Repository/Delete Options/button_Accept ip' is clicked on]]></system-out>
         <system-err><![CDATA[]]></system-err>
      </testcase>
      <system-out><![CDATA[2022-03-15 10:52:39 - [TEST_SUITE][PASSED] - Ip restrictions: Test Cases/Delete Ip]]></system-out>
      <system-err><![CDATA[]]></system-err>
   </testsuite>
</testsuites>
