<?xml version="1.0" encoding="UTF-8"?>
<testsuites name="DIMS" time="49.895" tests="1" failures="0" errors="0">
   <testsuite name="DIMS" tests="1" failures="0" errors="0" time="49.895" skipped="0" timestamp="2022-03-13 17:00:22" hostname="juzcategui - juzcategui" id="Test Suites/DIMS">
      <properties>
         <property name="deviceName" value=""/>
         <property name="devicePlatform" value=""/>
         <property name="logFolder" value="/home/juzcategui/git/DIMS/Reports/20220313_170018/DIMS/20220313_170018"/>
         <property name="logFiles" value="/home/juzcategui/git/DIMS/Reports/20220313_170018/DIMS/20220313_170018/execution0.log"/>
         <property name="attachments" value=""/>
         <property name="hostName" value="juzcategui - juzcategui"/>
         <property name="os" value="Linux 64bit"/>
         <property name="katalonVersion" value="8.2.5.208"/>
         <property name="browser" value="Chrome 98.0.4758.102"/>
         <property name="hostAddress" value="192.168.250.5"/>
         <property name="sessionId" value="be9c0f259d3b20b2b3df768ac0e16cf9"/>
         <property name="seleniumVersion" value="3.141.59"/>
         <property name="proxyInformation" value="ProxyInformation { proxyOption=NO_PROXY, proxyServerType=HTTP, username=, password=********, proxyServerAddress=, proxyServerPort=0, executionList=&quot;&quot;, isApplyToDesiredCapabilities=true }"/>
         <property name="platform" value="Linux"/>
      </properties>
      <testcase name="Test Cases/Edit Office - 6" time="49.041" classname="Test Cases/Edit Office - 6" status="PASSED">
         <system-out><![CDATA[2022-03-13 17:00:23 - [TEST_CASE][PASSED] - Test Cases/Edit Office - 6: Test Cases/Edit Office - 6

2022-03-13 17:00:23 - [TEST_STEP][PASSED] - openBrowser(""): Browser is opened with url: ''

2022-03-13 17:00:24 - [MESSAGE][INFO] - Starting 'Chrome' driver

2022-03-13 17:00:24 - [MESSAGE][INFO] - Action delay is set to 0 milliseconds

2022-03-13 17:00:26 - [MESSAGE][PASSED] - Browser is opened with url: ''

2022-03-13 17:00:26 - [TEST_STEP][PASSED] - navigateToUrl("http://35.237.24.127:8081/dims-app/#/home"): Navigate to 'http://35.237.24.127:8081/dims-app/#/home' successfully

2022-03-13 17:00:47 - [MESSAGE][PASSED] - Navigate to 'http://35.237.24.127:8081/dims-app/#/home' successfully

2022-03-13 17:00:47 - [TEST_STEP][PASSED] - setText(findTestObject("Object Repository/debt ims R/Page_Debt IMS/input_Username_form-control w-75 ng-untouch_2a886e"), username): Text 'SUPER_USER7' is set on object 'Object Repository/debt ims R/Page_Debt IMS/input_Username_form-control w-75 ng-untouch_2a886e'

2022-03-13 17:00:48 - [MESSAGE][PASSED] - Text 'SUPER_USER7' is set on object 'Object Repository/debt ims R/Page_Debt IMS/input_Username_form-control w-75 ng-untouch_2a886e'

2022-03-13 17:00:48 - [TEST_STEP][PASSED] - setText(findTestObject("Object Repository/debt ims R/Page_Debt IMS/input_Password_form-control w-75 ng-untouch_173c6b"), pass): Text 'Abcd1234**' is set on object 'Object Repository/debt ims R/Page_Debt IMS/input_Password_form-control w-75 ng-untouch_173c6b'

2022-03-13 17:00:49 - [MESSAGE][PASSED] - Text 'Abcd1234**' is set on object 'Object Repository/debt ims R/Page_Debt IMS/input_Password_form-control w-75 ng-untouch_173c6b'

2022-03-13 17:00:49 - [TEST_STEP][PASSED] - click(findTestObject("debt ims R/Page_Debt IMS/button_Login")): Object: 'Object Repository/debt ims R/Page_Debt IMS/button_Login' is clicked on

2022-03-13 17:00:49 - [MESSAGE][PASSED] - Object: 'Object Repository/debt ims R/Page_Debt IMS/button_Login' is clicked on

2022-03-13 17:00:49 - [TEST_STEP][PASSED] - click(findTestObject("Object Repository/debt ims R/Page_Debt IMS/strong_Office Tools")): Object: 'Object Repository/debt ims R/Page_Debt IMS/strong_Office Tools' is clicked on

2022-03-13 17:00:50 - [MESSAGE][PASSED] - Object: 'Object Repository/debt ims R/Page_Debt IMS/strong_Office Tools' is clicked on

2022-03-13 17:00:50 - [TEST_STEP][PASSED] - click(findTestObject("Object Repository/debt ims R/Page_Debt IMS/span_Office")): Object: 'Object Repository/debt ims R/Page_Debt IMS/span_Office' is clicked on

2022-03-13 17:00:50 - [MESSAGE][PASSED] - Object: 'Object Repository/debt ims R/Page_Debt IMS/span_Office' is clicked on

2022-03-13 17:00:51 - [TEST_STEP][PASSED] - click(findTestObject("edit actions/Page_Debt/button_Yes_editButton - 6")): Object: 'Object Repository/edit actions/Page_Debt/button_Yes_editButton - 6' is clicked on

2022-03-13 17:00:54 - [MESSAGE][PASSED] - Object: 'Object Repository/edit actions/Page_Debt/button_Yes_editButton - 6' is clicked on

2022-03-13 17:00:54 - [TEST_STEP][PASSED] - delay(2): Delayed 2 second(s)

2022-03-13 17:00:56 - [MESSAGE][PASSED] - Delayed 2 second(s)

2022-03-13 17:00:56 - [TEST_STEP][PASSED] - setText(findTestObject("debt ims R/Page_Debt IMS/input_Office Name_form-control shadow-none ng-pristine ng-invalid ng-touched"), officename): Text 'Oficina de julio modificada' is set on object 'Object Repository/debt ims R/Page_Debt IMS/input_Office Name_form-control shadow-none ng-pristine ng-invalid ng-touched'

2022-03-13 17:00:57 - [MESSAGE][PASSED] - Text 'Oficina de julio modificada' is set on object 'Object Repository/debt ims R/Page_Debt IMS/input_Office Name_form-control shadow-none ng-pristine ng-invalid ng-touched'

2022-03-13 17:00:57 - [TEST_STEP][PASSED] - setText(findTestObject("debt ims R/Page_Debt IMS/input_Office Alias_form-control shadow-none ng-untouched ng-pristine ng-invalid"), officealias): Text 'alias de la oficina' is set on object 'Object Repository/debt ims R/Page_Debt IMS/input_Office Alias_form-control shadow-none ng-untouched ng-pristine ng-invalid'

2022-03-13 17:00:57 - [MESSAGE][PASSED] - Text 'alias de la oficina' is set on object 'Object Repository/debt ims R/Page_Debt IMS/input_Office Alias_form-control shadow-none ng-untouched ng-pristine ng-invalid'

2022-03-13 17:00:57 - [TEST_STEP][PASSED] - setText(findTestObject("debt ims R/Page_Debt IMS/input_Address_form-control shadow-none ng-untouched ng-pristine ng-invalid"), addres): Text 'direccion' is set on object 'Object Repository/debt ims R/Page_Debt IMS/input_Address_form-control shadow-none ng-untouched ng-pristine ng-invalid'

2022-03-13 17:00:58 - [MESSAGE][PASSED] - Text 'direccion' is set on object 'Object Repository/debt ims R/Page_Debt IMS/input_Address_form-control shadow-none ng-untouched ng-pristine ng-invalid'

2022-03-13 17:00:58 - [TEST_STEP][PASSED] - selectOptionByValue(findTestObject("Object Repository/debt ims R/Page_Debt IMS/select_Select OneUNITED STATES OF AMERICA"), "1: Object", true): All options with value '1: Object' are selected in object 'Object Repository/debt ims R/Page_Debt IMS/select_Select OneUNITED STATES OF AMERICA'  using regular expression

2022-03-13 17:00:59 - [MESSAGE][PASSED] - All options with value '1: Object' are selected in object 'Object Repository/debt ims R/Page_Debt IMS/select_Select OneUNITED STATES OF AMERICA'  using regular expression

2022-03-13 17:00:59 - [TEST_STEP][PASSED] - selectOptionByValue(findTestObject("Object Repository/debt ims R/Page_Debt IMS/select_Select OneUS Armed Forces EuropeAlas_fd93bc"), "8: Object", true): All options with value '8: Object' are selected in object 'Object Repository/debt ims R/Page_Debt IMS/select_Select OneUS Armed Forces EuropeAlas_fd93bc'  using regular expression

2022-03-13 17:01:01 - [MESSAGE][PASSED] - All options with value '8: Object' are selected in object 'Object Repository/debt ims R/Page_Debt IMS/select_Select OneUS Armed Forces EuropeAlas_fd93bc'  using regular expression

2022-03-13 17:01:01 - [TEST_STEP][PASSED] - setText(findTestObject("debt ims R/Page_Debt IMS/input_Zip_form-control shadow-none ng-untouched ng-pristine ng-valid"), zip): Text '1015' is set on object 'Object Repository/debt ims R/Page_Debt IMS/input_Zip_form-control shadow-none ng-untouched ng-pristine ng-valid'

2022-03-13 17:01:01 - [MESSAGE][PASSED] - Text '1015' is set on object 'Object Repository/debt ims R/Page_Debt IMS/input_Zip_form-control shadow-none ng-untouched ng-pristine ng-valid'

2022-03-13 17:01:01 - [TEST_STEP][PASSED] - setText(findTestObject("debt ims R/Page_Debt IMS/input_City_form-control shadow-none ng-pristine ng-valid ng-touched"), city): Text 'california' is set on object 'Object Repository/debt ims R/Page_Debt IMS/input_City_form-control shadow-none ng-pristine ng-valid ng-touched'

2022-03-13 17:01:02 - [MESSAGE][PASSED] - Text 'california' is set on object 'Object Repository/debt ims R/Page_Debt IMS/input_City_form-control shadow-none ng-pristine ng-valid ng-touched'

2022-03-13 17:01:02 - [TEST_STEP][PASSED] - selectOptionByValue(findTestObject("Object Repository/debt ims R/Page_Debt IMS/select_Select OneDebt - Ims"), "1: Object", true): All options with value '1: Object' are selected in object 'Object Repository/debt ims R/Page_Debt IMS/select_Select OneDebt - Ims'  using regular expression

2022-03-13 17:01:03 - [MESSAGE][PASSED] - All options with value '1: Object' are selected in object 'Object Repository/debt ims R/Page_Debt IMS/select_Select OneDebt - Ims'  using regular expression

2022-03-13 17:01:03 - [TEST_STEP][PASSED] - setText(findTestObject("Object Repository/debt ims R/Page_Debt IMS/input_Phone Number_form-control shadow-none_f75f0d"), phone): Text '4141116' is set on object 'Object Repository/debt ims R/Page_Debt IMS/input_Phone Number_form-control shadow-none_f75f0d'

2022-03-13 17:01:04 - [MESSAGE][PASSED] - Text '4141116' is set on object 'Object Repository/debt ims R/Page_Debt IMS/input_Phone Number_form-control shadow-none_f75f0d'

2022-03-13 17:01:04 - [TEST_STEP][PASSED] - setText(findTestObject("debt ims R/Page_Debt IMS/input_Fax Number_form-control shadow-none ng-untouched ng-pristine ng-invalid"), fax): Text '1015' is set on object 'Object Repository/debt ims R/Page_Debt IMS/input_Fax Number_form-control shadow-none ng-untouched ng-pristine ng-invalid'

2022-03-13 17:01:04 - [MESSAGE][PASSED] - Text '1015' is set on object 'Object Repository/debt ims R/Page_Debt IMS/input_Fax Number_form-control shadow-none ng-untouched ng-pristine ng-invalid'

2022-03-13 17:01:04 - [TEST_STEP][PASSED] - setText(findTestObject("debt ims R/Page_Debt IMS/input_Web Site_form-control shadow-none ng-untouched ng-pristine ng-invalid"), web): Text 'paginaweb.com' is set on object 'Object Repository/debt ims R/Page_Debt IMS/input_Web Site_form-control shadow-none ng-untouched ng-pristine ng-invalid'

2022-03-13 17:01:05 - [MESSAGE][PASSED] - Text 'paginaweb.com' is set on object 'Object Repository/debt ims R/Page_Debt IMS/input_Web Site_form-control shadow-none ng-untouched ng-pristine ng-invalid'

2022-03-13 17:01:05 - [TEST_STEP][PASSED] - setText(findTestObject("debt ims R/Page_Debt IMS/input_Landing URL prefix_form-control shadow-none ng-untouched ng-pristine ng-invalid"), landing): Text 'paginadelanding.com' is set on object 'Object Repository/debt ims R/Page_Debt IMS/input_Landing URL prefix_form-control shadow-none ng-untouched ng-pristine ng-invalid'

2022-03-13 17:01:06 - [MESSAGE][PASSED] - Text 'paginadelanding.com' is set on object 'Object Repository/debt ims R/Page_Debt IMS/input_Landing URL prefix_form-control shadow-none ng-untouched ng-pristine ng-invalid'

2022-03-13 17:01:06 - [TEST_STEP][PASSED] - selectOptionByValue(findTestObject("Object Repository/debt ims R/Page_Debt IMS/select_Select Time ZoneEastern Standard Cen_41b770"), "Eastern Standard", true): All options with value 'Eastern Standard' are selected in object 'Object Repository/debt ims R/Page_Debt IMS/select_Select Time ZoneEastern Standard Cen_41b770'  using regular expression

2022-03-13 17:01:07 - [MESSAGE][PASSED] - All options with value 'Eastern Standard' are selected in object 'Object Repository/debt ims R/Page_Debt IMS/select_Select Time ZoneEastern Standard Cen_41b770'  using regular expression

2022-03-13 17:01:07 - [TEST_STEP][PASSED] - selectOptionByValue(findTestObject("Object Repository/debt ims R/Page_Debt IMS/select_Select OneCommunityRejectedUnassigned"), "Unassigned", true): All options with value 'Unassigned' are selected in object 'Object Repository/debt ims R/Page_Debt IMS/select_Select OneCommunityRejectedUnassigned'  using regular expression

2022-03-13 17:01:08 - [MESSAGE][PASSED] - All options with value 'Unassigned' are selected in object 'Object Repository/debt ims R/Page_Debt IMS/select_Select OneCommunityRejectedUnassigned'  using regular expression

2022-03-13 17:01:08 - [TEST_STEP][PASSED] - selectOptionByValue(findTestObject("Object Repository/debt ims R/Page_Debt IMS/select_Select OneYesNo"), "true", true): All options with value 'true' are selected in object 'Object Repository/debt ims R/Page_Debt IMS/select_Select OneYesNo'  using regular expression

2022-03-13 17:01:09 - [MESSAGE][PASSED] - All options with value 'true' are selected in object 'Object Repository/debt ims R/Page_Debt IMS/select_Select OneYesNo'  using regular expression

2022-03-13 17:01:09 - [TEST_STEP][PASSED] - selectOptionByValue(findTestObject("Object Repository/debt ims R/Page_Debt IMS/select_Select OneTest"), " ", true): All options with value ' ' are selected in object 'Object Repository/debt ims R/Page_Debt IMS/select_Select OneTest'  using regular expression

2022-03-13 17:01:09 - [MESSAGE][PASSED] - All options with value ' ' are selected in object 'Object Repository/debt ims R/Page_Debt IMS/select_Select OneTest'  using regular expression

2022-03-13 17:01:09 - [TEST_STEP][PASSED] - selectOptionByValue(findTestObject("Object Repository/debt ims R/Page_Debt IMS/select_Select OneMeridian"), "Meridian", true): All options with value 'Meridian' are selected in object 'Object Repository/debt ims R/Page_Debt IMS/select_Select OneMeridian'  using regular expression

2022-03-13 17:01:10 - [MESSAGE][PASSED] - All options with value 'Meridian' are selected in object 'Object Repository/debt ims R/Page_Debt IMS/select_Select OneMeridian'  using regular expression

2022-03-13 17:01:10 - [TEST_STEP][PASSED] - click(findTestObject("debt ims R/Page_Debt IMS/button_Welcome, Julio Uzctegui_saveButton")): Object: 'Object Repository/debt ims R/Page_Debt IMS/button_Welcome, Julio Uzctegui_saveButton' is clicked on

2022-03-13 17:01:11 - [MESSAGE][PASSED] - Object: 'Object Repository/debt ims R/Page_Debt IMS/button_Welcome, Julio Uzctegui_saveButton' is clicked on

2022-03-13 17:01:11 - [TEST_STEP][PASSED] - click(findTestObject("edit actions/Page_Debt/button_Accept")): Object: 'Object Repository/edit actions/Page_Debt/button_Accept' is clicked on

2022-03-13 17:01:11 - [MESSAGE][PASSED] - Object: 'Object Repository/edit actions/Page_Debt/button_Accept' is clicked on

2022-03-13 17:01:11 - [TEST_STEP][PASSED] - closeBrowser(): Browser is closed

2022-03-13 17:01:12 - [MESSAGE][PASSED] - Browser is closed]]></system-out>
         <system-err><![CDATA[]]></system-err>
      </testcase>
      <system-out><![CDATA[2022-03-13 17:00:22 - [TEST_SUITE][PASSED] - DIMS: Test Cases/Edit Office - 6]]></system-out>
      <system-err><![CDATA[]]></system-err>
   </testsuite>
</testsuites>
