<?xml version="1.0" encoding="UTF-8"?>
<testsuites name="My Worklist" time="97.518" tests="1" failures="0" errors="0">
   <testsuite name="My Worklist" tests="1" failures="0" errors="0" time="97.518" skipped="0" timestamp="2022-04-28 09:35:23" hostname="juzcategui - juzcategui" id="Test Suites/My Worklist">
      <properties>
         <property name="deviceName" value=""/>
         <property name="devicePlatform" value=""/>
         <property name="logFolder" value="/home/juzcategui/git/DIMS/Reports/20220428_093518/My Worklist/20220428_093518"/>
         <property name="logFiles" value="/home/juzcategui/git/DIMS/Reports/20220428_093518/My Worklist/20220428_093518/execution0.log"/>
         <property name="attachments" value="/home/juzcategui/git/DIMS/Reports/20220428_093518/My Worklist/20220428_093518/1651152977661.png, /home/juzcategui/git/DIMS/Reports/20220428_093518/My Worklist/20220428_093518/1651153009492.png"/>
         <property name="hostName" value="juzcategui - juzcategui"/>
         <property name="os" value="Linux 64bit"/>
         <property name="katalonVersion" value="8.2.5.208"/>
         <property name="browser" value="Chrome 100.0.4896.75"/>
         <property name="hostAddress" value="192.168.12.57"/>
         <property name="sessionId" value="9273df3d6cf121cc6b5498c9af468073"/>
         <property name="seleniumVersion" value="3.141.59"/>
         <property name="proxyInformation" value="ProxyInformation { proxyOption=NO_PROXY, proxyServerType=HTTP, username=, password=********, proxyServerAddress=, proxyServerPort=0, executionList=&quot;&quot;, isApplyToDesiredCapabilities=true }"/>
         <property name="platform" value="Linux"/>
      </properties>
      <testcase name="Test Cases/Filter My Worklist" time="96.459" classname="Test Cases/Filter My Worklist" status="PASSED">
         <system-out><![CDATA[2022-04-28 09:35:24 - [TEST_CASE][PASSED] - Test Cases/Filter My Worklist: Test Cases/Filter My Worklist

2022-04-28 09:35:25 - [TEST_STEP][PASSED] - openBrowser(""): Browser is opened with url: ''

2022-04-28 09:35:26 - [MESSAGE][INFO] - Starting 'Chrome' driver

2022-04-28 09:35:27 - [MESSAGE][INFO] - Action delay is set to 0 milliseconds

2022-04-28 09:35:29 - [MESSAGE][PASSED] - Browser is opened with url: ''

2022-04-28 09:35:29 - [TEST_STEP][PASSED] - navigateToUrl("http://35.237.24.127:8081/dims-app/#/home"): Navigate to 'http://35.237.24.127:8081/dims-app/#/home' successfully

2022-04-28 09:35:32 - [MESSAGE][PASSED] - Navigate to 'http://35.237.24.127:8081/dims-app/#/home' successfully

2022-04-28 09:35:32 - [TEST_STEP][PASSED] - setText(findTestObject("Object Repository/Create Lead/input_Username_form-control w-75 ng-untouch_2a886e"), username): Text 'SUPER_USER7' is set on object 'Object Repository/Create Lead/input_Username_form-control w-75 ng-untouch_2a886e'

2022-04-28 09:35:33 - [MESSAGE][PASSED] - Text 'SUPER_USER7' is set on object 'Object Repository/Create Lead/input_Username_form-control w-75 ng-untouch_2a886e'

2022-04-28 09:35:33 - [TEST_STEP][PASSED] - setText(findTestObject("Object Repository/Create Lead/input_Password_form-control w-75 ng-untouch_173c6b"), pass): Text 'Abcd1234**' is set on object 'Object Repository/Create Lead/input_Password_form-control w-75 ng-untouch_173c6b'

2022-04-28 09:35:33 - [MESSAGE][PASSED] - Text 'Abcd1234**' is set on object 'Object Repository/Create Lead/input_Password_form-control w-75 ng-untouch_173c6b'

2022-04-28 09:35:33 - [TEST_STEP][PASSED] - click(findTestObject("Object Repository/Create Lead/button_Login")): Object: 'Object Repository/Create Lead/button_Login' is clicked on

2022-04-28 09:35:34 - [MESSAGE][PASSED] - Object: 'Object Repository/Create Lead/button_Login' is clicked on

2022-04-28 09:35:34 - [TEST_STEP][PASSED] - click(findTestObject("Myworklist(lead status)/Page_Debt IMS/Page_Debt IMS/strong_My Tools")): Object: 'Object Repository/Myworklist(lead status)/Page_Debt IMS/Page_Debt IMS/strong_My Tools' is clicked on

2022-04-28 09:35:37 - [MESSAGE][PASSED] - Object: 'Object Repository/Myworklist(lead status)/Page_Debt IMS/Page_Debt IMS/strong_My Tools' is clicked on

2022-04-28 09:35:37 - [TEST_STEP][PASSED] - click(findTestObject("Myworklist(lead status)/Page_Debt IMS/Page_Debt IMS/span_My Worklist")): Object: 'Object Repository/Myworklist(lead status)/Page_Debt IMS/Page_Debt IMS/span_My Worklist' is clicked on

2022-04-28 09:35:37 - [MESSAGE][PASSED] - Object: 'Object Repository/Myworklist(lead status)/Page_Debt IMS/Page_Debt IMS/span_My Worklist' is clicked on

2022-04-28 09:35:37 - [TEST_STEP][PASSED] - delay(7): Delayed 7 second(s)

2022-04-28 09:35:44 - [MESSAGE][PASSED] - Delayed 7 second(s)

2022-04-28 09:35:44 - [TEST_STEP][PASSED] - click(findTestObject("Myworklist(lead status)/Page_Debt IMS/input_From")): Object: 'Object Repository/Myworklist(lead status)/Page_Debt IMS/input_From' is clicked on

2022-04-28 09:35:45 - [MESSAGE][PASSED] - Object: 'Object Repository/Myworklist(lead status)/Page_Debt IMS/input_From' is clicked on

2022-04-28 09:35:45 - [TEST_STEP][PASSED] - click(findTestObject("debt ims R/Page_Debt IMS/span_1")): Object: 'Object Repository/debt ims R/Page_Debt IMS/span_1' is clicked on

2022-04-28 09:35:45 - [MESSAGE][PASSED] - Object: 'Object Repository/debt ims R/Page_Debt IMS/span_1' is clicked on

2022-04-28 09:35:45 - [TEST_STEP][PASSED] - click(findTestObject("Myworklist(lead status)/Page_Debt IMS/input_To_form")): Object: 'Object Repository/Myworklist(lead status)/Page_Debt IMS/input_To_form' is clicked on

2022-04-28 09:35:46 - [MESSAGE][PASSED] - Object: 'Object Repository/Myworklist(lead status)/Page_Debt IMS/input_To_form' is clicked on

2022-04-28 09:35:46 - [TEST_STEP][PASSED] - click(findTestObject("debt ims R/Page_Debt IMS/span_31"), OPTIONAL): Unable to click on object 'Object Repository/debt ims R/Page_Debt IMS/span_31' (Root cause: com.kms.katalon.core.exception.StepFailedException: Unable to click on object 'Object Repository/debt ims R/Page_Debt IMS/span_31'
	at com.kms.katalon.core.webui.keyword.internal.WebUIKeywordMain.stepFailed(WebUIKeywordMain.groovy:64)
	at com.kms.katalon.core.webui.keyword.internal.WebUIKeywordMain.runKeyword(WebUIKeywordMain.groovy:26)
	at com.kms.katalon.core.webui.keyword.builtin.ClickKeyword.click(ClickKeyword.groovy:74)
	at com.kms.katalon.core.webui.keyword.builtin.ClickKeyword.execute(ClickKeyword.groovy:40)
	at com.kms.katalon.core.keyword.internal.KeywordExecutor.executeKeywordForPlatform(KeywordExecutor.groovy:74)
	at com.kms.katalon.core.webui.keyword.WebUiBuiltInKeywords.click(WebUiBuiltInKeywords.groovy:608)
	at com.kms.katalon.core.webui.keyword.WebUiBuiltInKeywords$click$3.call(Unknown Source)
	at Filter My Worklist.run(Filter My Worklist:42)
	at com.kms.katalon.core.main.ScriptEngine.run(ScriptEngine.java:194)
	at com.kms.katalon.core.main.ScriptEngine.runScriptAsRawText(ScriptEngine.java:119)
	at com.kms.katalon.core.main.TestCaseExecutor.runScript(TestCaseExecutor.java:442)
	at com.kms.katalon.core.main.TestCaseExecutor.doExecute(TestCaseExecutor.java:433)
	at com.kms.katalon.core.main.TestCaseExecutor.processExecutionPhase(TestCaseExecutor.java:412)
	at com.kms.katalon.core.main.TestCaseExecutor.accessMainPhase(TestCaseExecutor.java:404)
	at com.kms.katalon.core.main.TestCaseExecutor.execute(TestCaseExecutor.java:281)
	at com.kms.katalon.core.main.TestSuiteExecutor.accessTestCaseMainPhase(TestSuiteExecutor.java:202)
	at com.kms.katalon.core.main.TestSuiteExecutor.accessTestSuiteMainPhase(TestSuiteExecutor.java:164)
	at com.kms.katalon.core.main.TestSuiteExecutor.execute(TestSuiteExecutor.java:105)
	at com.kms.katalon.core.main.TestCaseMain.startTestSuite(TestCaseMain.java:185)
	at com.kms.katalon.core.main.TestCaseMain$startTestSuite$0.call(Unknown Source)
	at TempTestSuite1651152918919.run(TempTestSuite1651152918919.groovy:36)
Caused by: com.kms.katalon.core.webui.exception.WebElementNotFoundException: Web element with id: 'Object Repository/debt ims R/Page_Debt IMS/span_31' located by '/html/body/div[2]/div[2]/div/div[2]/div/span[(text() = '31' or . = '31')]
[count(. | //*[@class = 'flatpickr-day']) = count(//*[@class = 'flatpickr-day'])]' not found
	at com.kms.katalon.core.webui.common.WebUiCommonHelper.findWebElement(WebUiCommonHelper.java:1370)
	at com.kms.katalon.core.webui.keyword.internal.WebUIAbstractKeyword.findWebElement(WebUIAbstractKeyword.groovy:27)
	at com.kms.katalon.core.webui.keyword.builtin.ClickKeyword$_click_closure1.doCall(ClickKeyword.groovy:65)
	at com.kms.katalon.core.webui.keyword.builtin.ClickKeyword$_click_closure1.call(ClickKeyword.groovy)
	at com.kms.katalon.core.webui.keyword.internal.WebUIKeywordMain.runKeyword(WebUIKeywordMain.groovy:20)
	at com.kms.katalon.core.webui.keyword.builtin.ClickKeyword.click(ClickKeyword.groovy:74)
	at com.kms.katalon.core.webui.keyword.builtin.ClickKeyword.execute(ClickKeyword.groovy:40)
	at com.kms.katalon.core.keyword.internal.KeywordExecutor.executeKeywordForPlatform(KeywordExecutor.groovy:74)
	at com.kms.katalon.core.webui.keyword.WebUiBuiltInKeywords.click(WebUiBuiltInKeywords.groovy:608)
	at com.kms.katalon.core.webui.keyword.WebUiBuiltInKeywords$click$3.call(Unknown Source)
	at Script1650548655764.run(Script1650548655764.groovy:42)
	... 13 more
)

2022-04-28 09:36:17 - [MESSAGE][INFO] - Unable to find the element located by 'By.xpath: /html/body/div[2]/div[2]/div/div[2]/div/span[(text() = '31' or . = '31')]
[count(. | //*[@class = 'flatpickr-day']) = count(//*[@class = 'flatpickr-day'])]'. Please recheck the objects properties to make sure the desired element is located. 

2022-04-28 09:36:17 - [MESSAGE][WARNING] - Unable to click on object 'Object Repository/debt ims R/Page_Debt IMS/span_31' (Root cause: com.kms.katalon.core.exception.StepFailedException: Unable to click on object 'Object Repository/debt ims R/Page_Debt IMS/span_31'
	at com.kms.katalon.core.webui.keyword.internal.WebUIKeywordMain.stepFailed(WebUIKeywordMain.groovy:64)
	at com.kms.katalon.core.webui.keyword.internal.WebUIKeywordMain.runKeyword(WebUIKeywordMain.groovy:26)
	at com.kms.katalon.core.webui.keyword.builtin.ClickKeyword.click(ClickKeyword.groovy:74)
	at com.kms.katalon.core.webui.keyword.builtin.ClickKeyword.execute(ClickKeyword.groovy:40)
	at com.kms.katalon.core.keyword.internal.KeywordExecutor.executeKeywordForPlatform(KeywordExecutor.groovy:74)
	at com.kms.katalon.core.webui.keyword.WebUiBuiltInKeywords.click(WebUiBuiltInKeywords.groovy:608)
	at com.kms.katalon.core.webui.keyword.WebUiBuiltInKeywords$click$3.call(Unknown Source)
	at Filter My Worklist.run(Filter My Worklist:42)
	at com.kms.katalon.core.main.ScriptEngine.run(ScriptEngine.java:194)
	at com.kms.katalon.core.main.ScriptEngine.runScriptAsRawText(ScriptEngine.java:119)
	at com.kms.katalon.core.main.TestCaseExecutor.runScript(TestCaseExecutor.java:442)
	at com.kms.katalon.core.main.TestCaseExecutor.doExecute(TestCaseExecutor.java:433)
	at com.kms.katalon.core.main.TestCaseExecutor.processExecutionPhase(TestCaseExecutor.java:412)
	at com.kms.katalon.core.main.TestCaseExecutor.accessMainPhase(TestCaseExecutor.java:404)
	at com.kms.katalon.core.main.TestCaseExecutor.execute(TestCaseExecutor.java:281)
	at com.kms.katalon.core.main.TestSuiteExecutor.accessTestCaseMainPhase(TestSuiteExecutor.java:202)
	at com.kms.katalon.core.main.TestSuiteExecutor.accessTestSuiteMainPhase(TestSuiteExecutor.java:164)
	at com.kms.katalon.core.main.TestSuiteExecutor.execute(TestSuiteExecutor.java:105)
	at com.kms.katalon.core.main.TestCaseMain.startTestSuite(TestCaseMain.java:185)
	at com.kms.katalon.core.main.TestCaseMain$startTestSuite$0.call(Unknown Source)
	at TempTestSuite1651152918919.run(TempTestSuite1651152918919.groovy:36)
Caused by: com.kms.katalon.core.webui.exception.WebElementNotFoundException: Web element with id: 'Object Repository/debt ims R/Page_Debt IMS/span_31' located by '/html/body/div[2]/div[2]/div/div[2]/div/span[(text() = '31' or . = '31')]
[count(. | //*[@class = 'flatpickr-day']) = count(//*[@class = 'flatpickr-day'])]' not found
	at com.kms.katalon.core.webui.common.WebUiCommonHelper.findWebElement(WebUiCommonHelper.java:1370)
	at com.kms.katalon.core.webui.keyword.internal.WebUIAbstractKeyword.findWebElement(WebUIAbstractKeyword.groovy:27)
	at com.kms.katalon.core.webui.keyword.builtin.ClickKeyword$_click_closure1.doCall(ClickKeyword.groovy:65)
	at com.kms.katalon.core.webui.keyword.builtin.ClickKeyword$_click_closure1.call(ClickKeyword.groovy)
	at com.kms.katalon.core.webui.keyword.internal.WebUIKeywordMain.runKeyword(WebUIKeywordMain.groovy:20)
	at com.kms.katalon.core.webui.keyword.builtin.ClickKeyword.click(ClickKeyword.groovy:74)
	at com.kms.katalon.core.webui.keyword.builtin.ClickKeyword.execute(ClickKeyword.groovy:40)
	at com.kms.katalon.core.keyword.internal.KeywordExecutor.executeKeywordForPlatform(KeywordExecutor.groovy:74)
	at com.kms.katalon.core.webui.keyword.WebUiBuiltInKeywords.click(WebUiBuiltInKeywords.groovy:608)
	at com.kms.katalon.core.webui.keyword.WebUiBuiltInKeywords$click$3.call(Unknown Source)
	at Script1650548655764.run(Script1650548655764.groovy:42)
	... 13 more
)
[[ATTACHMENT|/home/juzcategui/git/DIMS/Reports/20220428_093518/My Worklist/20220428_093518/1651152977661.png]]

2022-04-28 09:36:17 - [TEST_STEP][PASSED] - click(findTestObject("debt ims R/Page_Debt IMS/span_30"), OPTIONAL): Object: 'Object Repository/debt ims R/Page_Debt IMS/span_30' is clicked on

2022-04-28 09:36:18 - [MESSAGE][PASSED] - Object: 'Object Repository/debt ims R/Page_Debt IMS/span_30' is clicked on

2022-04-28 09:36:18 - [TEST_STEP][PASSED] - click(findTestObject("debt ims R/Page_Debt IMS/span_28"), OPTIONAL): Unable to click on object 'Object Repository/debt ims R/Page_Debt IMS/span_28' (Root cause: com.kms.katalon.core.exception.StepFailedException: Unable to click on object 'Object Repository/debt ims R/Page_Debt IMS/span_28'
	at com.kms.katalon.core.webui.keyword.internal.WebUIKeywordMain.stepFailed(WebUIKeywordMain.groovy:64)
	at com.kms.katalon.core.webui.keyword.internal.WebUIKeywordMain.runKeyword(WebUIKeywordMain.groovy:26)
	at com.kms.katalon.core.webui.keyword.builtin.ClickKeyword.click(ClickKeyword.groovy:74)
	at com.kms.katalon.core.webui.keyword.builtin.ClickKeyword.execute(ClickKeyword.groovy:40)
	at com.kms.katalon.core.keyword.internal.KeywordExecutor.executeKeywordForPlatform(KeywordExecutor.groovy:74)
	at com.kms.katalon.core.webui.keyword.WebUiBuiltInKeywords.click(WebUiBuiltInKeywords.groovy:608)
	at com.kms.katalon.core.webui.keyword.WebUiBuiltInKeywords$click$3.call(Unknown Source)
	at Filter My Worklist.run(Filter My Worklist:46)
	at com.kms.katalon.core.main.ScriptEngine.run(ScriptEngine.java:194)
	at com.kms.katalon.core.main.ScriptEngine.runScriptAsRawText(ScriptEngine.java:119)
	at com.kms.katalon.core.main.TestCaseExecutor.runScript(TestCaseExecutor.java:442)
	at com.kms.katalon.core.main.TestCaseExecutor.doExecute(TestCaseExecutor.java:433)
	at com.kms.katalon.core.main.TestCaseExecutor.processExecutionPhase(TestCaseExecutor.java:412)
	at com.kms.katalon.core.main.TestCaseExecutor.accessMainPhase(TestCaseExecutor.java:404)
	at com.kms.katalon.core.main.TestCaseExecutor.execute(TestCaseExecutor.java:281)
	at com.kms.katalon.core.main.TestSuiteExecutor.accessTestCaseMainPhase(TestSuiteExecutor.java:202)
	at com.kms.katalon.core.main.TestSuiteExecutor.accessTestSuiteMainPhase(TestSuiteExecutor.java:164)
	at com.kms.katalon.core.main.TestSuiteExecutor.execute(TestSuiteExecutor.java:105)
	at com.kms.katalon.core.main.TestCaseMain.startTestSuite(TestCaseMain.java:185)
	at com.kms.katalon.core.main.TestCaseMain$startTestSuite$0.call(Unknown Source)
	at TempTestSuite1651152918919.run(TempTestSuite1651152918919.groovy:36)
Caused by: com.kms.katalon.core.webui.exception.WebElementNotFoundException: Web element with id: 'Object Repository/debt ims R/Page_Debt IMS/span_28' located by '/html/body/div[2]/div[2]/div/div[2]/div/span[(text() = '28' or . = '28')]
[count(. | //*[@class = 'flatpickr-day']) = count(//*[@class = 'flatpickr-day'])]' not found
	at com.kms.katalon.core.webui.common.WebUiCommonHelper.findWebElement(WebUiCommonHelper.java:1370)
	at com.kms.katalon.core.webui.keyword.internal.WebUIAbstractKeyword.findWebElement(WebUIAbstractKeyword.groovy:27)
	at com.kms.katalon.core.webui.keyword.builtin.ClickKeyword$_click_closure1.doCall(ClickKeyword.groovy:65)
	at com.kms.katalon.core.webui.keyword.builtin.ClickKeyword$_click_closure1.call(ClickKeyword.groovy)
	at com.kms.katalon.core.webui.keyword.internal.WebUIKeywordMain.runKeyword(WebUIKeywordMain.groovy:20)
	at com.kms.katalon.core.webui.keyword.builtin.ClickKeyword.click(ClickKeyword.groovy:74)
	at com.kms.katalon.core.webui.keyword.builtin.ClickKeyword.execute(ClickKeyword.groovy:40)
	at com.kms.katalon.core.keyword.internal.KeywordExecutor.executeKeywordForPlatform(KeywordExecutor.groovy:74)
	at com.kms.katalon.core.webui.keyword.WebUiBuiltInKeywords.click(WebUiBuiltInKeywords.groovy:608)
	at com.kms.katalon.core.webui.keyword.WebUiBuiltInKeywords$click$3.call(Unknown Source)
	at Script1650548655764.run(Script1650548655764.groovy:46)
	... 13 more
)

2022-04-28 09:36:49 - [MESSAGE][INFO] - Unable to find the element located by 'By.xpath: /html/body/div[2]/div[2]/div/div[2]/div/span[(text() = '28' or . = '28')]
[count(. | //*[@class = 'flatpickr-day']) = count(//*[@class = 'flatpickr-day'])]'. Please recheck the objects properties to make sure the desired element is located. 

2022-04-28 09:36:49 - [MESSAGE][WARNING] - Unable to click on object 'Object Repository/debt ims R/Page_Debt IMS/span_28' (Root cause: com.kms.katalon.core.exception.StepFailedException: Unable to click on object 'Object Repository/debt ims R/Page_Debt IMS/span_28'
	at com.kms.katalon.core.webui.keyword.internal.WebUIKeywordMain.stepFailed(WebUIKeywordMain.groovy:64)
	at com.kms.katalon.core.webui.keyword.internal.WebUIKeywordMain.runKeyword(WebUIKeywordMain.groovy:26)
	at com.kms.katalon.core.webui.keyword.builtin.ClickKeyword.click(ClickKeyword.groovy:74)
	at com.kms.katalon.core.webui.keyword.builtin.ClickKeyword.execute(ClickKeyword.groovy:40)
	at com.kms.katalon.core.keyword.internal.KeywordExecutor.executeKeywordForPlatform(KeywordExecutor.groovy:74)
	at com.kms.katalon.core.webui.keyword.WebUiBuiltInKeywords.click(WebUiBuiltInKeywords.groovy:608)
	at com.kms.katalon.core.webui.keyword.WebUiBuiltInKeywords$click$3.call(Unknown Source)
	at Filter My Worklist.run(Filter My Worklist:46)
	at com.kms.katalon.core.main.ScriptEngine.run(ScriptEngine.java:194)
	at com.kms.katalon.core.main.ScriptEngine.runScriptAsRawText(ScriptEngine.java:119)
	at com.kms.katalon.core.main.TestCaseExecutor.runScript(TestCaseExecutor.java:442)
	at com.kms.katalon.core.main.TestCaseExecutor.doExecute(TestCaseExecutor.java:433)
	at com.kms.katalon.core.main.TestCaseExecutor.processExecutionPhase(TestCaseExecutor.java:412)
	at com.kms.katalon.core.main.TestCaseExecutor.accessMainPhase(TestCaseExecutor.java:404)
	at com.kms.katalon.core.main.TestCaseExecutor.execute(TestCaseExecutor.java:281)
	at com.kms.katalon.core.main.TestSuiteExecutor.accessTestCaseMainPhase(TestSuiteExecutor.java:202)
	at com.kms.katalon.core.main.TestSuiteExecutor.accessTestSuiteMainPhase(TestSuiteExecutor.java:164)
	at com.kms.katalon.core.main.TestSuiteExecutor.execute(TestSuiteExecutor.java:105)
	at com.kms.katalon.core.main.TestCaseMain.startTestSuite(TestCaseMain.java:185)
	at com.kms.katalon.core.main.TestCaseMain$startTestSuite$0.call(Unknown Source)
	at TempTestSuite1651152918919.run(TempTestSuite1651152918919.groovy:36)
Caused by: com.kms.katalon.core.webui.exception.WebElementNotFoundException: Web element with id: 'Object Repository/debt ims R/Page_Debt IMS/span_28' located by '/html/body/div[2]/div[2]/div/div[2]/div/span[(text() = '28' or . = '28')]
[count(. | //*[@class = 'flatpickr-day']) = count(//*[@class = 'flatpickr-day'])]' not found
	at com.kms.katalon.core.webui.common.WebUiCommonHelper.findWebElement(WebUiCommonHelper.java:1370)
	at com.kms.katalon.core.webui.keyword.internal.WebUIAbstractKeyword.findWebElement(WebUIAbstractKeyword.groovy:27)
	at com.kms.katalon.core.webui.keyword.builtin.ClickKeyword$_click_closure1.doCall(ClickKeyword.groovy:65)
	at com.kms.katalon.core.webui.keyword.builtin.ClickKeyword$_click_closure1.call(ClickKeyword.groovy)
	at com.kms.katalon.core.webui.keyword.internal.WebUIKeywordMain.runKeyword(WebUIKeywordMain.groovy:20)
	at com.kms.katalon.core.webui.keyword.builtin.ClickKeyword.click(ClickKeyword.groovy:74)
	at com.kms.katalon.core.webui.keyword.builtin.ClickKeyword.execute(ClickKeyword.groovy:40)
	at com.kms.katalon.core.keyword.internal.KeywordExecutor.executeKeywordForPlatform(KeywordExecutor.groovy:74)
	at com.kms.katalon.core.webui.keyword.WebUiBuiltInKeywords.click(WebUiBuiltInKeywords.groovy:608)
	at com.kms.katalon.core.webui.keyword.WebUiBuiltInKeywords$click$3.call(Unknown Source)
	at Script1650548655764.run(Script1650548655764.groovy:46)
	... 13 more
)
[[ATTACHMENT|/home/juzcategui/git/DIMS/Reports/20220428_093518/My Worklist/20220428_093518/1651153009492.png]]

2022-04-28 09:36:49 - [TEST_STEP][PASSED] - delay(3): Delayed 3 second(s)

2022-04-28 09:36:52 - [MESSAGE][PASSED] - Delayed 3 second(s)

2022-04-28 09:36:52 - [TEST_STEP][PASSED] - click(findTestObject("Myworklist(lead status)/Page_Debt IMS/button_Filter")): Object: 'Object Repository/Myworklist(lead status)/Page_Debt IMS/button_Filter' is clicked on

2022-04-28 09:36:53 - [MESSAGE][PASSED] - Object: 'Object Repository/Myworklist(lead status)/Page_Debt IMS/button_Filter' is clicked on

2022-04-28 09:36:53 - [TEST_STEP][PASSED] - click(findTestObject("Myworklist(lead status)/Page_Debt IMS/button_Reset")): Object: 'Object Repository/Myworklist(lead status)/Page_Debt IMS/button_Reset' is clicked on

2022-04-28 09:36:53 - [MESSAGE][PASSED] - Object: 'Object Repository/Myworklist(lead status)/Page_Debt IMS/button_Reset' is clicked on

2022-04-28 09:36:53 - [TEST_STEP][PASSED] - click(findTestObject("Myworklist(lead status)/Page_Debt IMS/div_Select a Status(es)")): Object: 'Object Repository/Myworklist(lead status)/Page_Debt IMS/div_Select a Status(es)' is clicked on

2022-04-28 09:36:54 - [MESSAGE][PASSED] - Object: 'Object Repository/Myworklist(lead status)/Page_Debt IMS/div_Select a Status(es)' is clicked on

2022-04-28 09:36:54 - [TEST_STEP][PASSED] - click(findTestObject("Myworklist(lead status)/Page_Debt IMS/lead status select span_Attempting contact")): Object: 'Object Repository/Myworklist(lead status)/Page_Debt IMS/lead status select span_Attempting contact' is clicked on

2022-04-28 09:36:54 - [MESSAGE][PASSED] - Object: 'Object Repository/Myworklist(lead status)/Page_Debt IMS/lead status select span_Attempting contact' is clicked on

2022-04-28 09:36:54 - [TEST_STEP][PASSED] - click(findTestObject("Myworklist(lead status)/Page_Debt IMS/div_Select a Status(es)")): Object: 'Object Repository/Myworklist(lead status)/Page_Debt IMS/div_Select a Status(es)' is clicked on

2022-04-28 09:36:55 - [MESSAGE][PASSED] - Object: 'Object Repository/Myworklist(lead status)/Page_Debt IMS/div_Select a Status(es)' is clicked on

2022-04-28 09:36:55 - [TEST_STEP][PASSED] - click(findTestObject("Myworklist(lead status)/Page_Debt IMS/button_Filter")): Object: 'Object Repository/Myworklist(lead status)/Page_Debt IMS/button_Filter' is clicked on

2022-04-28 09:36:55 - [MESSAGE][PASSED] - Object: 'Object Repository/Myworklist(lead status)/Page_Debt IMS/button_Filter' is clicked on

2022-04-28 09:36:55 - [TEST_STEP][PASSED] - click(findTestObject("Myworklist(lead status)/Page_Debt IMS/button_Reset")): Object: 'Object Repository/Myworklist(lead status)/Page_Debt IMS/button_Reset' is clicked on

2022-04-28 09:36:56 - [MESSAGE][PASSED] - Object: 'Object Repository/Myworklist(lead status)/Page_Debt IMS/button_Reset' is clicked on

2022-04-28 09:36:56 - [TEST_STEP][PASSED] - click(findTestObject("Myworklist(lead status)/Page_Debt IMS/div_Select Lead Source")): Object: 'Object Repository/Myworklist(lead status)/Page_Debt IMS/div_Select Lead Source' is clicked on

2022-04-28 09:36:56 - [MESSAGE][PASSED] - Object: 'Object Repository/Myworklist(lead status)/Page_Debt IMS/div_Select Lead Source' is clicked on

2022-04-28 09:36:56 - [TEST_STEP][PASSED] - click(findTestObject("Myworklist(lead status)/Page_Debt IMS/lead source  select span_Mailer")): Object: 'Object Repository/Myworklist(lead status)/Page_Debt IMS/lead source  select span_Mailer' is clicked on

2022-04-28 09:36:57 - [MESSAGE][PASSED] - Object: 'Object Repository/Myworklist(lead status)/Page_Debt IMS/lead source  select span_Mailer' is clicked on

2022-04-28 09:36:57 - [TEST_STEP][PASSED] - click(findTestObject("Myworklist(lead status)/Page_Debt IMS/div_Select Lead Source")): Object: 'Object Repository/Myworklist(lead status)/Page_Debt IMS/div_Select Lead Source' is clicked on

2022-04-28 09:36:57 - [MESSAGE][PASSED] - Object: 'Object Repository/Myworklist(lead status)/Page_Debt IMS/div_Select Lead Source' is clicked on

2022-04-28 09:36:57 - [TEST_STEP][PASSED] - click(findTestObject("Myworklist(lead status)/Page_Debt IMS/button_Filter")): Object: 'Object Repository/Myworklist(lead status)/Page_Debt IMS/button_Filter' is clicked on

2022-04-28 09:36:58 - [MESSAGE][PASSED] - Object: 'Object Repository/Myworklist(lead status)/Page_Debt IMS/button_Filter' is clicked on

2022-04-28 09:36:58 - [TEST_STEP][PASSED] - click(findTestObject("Myworklist(lead status)/Page_Debt IMS/button_Reset")): Object: 'Object Repository/Myworklist(lead status)/Page_Debt IMS/button_Reset' is clicked on

2022-04-28 09:36:58 - [MESSAGE][PASSED] - Object: 'Object Repository/Myworklist(lead status)/Page_Debt IMS/button_Reset' is clicked on

2022-04-28 09:36:58 - [TEST_STEP][PASSED] - click(findTestObject("Myworklist(lead status)/Page_Debt IMS/div_Select Queue")): Object: 'Object Repository/Myworklist(lead status)/Page_Debt IMS/div_Select Queue' is clicked on

2022-04-28 09:36:59 - [MESSAGE][PASSED] - Object: 'Object Repository/Myworklist(lead status)/Page_Debt IMS/div_Select Queue' is clicked on

2022-04-28 09:36:59 - [TEST_STEP][PASSED] - click(findTestObject("Myworklist(lead status)/Page_Debt IMS/lead queue span_MAIN")): Object: 'Object Repository/Myworklist(lead status)/Page_Debt IMS/lead queue span_MAIN' is clicked on

2022-04-28 09:36:59 - [MESSAGE][PASSED] - Object: 'Object Repository/Myworklist(lead status)/Page_Debt IMS/lead queue span_MAIN' is clicked on

2022-04-28 09:36:59 - [TEST_STEP][PASSED] - click(findTestObject("Myworklist(lead status)/Page_Debt IMS/div_Select Queue")): Object: 'Object Repository/Myworklist(lead status)/Page_Debt IMS/div_Select Queue' is clicked on

2022-04-28 09:37:00 - [MESSAGE][PASSED] - Object: 'Object Repository/Myworklist(lead status)/Page_Debt IMS/div_Select Queue' is clicked on

2022-04-28 09:37:00 - [TEST_STEP][PASSED] - click(findTestObject("Myworklist(lead status)/Page_Debt IMS/button_Filter")): Object: 'Object Repository/Myworklist(lead status)/Page_Debt IMS/button_Filter' is clicked on

2022-04-28 09:37:00 - [MESSAGE][PASSED] - Object: 'Object Repository/Myworklist(lead status)/Page_Debt IMS/button_Filter' is clicked on

2022-04-28 09:37:00 - [TEST_STEP][PASSED] - click(findTestObject("Myworklist(lead status)/Page_Debt IMS/button_Reset")): Object: 'Object Repository/Myworklist(lead status)/Page_Debt IMS/button_Reset' is clicked on

2022-04-28 09:37:01 - [MESSAGE][PASSED] - Object: 'Object Repository/Myworklist(lead status)/Page_Debt IMS/button_Reset' is clicked on]]></system-out>
         <system-err><![CDATA[]]></system-err>
      </testcase>
      <system-out><![CDATA[2022-04-28 09:35:23 - [TEST_SUITE][PASSED] - My Worklist: Test Cases/Filter My Worklist]]></system-out>
      <system-err><![CDATA[]]></system-err>
   </testsuite>
</testsuites>
