<?xml version="1.0" encoding="UTF-8"?>
<testsuites name="New Lead" time="111.406" tests="1" failures="0" errors="0">
   <testsuite name="New Lead" tests="1" failures="0" errors="0" time="111.406" skipped="0" timestamp="2022-04-13 12:00:09" hostname="juzcategui - juzcategui" id="Test Suites/New Lead">
      <properties>
         <property name="deviceName" value=""/>
         <property name="devicePlatform" value=""/>
         <property name="logFolder" value="/home/juzcategui/git/DIMS/Reports/20220413_120005/New Lead/20220413_120005"/>
         <property name="logFiles" value="/home/juzcategui/git/DIMS/Reports/20220413_120005/New Lead/20220413_120005/execution0.log"/>
         <property name="attachments" value=""/>
         <property name="hostName" value="juzcategui - juzcategui"/>
         <property name="os" value="Linux 64bit"/>
         <property name="katalonVersion" value="8.2.5.208"/>
         <property name="browser" value="Chrome 98.0.4758.102"/>
         <property name="hostAddress" value="192.168.250.10"/>
         <property name="sessionId" value="acf7aec85c87f26b8cdc3585e059125c"/>
         <property name="seleniumVersion" value="3.141.59"/>
         <property name="proxyInformation" value="ProxyInformation { proxyOption=NO_PROXY, proxyServerType=HTTP, username=, password=********, proxyServerAddress=, proxyServerPort=0, executionList=&quot;&quot;, isApplyToDesiredCapabilities=true }"/>
         <property name="platform" value="Linux"/>
      </properties>
      <testcase name="Test Cases/Create Lead - All Fields" time="110.671" classname="Test Cases/Create Lead - All Fields" status="PASSED">
         <system-out><![CDATA[2022-04-13 12:00:10 - [TEST_CASE][PASSED] - Test Cases/Create Lead - All Fields: Test Cases/Create Lead - All Fields

2022-04-13 12:00:10 - [TEST_STEP][PASSED] - openBrowser(""): Browser is opened with url: ''

2022-04-13 12:00:11 - [MESSAGE][INFO] - Starting 'Chrome' driver

2022-04-13 12:00:11 - [MESSAGE][INFO] - Action delay is set to 0 milliseconds

2022-04-13 12:00:14 - [MESSAGE][PASSED] - Browser is opened with url: ''

2022-04-13 12:00:14 - [TEST_STEP][PASSED] - navigateToUrl("http://35.237.24.127:8081/dims-app/#/home"): Navigate to 'http://35.237.24.127:8081/dims-app/#/home' successfully

2022-04-13 12:00:30 - [MESSAGE][PASSED] - Navigate to 'http://35.237.24.127:8081/dims-app/#/home' successfully

2022-04-13 12:00:30 - [TEST_STEP][PASSED] - setText(findTestObject("Object Repository/Create Lead/input_Username_form-control w-75 ng-untouch_2a886e"), username): Text 'SUPER_USER7' is set on object 'Object Repository/Create Lead/input_Username_form-control w-75 ng-untouch_2a886e'

2022-04-13 12:00:31 - [MESSAGE][PASSED] - Text 'SUPER_USER7' is set on object 'Object Repository/Create Lead/input_Username_form-control w-75 ng-untouch_2a886e'

2022-04-13 12:00:31 - [TEST_STEP][PASSED] - setText(findTestObject("Object Repository/Create Lead/input_Password_form-control w-75 ng-untouch_173c6b"), pass): Text 'Abcd1234**' is set on object 'Object Repository/Create Lead/input_Password_form-control w-75 ng-untouch_173c6b'

2022-04-13 12:00:32 - [MESSAGE][PASSED] - Text 'Abcd1234**' is set on object 'Object Repository/Create Lead/input_Password_form-control w-75 ng-untouch_173c6b'

2022-04-13 12:00:32 - [TEST_STEP][PASSED] - click(findTestObject("Object Repository/Create Lead/button_Login")): Object: 'Object Repository/Create Lead/button_Login' is clicked on

2022-04-13 12:00:32 - [MESSAGE][PASSED] - Object: 'Object Repository/Create Lead/button_Login' is clicked on

2022-04-13 12:00:32 - [TEST_STEP][PASSED] - click(findTestObject("Object Repository/Create Lead/strong_My Tools")): Object: 'Object Repository/Create Lead/strong_My Tools' is clicked on

2022-04-13 12:00:35 - [MESSAGE][PASSED] - Object: 'Object Repository/Create Lead/strong_My Tools' is clicked on

2022-04-13 12:00:35 - [TEST_STEP][PASSED] - click(findTestObject("Object Repository/Create Lead/span_New Lead")): Object: 'Object Repository/Create Lead/span_New Lead' is clicked on

2022-04-13 12:00:36 - [MESSAGE][PASSED] - Object: 'Object Repository/Create Lead/span_New Lead' is clicked on

2022-04-13 12:00:36 - [TEST_STEP][PASSED] - selectOptionByValue(findTestObject("Object Repository/Create Lead/select_Select OneAdvertising-Stop My Payday_d308cb"), "3", true): All options with value '3' are selected in object 'Object Repository/Create Lead/select_Select OneAdvertising-Stop My Payday_d308cb'  using regular expression

2022-04-13 12:00:38 - [MESSAGE][PASSED] - All options with value '3' are selected in object 'Object Repository/Create Lead/select_Select OneAdvertising-Stop My Payday_d308cb'  using regular expression

2022-04-13 12:00:38 - [TEST_STEP][PASSED] - selectOptionByValue(findTestObject("Object Repository/Create Lead/select_Select OneHFG 2020HFG NONEHFG PAYDAY_f27ab0"), "2", true): All options with value '2' are selected in object 'Object Repository/Create Lead/select_Select OneHFG 2020HFG NONEHFG PAYDAY_f27ab0'  using regular expression

2022-04-13 12:00:39 - [MESSAGE][PASSED] - All options with value '2' are selected in object 'Object Repository/Create Lead/select_Select OneHFG 2020HFG NONEHFG PAYDAY_f27ab0'  using regular expression

2022-04-13 12:00:39 - [TEST_STEP][PASSED] - selectOptionByValue(findTestObject("Create Lead/status select"), "12", true): All options with value '12' are selected in object 'Object Repository/Create Lead/status select'  using regular expression

2022-04-13 12:00:40 - [MESSAGE][PASSED] - All options with value '12' are selected in object 'Object Repository/Create Lead/status select'  using regular expression

2022-04-13 12:00:40 - [TEST_STEP][PASSED] - setText(findTestObject("Create Lead/input_First Name"), firstname): Text 'taiana' is set on object 'Object Repository/Create Lead/input_First Name'

2022-04-13 12:00:41 - [MESSAGE][PASSED] - Text 'taiana' is set on object 'Object Repository/Create Lead/input_First Name'

2022-04-13 12:00:41 - [TEST_STEP][PASSED] - setText(findTestObject("Create Lead/input_Last Name"), lastname): Text 'gonzales' is set on object 'Object Repository/Create Lead/input_Last Name'

2022-04-13 12:00:41 - [MESSAGE][PASSED] - Text 'gonzales' is set on object 'Object Repository/Create Lead/input_Last Name'

2022-04-13 12:00:41 - [TEST_STEP][PASSED] - setText(findTestObject("Create Lead/input_Address 1"), address1): Text 'primera direccion' is set on object 'Object Repository/Create Lead/input_Address 1'

2022-04-13 12:00:42 - [MESSAGE][PASSED] - Text 'primera direccion' is set on object 'Object Repository/Create Lead/input_Address 1'

2022-04-13 12:00:42 - [TEST_STEP][PASSED] - setText(findTestObject("Create Lead/input_Address 2"), address2): Text 'segunda direccion' is set on object 'Object Repository/Create Lead/input_Address 2'

2022-04-13 12:00:43 - [MESSAGE][PASSED] - Text 'segunda direccion' is set on object 'Object Repository/Create Lead/input_Address 2'

2022-04-13 12:00:43 - [TEST_STEP][PASSED] - setText(findTestObject("Create Lead/input_City"), city): Text 'california' is set on object 'Object Repository/Create Lead/input_City'

2022-04-13 12:00:44 - [MESSAGE][PASSED] - Text 'california' is set on object 'Object Repository/Create Lead/input_City'

2022-04-13 12:00:44 - [TEST_STEP][PASSED] - selectOptionByValue(findTestObject("Object Repository/Create Lead/select_Select OneUS Armed Forces EuropeAlas_fd93bc"), "2: 2", true): All options with value '2: 2' are selected in object 'Object Repository/Create Lead/select_Select OneUS Armed Forces EuropeAlas_fd93bc'  using regular expression

2022-04-13 12:00:45 - [MESSAGE][PASSED] - All options with value '2: 2' are selected in object 'Object Repository/Create Lead/select_Select OneUS Armed Forces EuropeAlas_fd93bc'  using regular expression

2022-04-13 12:00:45 - [TEST_STEP][PASSED] - setText(findTestObject("Create Lead/input_Zip"), zip): Text '35540' is set on object 'Object Repository/Create Lead/input_Zip'

2022-04-13 12:00:46 - [MESSAGE][PASSED] - Text '35540' is set on object 'Object Repository/Create Lead/input_Zip'

2022-04-13 12:00:46 - [TEST_STEP][PASSED] - selectOptionByValue(findTestObject("debt ims R/Page_Debt IMS/select_Select OneUNITED STATES OF AMERICA"), "62", true): All options with value '62' are selected in object 'Object Repository/debt ims R/Page_Debt IMS/select_Select OneUNITED STATES OF AMERICA'  using regular expression

2022-04-13 12:00:47 - [MESSAGE][PASSED] - All options with value '62' are selected in object 'Object Repository/debt ims R/Page_Debt IMS/select_Select OneUNITED STATES OF AMERICA'  using regular expression

2022-04-13 12:00:47 - [TEST_STEP][PASSED] - setText(findTestObject("Object Repository/Create Lead/input_Home Phone_form-control shadow-none n_1c6889"), homephone): Text '2129909090' is set on object 'Object Repository/Create Lead/input_Home Phone_form-control shadow-none n_1c6889'

2022-04-13 12:00:48 - [MESSAGE][PASSED] - Text '2129909090' is set on object 'Object Repository/Create Lead/input_Home Phone_form-control shadow-none n_1c6889'

2022-04-13 12:00:48 - [TEST_STEP][PASSED] - setText(findTestObject("Create Lead/input_Work Phone"), workphone): Text '2128908081' is set on object 'Object Repository/Create Lead/input_Work Phone'

2022-04-13 12:00:48 - [MESSAGE][PASSED] - Text '2128908081' is set on object 'Object Repository/Create Lead/input_Work Phone'

2022-04-13 12:00:48 - [TEST_STEP][PASSED] - setText(findTestObject("Create Lead/input_Cell Phone"), cellphone): Text '4144908979' is set on object 'Object Repository/Create Lead/input_Cell Phone'

2022-04-13 12:00:49 - [MESSAGE][PASSED] - Text '4144908979' is set on object 'Object Repository/Create Lead/input_Cell Phone'

2022-04-13 12:00:49 - [TEST_STEP][PASSED] - setText(findTestObject("Create Lead/input_Fax"), fax): Text '2129909091' is set on object 'Object Repository/Create Lead/input_Fax'

2022-04-13 12:00:50 - [MESSAGE][PASSED] - Text '2129909091' is set on object 'Object Repository/Create Lead/input_Fax'

2022-04-13 12:00:50 - [TEST_STEP][PASSED] - setText(findTestObject("Create Lead/input_Email_form-control shadow-none ng-untouched ng-pristine ng-invalid"), email): Text 'tatiana@gmail.com' is set on object 'Object Repository/Create Lead/input_Email_form-control shadow-none ng-untouched ng-pristine ng-invalid'

2022-04-13 12:00:51 - [MESSAGE][PASSED] - Text 'tatiana@gmail.com' is set on object 'Object Repository/Create Lead/input_Email_form-control shadow-none ng-untouched ng-pristine ng-invalid'

2022-04-13 12:00:51 - [TEST_STEP][PASSED] - setText(findTestObject("Create Lead/input_Mailer Code"), maildercode): Text 'code26' is set on object 'Object Repository/Create Lead/input_Mailer Code'

2022-04-13 12:00:51 - [MESSAGE][PASSED] - Text 'code26' is set on object 'Object Repository/Create Lead/input_Mailer Code'

2022-04-13 12:00:51 - [TEST_STEP][PASSED] - delay(2, STOP_ON_FAILURE): Delayed 2 second(s)

2022-04-13 12:00:53 - [MESSAGE][PASSED] - Delayed 2 second(s)

2022-04-13 12:00:53 - [TEST_STEP][PASSED] - scrollToElement(findTestObject("Object Repository/Create Lead/button_Welcome, Julio Uzctegui_saveButton"), 0): Scroll to object 'Object Repository/Create Lead/button_Welcome, Julio Uzctegui_saveButton' successfully

2022-04-13 12:00:54 - [MESSAGE][WARNING] - Timeout '0' is invalid. Using default page load timeout: '30'

2022-04-13 12:01:25 - [MESSAGE][INFO] - Unable to find the element located by 'By.xpath: //button[2]'. Please recheck the objects properties to make sure the desired element is located. 

2022-04-13 12:01:25 - [MESSAGE][WARNING] - [SELF-HEALING] Failed to find element with id 'Object Repository/Create Lead/button_Welcome, Julio Uzctegui_saveButton'. Try using Self-healing.

2022-04-13 12:01:25 - [MESSAGE][INFO] - [SELF-HEALING] Failed Locator: '//button[2]'.

2022-04-13 12:01:25 - [MESSAGE][INFO] - [SELF-HEALING] Failed Locator: '//button[2]'.

2022-04-13 12:01:26 - [MESSAGE][INFO] - [SELF-HEALING] Failed Locator: '//button[2]'.

2022-04-13 12:01:26 - [MESSAGE][INFO] - [SELF-HEALING] Failed Locator: '//button[2]'.

2022-04-13 12:01:26 - [MESSAGE][INFO] - [SELF-HEALING] Failed Locator: '//button[2]'.

2022-04-13 12:01:27 - [MESSAGE][INFO] - [SELF-HEALING] Screenshot: /home/juzcategui/git/DIMS/Reports/Self-healing/Object Repository/Create Lead/button_Welcome, Julio Uzctegui_saveButton_BASIC.png

2022-04-13 12:01:27 - [MESSAGE][WARNING] - [SELF-HEALING] The current locator of test object 'Object Repository/Create Lead/button_Welcome, Julio Uzctegui_saveButton' was broken. Propose an alternative one: '/html[1]/body[1]/app-root[1]/div[@class="d-flex flex-column ng-star-inserted"]/div[@class="menuShow"]/div[@class="w-100 d-flex flex-column"]/div[@class="w-auto"]/app-new-lead[@class="ng-star-inserted"]/div[@class="d-flex flex-column w-100"]/div[@class="headerContent"]/button[@class="saveButton"]'.

2022-04-13 12:01:27 - [MESSAGE][PASSED] - Scroll to object 'Object Repository/Create Lead/button_Welcome, Julio Uzctegui_saveButton' successfully

2022-04-13 12:01:27 - [TEST_STEP][PASSED] - click(findTestObject("Object Repository/Create Lead/button_Welcome, Julio Uzctegui_saveButton")): Object: 'Object Repository/Create Lead/button_Welcome, Julio Uzctegui_saveButton' is clicked on

2022-04-13 12:01:58 - [MESSAGE][INFO] - Unable to find the element located by 'By.xpath: //button[2]'. Please recheck the objects properties to make sure the desired element is located. 

2022-04-13 12:01:58 - [MESSAGE][WARNING] - [SELF-HEALING] Failed to find element with id 'Object Repository/Create Lead/button_Welcome, Julio Uzctegui_saveButton'. Try using Self-healing.

2022-04-13 12:01:58 - [MESSAGE][WARNING] - [SELF-HEALING] The current locator of test object 'Object Repository/Create Lead/button_Welcome, Julio Uzctegui_saveButton' was broken. Propose an alternative one: '/html[1]/body[1]/app-root[1]/div[@class="d-flex flex-column ng-star-inserted"]/div[@class="menuShow"]/div[@class="w-100 d-flex flex-column"]/div[@class="w-auto"]/app-new-lead[@class="ng-star-inserted"]/div[@class="d-flex flex-column w-100"]/div[@class="headerContent"]/button[@class="saveButton"]'.

2022-04-13 12:01:58 - [MESSAGE][PASSED] - Object: 'Object Repository/Create Lead/button_Welcome, Julio Uzctegui_saveButton' is clicked on

2022-04-13 12:01:58 - [TEST_STEP][PASSED] - delay(2, STOP_ON_FAILURE): Delayed 2 second(s)

2022-04-13 12:02:00 - [MESSAGE][PASSED] - Delayed 2 second(s)]]></system-out>
         <system-err><![CDATA[]]></system-err>
      </testcase>
      <system-out><![CDATA[2022-04-13 12:00:09 - [TEST_SUITE][PASSED] - New Lead: Test Cases/Create Lead - All Fields]]></system-out>
      <system-err><![CDATA[]]></system-err>
   </testsuite>
</testsuites>
