<?xml version="1.0" encoding="UTF-8"?>
<testsuites name="Reject Reasons" time="47.633" tests="1" failures="0" errors="0">
   <testsuite name="Reject Reasons" tests="1" failures="0" errors="0" time="47.633" skipped="0" timestamp="2022-03-29 11:45:37" hostname="juzcategui - juzcategui" id="Test Suites/Reject Reasons">
      <properties>
         <property name="deviceName" value=""/>
         <property name="devicePlatform" value=""/>
         <property name="logFolder" value="/home/juzcategui/git/DIMS/Reports/20220329_114534/Reject Reasons/20220329_114534"/>
         <property name="logFiles" value="/home/juzcategui/git/DIMS/Reports/20220329_114534/Reject Reasons/20220329_114534/execution0.log"/>
         <property name="attachments" value=""/>
         <property name="hostName" value="juzcategui - juzcategui"/>
         <property name="os" value="Linux 64bit"/>
         <property name="katalonVersion" value="8.2.5.208"/>
         <property name="browser" value="Chrome 98.0.4758.102"/>
         <property name="hostAddress" value="192.168.250.10"/>
         <property name="sessionId" value="f49fc996b2c080eec493cec6f9c5fcd0"/>
         <property name="seleniumVersion" value="3.141.59"/>
         <property name="proxyInformation" value="ProxyInformation { proxyOption=NO_PROXY, proxyServerType=HTTP, username=, password=********, proxyServerAddress=, proxyServerPort=0, executionList=&quot;&quot;, isApplyToDesiredCapabilities=true }"/>
         <property name="platform" value="Linux"/>
      </properties>
      <testcase name="Test Cases/Delete Reject Reason" time="47.091" classname="Test Cases/Delete Reject Reason" status="PASSED">
         <system-out><![CDATA[2022-03-29 11:45:38 - [TEST_CASE][PASSED] - Test Cases/Delete Reject Reason: Test Cases/Delete Reject Reason

2022-03-29 11:45:38 - [TEST_STEP][PASSED] - openBrowser(""): Browser is opened with url: ''

2022-03-29 11:45:39 - [MESSAGE][INFO] - Starting 'Chrome' driver

2022-03-29 11:45:39 - [MESSAGE][INFO] - Action delay is set to 0 milliseconds

2022-03-29 11:45:40 - [MESSAGE][PASSED] - Browser is opened with url: ''

2022-03-29 11:45:40 - [TEST_STEP][PASSED] - navigateToUrl("http://35.237.24.127:8081/dims-app/#/home"): Navigate to 'http://35.237.24.127:8081/dims-app/#/home' successfully

2022-03-29 11:46:14 - [MESSAGE][PASSED] - Navigate to 'http://35.237.24.127:8081/dims-app/#/home' successfully

2022-03-29 11:46:14 - [TEST_STEP][PASSED] - setText(findTestObject("Object Repository/Reject reasons/Page_Debt IMS/input_Username_form-control w-75 ng-untouch_2a886e"), username): Text 'SUPER_USER7' is set on object 'Object Repository/Reject reasons/Page_Debt IMS/input_Username_form-control w-75 ng-untouch_2a886e'

2022-03-29 11:46:15 - [MESSAGE][PASSED] - Text 'SUPER_USER7' is set on object 'Object Repository/Reject reasons/Page_Debt IMS/input_Username_form-control w-75 ng-untouch_2a886e'

2022-03-29 11:46:15 - [TEST_STEP][PASSED] - setText(findTestObject("Object Repository/Reject reasons/Page_Debt IMS/input_Password_form-control w-75 ng-untouch_173c6b"), pass): Text 'Abcd1234**' is set on object 'Object Repository/Reject reasons/Page_Debt IMS/input_Password_form-control w-75 ng-untouch_173c6b'

2022-03-29 11:46:16 - [MESSAGE][PASSED] - Text 'Abcd1234**' is set on object 'Object Repository/Reject reasons/Page_Debt IMS/input_Password_form-control w-75 ng-untouch_173c6b'

2022-03-29 11:46:16 - [TEST_STEP][PASSED] - click(findTestObject("Object Repository/Reject reasons/Page_Debt IMS/button_Login"), STOP_ON_FAILURE): Object: 'Object Repository/Reject reasons/Page_Debt IMS/button_Login' is clicked on

2022-03-29 11:46:19 - [MESSAGE][PASSED] - Object: 'Object Repository/Reject reasons/Page_Debt IMS/button_Login' is clicked on

2022-03-29 11:46:19 - [TEST_STEP][PASSED] - click(findTestObject("Object Repository/Reject reasons/Page_Debt IMS/strong_Maintenance Tools")): Object: 'Object Repository/Reject reasons/Page_Debt IMS/strong_Maintenance Tools' is clicked on

2022-03-29 11:46:20 - [MESSAGE][PASSED] - Object: 'Object Repository/Reject reasons/Page_Debt IMS/strong_Maintenance Tools' is clicked on

2022-03-29 11:46:20 - [TEST_STEP][PASSED] - click(findTestObject("Object Repository/Reject reasons/Page_Debt IMS/span_Reject Reasons")): Object: 'Object Repository/Reject reasons/Page_Debt IMS/span_Reject Reasons' is clicked on

2022-03-29 11:46:20 - [MESSAGE][PASSED] - Object: 'Object Repository/Reject reasons/Page_Debt IMS/span_Reject Reasons' is clicked on

2022-03-29 11:46:20 - [TEST_STEP][PASSED] - setText(findTestObject("Reject reasons/EDIT/Page_Debt IMS/input_Reject Reasons_search"), "money"): Text 'money' is set on object 'Object Repository/Reject reasons/EDIT/Page_Debt IMS/input_Reject Reasons_search'

2022-03-29 11:46:23 - [MESSAGE][PASSED] - Text 'money' is set on object 'Object Repository/Reject reasons/EDIT/Page_Debt IMS/input_Reject Reasons_search'

2022-03-29 11:46:23 - [TEST_STEP][PASSED] - click(findTestObject("Reject reasons/delete/Page_Debt IMS/td_No money modified")): Object: 'Object Repository/Reject reasons/delete/Page_Debt IMS/td_No money modified' is clicked on

2022-03-29 11:46:24 - [MESSAGE][PASSED] - Object: 'Object Repository/Reject reasons/delete/Page_Debt IMS/td_No money modified' is clicked on

2022-03-29 11:46:24 - [TEST_STEP][PASSED] - click(findTestObject("Reject reasons/delete/Page_Debt IMS/button_Welcome, Julio Uzctegui_deleteButton")): Object: 'Object Repository/Reject reasons/delete/Page_Debt IMS/button_Welcome, Julio Uzctegui_deleteButton' is clicked on

2022-03-29 11:46:24 - [MESSAGE][PASSED] - Object: 'Object Repository/Reject reasons/delete/Page_Debt IMS/button_Welcome, Julio Uzctegui_deleteButton' is clicked on

2022-03-29 11:46:24 - [TEST_STEP][PASSED] - click(findTestObject("Reject reasons/delete/Page_Debt IMS/button_Accept")): Object: 'Object Repository/Reject reasons/delete/Page_Debt IMS/button_Accept' is clicked on

2022-03-29 11:46:25 - [MESSAGE][PASSED] - Object: 'Object Repository/Reject reasons/delete/Page_Debt IMS/button_Accept' is clicked on]]></system-out>
         <system-err><![CDATA[]]></system-err>
      </testcase>
      <system-out><![CDATA[2022-03-29 11:45:37 - [TEST_SUITE][PASSED] - Reject Reasons: Test Cases/Delete Reject Reason]]></system-out>
      <system-err><![CDATA[]]></system-err>
   </testsuite>
</testsuites>
