<?xml version="1.0" encoding="UTF-8"?>
<testsuites name="My Worklist" time="25.68" tests="1" failures="0" errors="0">
   <testsuite name="My Worklist" tests="1" failures="0" errors="0" time="25.68" skipped="0" timestamp="2022-05-19 14:42:24" hostname="juzcategui - juzcategui" id="Test Suites/My Worklist">
      <properties>
         <property name="deviceName" value=""/>
         <property name="devicePlatform" value=""/>
         <property name="logFolder" value="/home/juzcategui/git/DIMS/Reports/20220519_144218/My Worklist/20220519_144218"/>
         <property name="logFiles" value="/home/juzcategui/git/DIMS/Reports/20220519_144218/My Worklist/20220519_144218/execution0.log"/>
         <property name="attachments" value="/home/juzcategui/git/DIMS/Reports/20220519_144218/My Worklist/20220519_144218/1652985769314.png"/>
         <property name="hostName" value="juzcategui - juzcategui"/>
         <property name="os" value="Linux 64bit"/>
         <property name="katalonVersion" value="8.2.5.208"/>
         <property name="browser" value="Chrome 100.0.4896.75"/>
         <property name="hostAddress" value="192.168.12.57"/>
         <property name="sessionId" value="58fe16f4577326bcc6598ffeeb2e8ca2"/>
         <property name="seleniumVersion" value="3.141.59"/>
         <property name="proxyInformation" value="ProxyInformation { proxyOption=NO_PROXY, proxyServerType=HTTP, username=, password=********, proxyServerAddress=, proxyServerPort=0, executionList=&quot;&quot;, isApplyToDesiredCapabilities=true }"/>
         <property name="platform" value="Linux"/>
      </properties>
      <testcase name="Test Cases/Create Lead to applicant" time="25.04" classname="Test Cases/Create Lead to applicant" status="PASSED">
         <system-out><![CDATA[2022-05-19 14:42:25 - [TEST_CASE][PASSED] - Test Cases/Create Lead to applicant: Test Cases/Create Lead to applicant

2022-05-19 14:42:25 - [TEST_STEP][PASSED] - openBrowser(""): Browser is opened with url: ''

2022-05-19 14:42:26 - [MESSAGE][INFO] - Starting 'Chrome' driver

2022-05-19 14:42:26 - [MESSAGE][INFO] - Action delay is set to 0 milliseconds

2022-05-19 14:42:28 - [MESSAGE][PASSED] - Browser is opened with url: ''

2022-05-19 14:42:28 - [TEST_STEP][PASSED] - navigateToUrl("http://35.237.24.127:8081/dims-app/#/home"): Navigate to 'http://35.237.24.127:8081/dims-app/#/home' successfully

2022-05-19 14:42:31 - [MESSAGE][PASSED] - Navigate to 'http://35.237.24.127:8081/dims-app/#/home' successfully

2022-05-19 14:42:31 - [TEST_STEP][PASSED] - setText(findTestObject("Object Repository/Create Lead/input_Username_form-control w-75 ng-untouch_2a886e"), username): Text 'SUPER_USER7' is set on object 'Object Repository/Create Lead/input_Username_form-control w-75 ng-untouch_2a886e'

2022-05-19 14:42:32 - [MESSAGE][PASSED] - Text 'SUPER_USER7' is set on object 'Object Repository/Create Lead/input_Username_form-control w-75 ng-untouch_2a886e'

2022-05-19 14:42:32 - [TEST_STEP][PASSED] - setText(findTestObject("Object Repository/Create Lead/input_Password_form-control w-75 ng-untouch_173c6b"), pass): Text 'Abcd1234**' is set on object 'Object Repository/Create Lead/input_Password_form-control w-75 ng-untouch_173c6b'

2022-05-19 14:42:33 - [MESSAGE][PASSED] - Text 'Abcd1234**' is set on object 'Object Repository/Create Lead/input_Password_form-control w-75 ng-untouch_173c6b'

2022-05-19 14:42:33 - [TEST_STEP][PASSED] - click(findTestObject("Object Repository/Create Lead/button_Login")): Object: 'Object Repository/Create Lead/button_Login' is clicked on

2022-05-19 14:42:33 - [MESSAGE][PASSED] - Object: 'Object Repository/Create Lead/button_Login' is clicked on

2022-05-19 14:42:33 - [TEST_STEP][PASSED] - click(findTestObject("Object Repository/Create Lead/strong_My Tools")): Object: 'Object Repository/Create Lead/strong_My Tools' is clicked on

2022-05-19 14:42:36 - [MESSAGE][PASSED] - Object: 'Object Repository/Create Lead/strong_My Tools' is clicked on

2022-05-19 14:42:36 - [TEST_STEP][PASSED] - click(findTestObject("Object Repository/Create Lead/span_New Lead")): Object: 'Object Repository/Create Lead/span_New Lead' is clicked on

2022-05-19 14:42:37 - [MESSAGE][PASSED] - Object: 'Object Repository/Create Lead/span_New Lead' is clicked on

2022-05-19 14:42:37 - [TEST_STEP][PASSED] - selectOptionByValue(findTestObject("Object Repository/Create Lead/select_Select OneAdvertising-Stop My Payday_d308cb"), "3", true): All options with value '3' are selected in object 'Object Repository/Create Lead/select_Select OneAdvertising-Stop My Payday_d308cb'  using regular expression

2022-05-19 14:42:38 - [MESSAGE][PASSED] - All options with value '3' are selected in object 'Object Repository/Create Lead/select_Select OneAdvertising-Stop My Payday_d308cb'  using regular expression

2022-05-19 14:42:38 - [TEST_STEP][PASSED] - selectOptionByValue(findTestObject("Object Repository/Create Lead/select_Select OneHFG 2020HFG NONEHFG PAYDAY_f27ab0"), "1", true): All options with value '1' are selected in object 'Object Repository/Create Lead/select_Select OneHFG 2020HFG NONEHFG PAYDAY_f27ab0'  using regular expression

2022-05-19 14:42:40 - [MESSAGE][PASSED] - All options with value '1' are selected in object 'Object Repository/Create Lead/select_Select OneHFG 2020HFG NONEHFG PAYDAY_f27ab0'  using regular expression

2022-05-19 14:42:40 - [TEST_STEP][PASSED] - setText(findTestObject("Create Lead/input_First Name"), firstname): Text 'dixon' is set on object 'Object Repository/Create Lead/input_First Name'

2022-05-19 14:42:40 - [MESSAGE][PASSED] - Text 'dixon' is set on object 'Object Repository/Create Lead/input_First Name'

2022-05-19 14:42:40 - [TEST_STEP][PASSED] - setText(findTestObject("Create Lead/input_Last Name"), lastname): Text 'gonzales' is set on object 'Object Repository/Create Lead/input_Last Name'

2022-05-19 14:42:41 - [MESSAGE][PASSED] - Text 'gonzales' is set on object 'Object Repository/Create Lead/input_Last Name'

2022-05-19 14:42:41 - [TEST_STEP][PASSED] - selectOptionByValue(findTestObject("Object Repository/Create Lead/select_Select OneUS Armed Forces EuropeAlas_fd93bc"), "2: 2", true): All options with value '2: 2' are selected in object 'Object Repository/Create Lead/select_Select OneUS Armed Forces EuropeAlas_fd93bc'  using regular expression

2022-05-19 14:42:43 - [MESSAGE][PASSED] - All options with value '2: 2' are selected in object 'Object Repository/Create Lead/select_Select OneUS Armed Forces EuropeAlas_fd93bc'  using regular expression

2022-05-19 14:42:43 - [TEST_STEP][PASSED] - setText(findTestObject("Create Lead/input_Zip"), zip): Text '1010' is set on object 'Object Repository/Create Lead/input_Zip'

2022-05-19 14:42:44 - [MESSAGE][PASSED] - Text '1010' is set on object 'Object Repository/Create Lead/input_Zip'

2022-05-19 14:42:44 - [TEST_STEP][PASSED] - setText(findTestObject("Object Repository/Create Lead/input_Home Phone_form-control shadow-none n_1c6889"), homephone): Text '2129909090' is set on object 'Object Repository/Create Lead/input_Home Phone_form-control shadow-none n_1c6889'

2022-05-19 14:42:45 - [MESSAGE][PASSED] - Text '2129909090' is set on object 'Object Repository/Create Lead/input_Home Phone_form-control shadow-none n_1c6889'

2022-05-19 14:42:45 - [TEST_STEP][PASSED] - setText(findTestObject("Create Lead/input_Email_form-control shadow-none ng-untouched ng-pristine ng-invalid"), email): Text 'dixon@gmail.com' is set on object 'Object Repository/Create Lead/input_Email_form-control shadow-none ng-untouched ng-pristine ng-invalid'

2022-05-19 14:42:45 - [MESSAGE][PASSED] - Text 'dixon@gmail.com' is set on object 'Object Repository/Create Lead/input_Email_form-control shadow-none ng-untouched ng-pristine ng-invalid'

2022-05-19 14:42:45 - [TEST_STEP][PASSED] - delay(2, STOP_ON_FAILURE): Delayed 2 second(s)

2022-05-19 14:42:47 - [MESSAGE][PASSED] - Delayed 2 second(s)

2022-05-19 14:42:47 - [TEST_STEP][PASSED] - click(findTestObject("Object Repository/Create Lead/button_Welcome, Julio Uzctegui_saveButton")): Object: 'Object Repository/Create Lead/button_Welcome, Julio Uzctegui_saveButton' is clicked on

2022-05-19 14:42:48 - [MESSAGE][PASSED] - Object: 'Object Repository/Create Lead/button_Welcome, Julio Uzctegui_saveButton' is clicked on

2022-05-19 14:42:48 - [TEST_STEP][PASSED] - delay(1, STOP_ON_FAILURE): Delayed 1 second(s)

2022-05-19 14:42:49 - [MESSAGE][PASSED] - Delayed 1 second(s)

2022-05-19 14:42:49 - [TEST_STEP][PASSED] - takeFullPageScreenshot(): Taking screenshot successfully

2022-05-19 14:42:49 - [MESSAGE][INFO] - 0 hidden object(s)

2022-05-19 14:42:50 - [MESSAGE][PASSED] - Taking screenshot successfully
[[ATTACHMENT|/home/juzcategui/git/DIMS/Reports/20220519_144218/My Worklist/20220519_144218/1652985769314.png]]]]></system-out>
         <system-err><![CDATA[]]></system-err>
      </testcase>
      <system-out><![CDATA[2022-05-19 14:42:24 - [TEST_SUITE][PASSED] - My Worklist: Test Cases/Create Lead to applicant]]></system-out>
      <system-err><![CDATA[]]></system-err>
   </testsuite>
</testsuites>
