<?xml version="1.0" encoding="UTF-8"?>
<testsuites name="File Status" time="155.378" tests="2" failures="0" errors="0">
   <testsuite name="File Status" tests="2" failures="0" errors="0" time="155.378" skipped="0" timestamp="2022-07-20 14:25:07" hostname="juzcategui - juzcategui" id="Test Suites/File Status">
      <properties>
         <property name="deviceName" value=""/>
         <property name="devicePlatform" value=""/>
         <property name="logFolder" value="/home/juzcategui/git/DIMS/Reports/20220720_142504/File Status/20220720_142504"/>
         <property name="logFiles" value="/home/juzcategui/git/DIMS/Reports/20220720_142504/File Status/20220720_142504/execution0.log"/>
         <property name="attachments" value="/home/juzcategui/git/DIMS/Reports/20220720_142504/File Status/20220720_142504/1658341581211.png, /home/juzcategui/git/DIMS/Reports/20220720_142504/File Status/20220720_142504/1658341661944.png"/>
         <property name="hostName" value="juzcategui - juzcategui"/>
         <property name="os" value="Linux 64bit"/>
         <property name="katalonVersion" value="8.2.5.208"/>
         <property name="browser" value="Chrome 102.0.5005.115"/>
         <property name="hostAddress" value="192.168.12.200"/>
         <property name="sessionId" value="ec7d202640c9bb592805e8f56df0e9e5"/>
         <property name="seleniumVersion" value="3.141.59"/>
         <property name="proxyInformation" value="ProxyInformation { proxyOption=NO_PROXY, proxyServerType=HTTP, username=, password=********, proxyServerAddress=, proxyServerPort=0, executionList=&quot;&quot;, isApplyToDesiredCapabilities=true }"/>
         <property name="platform" value="Linux"/>
      </properties>
      <testcase name="Test Cases/Edit File Status" time="74.193" classname="Test Cases/Edit File Status" status="PASSED">
         <system-out><![CDATA[2022-07-20 14:25:07 - [TEST_CASE][PASSED] - Test Cases/Edit File Status: Test Cases/Edit File Status

2022-07-20 14:25:08 - [TEST_STEP][PASSED] - openBrowser(""): Browser is opened with url: ''

2022-07-20 14:25:08 - [MESSAGE][INFO] - Starting 'Chrome' driver

2022-07-20 14:25:08 - [MESSAGE][INFO] - Action delay is set to 0 milliseconds

2022-07-20 14:25:10 - [MESSAGE][PASSED] - Browser is opened with url: ''

2022-07-20 14:25:10 - [TEST_STEP][PASSED] - navigateToUrl("http://35.237.24.127:8081/dims-app/#/home"): Navigate to 'http://35.237.24.127:8081/dims-app/#/home' successfully

2022-07-20 14:26:04 - [MESSAGE][PASSED] - Navigate to 'http://35.237.24.127:8081/dims-app/#/home' successfully

2022-07-20 14:26:04 - [TEST_STEP][PASSED] - setText(findTestObject("Object Repository/Create Lead/Page_Debt IMS/input_Username_form-control w-75 ng-untouch_2a886e"), username): Text 'SUPER_USER7' is set on object 'Object Repository/Create Lead/Page_Debt IMS/input_Username_form-control w-75 ng-untouch_2a886e'

2022-07-20 14:26:04 - [MESSAGE][PASSED] - Text 'SUPER_USER7' is set on object 'Object Repository/Create Lead/Page_Debt IMS/input_Username_form-control w-75 ng-untouch_2a886e'

2022-07-20 14:26:04 - [TEST_STEP][PASSED] - setText(findTestObject("Object Repository/Create Lead/Page_Debt IMS/input_Password_form-control w-75 ng-untouch_173c6b"), pass): Text 'Abcd1234**' is set on object 'Object Repository/Create Lead/Page_Debt IMS/input_Password_form-control w-75 ng-untouch_173c6b'

2022-07-20 14:26:05 - [MESSAGE][PASSED] - Text 'Abcd1234**' is set on object 'Object Repository/Create Lead/Page_Debt IMS/input_Password_form-control w-75 ng-untouch_173c6b'

2022-07-20 14:26:05 - [TEST_STEP][PASSED] - click(findTestObject("Object Repository/Create Lead/Page_Debt IMS/button_Login")): Object: 'Object Repository/Create Lead/Page_Debt IMS/button_Login' is clicked on

2022-07-20 14:26:08 - [MESSAGE][PASSED] - Object: 'Object Repository/Create Lead/Page_Debt IMS/button_Login' is clicked on

2022-07-20 14:26:08 - [TEST_STEP][PASSED] - click(findTestObject("File status/Add file status/strong_Document Tools")): Object: 'Object Repository/File status/Add file status/strong_Document Tools' is clicked on

2022-07-20 14:26:14 - [MESSAGE][PASSED] - Object: 'Object Repository/File status/Add file status/strong_Document Tools' is clicked on

2022-07-20 14:26:14 - [TEST_STEP][PASSED] - click(findTestObject("File status/Add file status/span_File Status")): Object: 'Object Repository/File status/Add file status/span_File Status' is clicked on

2022-07-20 14:26:15 - [MESSAGE][PASSED] - Object: 'Object Repository/File status/Add file status/span_File Status' is clicked on

2022-07-20 14:26:15 - [TEST_STEP][PASSED] - setText(findTestObject("File status/Edit file status/input_File to search"), name): Text 'Test aut' is set on object 'Object Repository/File status/Edit file status/input_File to search'

2022-07-20 14:26:16 - [MESSAGE][PASSED] - Text 'Test aut' is set on object 'Object Repository/File status/Edit file status/input_File to search'

2022-07-20 14:26:16 - [TEST_STEP][PASSED] - click(findTestObject("File status/Edit file status/button_Workflow_editButton")): Object: 'Object Repository/File status/Edit file status/button_Workflow_editButton' is clicked on

2022-07-20 14:26:17 - [MESSAGE][PASSED] - Object: 'Object Repository/File status/Edit file status/button_Workflow_editButton' is clicked on

2022-07-20 14:26:17 - [TEST_STEP][PASSED] - setText(findTestObject("File status/Edit file status/input_File Status to edit"), namemodify): Text 'Test aut modificado' is set on object 'Object Repository/File status/Edit file status/input_File Status to edit'

2022-07-20 14:26:18 - [MESSAGE][PASSED] - Text 'Test aut modificado' is set on object 'Object Repository/File status/Edit file status/input_File Status to edit'

2022-07-20 14:26:18 - [TEST_STEP][PASSED] - selectOptionByValue(findTestObject("File status/Edit file status/select_YesNo"), "true", false): All options with value 'true' are selected in object 'Object Repository/File status/Edit file status/select_YesNo' 

2022-07-20 14:26:19 - [MESSAGE][PASSED] - All options with value 'true' are selected in object 'Object Repository/File status/Edit file status/select_YesNo' 

2022-07-20 14:26:19 - [TEST_STEP][PASSED] - click(findTestObject("File status/Edit file status/button_Welcome, Julio Uzctegui_saveButton")): Object: 'Object Repository/File status/Edit file status/button_Welcome, Julio Uzctegui_saveButton' is clicked on

2022-07-20 14:26:19 - [MESSAGE][PASSED] - Object: 'Object Repository/File status/Edit file status/button_Welcome, Julio Uzctegui_saveButton' is clicked on

2022-07-20 14:26:19 - [TEST_STEP][PASSED] - click(findTestObject("File status/Edit file status/button_Accept")): Object: 'Object Repository/File status/Edit file status/button_Accept' is clicked on

2022-07-20 14:26:20 - [MESSAGE][PASSED] - Object: 'Object Repository/File status/Edit file status/button_Accept' is clicked on

2022-07-20 14:26:20 - [TEST_STEP][PASSED] - delay(1, STOP_ON_FAILURE): Delayed 1 second(s)

2022-07-20 14:26:21 - [MESSAGE][PASSED] - Delayed 1 second(s)

2022-07-20 14:26:21 - [TEST_STEP][PASSED] - takeFullPageScreenshot(): Taking screenshot successfully

2022-07-20 14:26:21 - [MESSAGE][INFO] - 0 hidden object(s)

2022-07-20 14:26:22 - [MESSAGE][PASSED] - Taking screenshot successfully
[[ATTACHMENT|/home/juzcategui/git/DIMS/Reports/20220720_142504/File Status/20220720_142504/1658341581211.png]]]]></system-out>
         <system-err><![CDATA[]]></system-err>
      </testcase>
      <testcase name="Test Cases/Delete File Status" time="80.597" classname="Test Cases/Delete File Status" status="PASSED">
         <system-out><![CDATA[2022-07-20 14:26:22 - [TEST_CASE][PASSED] - Test Cases/Delete File Status: Test Cases/Delete File Status

2022-07-20 14:26:22 - [TEST_STEP][PASSED] - openBrowser(""): Browser is opened with url: ''

2022-07-20 14:26:22 - [MESSAGE][WARNING] - A browser is already opened. Closing browser and opening a new one

2022-07-20 14:26:22 - [MESSAGE][INFO] - Starting 'Chrome' driver

2022-07-20 14:26:22 - [MESSAGE][INFO] - Action delay is set to 0 milliseconds

2022-07-20 14:26:23 - [MESSAGE][PASSED] - Browser is opened with url: ''

2022-07-20 14:26:23 - [TEST_STEP][PASSED] - navigateToUrl("http://35.237.24.127:8081/dims-app/#/home"): Navigate to 'http://35.237.24.127:8081/dims-app/#/home' successfully

2022-07-20 14:27:31 - [MESSAGE][PASSED] - Navigate to 'http://35.237.24.127:8081/dims-app/#/home' successfully

2022-07-20 14:27:31 - [TEST_STEP][PASSED] - setText(findTestObject("Object Repository/Create Lead/Page_Debt IMS/input_Username_form-control w-75 ng-untouch_2a886e"), username): Text 'SUPER_USER7' is set on object 'Object Repository/Create Lead/Page_Debt IMS/input_Username_form-control w-75 ng-untouch_2a886e'

2022-07-20 14:27:32 - [MESSAGE][PASSED] - Text 'SUPER_USER7' is set on object 'Object Repository/Create Lead/Page_Debt IMS/input_Username_form-control w-75 ng-untouch_2a886e'

2022-07-20 14:27:32 - [TEST_STEP][PASSED] - setText(findTestObject("Object Repository/Create Lead/Page_Debt IMS/input_Password_form-control w-75 ng-untouch_173c6b"), pass): Text 'Abcd1234**' is set on object 'Object Repository/Create Lead/Page_Debt IMS/input_Password_form-control w-75 ng-untouch_173c6b'

2022-07-20 14:27:33 - [MESSAGE][PASSED] - Text 'Abcd1234**' is set on object 'Object Repository/Create Lead/Page_Debt IMS/input_Password_form-control w-75 ng-untouch_173c6b'

2022-07-20 14:27:33 - [TEST_STEP][PASSED] - click(findTestObject("Object Repository/Create Lead/Page_Debt IMS/button_Login")): Object: 'Object Repository/Create Lead/Page_Debt IMS/button_Login' is clicked on

2022-07-20 14:27:33 - [MESSAGE][PASSED] - Object: 'Object Repository/Create Lead/Page_Debt IMS/button_Login' is clicked on

2022-07-20 14:27:33 - [TEST_STEP][PASSED] - click(findTestObject("File status/Add file status/strong_Document Tools")): Object: 'Object Repository/File status/Add file status/strong_Document Tools' is clicked on

2022-07-20 14:27:37 - [MESSAGE][PASSED] - Object: 'Object Repository/File status/Add file status/strong_Document Tools' is clicked on

2022-07-20 14:27:37 - [TEST_STEP][PASSED] - click(findTestObject("File status/Add file status/span_File Status")): Object: 'Object Repository/File status/Add file status/span_File Status' is clicked on

2022-07-20 14:27:37 - [MESSAGE][PASSED] - Object: 'Object Repository/File status/Add file status/span_File Status' is clicked on

2022-07-20 14:27:37 - [TEST_STEP][PASSED] - setText(findTestObject("File status/Edit file status/input_File to search"), namemodify): Text 'Test aut modificado' is set on object 'Object Repository/File status/Edit file status/input_File to search'

2022-07-20 14:27:38 - [MESSAGE][PASSED] - Text 'Test aut modificado' is set on object 'Object Repository/File status/Edit file status/input_File to search'

2022-07-20 14:27:38 - [TEST_STEP][PASSED] - click(findTestObject("File status/Delete file status/td_Workflow_tdEditButton"), STOP_ON_FAILURE): Object: 'Object Repository/File status/Delete file status/td_Workflow_tdEditButton' is clicked on

2022-07-20 14:27:39 - [MESSAGE][PASSED] - Object: 'Object Repository/File status/Delete file status/td_Workflow_tdEditButton' is clicked on

2022-07-20 14:27:39 - [TEST_STEP][PASSED] - click(findTestObject("File status/Delete file status/button_Welcome, Julio Uzctegui_deleteButton"), STOP_ON_FAILURE): Object: 'Object Repository/File status/Delete file status/button_Welcome, Julio Uzctegui_deleteButton' is clicked on

2022-07-20 14:27:40 - [MESSAGE][PASSED] - Object: 'Object Repository/File status/Delete file status/button_Welcome, Julio Uzctegui_deleteButton' is clicked on

2022-07-20 14:27:40 - [TEST_STEP][PASSED] - click(findTestObject("File status/Delete file status/button_Accept"), STOP_ON_FAILURE): Object: 'Object Repository/File status/Delete file status/button_Accept' is clicked on

2022-07-20 14:27:40 - [MESSAGE][PASSED] - Object: 'Object Repository/File status/Delete file status/button_Accept' is clicked on

2022-07-20 14:27:40 - [TEST_STEP][PASSED] - delay(1, STOP_ON_FAILURE): Delayed 1 second(s)

2022-07-20 14:27:41 - [MESSAGE][PASSED] - Delayed 1 second(s)

2022-07-20 14:27:41 - [TEST_STEP][PASSED] - takeFullPageScreenshot(): Taking screenshot successfully

2022-07-20 14:27:42 - [MESSAGE][INFO] - 0 hidden object(s)

2022-07-20 14:27:42 - [MESSAGE][PASSED] - Taking screenshot successfully
[[ATTACHMENT|/home/juzcategui/git/DIMS/Reports/20220720_142504/File Status/20220720_142504/1658341661944.png]]]]></system-out>
         <system-err><![CDATA[]]></system-err>
      </testcase>
      <system-out><![CDATA[2022-07-20 14:25:07 - [TEST_SUITE][PASSED] - File Status: Test Cases/Delete File Status]]></system-out>
      <system-err><![CDATA[]]></system-err>
   </testsuite>
</testsuites>
