<?xml version="1.0" encoding="UTF-8"?>
<testsuites name="Email Templates" time="81.873" tests="3" failures="0" errors="0">
   <testsuite name="Email Templates" tests="3" failures="0" errors="0" time="81.873" skipped="0" timestamp="2022-03-31 11:38:12" hostname="juzcategui - juzcategui" id="Test Suites/Email Templates">
      <properties>
         <property name="deviceName" value=""/>
         <property name="devicePlatform" value=""/>
         <property name="logFolder" value="/home/juzcategui/git/DIMS/Reports/20220331_113807/Email Templates/20220331_113807"/>
         <property name="logFiles" value="/home/juzcategui/git/DIMS/Reports/20220331_113807/Email Templates/20220331_113807/execution0.log"/>
         <property name="attachments" value=""/>
         <property name="hostName" value="juzcategui - juzcategui"/>
         <property name="os" value="Linux 64bit"/>
         <property name="katalonVersion" value="8.2.5.208"/>
         <property name="browser" value="Chrome 98.0.4758.102"/>
         <property name="hostAddress" value="192.168.12.44"/>
         <property name="sessionId" value="3ba19a4508208261329274bb63cf43f2"/>
         <property name="seleniumVersion" value="3.141.59"/>
         <property name="proxyInformation" value="ProxyInformation { proxyOption=NO_PROXY, proxyServerType=HTTP, username=, password=********, proxyServerAddress=, proxyServerPort=0, executionList=&quot;&quot;, isApplyToDesiredCapabilities=true }"/>
         <property name="platform" value="Linux"/>
      </properties>
      <testcase name="Test Cases/Add Email Templates" time="20.904" classname="Test Cases/Add Email Templates" status="PASSED">
         <system-out><![CDATA[2022-03-31 11:38:12 - [TEST_CASE][PASSED] - Test Cases/Add Email Templates: Test Cases/Add Email Templates

2022-03-31 11:38:13 - [TEST_STEP][PASSED] - openBrowser(""): Browser is opened with url: ''

2022-03-31 11:38:14 - [MESSAGE][INFO] - Starting 'Chrome' driver

2022-03-31 11:38:14 - [MESSAGE][INFO] - Action delay is set to 0 milliseconds

2022-03-31 11:38:16 - [MESSAGE][PASSED] - Browser is opened with url: ''

2022-03-31 11:38:16 - [TEST_STEP][PASSED] - navigateToUrl("http://35.237.24.127:8081/dims-app/#/home"): Navigate to 'http://35.237.24.127:8081/dims-app/#/home' successfully

2022-03-31 11:38:20 - [MESSAGE][PASSED] - Navigate to 'http://35.237.24.127:8081/dims-app/#/home' successfully

2022-03-31 11:38:20 - [TEST_STEP][PASSED] - setText(findTestObject("Object Repository/Email Templates/Page_Debt IMS/input_Username_form-control w-75 ng-untouch_2a886e"), username): Text 'SUPER_USER7' is set on object 'Object Repository/Email Templates/Page_Debt IMS/input_Username_form-control w-75 ng-untouch_2a886e'

2022-03-31 11:38:21 - [MESSAGE][PASSED] - Text 'SUPER_USER7' is set on object 'Object Repository/Email Templates/Page_Debt IMS/input_Username_form-control w-75 ng-untouch_2a886e'

2022-03-31 11:38:21 - [TEST_STEP][PASSED] - setText(findTestObject("Object Repository/Email Templates/Page_Debt IMS/input_Password_form-control w-75 ng-untouch_173c6b"), pass): Text 'Abcd1234**' is set on object 'Object Repository/Email Templates/Page_Debt IMS/input_Password_form-control w-75 ng-untouch_173c6b'

2022-03-31 11:38:22 - [MESSAGE][PASSED] - Text 'Abcd1234**' is set on object 'Object Repository/Email Templates/Page_Debt IMS/input_Password_form-control w-75 ng-untouch_173c6b'

2022-03-31 11:38:22 - [TEST_STEP][PASSED] - click(findTestObject("Object Repository/Email Templates/Page_Debt IMS/button_Login")): Object: 'Object Repository/Email Templates/Page_Debt IMS/button_Login' is clicked on

2022-03-31 11:38:25 - [MESSAGE][PASSED] - Object: 'Object Repository/Email Templates/Page_Debt IMS/button_Login' is clicked on

2022-03-31 11:38:25 - [TEST_STEP][PASSED] - click(findTestObject("Object Repository/Email Templates/Page_Debt IMS/strong_Maintenance Tools")): Object: 'Object Repository/Email Templates/Page_Debt IMS/strong_Maintenance Tools' is clicked on

2022-03-31 11:38:25 - [MESSAGE][PASSED] - Object: 'Object Repository/Email Templates/Page_Debt IMS/strong_Maintenance Tools' is clicked on

2022-03-31 11:38:25 - [TEST_STEP][PASSED] - click(findTestObject("Object Repository/Email Templates/Page_Debt IMS/span_Email Templates")): Object: 'Object Repository/Email Templates/Page_Debt IMS/span_Email Templates' is clicked on

2022-03-31 11:38:26 - [MESSAGE][PASSED] - Object: 'Object Repository/Email Templates/Page_Debt IMS/span_Email Templates' is clicked on

2022-03-31 11:38:26 - [TEST_STEP][PASSED] - click(findTestObject("Object Repository/Email Templates/Page_Debt IMS/button_Welcome, Julio Uzctegui_addButton")): Object: 'Object Repository/Email Templates/Page_Debt IMS/button_Welcome, Julio Uzctegui_addButton' is clicked on

2022-03-31 11:38:27 - [MESSAGE][PASSED] - Object: 'Object Repository/Email Templates/Page_Debt IMS/button_Welcome, Julio Uzctegui_addButton' is clicked on

2022-03-31 11:38:27 - [TEST_STEP][PASSED] - selectOptionByValue(findTestObject("Object Repository/Email Templates/Page_Debt IMS/select_Select OneDebt - ImsConsumer Capital_ea227b"), "1", true): All options with value '1' are selected in object 'Object Repository/Email Templates/Page_Debt IMS/select_Select OneDebt - ImsConsumer Capital_ea227b'  using regular expression

2022-03-31 11:38:28 - [MESSAGE][PASSED] - All options with value '1' are selected in object 'Object Repository/Email Templates/Page_Debt IMS/select_Select OneDebt - ImsConsumer Capital_ea227b'  using regular expression

2022-03-31 11:38:28 - [TEST_STEP][PASSED] - selectOptionByValue(findTestObject("Object Repository/Email Templates/Page_Debt IMS/select_Select OneHFG 2020HFG NONEHFG PAYDAY_b8a107"), "1", true): All options with value '1' are selected in object 'Object Repository/Email Templates/Page_Debt IMS/select_Select OneHFG 2020HFG NONEHFG PAYDAY_b8a107'  using regular expression

2022-03-31 11:38:29 - [MESSAGE][PASSED] - All options with value '1' are selected in object 'Object Repository/Email Templates/Page_Debt IMS/select_Select OneHFG 2020HFG NONEHFG PAYDAY_b8a107'  using regular expression

2022-03-31 11:38:29 - [TEST_STEP][PASSED] - setText(findTestObject("Email Templates/Page_Debt IMS/input_Email Template Name"), templatename): Text 'test aut' is set on object 'Object Repository/Email Templates/Page_Debt IMS/input_Email Template Name'

2022-03-31 11:38:30 - [MESSAGE][PASSED] - Text 'test aut' is set on object 'Object Repository/Email Templates/Page_Debt IMS/input_Email Template Name'

2022-03-31 11:38:30 - [TEST_STEP][PASSED] - setText(findTestObject("Email Templates/Page_Debt IMS/input_Subject_"), subject): Text 'test' is set on object 'Object Repository/Email Templates/Page_Debt IMS/input_Subject_'

2022-03-31 11:38:31 - [MESSAGE][PASSED] - Text 'test' is set on object 'Object Repository/Email Templates/Page_Debt IMS/input_Subject_'

2022-03-31 11:38:31 - [TEST_STEP][PASSED] - setText(findTestObject("Email Templates/Page_Debt IMS/div_Test cuerpo mensaje"), body): Text 'body messagge' is set on object 'Object Repository/Email Templates/Page_Debt IMS/div_Test cuerpo mensaje'

2022-03-31 11:38:32 - [MESSAGE][PASSED] - Text 'body messagge' is set on object 'Object Repository/Email Templates/Page_Debt IMS/div_Test cuerpo mensaje'

2022-03-31 11:38:32 - [TEST_STEP][PASSED] - scrollToElement(findTestObject("Email Templates/Page_Debt IMS/button_Welcome, Julio Uzctegui_saveButton add"), 0): Scroll to object 'Object Repository/Email Templates/Page_Debt IMS/button_Welcome, Julio Uzctegui_saveButton add' successfully

2022-03-31 11:38:32 - [MESSAGE][WARNING] - Timeout '0' is invalid. Using default page load timeout: '30'

2022-03-31 11:38:33 - [MESSAGE][PASSED] - Scroll to object 'Object Repository/Email Templates/Page_Debt IMS/button_Welcome, Julio Uzctegui_saveButton add' successfully

2022-03-31 11:38:33 - [TEST_STEP][PASSED] - click(findTestObject("Email Templates/Page_Debt IMS/button_Welcome, Julio Uzctegui_saveButton add")): Object: 'Object Repository/Email Templates/Page_Debt IMS/button_Welcome, Julio Uzctegui_saveButton add' is clicked on

2022-03-31 11:38:33 - [MESSAGE][PASSED] - Object: 'Object Repository/Email Templates/Page_Debt IMS/button_Welcome, Julio Uzctegui_saveButton add' is clicked on

2022-03-31 11:38:33 - [TEST_STEP][PASSED] - closeBrowser(): Browser is closed

2022-03-31 11:38:33 - [MESSAGE][PASSED] - Browser is closed]]></system-out>
         <system-err><![CDATA[]]></system-err>
      </testcase>
      <testcase name="Test Cases/Edit Email Templates" time="17.343" classname="Test Cases/Edit Email Templates" status="PASSED">
         <system-out><![CDATA[2022-03-31 11:38:33 - [TEST_CASE][PASSED] - Test Cases/Edit Email Templates: Test Cases/Edit Email Templates

2022-03-31 11:38:34 - [TEST_STEP][PASSED] - openBrowser(""): Browser is opened with url: ''

2022-03-31 11:38:34 - [MESSAGE][INFO] - Starting 'Chrome' driver

2022-03-31 11:38:34 - [MESSAGE][INFO] - Action delay is set to 0 milliseconds

2022-03-31 11:38:35 - [MESSAGE][PASSED] - Browser is opened with url: ''

2022-03-31 11:38:35 - [TEST_STEP][PASSED] - navigateToUrl("http://35.237.24.127:8081/dims-app/#/home"): Navigate to 'http://35.237.24.127:8081/dims-app/#/home' successfully

2022-03-31 11:38:37 - [MESSAGE][PASSED] - Navigate to 'http://35.237.24.127:8081/dims-app/#/home' successfully

2022-03-31 11:38:37 - [TEST_STEP][PASSED] - setText(findTestObject("Object Repository/Email Templates/Page_Debt IMS/input_Username_form-control w-75 ng-untouch_2a886e"), username): Text 'SUPER_USER7' is set on object 'Object Repository/Email Templates/Page_Debt IMS/input_Username_form-control w-75 ng-untouch_2a886e'

2022-03-31 11:38:38 - [MESSAGE][PASSED] - Text 'SUPER_USER7' is set on object 'Object Repository/Email Templates/Page_Debt IMS/input_Username_form-control w-75 ng-untouch_2a886e'

2022-03-31 11:38:38 - [TEST_STEP][PASSED] - setText(findTestObject("Object Repository/Email Templates/Page_Debt IMS/input_Password_form-control w-75 ng-untouch_173c6b"), pass): Text 'Abcd1234**' is set on object 'Object Repository/Email Templates/Page_Debt IMS/input_Password_form-control w-75 ng-untouch_173c6b'

2022-03-31 11:38:39 - [MESSAGE][PASSED] - Text 'Abcd1234**' is set on object 'Object Repository/Email Templates/Page_Debt IMS/input_Password_form-control w-75 ng-untouch_173c6b'

2022-03-31 11:38:39 - [TEST_STEP][PASSED] - click(findTestObject("Object Repository/Email Templates/Page_Debt IMS/button_Login")): Object: 'Object Repository/Email Templates/Page_Debt IMS/button_Login' is clicked on

2022-03-31 11:38:41 - [MESSAGE][PASSED] - Object: 'Object Repository/Email Templates/Page_Debt IMS/button_Login' is clicked on

2022-03-31 11:38:41 - [TEST_STEP][PASSED] - click(findTestObject("Object Repository/Email Templates/Page_Debt IMS/strong_Maintenance Tools")): Object: 'Object Repository/Email Templates/Page_Debt IMS/strong_Maintenance Tools' is clicked on

2022-03-31 11:38:42 - [MESSAGE][PASSED] - Object: 'Object Repository/Email Templates/Page_Debt IMS/strong_Maintenance Tools' is clicked on

2022-03-31 11:38:42 - [TEST_STEP][PASSED] - click(findTestObject("Object Repository/Email Templates/Page_Debt IMS/span_Email Templates")): Object: 'Object Repository/Email Templates/Page_Debt IMS/span_Email Templates' is clicked on

2022-03-31 11:38:43 - [MESSAGE][PASSED] - Object: 'Object Repository/Email Templates/Page_Debt IMS/span_Email Templates' is clicked on

2022-03-31 11:38:43 - [TEST_STEP][PASSED] - setText(findTestObject("Email Templates/Page_Debt IMS/input_Email to search"), "test aut"): Text 'test aut' is set on object 'Object Repository/Email Templates/Page_Debt IMS/input_Email to search'

2022-03-31 11:38:44 - [MESSAGE][PASSED] - Text 'test aut' is set on object 'Object Repository/Email Templates/Page_Debt IMS/input_Email to search'

2022-03-31 11:38:44 - [TEST_STEP][PASSED] - click(findTestObject("Email Templates/Page_Debt IMS/button_Available In Client Letters_editButton")): Object: 'Object Repository/Email Templates/Page_Debt IMS/button_Available In Client Letters_editButton' is clicked on

2022-03-31 11:38:45 - [MESSAGE][PASSED] - Object: 'Object Repository/Email Templates/Page_Debt IMS/button_Available In Client Letters_editButton' is clicked on

2022-03-31 11:38:45 - [TEST_STEP][PASSED] - setText(findTestObject("Email Templates/Page_Debt IMS/input_Email Template Name"), templatename): Text 'Test aut modify' is set on object 'Object Repository/Email Templates/Page_Debt IMS/input_Email Template Name'

2022-03-31 11:38:46 - [MESSAGE][PASSED] - Text 'Test aut modify' is set on object 'Object Repository/Email Templates/Page_Debt IMS/input_Email Template Name'

2022-03-31 11:38:46 - [TEST_STEP][PASSED] - setText(findTestObject("Email Templates/Page_Debt IMS/input_Subject_"), subject): Text 'test modifify' is set on object 'Object Repository/Email Templates/Page_Debt IMS/input_Subject_'

2022-03-31 11:38:47 - [MESSAGE][PASSED] - Text 'test modifify' is set on object 'Object Repository/Email Templates/Page_Debt IMS/input_Subject_'

2022-03-31 11:38:47 - [TEST_STEP][PASSED] - setText(findTestObject("Email Templates/Page_Debt IMS/div_Test cuerpo mensaje"), body): Text 'body messagge modify' is set on object 'Object Repository/Email Templates/Page_Debt IMS/div_Test cuerpo mensaje'

2022-03-31 11:38:49 - [MESSAGE][PASSED] - Text 'body messagge modify' is set on object 'Object Repository/Email Templates/Page_Debt IMS/div_Test cuerpo mensaje'

2022-03-31 11:38:49 - [TEST_STEP][PASSED] - scrollToElement(findTestObject("Email Templates/Page_Debt IMS/button_Welcome, Julio Uzctegui_saveButton edit"), 0): Scroll to object 'Object Repository/Email Templates/Page_Debt IMS/button_Welcome, Julio Uzctegui_saveButton edit' successfully

2022-03-31 11:38:49 - [MESSAGE][WARNING] - Timeout '0' is invalid. Using default page load timeout: '30'

2022-03-31 11:38:49 - [MESSAGE][PASSED] - Scroll to object 'Object Repository/Email Templates/Page_Debt IMS/button_Welcome, Julio Uzctegui_saveButton edit' successfully

2022-03-31 11:38:49 - [TEST_STEP][PASSED] - click(findTestObject("Email Templates/Page_Debt IMS/button_Welcome, Julio Uzctegui_saveButton edit")): Object: 'Object Repository/Email Templates/Page_Debt IMS/button_Welcome, Julio Uzctegui_saveButton edit' is clicked on

2022-03-31 11:38:49 - [MESSAGE][PASSED] - Object: 'Object Repository/Email Templates/Page_Debt IMS/button_Welcome, Julio Uzctegui_saveButton edit' is clicked on

2022-03-31 11:38:49 - [TEST_STEP][PASSED] - click(findTestObject("Email Templates/Page_Debt IMS/button_Accept edit")): Object: 'Object Repository/Email Templates/Page_Debt IMS/button_Accept edit' is clicked on

2022-03-31 11:38:51 - [MESSAGE][PASSED] - Object: 'Object Repository/Email Templates/Page_Debt IMS/button_Accept edit' is clicked on

2022-03-31 11:38:51 - [TEST_STEP][PASSED] - closeBrowser(): Browser is closed

2022-03-31 11:38:51 - [MESSAGE][PASSED] - Browser is closed]]></system-out>
         <system-err><![CDATA[]]></system-err>
      </testcase>
      <testcase name="Test Cases/Delete Email Templates" time="42.752" classname="Test Cases/Delete Email Templates" status="PASSED">
         <system-out><![CDATA[2022-03-31 11:38:51 - [TEST_CASE][PASSED] - Test Cases/Delete Email Templates: Test Cases/Delete Email Templates

2022-03-31 11:38:51 - [TEST_STEP][PASSED] - openBrowser(""): Browser is opened with url: ''

2022-03-31 11:38:51 - [MESSAGE][INFO] - Starting 'Chrome' driver

2022-03-31 11:38:51 - [MESSAGE][INFO] - Action delay is set to 0 milliseconds

2022-03-31 11:38:52 - [MESSAGE][PASSED] - Browser is opened with url: ''

2022-03-31 11:38:52 - [TEST_STEP][PASSED] - navigateToUrl("http://35.237.24.127:8081/dims-app/#/home"): Navigate to 'http://35.237.24.127:8081/dims-app/#/home' successfully

2022-03-31 11:38:55 - [MESSAGE][PASSED] - Navigate to 'http://35.237.24.127:8081/dims-app/#/home' successfully

2022-03-31 11:38:55 - [TEST_STEP][PASSED] - setText(findTestObject("Object Repository/Email Templates/Page_Debt IMS/input_Username_form-control w-75 ng-untouch_2a886e"), username): Text 'SUPER_USER7' is set on object 'Object Repository/Email Templates/Page_Debt IMS/input_Username_form-control w-75 ng-untouch_2a886e'

2022-03-31 11:38:55 - [MESSAGE][PASSED] - Text 'SUPER_USER7' is set on object 'Object Repository/Email Templates/Page_Debt IMS/input_Username_form-control w-75 ng-untouch_2a886e'

2022-03-31 11:38:55 - [TEST_STEP][PASSED] - setText(findTestObject("Object Repository/Email Templates/Page_Debt IMS/input_Password_form-control w-75 ng-untouch_173c6b"), pass): Text 'Abcd1234**' is set on object 'Object Repository/Email Templates/Page_Debt IMS/input_Password_form-control w-75 ng-untouch_173c6b'

2022-03-31 11:38:56 - [MESSAGE][PASSED] - Text 'Abcd1234**' is set on object 'Object Repository/Email Templates/Page_Debt IMS/input_Password_form-control w-75 ng-untouch_173c6b'

2022-03-31 11:38:56 - [TEST_STEP][PASSED] - click(findTestObject("Object Repository/Email Templates/Page_Debt IMS/button_Login")): Object: 'Object Repository/Email Templates/Page_Debt IMS/button_Login' is clicked on

2022-03-31 11:38:58 - [MESSAGE][PASSED] - Object: 'Object Repository/Email Templates/Page_Debt IMS/button_Login' is clicked on

2022-03-31 11:38:58 - [TEST_STEP][PASSED] - click(findTestObject("Object Repository/Email Templates/Page_Debt IMS/strong_Maintenance Tools")): Object: 'Object Repository/Email Templates/Page_Debt IMS/strong_Maintenance Tools' is clicked on

2022-03-31 11:38:59 - [MESSAGE][PASSED] - Object: 'Object Repository/Email Templates/Page_Debt IMS/strong_Maintenance Tools' is clicked on

2022-03-31 11:38:59 - [TEST_STEP][PASSED] - click(findTestObject("Object Repository/Email Templates/Page_Debt IMS/span_Email Templates")): Object: 'Object Repository/Email Templates/Page_Debt IMS/span_Email Templates' is clicked on

2022-03-31 11:39:00 - [MESSAGE][PASSED] - Object: 'Object Repository/Email Templates/Page_Debt IMS/span_Email Templates' is clicked on

2022-03-31 11:39:00 - [TEST_STEP][PASSED] - setText(findTestObject("Email Templates/Page_Debt IMS/input_Email to search"), "test aut"): Text 'test aut' is set on object 'Object Repository/Email Templates/Page_Debt IMS/input_Email to search'

2022-03-31 11:39:01 - [MESSAGE][PASSED] - Text 'test aut' is set on object 'Object Repository/Email Templates/Page_Debt IMS/input_Email to search'

2022-03-31 11:39:01 - [TEST_STEP][PASSED] - click(findTestObject("Email Templates/Page_Debt IMS/td_Asunto test choose to delete")): Object: 'Object Repository/Email Templates/Page_Debt IMS/td_Asunto test choose to delete' is clicked on

2022-03-31 11:39:32 - [MESSAGE][INFO] - Unable to find the element located by 'By.xpath: id("pr_id_1-table")/tbody[@class="p-element p-datatable-tbody"]/tr[@class="p-element p-selectable-row ng-star-inserted"]/td[3][count(. | //td[(text() = 'test  modifify
' or . = 'test  modifify
')]) = count(//td[(text() = 'test  modifify
' or . = 'test  modifify
')])]'. Please recheck the objects properties to make sure the desired element is located. 

2022-03-31 11:39:32 - [MESSAGE][WARNING] - [SELF-HEALING] Failed to find element with id 'Object Repository/Email Templates/Page_Debt IMS/td_Asunto test choose to delete'. Try using Self-healing.

2022-03-31 11:39:32 - [MESSAGE][WARNING] - [SELF-HEALING] The current locator of test object 'Object Repository/Email Templates/Page_Debt IMS/td_Asunto test choose to delete' was broken. Propose an alternative one: '//table[@id='pr_id_1-table']/tbody/tr/td[3]'.

2022-03-31 11:39:32 - [MESSAGE][PASSED] - Object: 'Object Repository/Email Templates/Page_Debt IMS/td_Asunto test choose to delete' is clicked on

2022-03-31 11:39:32 - [TEST_STEP][PASSED] - click(findTestObject("Email Templates/Page_Debt IMS/button_Welcome, Julio Uzctegui_deleteButton")): Object: 'Object Repository/Email Templates/Page_Debt IMS/button_Welcome, Julio Uzctegui_deleteButton' is clicked on

2022-03-31 11:39:33 - [MESSAGE][PASSED] - Object: 'Object Repository/Email Templates/Page_Debt IMS/button_Welcome, Julio Uzctegui_deleteButton' is clicked on

2022-03-31 11:39:33 - [TEST_STEP][PASSED] - click(findTestObject("Email Templates/Page_Debt IMS/button_Accept to delete")): Object: 'Object Repository/Email Templates/Page_Debt IMS/button_Accept to delete' is clicked on

2022-03-31 11:39:33 - [MESSAGE][PASSED] - Object: 'Object Repository/Email Templates/Page_Debt IMS/button_Accept to delete' is clicked on

2022-03-31 11:39:33 - [TEST_STEP][PASSED] - closeBrowser(): Browser is closed

2022-03-31 11:39:34 - [MESSAGE][PASSED] - Browser is closed]]></system-out>
         <system-err><![CDATA[]]></system-err>
      </testcase>
      <system-out><![CDATA[2022-03-31 11:38:12 - [TEST_SUITE][PASSED] - Email Templates: Test Cases/Delete Email Templates]]></system-out>
      <system-err><![CDATA[]]></system-err>
   </testsuite>
</testsuites>
