<?xml version="1.0" encoding="UTF-8"?>
<testsuites name="Competitors" time="64.073" tests="2" failures="2" errors="0">
   <testsuite name="Competitors" tests="2" failures="2" errors="0" time="64.073" skipped="0" timestamp="2022-05-12 10:35:43" hostname="juzcategui - juzcategui" id="Test Suites/Competitors">
      <properties>
         <property name="deviceName" value=""/>
         <property name="devicePlatform" value=""/>
         <property name="logFolder" value="/home/juzcategui/git/DIMS/Reports/20220512_103539/Competitors/20220512_103539"/>
         <property name="logFiles" value="/home/juzcategui/git/DIMS/Reports/20220512_103539/Competitors/20220512_103539/execution0.log"/>
         <property name="attachments" value=""/>
         <property name="hostName" value="juzcategui - juzcategui"/>
         <property name="os" value="Linux 64bit"/>
         <property name="katalonVersion" value="8.2.5.208"/>
         <property name="browser" value="Chrome 100.0.4896.75"/>
         <property name="hostAddress" value="192.168.12.200"/>
         <property name="sessionId" value="eda0bb1e7a442cef275dc306def34833"/>
         <property name="seleniumVersion" value="3.141.59"/>
         <property name="proxyInformation" value="ProxyInformation { proxyOption=NO_PROXY, proxyServerType=HTTP, username=, password=********, proxyServerAddress=, proxyServerPort=0, executionList=&quot;&quot;, isApplyToDesiredCapabilities=true }"/>
         <property name="platform" value="Linux"/>
      </properties>
      <testcase name="Test Cases/Edit Competitor" time="60.323" classname="Test Cases/Edit Competitor" status="FAILED">
         <failure type="FAILED" message="Test Cases/Edit Competitor FAILED.
Reason:
com.kms.katalon.core.exception.StepFailedException: Unable to set text 'SUPER_USER7' of object 'Object Repository/Create Lead/Page_Debt IMS/input_Username_form-control w-75 ng-untouch_2a886e'
	at com.kms.katalon.core.webui.keyword.internal.WebUIKeywordMain.stepFailed(WebUIKeywordMain.groovy:64)
	at com.kms.katalon.core.webui.keyword.internal.WebUIKeywordMain.runKeyword(WebUIKeywordMain.groovy:26)
	at com.kms.katalon.core.webui.keyword.builtin.SetTextKeyword.setText(SetTextKeyword.groovy:66)
	at com.kms.katalon.core.webui.keyword.builtin.SetTextKeyword.execute(SetTextKeyword.groovy:37)
	at com.kms.katalon.core.keyword.internal.KeywordExecutor.executeKeywordForPlatform(KeywordExecutor.groovy:74)
	at com.kms.katalon.core.webui.keyword.WebUiBuiltInKeywords.setText(WebUiBuiltInKeywords.groovy:980)
	at com.kms.katalon.core.webui.keyword.WebUiBuiltInKeywords$setText$1.call(Unknown Source)
	at Edit Competitor.run(Edit Competitor:24)
	at com.kms.katalon.core.main.ScriptEngine.run(ScriptEngine.java:194)
	at com.kms.katalon.core.main.ScriptEngine.runScriptAsRawText(ScriptEngine.java:119)
	at com.kms.katalon.core.main.TestCaseExecutor.runScript(TestCaseExecutor.java:442)
	at com.kms.katalon.core.main.TestCaseExecutor.doExecute(TestCaseExecutor.java:433)
	at com.kms.katalon.core.main.TestCaseExecutor.processExecutionPhase(TestCaseExecutor.java:412)
	at com.kms.katalon.core.main.TestCaseExecutor.accessMainPhase(TestCaseExecutor.java:404)
	at com.kms.katalon.core.main.TestCaseExecutor.execute(TestCaseExecutor.java:281)
	at com.kms.katalon.core.main.TestSuiteExecutor.accessTestCaseMainPhase(TestSuiteExecutor.java:202)
	at com.kms.katalon.core.main.TestSuiteExecutor.accessTestSuiteMainPhase(TestSuiteExecutor.java:164)
	at com.kms.katalon.core.main.TestSuiteExecutor.execute(TestSuiteExecutor.java:105)
	at com.kms.katalon.core.main.TestCaseMain.startTestSuite(TestCaseMain.java:185)
	at com.kms.katalon.core.main.TestCaseMain$startTestSuite$0.call(Unknown Source)
	at TempTestSuite1652366139469.run(TempTestSuite1652366139469.groovy:36)
Caused by: org.openqa.selenium.WebDriverException: chrome not reachable
  (Session info: chrome=100.0.4896.75)
Build info: version: '3.141.59', revision: 'e82be7d358', time: '2018-11-14T08:25:53'
System info: host: 'juzcategui', ip: '192.168.12.200', os.name: 'Linux', os.arch: 'amd64', os.version: '5.13.0-39-generic', java.version: '1.8.0_312'
Driver info: com.kms.katalon.selenium.driver.CChromeDriver
Capabilities {acceptInsecureCerts: false, browserName: chrome, browserVersion: 100.0.4896.75, chrome: {chromedriverVersion: 100.0.4896.60 (6a5d10861ce8..., userDataDir: /tmp/.com.google.Chrome.X1CC1t}, goog:chromeOptions: {debuggerAddress: localhost:35097}, javascriptEnabled: true, networkConnectionEnabled: false, pageLoadStrategy: normal, platform: LINUX, platformName: LINUX, proxy: Proxy(), setWindowRect: true, strictFileInteractability: false, timeouts: {implicit: 0, pageLoad: 300000, script: 30000}, unhandledPromptBehavior: dismiss and notify, webauthn:extension:credBlob: true, webauthn:extension:largeBlob: true, webauthn:virtualAuthenticators: true}
Session ID: 67f3daa094676e14f11da72a041b4f6c
*** Element info: {Using=xpath, value=//input[@type='text']}
	at org.openqa.selenium.remote.http.W3CHttpResponseCodec.createException(W3CHttpResponseCodec.java:187)
	at org.openqa.selenium.remote.http.W3CHttpResponseCodec.decode(W3CHttpResponseCodec.java:122)
	at org.openqa.selenium.remote.http.W3CHttpResponseCodec.decode(W3CHttpResponseCodec.java:49)
	at org.openqa.selenium.remote.HttpCommandExecutor.execute(HttpCommandExecutor.java:158)
	at org.openqa.selenium.remote.service.DriverCommandExecutor.execute(DriverCommandExecutor.java:83)
	at org.openqa.selenium.remote.RemoteWebDriver.execute(RemoteWebDriver.java:552)
	at com.kms.katalon.selenium.driver.CChromeDriver.execute(CChromeDriver.java:19)
	at org.openqa.selenium.remote.RemoteWebDriver.findElements(RemoteWebDriver.java:353)
	at org.openqa.selenium.remote.RemoteWebDriver.findElementsByXPath(RemoteWebDriver.java:432)
	at org.openqa.selenium.By$ByXPath.findElements(By.java:348)
	at org.openqa.selenium.remote.RemoteWebDriver.findElements(RemoteWebDriver.java:311)
	at org.openqa.selenium.support.events.EventFiringWebDriver.lambda$new$1(EventFiringWebDriver.java:105)
	at com.sun.proxy.$Proxy10.findElements(Unknown Source)
	at org.openqa.selenium.support.events.EventFiringWebDriver.findElements(EventFiringWebDriver.java:182)
	at com.kms.katalon.core.webui.common.WebUiCommonHelper.findElementByNormalMethods(WebUiCommonHelper.java:1016)
	at com.kms.katalon.core.webui.common.WebUiCommonHelper.findElementsBySelectedMethod(WebUiCommonHelper.java:911)
	at com.kms.katalon.core.webui.common.WebUiCommonHelper.findElementsBySelectedMethod(WebUiCommonHelper.java:894)
	at com.kms.katalon.core.webui.common.WebUiCommonHelper.findElementsBySelectedMethod(WebUiCommonHelper.java:889)
	at com.kms.katalon.core.webui.common.WebUiCommonHelper.findElementsByDefault(WebUiCommonHelper.java:885)
	at com.kms.katalon.core.webui.common.WebUiCommonHelper.findWebElements(WebUiCommonHelper.java:720)
	at com.kms.katalon.core.webui.common.WebUiCommonHelper.findWebElement(WebUiCommonHelper.java:1365)
	at com.kms.katalon.core.webui.keyword.internal.WebUIAbstractKeyword.findWebElement(WebUIAbstractKeyword.groovy:27)
	at com.kms.katalon.core.webui.keyword.internal.WebUIAbstractKeyword.findWebElement(WebUIAbstractKeyword.groovy:26)
	at com.kms.katalon.core.webui.keyword.builtin.SetTextKeyword$_setText_closure1.doCall(SetTextKeyword.groovy:51)
	at com.kms.katalon.core.webui.keyword.builtin.SetTextKeyword$_setText_closure1.call(SetTextKeyword.groovy)
	at com.kms.katalon.core.webui.keyword.internal.WebUIKeywordMain.runKeyword(WebUIKeywordMain.groovy:20)
	... 19 more
"/>
         <system-out><![CDATA[2022-05-12 10:35:43 - [TEST_CASE][FAILED] - Test Cases/Edit Competitor: Test Cases/Edit Competitor FAILED.
Reason:
com.kms.katalon.core.exception.StepFailedException: Unable to set text 'SUPER_USER7' of object 'Object Repository/Create Lead/Page_Debt IMS/input_Username_form-control w-75 ng-untouch_2a886e'
	at com.kms.katalon.core.webui.keyword.internal.WebUIKeywordMain.stepFailed(WebUIKeywordMain.groovy:64)
	at com.kms.katalon.core.webui.keyword.internal.WebUIKeywordMain.runKeyword(WebUIKeywordMain.groovy:26)
	at com.kms.katalon.core.webui.keyword.builtin.SetTextKeyword.setText(SetTextKeyword.groovy:66)
	at com.kms.katalon.core.webui.keyword.builtin.SetTextKeyword.execute(SetTextKeyword.groovy:37)
	at com.kms.katalon.core.keyword.internal.KeywordExecutor.executeKeywordForPlatform(KeywordExecutor.groovy:74)
	at com.kms.katalon.core.webui.keyword.WebUiBuiltInKeywords.setText(WebUiBuiltInKeywords.groovy:980)
	at com.kms.katalon.core.webui.keyword.WebUiBuiltInKeywords$setText$1.call(Unknown Source)
	at Edit Competitor.run(Edit Competitor:24)
	at com.kms.katalon.core.main.ScriptEngine.run(ScriptEngine.java:194)
	at com.kms.katalon.core.main.ScriptEngine.runScriptAsRawText(ScriptEngine.java:119)
	at com.kms.katalon.core.main.TestCaseExecutor.runScript(TestCaseExecutor.java:442)
	at com.kms.katalon.core.main.TestCaseExecutor.doExecute(TestCaseExecutor.java:433)
	at com.kms.katalon.core.main.TestCaseExecutor.processExecutionPhase(TestCaseExecutor.java:412)
	at com.kms.katalon.core.main.TestCaseExecutor.accessMainPhase(TestCaseExecutor.java:404)
	at com.kms.katalon.core.main.TestCaseExecutor.execute(TestCaseExecutor.java:281)
	at com.kms.katalon.core.main.TestSuiteExecutor.accessTestCaseMainPhase(TestSuiteExecutor.java:202)
	at com.kms.katalon.core.main.TestSuiteExecutor.accessTestSuiteMainPhase(TestSuiteExecutor.java:164)
	at com.kms.katalon.core.main.TestSuiteExecutor.execute(TestSuiteExecutor.java:105)
	at com.kms.katalon.core.main.TestCaseMain.startTestSuite(TestCaseMain.java:185)
	at com.kms.katalon.core.main.TestCaseMain$startTestSuite$0.call(Unknown Source)
	at TempTestSuite1652366139469.run(TempTestSuite1652366139469.groovy:36)
Caused by: org.openqa.selenium.WebDriverException: chrome not reachable
  (Session info: chrome=100.0.4896.75)
Build info: version: '3.141.59', revision: 'e82be7d358', time: '2018-11-14T08:25:53'
System info: host: 'juzcategui', ip: '192.168.12.200', os.name: 'Linux', os.arch: 'amd64', os.version: '5.13.0-39-generic', java.version: '1.8.0_312'
Driver info: com.kms.katalon.selenium.driver.CChromeDriver
Capabilities {acceptInsecureCerts: false, browserName: chrome, browserVersion: 100.0.4896.75, chrome: {chromedriverVersion: 100.0.4896.60 (6a5d10861ce8..., userDataDir: /tmp/.com.google.Chrome.X1CC1t}, goog:chromeOptions: {debuggerAddress: localhost:35097}, javascriptEnabled: true, networkConnectionEnabled: false, pageLoadStrategy: normal, platform: LINUX, platformName: LINUX, proxy: Proxy(), setWindowRect: true, strictFileInteractability: false, timeouts: {implicit: 0, pageLoad: 300000, script: 30000}, unhandledPromptBehavior: dismiss and notify, webauthn:extension:credBlob: true, webauthn:extension:largeBlob: true, webauthn:virtualAuthenticators: true}
Session ID: 67f3daa094676e14f11da72a041b4f6c
*** Element info: {Using=xpath, value=//input[@type='text']}
	at org.openqa.selenium.remote.http.W3CHttpResponseCodec.createException(W3CHttpResponseCodec.java:187)
	at org.openqa.selenium.remote.http.W3CHttpResponseCodec.decode(W3CHttpResponseCodec.java:122)
	at org.openqa.selenium.remote.http.W3CHttpResponseCodec.decode(W3CHttpResponseCodec.java:49)
	at org.openqa.selenium.remote.HttpCommandExecutor.execute(HttpCommandExecutor.java:158)
	at org.openqa.selenium.remote.service.DriverCommandExecutor.execute(DriverCommandExecutor.java:83)
	at org.openqa.selenium.remote.RemoteWebDriver.execute(RemoteWebDriver.java:552)
	at com.kms.katalon.selenium.driver.CChromeDriver.execute(CChromeDriver.java:19)
	at org.openqa.selenium.remote.RemoteWebDriver.findElements(RemoteWebDriver.java:353)
	at org.openqa.selenium.remote.RemoteWebDriver.findElementsByXPath(RemoteWebDriver.java:432)
	at org.openqa.selenium.By$ByXPath.findElements(By.java:348)
	at org.openqa.selenium.remote.RemoteWebDriver.findElements(RemoteWebDriver.java:311)
	at org.openqa.selenium.support.events.EventFiringWebDriver.lambda$new$1(EventFiringWebDriver.java:105)
	at com.sun.proxy.$Proxy10.findElements(Unknown Source)
	at org.openqa.selenium.support.events.EventFiringWebDriver.findElements(EventFiringWebDriver.java:182)
	at com.kms.katalon.core.webui.common.WebUiCommonHelper.findElementByNormalMethods(WebUiCommonHelper.java:1016)
	at com.kms.katalon.core.webui.common.WebUiCommonHelper.findElementsBySelectedMethod(WebUiCommonHelper.java:911)
	at com.kms.katalon.core.webui.common.WebUiCommonHelper.findElementsBySelectedMethod(WebUiCommonHelper.java:894)
	at com.kms.katalon.core.webui.common.WebUiCommonHelper.findElementsBySelectedMethod(WebUiCommonHelper.java:889)
	at com.kms.katalon.core.webui.common.WebUiCommonHelper.findElementsByDefault(WebUiCommonHelper.java:885)
	at com.kms.katalon.core.webui.common.WebUiCommonHelper.findWebElements(WebUiCommonHelper.java:720)
	at com.kms.katalon.core.webui.common.WebUiCommonHelper.findWebElement(WebUiCommonHelper.java:1365)
	at com.kms.katalon.core.webui.keyword.internal.WebUIAbstractKeyword.findWebElement(WebUIAbstractKeyword.groovy:27)
	at com.kms.katalon.core.webui.keyword.internal.WebUIAbstractKeyword.findWebElement(WebUIAbstractKeyword.groovy:26)
	at com.kms.katalon.core.webui.keyword.builtin.SetTextKeyword$_setText_closure1.doCall(SetTextKeyword.groovy:51)
	at com.kms.katalon.core.webui.keyword.builtin.SetTextKeyword$_setText_closure1.call(SetTextKeyword.groovy)
	at com.kms.katalon.core.webui.keyword.internal.WebUIKeywordMain.runKeyword(WebUIKeywordMain.groovy:20)
	... 19 more


2022-05-12 10:35:44 - [TEST_STEP][PASSED] - openBrowser(""): Browser is opened with url: ''

2022-05-12 10:35:44 - [MESSAGE][INFO] - Starting 'Chrome' driver

2022-05-12 10:35:44 - [MESSAGE][INFO] - Action delay is set to 0 milliseconds

2022-05-12 10:35:46 - [MESSAGE][PASSED] - Browser is opened with url: ''

2022-05-12 10:35:46 - [TEST_STEP][PASSED] - navigateToUrl("http://35.237.24.127:8081/dims-app/#/home"): Navigate to 'http://35.237.24.127:8081/dims-app/#/home' successfully

2022-05-12 10:36:30 - [MESSAGE][PASSED] - Navigate to 'http://35.237.24.127:8081/dims-app/#/home' successfully

2022-05-12 10:36:30 - [TEST_STEP][FAILED] - setText(findTestObject("Object Repository/Create Lead/Page_Debt IMS/input_Username_form-control w-75 ng-untouch_2a886e"), username): Unable to set text 'SUPER_USER7' of object 'Object Repository/Create Lead/Page_Debt IMS/input_Username_form-control w-75 ng-untouch_2a886e' (Root cause: com.kms.katalon.core.exception.StepFailedException: Unable to set text 'SUPER_USER7' of object 'Object Repository/Create Lead/Page_Debt IMS/input_Username_form-control w-75 ng-untouch_2a886e'
	at com.kms.katalon.core.webui.keyword.internal.WebUIKeywordMain.stepFailed(WebUIKeywordMain.groovy:64)
	at com.kms.katalon.core.webui.keyword.internal.WebUIKeywordMain.runKeyword(WebUIKeywordMain.groovy:26)
	at com.kms.katalon.core.webui.keyword.builtin.SetTextKeyword.setText(SetTextKeyword.groovy:66)
	at com.kms.katalon.core.webui.keyword.builtin.SetTextKeyword.execute(SetTextKeyword.groovy:37)
	at com.kms.katalon.core.keyword.internal.KeywordExecutor.executeKeywordForPlatform(KeywordExecutor.groovy:74)
	at com.kms.katalon.core.webui.keyword.WebUiBuiltInKeywords.setText(WebUiBuiltInKeywords.groovy:980)
	at com.kms.katalon.core.webui.keyword.WebUiBuiltInKeywords$setText$1.call(Unknown Source)
	at Edit Competitor.run(Edit Competitor:24)
	at com.kms.katalon.core.main.ScriptEngine.run(ScriptEngine.java:194)
	at com.kms.katalon.core.main.ScriptEngine.runScriptAsRawText(ScriptEngine.java:119)
	at com.kms.katalon.core.main.TestCaseExecutor.runScript(TestCaseExecutor.java:442)
	at com.kms.katalon.core.main.TestCaseExecutor.doExecute(TestCaseExecutor.java:433)
	at com.kms.katalon.core.main.TestCaseExecutor.processExecutionPhase(TestCaseExecutor.java:412)
	at com.kms.katalon.core.main.TestCaseExecutor.accessMainPhase(TestCaseExecutor.java:404)
	at com.kms.katalon.core.main.TestCaseExecutor.execute(TestCaseExecutor.java:281)
	at com.kms.katalon.core.main.TestSuiteExecutor.accessTestCaseMainPhase(TestSuiteExecutor.java:202)
	at com.kms.katalon.core.main.TestSuiteExecutor.accessTestSuiteMainPhase(TestSuiteExecutor.java:164)
	at com.kms.katalon.core.main.TestSuiteExecutor.execute(TestSuiteExecutor.java:105)
	at com.kms.katalon.core.main.TestCaseMain.startTestSuite(TestCaseMain.java:185)
	at com.kms.katalon.core.main.TestCaseMain$startTestSuite$0.call(Unknown Source)
	at TempTestSuite1652366139469.run(TempTestSuite1652366139469.groovy:36)
Caused by: org.openqa.selenium.WebDriverException: chrome not reachable
  (Session info: chrome=100.0.4896.75)
Build info: version: '3.141.59', revision: 'e82be7d358', time: '2018-11-14T08:25:53'
System info: host: 'juzcategui', ip: '192.168.12.200', os.name: 'Linux', os.arch: 'amd64', os.version: '5.13.0-39-generic', java.version: '1.8.0_312'
Driver info: com.kms.katalon.selenium.driver.CChromeDriver
Capabilities {acceptInsecureCerts: false, browserName: chrome, browserVersion: 100.0.4896.75, chrome: {chromedriverVersion: 100.0.4896.60 (6a5d10861ce8..., userDataDir: /tmp/.com.google.Chrome.X1CC1t}, goog:chromeOptions: {debuggerAddress: localhost:35097}, javascriptEnabled: true, networkConnectionEnabled: false, pageLoadStrategy: normal, platform: LINUX, platformName: LINUX, proxy: Proxy(), setWindowRect: true, strictFileInteractability: false, timeouts: {implicit: 0, pageLoad: 300000, script: 30000}, unhandledPromptBehavior: dismiss and notify, webauthn:extension:credBlob: true, webauthn:extension:largeBlob: true, webauthn:virtualAuthenticators: true}
Session ID: 67f3daa094676e14f11da72a041b4f6c
*** Element info: {Using=xpath, value=//input[@type='text']}
	at org.openqa.selenium.remote.http.W3CHttpResponseCodec.createException(W3CHttpResponseCodec.java:187)
	at org.openqa.selenium.remote.http.W3CHttpResponseCodec.decode(W3CHttpResponseCodec.java:122)
	at org.openqa.selenium.remote.http.W3CHttpResponseCodec.decode(W3CHttpResponseCodec.java:49)
	at org.openqa.selenium.remote.HttpCommandExecutor.execute(HttpCommandExecutor.java:158)
	at org.openqa.selenium.remote.service.DriverCommandExecutor.execute(DriverCommandExecutor.java:83)
	at org.openqa.selenium.remote.RemoteWebDriver.execute(RemoteWebDriver.java:552)
	at com.kms.katalon.selenium.driver.CChromeDriver.execute(CChromeDriver.java:19)
	at org.openqa.selenium.remote.RemoteWebDriver.findElements(RemoteWebDriver.java:353)
	at org.openqa.selenium.remote.RemoteWebDriver.findElementsByXPath(RemoteWebDriver.java:432)
	at org.openqa.selenium.By$ByXPath.findElements(By.java:348)
	at org.openqa.selenium.remote.RemoteWebDriver.findElements(RemoteWebDriver.java:311)
	at org.openqa.selenium.support.events.EventFiringWebDriver.lambda$new$1(EventFiringWebDriver.java:105)
	at com.sun.proxy.$Proxy10.findElements(Unknown Source)
	at org.openqa.selenium.support.events.EventFiringWebDriver.findElements(EventFiringWebDriver.java:182)
	at com.kms.katalon.core.webui.common.WebUiCommonHelper.findElementByNormalMethods(WebUiCommonHelper.java:1016)
	at com.kms.katalon.core.webui.common.WebUiCommonHelper.findElementsBySelectedMethod(WebUiCommonHelper.java:911)
	at com.kms.katalon.core.webui.common.WebUiCommonHelper.findElementsBySelectedMethod(WebUiCommonHelper.java:894)
	at com.kms.katalon.core.webui.common.WebUiCommonHelper.findElementsBySelectedMethod(WebUiCommonHelper.java:889)
	at com.kms.katalon.core.webui.common.WebUiCommonHelper.findElementsByDefault(WebUiCommonHelper.java:885)
	at com.kms.katalon.core.webui.common.WebUiCommonHelper.findWebElements(WebUiCommonHelper.java:720)
	at com.kms.katalon.core.webui.common.WebUiCommonHelper.findWebElement(WebUiCommonHelper.java:1365)
	at com.kms.katalon.core.webui.keyword.internal.WebUIAbstractKeyword.findWebElement(WebUIAbstractKeyword.groovy:27)
	at com.kms.katalon.core.webui.keyword.internal.WebUIAbstractKeyword.findWebElement(WebUIAbstractKeyword.groovy:26)
	at com.kms.katalon.core.webui.keyword.builtin.SetTextKeyword$_setText_closure1.doCall(SetTextKeyword.groovy:51)
	at com.kms.katalon.core.webui.keyword.builtin.SetTextKeyword$_setText_closure1.call(SetTextKeyword.groovy)
	at com.kms.katalon.core.webui.keyword.internal.WebUIKeywordMain.runKeyword(WebUIKeywordMain.groovy:20)
	at com.kms.katalon.core.webui.keyword.builtin.SetTextKeyword.setText(SetTextKeyword.groovy:66)
	at com.kms.katalon.core.webui.keyword.builtin.SetTextKeyword.execute(SetTextKeyword.groovy:37)
	at com.kms.katalon.core.keyword.internal.KeywordExecutor.executeKeywordForPlatform(KeywordExecutor.groovy:74)
	at com.kms.katalon.core.webui.keyword.WebUiBuiltInKeywords.setText(WebUiBuiltInKeywords.groovy:980)
	at com.kms.katalon.core.webui.keyword.WebUiBuiltInKeywords$setText$1.call(Unknown Source)
	at Script1652363129356.run(Script1652363129356.groovy:24)
	... 13 more
)

2022-05-12 10:36:43 - [MESSAGE][WARNING] - Cannot take screenshot

2022-05-12 10:36:43 - [MESSAGE][FAILED] - Unable to set text 'SUPER_USER7' of object 'Object Repository/Create Lead/Page_Debt IMS/input_Username_form-control w-75 ng-untouch_2a886e' (Root cause: com.kms.katalon.core.exception.StepFailedException: Unable to set text 'SUPER_USER7' of object 'Object Repository/Create Lead/Page_Debt IMS/input_Username_form-control w-75 ng-untouch_2a886e'
	at com.kms.katalon.core.webui.keyword.internal.WebUIKeywordMain.stepFailed(WebUIKeywordMain.groovy:64)
	at com.kms.katalon.core.webui.keyword.internal.WebUIKeywordMain.runKeyword(WebUIKeywordMain.groovy:26)
	at com.kms.katalon.core.webui.keyword.builtin.SetTextKeyword.setText(SetTextKeyword.groovy:66)
	at com.kms.katalon.core.webui.keyword.builtin.SetTextKeyword.execute(SetTextKeyword.groovy:37)
	at com.kms.katalon.core.keyword.internal.KeywordExecutor.executeKeywordForPlatform(KeywordExecutor.groovy:74)
	at com.kms.katalon.core.webui.keyword.WebUiBuiltInKeywords.setText(WebUiBuiltInKeywords.groovy:980)
	at com.kms.katalon.core.webui.keyword.WebUiBuiltInKeywords$setText$1.call(Unknown Source)
	at Edit Competitor.run(Edit Competitor:24)
	at com.kms.katalon.core.main.ScriptEngine.run(ScriptEngine.java:194)
	at com.kms.katalon.core.main.ScriptEngine.runScriptAsRawText(ScriptEngine.java:119)
	at com.kms.katalon.core.main.TestCaseExecutor.runScript(TestCaseExecutor.java:442)
	at com.kms.katalon.core.main.TestCaseExecutor.doExecute(TestCaseExecutor.java:433)
	at com.kms.katalon.core.main.TestCaseExecutor.processExecutionPhase(TestCaseExecutor.java:412)
	at com.kms.katalon.core.main.TestCaseExecutor.accessMainPhase(TestCaseExecutor.java:404)
	at com.kms.katalon.core.main.TestCaseExecutor.execute(TestCaseExecutor.java:281)
	at com.kms.katalon.core.main.TestSuiteExecutor.accessTestCaseMainPhase(TestSuiteExecutor.java:202)
	at com.kms.katalon.core.main.TestSuiteExecutor.accessTestSuiteMainPhase(TestSuiteExecutor.java:164)
	at com.kms.katalon.core.main.TestSuiteExecutor.execute(TestSuiteExecutor.java:105)
	at com.kms.katalon.core.main.TestCaseMain.startTestSuite(TestCaseMain.java:185)
	at com.kms.katalon.core.main.TestCaseMain$startTestSuite$0.call(Unknown Source)
	at TempTestSuite1652366139469.run(TempTestSuite1652366139469.groovy:36)
Caused by: org.openqa.selenium.WebDriverException: chrome not reachable
  (Session info: chrome=100.0.4896.75)
Build info: version: '3.141.59', revision: 'e82be7d358', time: '2018-11-14T08:25:53'
System info: host: 'juzcategui', ip: '192.168.12.200', os.name: 'Linux', os.arch: 'amd64', os.version: '5.13.0-39-generic', java.version: '1.8.0_312'
Driver info: com.kms.katalon.selenium.driver.CChromeDriver
Capabilities {acceptInsecureCerts: false, browserName: chrome, browserVersion: 100.0.4896.75, chrome: {chromedriverVersion: 100.0.4896.60 (6a5d10861ce8..., userDataDir: /tmp/.com.google.Chrome.X1CC1t}, goog:chromeOptions: {debuggerAddress: localhost:35097}, javascriptEnabled: true, networkConnectionEnabled: false, pageLoadStrategy: normal, platform: LINUX, platformName: LINUX, proxy: Proxy(), setWindowRect: true, strictFileInteractability: false, timeouts: {implicit: 0, pageLoad: 300000, script: 30000}, unhandledPromptBehavior: dismiss and notify, webauthn:extension:credBlob: true, webauthn:extension:largeBlob: true, webauthn:virtualAuthenticators: true}
Session ID: 67f3daa094676e14f11da72a041b4f6c
*** Element info: {Using=xpath, value=//input[@type='text']}
	at org.openqa.selenium.remote.http.W3CHttpResponseCodec.createException(W3CHttpResponseCodec.java:187)
	at org.openqa.selenium.remote.http.W3CHttpResponseCodec.decode(W3CHttpResponseCodec.java:122)
	at org.openqa.selenium.remote.http.W3CHttpResponseCodec.decode(W3CHttpResponseCodec.java:49)
	at org.openqa.selenium.remote.HttpCommandExecutor.execute(HttpCommandExecutor.java:158)
	at org.openqa.selenium.remote.service.DriverCommandExecutor.execute(DriverCommandExecutor.java:83)
	at org.openqa.selenium.remote.RemoteWebDriver.execute(RemoteWebDriver.java:552)
	at com.kms.katalon.selenium.driver.CChromeDriver.execute(CChromeDriver.java:19)
	at org.openqa.selenium.remote.RemoteWebDriver.findElements(RemoteWebDriver.java:353)
	at org.openqa.selenium.remote.RemoteWebDriver.findElementsByXPath(RemoteWebDriver.java:432)
	at org.openqa.selenium.By$ByXPath.findElements(By.java:348)
	at org.openqa.selenium.remote.RemoteWebDriver.findElements(RemoteWebDriver.java:311)
	at org.openqa.selenium.support.events.EventFiringWebDriver.lambda$new$1(EventFiringWebDriver.java:105)
	at com.sun.proxy.$Proxy10.findElements(Unknown Source)
	at org.openqa.selenium.support.events.EventFiringWebDriver.findElements(EventFiringWebDriver.java:182)
	at com.kms.katalon.core.webui.common.WebUiCommonHelper.findElementByNormalMethods(WebUiCommonHelper.java:1016)
	at com.kms.katalon.core.webui.common.WebUiCommonHelper.findElementsBySelectedMethod(WebUiCommonHelper.java:911)
	at com.kms.katalon.core.webui.common.WebUiCommonHelper.findElementsBySelectedMethod(WebUiCommonHelper.java:894)
	at com.kms.katalon.core.webui.common.WebUiCommonHelper.findElementsBySelectedMethod(WebUiCommonHelper.java:889)
	at com.kms.katalon.core.webui.common.WebUiCommonHelper.findElementsByDefault(WebUiCommonHelper.java:885)
	at com.kms.katalon.core.webui.common.WebUiCommonHelper.findWebElements(WebUiCommonHelper.java:720)
	at com.kms.katalon.core.webui.common.WebUiCommonHelper.findWebElement(WebUiCommonHelper.java:1365)
	at com.kms.katalon.core.webui.keyword.internal.WebUIAbstractKeyword.findWebElement(WebUIAbstractKeyword.groovy:27)
	at com.kms.katalon.core.webui.keyword.internal.WebUIAbstractKeyword.findWebElement(WebUIAbstractKeyword.groovy:26)
	at com.kms.katalon.core.webui.keyword.builtin.SetTextKeyword$_setText_closure1.doCall(SetTextKeyword.groovy:51)
	at com.kms.katalon.core.webui.keyword.builtin.SetTextKeyword$_setText_closure1.call(SetTextKeyword.groovy)
	at com.kms.katalon.core.webui.keyword.internal.WebUIKeywordMain.runKeyword(WebUIKeywordMain.groovy:20)
	at com.kms.katalon.core.webui.keyword.builtin.SetTextKeyword.setText(SetTextKeyword.groovy:66)
	at com.kms.katalon.core.webui.keyword.builtin.SetTextKeyword.execute(SetTextKeyword.groovy:37)
	at com.kms.katalon.core.keyword.internal.KeywordExecutor.executeKeywordForPlatform(KeywordExecutor.groovy:74)
	at com.kms.katalon.core.webui.keyword.WebUiBuiltInKeywords.setText(WebUiBuiltInKeywords.groovy:980)
	at com.kms.katalon.core.webui.keyword.WebUiBuiltInKeywords$setText$1.call(Unknown Source)
	at Script1652363129356.run(Script1652363129356.groovy:24)
	... 13 more
)]]></system-out>
         <system-err><![CDATA[2022-05-12 10:35:43 - [TEST_CASE][FAILED] - Test Cases/Edit Competitor: Test Cases/Edit Competitor FAILED.
Reason:
com.kms.katalon.core.exception.StepFailedException: Unable to set text 'SUPER_USER7' of object 'Object Repository/Create Lead/Page_Debt IMS/input_Username_form-control w-75 ng-untouch_2a886e'
	at com.kms.katalon.core.webui.keyword.internal.WebUIKeywordMain.stepFailed(WebUIKeywordMain.groovy:64)
	at com.kms.katalon.core.webui.keyword.internal.WebUIKeywordMain.runKeyword(WebUIKeywordMain.groovy:26)
	at com.kms.katalon.core.webui.keyword.builtin.SetTextKeyword.setText(SetTextKeyword.groovy:66)
	at com.kms.katalon.core.webui.keyword.builtin.SetTextKeyword.execute(SetTextKeyword.groovy:37)
	at com.kms.katalon.core.keyword.internal.KeywordExecutor.executeKeywordForPlatform(KeywordExecutor.groovy:74)
	at com.kms.katalon.core.webui.keyword.WebUiBuiltInKeywords.setText(WebUiBuiltInKeywords.groovy:980)
	at com.kms.katalon.core.webui.keyword.WebUiBuiltInKeywords$setText$1.call(Unknown Source)
	at Edit Competitor.run(Edit Competitor:24)
	at com.kms.katalon.core.main.ScriptEngine.run(ScriptEngine.java:194)
	at com.kms.katalon.core.main.ScriptEngine.runScriptAsRawText(ScriptEngine.java:119)
	at com.kms.katalon.core.main.TestCaseExecutor.runScript(TestCaseExecutor.java:442)
	at com.kms.katalon.core.main.TestCaseExecutor.doExecute(TestCaseExecutor.java:433)
	at com.kms.katalon.core.main.TestCaseExecutor.processExecutionPhase(TestCaseExecutor.java:412)
	at com.kms.katalon.core.main.TestCaseExecutor.accessMainPhase(TestCaseExecutor.java:404)
	at com.kms.katalon.core.main.TestCaseExecutor.execute(TestCaseExecutor.java:281)
	at com.kms.katalon.core.main.TestSuiteExecutor.accessTestCaseMainPhase(TestSuiteExecutor.java:202)
	at com.kms.katalon.core.main.TestSuiteExecutor.accessTestSuiteMainPhase(TestSuiteExecutor.java:164)
	at com.kms.katalon.core.main.TestSuiteExecutor.execute(TestSuiteExecutor.java:105)
	at com.kms.katalon.core.main.TestCaseMain.startTestSuite(TestCaseMain.java:185)
	at com.kms.katalon.core.main.TestCaseMain$startTestSuite$0.call(Unknown Source)
	at TempTestSuite1652366139469.run(TempTestSuite1652366139469.groovy:36)
Caused by: org.openqa.selenium.WebDriverException: chrome not reachable
  (Session info: chrome=100.0.4896.75)
Build info: version: '3.141.59', revision: 'e82be7d358', time: '2018-11-14T08:25:53'
System info: host: 'juzcategui', ip: '192.168.12.200', os.name: 'Linux', os.arch: 'amd64', os.version: '5.13.0-39-generic', java.version: '1.8.0_312'
Driver info: com.kms.katalon.selenium.driver.CChromeDriver
Capabilities {acceptInsecureCerts: false, browserName: chrome, browserVersion: 100.0.4896.75, chrome: {chromedriverVersion: 100.0.4896.60 (6a5d10861ce8..., userDataDir: /tmp/.com.google.Chrome.X1CC1t}, goog:chromeOptions: {debuggerAddress: localhost:35097}, javascriptEnabled: true, networkConnectionEnabled: false, pageLoadStrategy: normal, platform: LINUX, platformName: LINUX, proxy: Proxy(), setWindowRect: true, strictFileInteractability: false, timeouts: {implicit: 0, pageLoad: 300000, script: 30000}, unhandledPromptBehavior: dismiss and notify, webauthn:extension:credBlob: true, webauthn:extension:largeBlob: true, webauthn:virtualAuthenticators: true}
Session ID: 67f3daa094676e14f11da72a041b4f6c
*** Element info: {Using=xpath, value=//input[@type='text']}
	at org.openqa.selenium.remote.http.W3CHttpResponseCodec.createException(W3CHttpResponseCodec.java:187)
	at org.openqa.selenium.remote.http.W3CHttpResponseCodec.decode(W3CHttpResponseCodec.java:122)
	at org.openqa.selenium.remote.http.W3CHttpResponseCodec.decode(W3CHttpResponseCodec.java:49)
	at org.openqa.selenium.remote.HttpCommandExecutor.execute(HttpCommandExecutor.java:158)
	at org.openqa.selenium.remote.service.DriverCommandExecutor.execute(DriverCommandExecutor.java:83)
	at org.openqa.selenium.remote.RemoteWebDriver.execute(RemoteWebDriver.java:552)
	at com.kms.katalon.selenium.driver.CChromeDriver.execute(CChromeDriver.java:19)
	at org.openqa.selenium.remote.RemoteWebDriver.findElements(RemoteWebDriver.java:353)
	at org.openqa.selenium.remote.RemoteWebDriver.findElementsByXPath(RemoteWebDriver.java:432)
	at org.openqa.selenium.By$ByXPath.findElements(By.java:348)
	at org.openqa.selenium.remote.RemoteWebDriver.findElements(RemoteWebDriver.java:311)
	at org.openqa.selenium.support.events.EventFiringWebDriver.lambda$new$1(EventFiringWebDriver.java:105)
	at com.sun.proxy.$Proxy10.findElements(Unknown Source)
	at org.openqa.selenium.support.events.EventFiringWebDriver.findElements(EventFiringWebDriver.java:182)
	at com.kms.katalon.core.webui.common.WebUiCommonHelper.findElementByNormalMethods(WebUiCommonHelper.java:1016)
	at com.kms.katalon.core.webui.common.WebUiCommonHelper.findElementsBySelectedMethod(WebUiCommonHelper.java:911)
	at com.kms.katalon.core.webui.common.WebUiCommonHelper.findElementsBySelectedMethod(WebUiCommonHelper.java:894)
	at com.kms.katalon.core.webui.common.WebUiCommonHelper.findElementsBySelectedMethod(WebUiCommonHelper.java:889)
	at com.kms.katalon.core.webui.common.WebUiCommonHelper.findElementsByDefault(WebUiCommonHelper.java:885)
	at com.kms.katalon.core.webui.common.WebUiCommonHelper.findWebElements(WebUiCommonHelper.java:720)
	at com.kms.katalon.core.webui.common.WebUiCommonHelper.findWebElement(WebUiCommonHelper.java:1365)
	at com.kms.katalon.core.webui.keyword.internal.WebUIAbstractKeyword.findWebElement(WebUIAbstractKeyword.groovy:27)
	at com.kms.katalon.core.webui.keyword.internal.WebUIAbstractKeyword.findWebElement(WebUIAbstractKeyword.groovy:26)
	at com.kms.katalon.core.webui.keyword.builtin.SetTextKeyword$_setText_closure1.doCall(SetTextKeyword.groovy:51)
	at com.kms.katalon.core.webui.keyword.builtin.SetTextKeyword$_setText_closure1.call(SetTextKeyword.groovy)
	at com.kms.katalon.core.webui.keyword.internal.WebUIKeywordMain.runKeyword(WebUIKeywordMain.groovy:20)
	... 19 more]]></system-err>
      </testcase>
      <testcase name="Test Cases/Delete Competitor" time="3.098" classname="Test Cases/Delete Competitor" status="FAILED">
         <failure type="FAILED" message="Test Cases/Delete Competitor FAILED.
Reason:
com.kms.katalon.core.exception.StepFailedException: Unable to navigate to 'http://35.237.24.127:8081/dims-app/#/home'
	at com.kms.katalon.core.webui.keyword.internal.WebUIKeywordMain.stepFailed(WebUIKeywordMain.groovy:64)
	at com.kms.katalon.core.webui.keyword.internal.WebUIKeywordMain.runKeyword(WebUIKeywordMain.groovy:26)
	at com.kms.katalon.core.webui.keyword.builtin.NavigateToUrlKeyword.navigateToUrl(NavigateToUrlKeyword.groovy:83)
	at com.kms.katalon.core.webui.keyword.builtin.NavigateToUrlKeyword.execute(NavigateToUrlKeyword.groovy:67)
	at com.kms.katalon.core.keyword.internal.KeywordExecutor.executeKeywordForPlatform(KeywordExecutor.groovy:74)
	at com.kms.katalon.core.webui.keyword.WebUiBuiltInKeywords.navigateToUrl(WebUiBuiltInKeywords.groovy:187)
	at com.kms.katalon.core.webui.keyword.WebUiBuiltInKeywords$navigateToUrl$0.call(Unknown Source)
	at Delete Competitor.run(Delete Competitor:22)
	at com.kms.katalon.core.main.ScriptEngine.run(ScriptEngine.java:194)
	at com.kms.katalon.core.main.ScriptEngine.runScriptAsRawText(ScriptEngine.java:119)
	at com.kms.katalon.core.main.TestCaseExecutor.runScript(TestCaseExecutor.java:442)
	at com.kms.katalon.core.main.TestCaseExecutor.doExecute(TestCaseExecutor.java:433)
	at com.kms.katalon.core.main.TestCaseExecutor.processExecutionPhase(TestCaseExecutor.java:412)
	at com.kms.katalon.core.main.TestCaseExecutor.accessMainPhase(TestCaseExecutor.java:404)
	at com.kms.katalon.core.main.TestCaseExecutor.execute(TestCaseExecutor.java:281)
	at com.kms.katalon.core.main.TestSuiteExecutor.accessTestCaseMainPhase(TestSuiteExecutor.java:202)
	at com.kms.katalon.core.main.TestSuiteExecutor.accessTestSuiteMainPhase(TestSuiteExecutor.java:164)
	at com.kms.katalon.core.main.TestSuiteExecutor.execute(TestSuiteExecutor.java:105)
	at com.kms.katalon.core.main.TestCaseMain.startTestSuite(TestCaseMain.java:185)
	at com.kms.katalon.core.main.TestCaseMain$startTestSuite$0.call(Unknown Source)
	at TempTestSuite1652366139469.run(TempTestSuite1652366139469.groovy:36)
Caused by: org.openqa.selenium.WebDriverException: unknown error: cannot determine loading status
from disconnected: received Inspector.detached event
  (Session info: chrome=100.0.4896.75)
Build info: version: '3.141.59', revision: 'e82be7d358', time: '2018-11-14T08:25:53'
System info: host: 'juzcategui', ip: '192.168.12.200', os.name: 'Linux', os.arch: 'amd64', os.version: '5.13.0-39-generic', java.version: '1.8.0_312'
Driver info: com.kms.katalon.selenium.driver.CChromeDriver
Capabilities {acceptInsecureCerts: false, browserName: chrome, browserVersion: 100.0.4896.75, chrome: {chromedriverVersion: 100.0.4896.60 (6a5d10861ce8..., userDataDir: /tmp/.com.google.Chrome.AoUVRo}, goog:chromeOptions: {debuggerAddress: localhost:37799}, javascriptEnabled: true, networkConnectionEnabled: false, pageLoadStrategy: normal, platform: LINUX, platformName: LINUX, proxy: Proxy(), setWindowRect: true, strictFileInteractability: false, timeouts: {implicit: 0, pageLoad: 300000, script: 30000}, unhandledPromptBehavior: dismiss and notify, webauthn:extension:credBlob: true, webauthn:extension:largeBlob: true, webauthn:virtualAuthenticators: true}
Session ID: eda0bb1e7a442cef275dc306def34833
	at org.openqa.selenium.remote.http.W3CHttpResponseCodec.createException(W3CHttpResponseCodec.java:187)
	at org.openqa.selenium.remote.http.W3CHttpResponseCodec.decode(W3CHttpResponseCodec.java:122)
	at org.openqa.selenium.remote.http.W3CHttpResponseCodec.decode(W3CHttpResponseCodec.java:49)
	at org.openqa.selenium.remote.HttpCommandExecutor.execute(HttpCommandExecutor.java:158)
	at org.openqa.selenium.remote.service.DriverCommandExecutor.execute(DriverCommandExecutor.java:83)
	at org.openqa.selenium.remote.RemoteWebDriver.execute(RemoteWebDriver.java:552)
	at com.kms.katalon.selenium.driver.CChromeDriver.execute(CChromeDriver.java:19)
	at org.openqa.selenium.remote.RemoteWebDriver.get(RemoteWebDriver.java:277)
	at org.openqa.selenium.remote.RemoteWebDriver$RemoteNavigation.to(RemoteWebDriver.java:857)
	at org.openqa.selenium.support.events.EventFiringWebDriver$EventFiringNavigation.to(EventFiringWebDriver.java:569)
	at com.kms.katalon.core.webui.keyword.builtin.NavigateToUrlKeyword$_navigateToUrl_closure1.doCall(NavigateToUrlKeyword.groovy:81)
	at com.kms.katalon.core.webui.keyword.builtin.NavigateToUrlKeyword$_navigateToUrl_closure1.call(NavigateToUrlKeyword.groovy)
	at com.kms.katalon.core.webui.keyword.internal.WebUIKeywordMain.runKeyword(WebUIKeywordMain.groovy:20)
	... 19 more
"/>
         <system-out><![CDATA[2022-05-12 10:36:43 - [TEST_CASE][FAILED] - Test Cases/Delete Competitor: Test Cases/Delete Competitor FAILED.
Reason:
com.kms.katalon.core.exception.StepFailedException: Unable to navigate to 'http://35.237.24.127:8081/dims-app/#/home'
	at com.kms.katalon.core.webui.keyword.internal.WebUIKeywordMain.stepFailed(WebUIKeywordMain.groovy:64)
	at com.kms.katalon.core.webui.keyword.internal.WebUIKeywordMain.runKeyword(WebUIKeywordMain.groovy:26)
	at com.kms.katalon.core.webui.keyword.builtin.NavigateToUrlKeyword.navigateToUrl(NavigateToUrlKeyword.groovy:83)
	at com.kms.katalon.core.webui.keyword.builtin.NavigateToUrlKeyword.execute(NavigateToUrlKeyword.groovy:67)
	at com.kms.katalon.core.keyword.internal.KeywordExecutor.executeKeywordForPlatform(KeywordExecutor.groovy:74)
	at com.kms.katalon.core.webui.keyword.WebUiBuiltInKeywords.navigateToUrl(WebUiBuiltInKeywords.groovy:187)
	at com.kms.katalon.core.webui.keyword.WebUiBuiltInKeywords$navigateToUrl$0.call(Unknown Source)
	at Delete Competitor.run(Delete Competitor:22)
	at com.kms.katalon.core.main.ScriptEngine.run(ScriptEngine.java:194)
	at com.kms.katalon.core.main.ScriptEngine.runScriptAsRawText(ScriptEngine.java:119)
	at com.kms.katalon.core.main.TestCaseExecutor.runScript(TestCaseExecutor.java:442)
	at com.kms.katalon.core.main.TestCaseExecutor.doExecute(TestCaseExecutor.java:433)
	at com.kms.katalon.core.main.TestCaseExecutor.processExecutionPhase(TestCaseExecutor.java:412)
	at com.kms.katalon.core.main.TestCaseExecutor.accessMainPhase(TestCaseExecutor.java:404)
	at com.kms.katalon.core.main.TestCaseExecutor.execute(TestCaseExecutor.java:281)
	at com.kms.katalon.core.main.TestSuiteExecutor.accessTestCaseMainPhase(TestSuiteExecutor.java:202)
	at com.kms.katalon.core.main.TestSuiteExecutor.accessTestSuiteMainPhase(TestSuiteExecutor.java:164)
	at com.kms.katalon.core.main.TestSuiteExecutor.execute(TestSuiteExecutor.java:105)
	at com.kms.katalon.core.main.TestCaseMain.startTestSuite(TestCaseMain.java:185)
	at com.kms.katalon.core.main.TestCaseMain$startTestSuite$0.call(Unknown Source)
	at TempTestSuite1652366139469.run(TempTestSuite1652366139469.groovy:36)
Caused by: org.openqa.selenium.WebDriverException: unknown error: cannot determine loading status
from disconnected: received Inspector.detached event
  (Session info: chrome=100.0.4896.75)
Build info: version: '3.141.59', revision: 'e82be7d358', time: '2018-11-14T08:25:53'
System info: host: 'juzcategui', ip: '192.168.12.200', os.name: 'Linux', os.arch: 'amd64', os.version: '5.13.0-39-generic', java.version: '1.8.0_312'
Driver info: com.kms.katalon.selenium.driver.CChromeDriver
Capabilities {acceptInsecureCerts: false, browserName: chrome, browserVersion: 100.0.4896.75, chrome: {chromedriverVersion: 100.0.4896.60 (6a5d10861ce8..., userDataDir: /tmp/.com.google.Chrome.AoUVRo}, goog:chromeOptions: {debuggerAddress: localhost:37799}, javascriptEnabled: true, networkConnectionEnabled: false, pageLoadStrategy: normal, platform: LINUX, platformName: LINUX, proxy: Proxy(), setWindowRect: true, strictFileInteractability: false, timeouts: {implicit: 0, pageLoad: 300000, script: 30000}, unhandledPromptBehavior: dismiss and notify, webauthn:extension:credBlob: true, webauthn:extension:largeBlob: true, webauthn:virtualAuthenticators: true}
Session ID: eda0bb1e7a442cef275dc306def34833
	at org.openqa.selenium.remote.http.W3CHttpResponseCodec.createException(W3CHttpResponseCodec.java:187)
	at org.openqa.selenium.remote.http.W3CHttpResponseCodec.decode(W3CHttpResponseCodec.java:122)
	at org.openqa.selenium.remote.http.W3CHttpResponseCodec.decode(W3CHttpResponseCodec.java:49)
	at org.openqa.selenium.remote.HttpCommandExecutor.execute(HttpCommandExecutor.java:158)
	at org.openqa.selenium.remote.service.DriverCommandExecutor.execute(DriverCommandExecutor.java:83)
	at org.openqa.selenium.remote.RemoteWebDriver.execute(RemoteWebDriver.java:552)
	at com.kms.katalon.selenium.driver.CChromeDriver.execute(CChromeDriver.java:19)
	at org.openqa.selenium.remote.RemoteWebDriver.get(RemoteWebDriver.java:277)
	at org.openqa.selenium.remote.RemoteWebDriver$RemoteNavigation.to(RemoteWebDriver.java:857)
	at org.openqa.selenium.support.events.EventFiringWebDriver$EventFiringNavigation.to(EventFiringWebDriver.java:569)
	at com.kms.katalon.core.webui.keyword.builtin.NavigateToUrlKeyword$_navigateToUrl_closure1.doCall(NavigateToUrlKeyword.groovy:81)
	at com.kms.katalon.core.webui.keyword.builtin.NavigateToUrlKeyword$_navigateToUrl_closure1.call(NavigateToUrlKeyword.groovy)
	at com.kms.katalon.core.webui.keyword.internal.WebUIKeywordMain.runKeyword(WebUIKeywordMain.groovy:20)
	... 19 more


2022-05-12 10:36:44 - [TEST_STEP][PASSED] - openBrowser(""): Browser is opened with url: ''

2022-05-12 10:36:44 - [MESSAGE][WARNING] - A browser is already opened. Closing browser and opening a new one

2022-05-12 10:36:44 - [MESSAGE][INFO] - Starting 'Chrome' driver

2022-05-12 10:36:44 - [MESSAGE][INFO] - Action delay is set to 0 milliseconds

2022-05-12 10:36:45 - [MESSAGE][PASSED] - Browser is opened with url: ''

2022-05-12 10:36:45 - [TEST_STEP][FAILED] - navigateToUrl("http://35.237.24.127:8081/dims-app/#/home"): Unable to navigate to 'http://35.237.24.127:8081/dims-app/#/home' (Root cause: com.kms.katalon.core.exception.StepFailedException: Unable to navigate to 'http://35.237.24.127:8081/dims-app/#/home'
	at com.kms.katalon.core.webui.keyword.internal.WebUIKeywordMain.stepFailed(WebUIKeywordMain.groovy:64)
	at com.kms.katalon.core.webui.keyword.internal.WebUIKeywordMain.runKeyword(WebUIKeywordMain.groovy:26)
	at com.kms.katalon.core.webui.keyword.builtin.NavigateToUrlKeyword.navigateToUrl(NavigateToUrlKeyword.groovy:83)
	at com.kms.katalon.core.webui.keyword.builtin.NavigateToUrlKeyword.execute(NavigateToUrlKeyword.groovy:67)
	at com.kms.katalon.core.keyword.internal.KeywordExecutor.executeKeywordForPlatform(KeywordExecutor.groovy:74)
	at com.kms.katalon.core.webui.keyword.WebUiBuiltInKeywords.navigateToUrl(WebUiBuiltInKeywords.groovy:187)
	at com.kms.katalon.core.webui.keyword.WebUiBuiltInKeywords$navigateToUrl$0.call(Unknown Source)
	at Delete Competitor.run(Delete Competitor:22)
	at com.kms.katalon.core.main.ScriptEngine.run(ScriptEngine.java:194)
	at com.kms.katalon.core.main.ScriptEngine.runScriptAsRawText(ScriptEngine.java:119)
	at com.kms.katalon.core.main.TestCaseExecutor.runScript(TestCaseExecutor.java:442)
	at com.kms.katalon.core.main.TestCaseExecutor.doExecute(TestCaseExecutor.java:433)
	at com.kms.katalon.core.main.TestCaseExecutor.processExecutionPhase(TestCaseExecutor.java:412)
	at com.kms.katalon.core.main.TestCaseExecutor.accessMainPhase(TestCaseExecutor.java:404)
	at com.kms.katalon.core.main.TestCaseExecutor.execute(TestCaseExecutor.java:281)
	at com.kms.katalon.core.main.TestSuiteExecutor.accessTestCaseMainPhase(TestSuiteExecutor.java:202)
	at com.kms.katalon.core.main.TestSuiteExecutor.accessTestSuiteMainPhase(TestSuiteExecutor.java:164)
	at com.kms.katalon.core.main.TestSuiteExecutor.execute(TestSuiteExecutor.java:105)
	at com.kms.katalon.core.main.TestCaseMain.startTestSuite(TestCaseMain.java:185)
	at com.kms.katalon.core.main.TestCaseMain$startTestSuite$0.call(Unknown Source)
	at TempTestSuite1652366139469.run(TempTestSuite1652366139469.groovy:36)
Caused by: org.openqa.selenium.WebDriverException: unknown error: cannot determine loading status
from disconnected: received Inspector.detached event
  (Session info: chrome=100.0.4896.75)
Build info: version: '3.141.59', revision: 'e82be7d358', time: '2018-11-14T08:25:53'
System info: host: 'juzcategui', ip: '192.168.12.200', os.name: 'Linux', os.arch: 'amd64', os.version: '5.13.0-39-generic', java.version: '1.8.0_312'
Driver info: com.kms.katalon.selenium.driver.CChromeDriver
Capabilities {acceptInsecureCerts: false, browserName: chrome, browserVersion: 100.0.4896.75, chrome: {chromedriverVersion: 100.0.4896.60 (6a5d10861ce8..., userDataDir: /tmp/.com.google.Chrome.AoUVRo}, goog:chromeOptions: {debuggerAddress: localhost:37799}, javascriptEnabled: true, networkConnectionEnabled: false, pageLoadStrategy: normal, platform: LINUX, platformName: LINUX, proxy: Proxy(), setWindowRect: true, strictFileInteractability: false, timeouts: {implicit: 0, pageLoad: 300000, script: 30000}, unhandledPromptBehavior: dismiss and notify, webauthn:extension:credBlob: true, webauthn:extension:largeBlob: true, webauthn:virtualAuthenticators: true}
Session ID: eda0bb1e7a442cef275dc306def34833
	at org.openqa.selenium.remote.http.W3CHttpResponseCodec.createException(W3CHttpResponseCodec.java:187)
	at org.openqa.selenium.remote.http.W3CHttpResponseCodec.decode(W3CHttpResponseCodec.java:122)
	at org.openqa.selenium.remote.http.W3CHttpResponseCodec.decode(W3CHttpResponseCodec.java:49)
	at org.openqa.selenium.remote.HttpCommandExecutor.execute(HttpCommandExecutor.java:158)
	at org.openqa.selenium.remote.service.DriverCommandExecutor.execute(DriverCommandExecutor.java:83)
	at org.openqa.selenium.remote.RemoteWebDriver.execute(RemoteWebDriver.java:552)
	at com.kms.katalon.selenium.driver.CChromeDriver.execute(CChromeDriver.java:19)
	at org.openqa.selenium.remote.RemoteWebDriver.get(RemoteWebDriver.java:277)
	at org.openqa.selenium.remote.RemoteWebDriver$RemoteNavigation.to(RemoteWebDriver.java:857)
	at org.openqa.selenium.support.events.EventFiringWebDriver$EventFiringNavigation.to(EventFiringWebDriver.java:569)
	at com.kms.katalon.core.webui.keyword.builtin.NavigateToUrlKeyword$_navigateToUrl_closure1.doCall(NavigateToUrlKeyword.groovy:81)
	at com.kms.katalon.core.webui.keyword.builtin.NavigateToUrlKeyword$_navigateToUrl_closure1.call(NavigateToUrlKeyword.groovy)
	at com.kms.katalon.core.webui.keyword.internal.WebUIKeywordMain.runKeyword(WebUIKeywordMain.groovy:20)
	at com.kms.katalon.core.webui.keyword.builtin.NavigateToUrlKeyword.navigateToUrl(NavigateToUrlKeyword.groovy:83)
	at com.kms.katalon.core.webui.keyword.builtin.NavigateToUrlKeyword.execute(NavigateToUrlKeyword.groovy:67)
	at com.kms.katalon.core.keyword.internal.KeywordExecutor.executeKeywordForPlatform(KeywordExecutor.groovy:74)
	at com.kms.katalon.core.webui.keyword.WebUiBuiltInKeywords.navigateToUrl(WebUiBuiltInKeywords.groovy:187)
	at com.kms.katalon.core.webui.keyword.WebUiBuiltInKeywords$navigateToUrl$0.call(Unknown Source)
	at Script1652363158841.run(Script1652363158841.groovy:22)
	... 13 more
)

2022-05-12 10:36:47 - [MESSAGE][WARNING] - Cannot take screenshot

2022-05-12 10:36:47 - [MESSAGE][FAILED] - Unable to navigate to 'http://35.237.24.127:8081/dims-app/#/home' (Root cause: com.kms.katalon.core.exception.StepFailedException: Unable to navigate to 'http://35.237.24.127:8081/dims-app/#/home'
	at com.kms.katalon.core.webui.keyword.internal.WebUIKeywordMain.stepFailed(WebUIKeywordMain.groovy:64)
	at com.kms.katalon.core.webui.keyword.internal.WebUIKeywordMain.runKeyword(WebUIKeywordMain.groovy:26)
	at com.kms.katalon.core.webui.keyword.builtin.NavigateToUrlKeyword.navigateToUrl(NavigateToUrlKeyword.groovy:83)
	at com.kms.katalon.core.webui.keyword.builtin.NavigateToUrlKeyword.execute(NavigateToUrlKeyword.groovy:67)
	at com.kms.katalon.core.keyword.internal.KeywordExecutor.executeKeywordForPlatform(KeywordExecutor.groovy:74)
	at com.kms.katalon.core.webui.keyword.WebUiBuiltInKeywords.navigateToUrl(WebUiBuiltInKeywords.groovy:187)
	at com.kms.katalon.core.webui.keyword.WebUiBuiltInKeywords$navigateToUrl$0.call(Unknown Source)
	at Delete Competitor.run(Delete Competitor:22)
	at com.kms.katalon.core.main.ScriptEngine.run(ScriptEngine.java:194)
	at com.kms.katalon.core.main.ScriptEngine.runScriptAsRawText(ScriptEngine.java:119)
	at com.kms.katalon.core.main.TestCaseExecutor.runScript(TestCaseExecutor.java:442)
	at com.kms.katalon.core.main.TestCaseExecutor.doExecute(TestCaseExecutor.java:433)
	at com.kms.katalon.core.main.TestCaseExecutor.processExecutionPhase(TestCaseExecutor.java:412)
	at com.kms.katalon.core.main.TestCaseExecutor.accessMainPhase(TestCaseExecutor.java:404)
	at com.kms.katalon.core.main.TestCaseExecutor.execute(TestCaseExecutor.java:281)
	at com.kms.katalon.core.main.TestSuiteExecutor.accessTestCaseMainPhase(TestSuiteExecutor.java:202)
	at com.kms.katalon.core.main.TestSuiteExecutor.accessTestSuiteMainPhase(TestSuiteExecutor.java:164)
	at com.kms.katalon.core.main.TestSuiteExecutor.execute(TestSuiteExecutor.java:105)
	at com.kms.katalon.core.main.TestCaseMain.startTestSuite(TestCaseMain.java:185)
	at com.kms.katalon.core.main.TestCaseMain$startTestSuite$0.call(Unknown Source)
	at TempTestSuite1652366139469.run(TempTestSuite1652366139469.groovy:36)
Caused by: org.openqa.selenium.WebDriverException: unknown error: cannot determine loading status
from disconnected: received Inspector.detached event
  (Session info: chrome=100.0.4896.75)
Build info: version: '3.141.59', revision: 'e82be7d358', time: '2018-11-14T08:25:53'
System info: host: 'juzcategui', ip: '192.168.12.200', os.name: 'Linux', os.arch: 'amd64', os.version: '5.13.0-39-generic', java.version: '1.8.0_312'
Driver info: com.kms.katalon.selenium.driver.CChromeDriver
Capabilities {acceptInsecureCerts: false, browserName: chrome, browserVersion: 100.0.4896.75, chrome: {chromedriverVersion: 100.0.4896.60 (6a5d10861ce8..., userDataDir: /tmp/.com.google.Chrome.AoUVRo}, goog:chromeOptions: {debuggerAddress: localhost:37799}, javascriptEnabled: true, networkConnectionEnabled: false, pageLoadStrategy: normal, platform: LINUX, platformName: LINUX, proxy: Proxy(), setWindowRect: true, strictFileInteractability: false, timeouts: {implicit: 0, pageLoad: 300000, script: 30000}, unhandledPromptBehavior: dismiss and notify, webauthn:extension:credBlob: true, webauthn:extension:largeBlob: true, webauthn:virtualAuthenticators: true}
Session ID: eda0bb1e7a442cef275dc306def34833
	at org.openqa.selenium.remote.http.W3CHttpResponseCodec.createException(W3CHttpResponseCodec.java:187)
	at org.openqa.selenium.remote.http.W3CHttpResponseCodec.decode(W3CHttpResponseCodec.java:122)
	at org.openqa.selenium.remote.http.W3CHttpResponseCodec.decode(W3CHttpResponseCodec.java:49)
	at org.openqa.selenium.remote.HttpCommandExecutor.execute(HttpCommandExecutor.java:158)
	at org.openqa.selenium.remote.service.DriverCommandExecutor.execute(DriverCommandExecutor.java:83)
	at org.openqa.selenium.remote.RemoteWebDriver.execute(RemoteWebDriver.java:552)
	at com.kms.katalon.selenium.driver.CChromeDriver.execute(CChromeDriver.java:19)
	at org.openqa.selenium.remote.RemoteWebDriver.get(RemoteWebDriver.java:277)
	at org.openqa.selenium.remote.RemoteWebDriver$RemoteNavigation.to(RemoteWebDriver.java:857)
	at org.openqa.selenium.support.events.EventFiringWebDriver$EventFiringNavigation.to(EventFiringWebDriver.java:569)
	at com.kms.katalon.core.webui.keyword.builtin.NavigateToUrlKeyword$_navigateToUrl_closure1.doCall(NavigateToUrlKeyword.groovy:81)
	at com.kms.katalon.core.webui.keyword.builtin.NavigateToUrlKeyword$_navigateToUrl_closure1.call(NavigateToUrlKeyword.groovy)
	at com.kms.katalon.core.webui.keyword.internal.WebUIKeywordMain.runKeyword(WebUIKeywordMain.groovy:20)
	at com.kms.katalon.core.webui.keyword.builtin.NavigateToUrlKeyword.navigateToUrl(NavigateToUrlKeyword.groovy:83)
	at com.kms.katalon.core.webui.keyword.builtin.NavigateToUrlKeyword.execute(NavigateToUrlKeyword.groovy:67)
	at com.kms.katalon.core.keyword.internal.KeywordExecutor.executeKeywordForPlatform(KeywordExecutor.groovy:74)
	at com.kms.katalon.core.webui.keyword.WebUiBuiltInKeywords.navigateToUrl(WebUiBuiltInKeywords.groovy:187)
	at com.kms.katalon.core.webui.keyword.WebUiBuiltInKeywords$navigateToUrl$0.call(Unknown Source)
	at Script1652363158841.run(Script1652363158841.groovy:22)
	... 13 more
)]]></system-out>
         <system-err><![CDATA[2022-05-12 10:36:43 - [TEST_CASE][FAILED] - Test Cases/Delete Competitor: Test Cases/Delete Competitor FAILED.
Reason:
com.kms.katalon.core.exception.StepFailedException: Unable to navigate to 'http://35.237.24.127:8081/dims-app/#/home'
	at com.kms.katalon.core.webui.keyword.internal.WebUIKeywordMain.stepFailed(WebUIKeywordMain.groovy:64)
	at com.kms.katalon.core.webui.keyword.internal.WebUIKeywordMain.runKeyword(WebUIKeywordMain.groovy:26)
	at com.kms.katalon.core.webui.keyword.builtin.NavigateToUrlKeyword.navigateToUrl(NavigateToUrlKeyword.groovy:83)
	at com.kms.katalon.core.webui.keyword.builtin.NavigateToUrlKeyword.execute(NavigateToUrlKeyword.groovy:67)
	at com.kms.katalon.core.keyword.internal.KeywordExecutor.executeKeywordForPlatform(KeywordExecutor.groovy:74)
	at com.kms.katalon.core.webui.keyword.WebUiBuiltInKeywords.navigateToUrl(WebUiBuiltInKeywords.groovy:187)
	at com.kms.katalon.core.webui.keyword.WebUiBuiltInKeywords$navigateToUrl$0.call(Unknown Source)
	at Delete Competitor.run(Delete Competitor:22)
	at com.kms.katalon.core.main.ScriptEngine.run(ScriptEngine.java:194)
	at com.kms.katalon.core.main.ScriptEngine.runScriptAsRawText(ScriptEngine.java:119)
	at com.kms.katalon.core.main.TestCaseExecutor.runScript(TestCaseExecutor.java:442)
	at com.kms.katalon.core.main.TestCaseExecutor.doExecute(TestCaseExecutor.java:433)
	at com.kms.katalon.core.main.TestCaseExecutor.processExecutionPhase(TestCaseExecutor.java:412)
	at com.kms.katalon.core.main.TestCaseExecutor.accessMainPhase(TestCaseExecutor.java:404)
	at com.kms.katalon.core.main.TestCaseExecutor.execute(TestCaseExecutor.java:281)
	at com.kms.katalon.core.main.TestSuiteExecutor.accessTestCaseMainPhase(TestSuiteExecutor.java:202)
	at com.kms.katalon.core.main.TestSuiteExecutor.accessTestSuiteMainPhase(TestSuiteExecutor.java:164)
	at com.kms.katalon.core.main.TestSuiteExecutor.execute(TestSuiteExecutor.java:105)
	at com.kms.katalon.core.main.TestCaseMain.startTestSuite(TestCaseMain.java:185)
	at com.kms.katalon.core.main.TestCaseMain$startTestSuite$0.call(Unknown Source)
	at TempTestSuite1652366139469.run(TempTestSuite1652366139469.groovy:36)
Caused by: org.openqa.selenium.WebDriverException: unknown error: cannot determine loading status
from disconnected: received Inspector.detached event
  (Session info: chrome=100.0.4896.75)
Build info: version: '3.141.59', revision: 'e82be7d358', time: '2018-11-14T08:25:53'
System info: host: 'juzcategui', ip: '192.168.12.200', os.name: 'Linux', os.arch: 'amd64', os.version: '5.13.0-39-generic', java.version: '1.8.0_312'
Driver info: com.kms.katalon.selenium.driver.CChromeDriver
Capabilities {acceptInsecureCerts: false, browserName: chrome, browserVersion: 100.0.4896.75, chrome: {chromedriverVersion: 100.0.4896.60 (6a5d10861ce8..., userDataDir: /tmp/.com.google.Chrome.AoUVRo}, goog:chromeOptions: {debuggerAddress: localhost:37799}, javascriptEnabled: true, networkConnectionEnabled: false, pageLoadStrategy: normal, platform: LINUX, platformName: LINUX, proxy: Proxy(), setWindowRect: true, strictFileInteractability: false, timeouts: {implicit: 0, pageLoad: 300000, script: 30000}, unhandledPromptBehavior: dismiss and notify, webauthn:extension:credBlob: true, webauthn:extension:largeBlob: true, webauthn:virtualAuthenticators: true}
Session ID: eda0bb1e7a442cef275dc306def34833
	at org.openqa.selenium.remote.http.W3CHttpResponseCodec.createException(W3CHttpResponseCodec.java:187)
	at org.openqa.selenium.remote.http.W3CHttpResponseCodec.decode(W3CHttpResponseCodec.java:122)
	at org.openqa.selenium.remote.http.W3CHttpResponseCodec.decode(W3CHttpResponseCodec.java:49)
	at org.openqa.selenium.remote.HttpCommandExecutor.execute(HttpCommandExecutor.java:158)
	at org.openqa.selenium.remote.service.DriverCommandExecutor.execute(DriverCommandExecutor.java:83)
	at org.openqa.selenium.remote.RemoteWebDriver.execute(RemoteWebDriver.java:552)
	at com.kms.katalon.selenium.driver.CChromeDriver.execute(CChromeDriver.java:19)
	at org.openqa.selenium.remote.RemoteWebDriver.get(RemoteWebDriver.java:277)
	at org.openqa.selenium.remote.RemoteWebDriver$RemoteNavigation.to(RemoteWebDriver.java:857)
	at org.openqa.selenium.support.events.EventFiringWebDriver$EventFiringNavigation.to(EventFiringWebDriver.java:569)
	at com.kms.katalon.core.webui.keyword.builtin.NavigateToUrlKeyword$_navigateToUrl_closure1.doCall(NavigateToUrlKeyword.groovy:81)
	at com.kms.katalon.core.webui.keyword.builtin.NavigateToUrlKeyword$_navigateToUrl_closure1.call(NavigateToUrlKeyword.groovy)
	at com.kms.katalon.core.webui.keyword.internal.WebUIKeywordMain.runKeyword(WebUIKeywordMain.groovy:20)
	... 19 more]]></system-err>
      </testcase>
      <system-out><![CDATA[2022-05-12 10:35:43 - [TEST_SUITE][FAILED] - Competitors: Test Cases/Edit Competitor FAILED.
Reason:
com.kms.katalon.core.exception.StepFailedException: Unable to set text 'SUPER_USER7' of object 'Object Repository/Create Lead/Page_Debt IMS/input_Username_form-control w-75 ng-untouch_2a886e'
	at com.kms.katalon.core.webui.keyword.internal.WebUIKeywordMain.stepFailed(WebUIKeywordMain.groovy:64)
	at com.kms.katalon.core.webui.keyword.internal.WebUIKeywordMain.runKeyword(WebUIKeywordMain.groovy:26)
	at com.kms.katalon.core.webui.keyword.builtin.SetTextKeyword.setText(SetTextKeyword.groovy:66)
	at com.kms.katalon.core.webui.keyword.builtin.SetTextKeyword.execute(SetTextKeyword.groovy:37)
	at com.kms.katalon.core.keyword.internal.KeywordExecutor.executeKeywordForPlatform(KeywordExecutor.groovy:74)
	at com.kms.katalon.core.webui.keyword.WebUiBuiltInKeywords.setText(WebUiBuiltInKeywords.groovy:980)
	at com.kms.katalon.core.webui.keyword.WebUiBuiltInKeywords$setText$1.call(Unknown Source)
	at Edit Competitor.run(Edit Competitor:24)
	at com.kms.katalon.core.main.ScriptEngine.run(ScriptEngine.java:194)
	at com.kms.katalon.core.main.ScriptEngine.runScriptAsRawText(ScriptEngine.java:119)
	at com.kms.katalon.core.main.TestCaseExecutor.runScript(TestCaseExecutor.java:442)
	at com.kms.katalon.core.main.TestCaseExecutor.doExecute(TestCaseExecutor.java:433)
	at com.kms.katalon.core.main.TestCaseExecutor.processExecutionPhase(TestCaseExecutor.java:412)
	at com.kms.katalon.core.main.TestCaseExecutor.accessMainPhase(TestCaseExecutor.java:404)
	at com.kms.katalon.core.main.TestCaseExecutor.execute(TestCaseExecutor.java:281)
	at com.kms.katalon.core.main.TestSuiteExecutor.accessTestCaseMainPhase(TestSuiteExecutor.java:202)
	at com.kms.katalon.core.main.TestSuiteExecutor.accessTestSuiteMainPhase(TestSuiteExecutor.java:164)
	at com.kms.katalon.core.main.TestSuiteExecutor.execute(TestSuiteExecutor.java:105)
	at com.kms.katalon.core.main.TestCaseMain.startTestSuite(TestCaseMain.java:185)
	at com.kms.katalon.core.main.TestCaseMain$startTestSuite$0.call(Unknown Source)
	at TempTestSuite1652366139469.run(TempTestSuite1652366139469.groovy:36)
Caused by: org.openqa.selenium.WebDriverException: chrome not reachable
  (Session info: chrome=100.0.4896.75)
Build info: version: '3.141.59', revision: 'e82be7d358', time: '2018-11-14T08:25:53'
System info: host: 'juzcategui', ip: '192.168.12.200', os.name: 'Linux', os.arch: 'amd64', os.version: '5.13.0-39-generic', java.version: '1.8.0_312'
Driver info: com.kms.katalon.selenium.driver.CChromeDriver
Capabilities {acceptInsecureCerts: false, browserName: chrome, browserVersion: 100.0.4896.75, chrome: {chromedriverVersion: 100.0.4896.60 (6a5d10861ce8..., userDataDir: /tmp/.com.google.Chrome.X1CC1t}, goog:chromeOptions: {debuggerAddress: localhost:35097}, javascriptEnabled: true, networkConnectionEnabled: false, pageLoadStrategy: normal, platform: LINUX, platformName: LINUX, proxy: Proxy(), setWindowRect: true, strictFileInteractability: false, timeouts: {implicit: 0, pageLoad: 300000, script: 30000}, unhandledPromptBehavior: dismiss and notify, webauthn:extension:credBlob: true, webauthn:extension:largeBlob: true, webauthn:virtualAuthenticators: true}
Session ID: 67f3daa094676e14f11da72a041b4f6c
*** Element info: {Using=xpath, value=//input[@type='text']}
	at org.openqa.selenium.remote.http.W3CHttpResponseCodec.createException(W3CHttpResponseCodec.java:187)
	at org.openqa.selenium.remote.http.W3CHttpResponseCodec.decode(W3CHttpResponseCodec.java:122)
	at org.openqa.selenium.remote.http.W3CHttpResponseCodec.decode(W3CHttpResponseCodec.java:49)
	at org.openqa.selenium.remote.HttpCommandExecutor.execute(HttpCommandExecutor.java:158)
	at org.openqa.selenium.remote.service.DriverCommandExecutor.execute(DriverCommandExecutor.java:83)
	at org.openqa.selenium.remote.RemoteWebDriver.execute(RemoteWebDriver.java:552)
	at com.kms.katalon.selenium.driver.CChromeDriver.execute(CChromeDriver.java:19)
	at org.openqa.selenium.remote.RemoteWebDriver.findElements(RemoteWebDriver.java:353)
	at org.openqa.selenium.remote.RemoteWebDriver.findElementsByXPath(RemoteWebDriver.java:432)
	at org.openqa.selenium.By$ByXPath.findElements(By.java:348)
	at org.openqa.selenium.remote.RemoteWebDriver.findElements(RemoteWebDriver.java:311)
	at org.openqa.selenium.support.events.EventFiringWebDriver.lambda$new$1(EventFiringWebDriver.java:105)
	at com.sun.proxy.$Proxy10.findElements(Unknown Source)
	at org.openqa.selenium.support.events.EventFiringWebDriver.findElements(EventFiringWebDriver.java:182)
	at com.kms.katalon.core.webui.common.WebUiCommonHelper.findElementByNormalMethods(WebUiCommonHelper.java:1016)
	at com.kms.katalon.core.webui.common.WebUiCommonHelper.findElementsBySelectedMethod(WebUiCommonHelper.java:911)
	at com.kms.katalon.core.webui.common.WebUiCommonHelper.findElementsBySelectedMethod(WebUiCommonHelper.java:894)
	at com.kms.katalon.core.webui.common.WebUiCommonHelper.findElementsBySelectedMethod(WebUiCommonHelper.java:889)
	at com.kms.katalon.core.webui.common.WebUiCommonHelper.findElementsByDefault(WebUiCommonHelper.java:885)
	at com.kms.katalon.core.webui.common.WebUiCommonHelper.findWebElements(WebUiCommonHelper.java:720)
	at com.kms.katalon.core.webui.common.WebUiCommonHelper.findWebElement(WebUiCommonHelper.java:1365)
	at com.kms.katalon.core.webui.keyword.internal.WebUIAbstractKeyword.findWebElement(WebUIAbstractKeyword.groovy:27)
	at com.kms.katalon.core.webui.keyword.internal.WebUIAbstractKeyword.findWebElement(WebUIAbstractKeyword.groovy:26)
	at com.kms.katalon.core.webui.keyword.builtin.SetTextKeyword$_setText_closure1.doCall(SetTextKeyword.groovy:51)
	at com.kms.katalon.core.webui.keyword.builtin.SetTextKeyword$_setText_closure1.call(SetTextKeyword.groovy)
	at com.kms.katalon.core.webui.keyword.internal.WebUIKeywordMain.runKeyword(WebUIKeywordMain.groovy:20)
	... 19 more]]></system-out>
      <system-err><![CDATA[2022-05-12 10:35:43 - [TEST_SUITE][FAILED] - Competitors: Test Cases/Edit Competitor FAILED.
Reason:
com.kms.katalon.core.exception.StepFailedException: Unable to set text 'SUPER_USER7' of object 'Object Repository/Create Lead/Page_Debt IMS/input_Username_form-control w-75 ng-untouch_2a886e'
	at com.kms.katalon.core.webui.keyword.internal.WebUIKeywordMain.stepFailed(WebUIKeywordMain.groovy:64)
	at com.kms.katalon.core.webui.keyword.internal.WebUIKeywordMain.runKeyword(WebUIKeywordMain.groovy:26)
	at com.kms.katalon.core.webui.keyword.builtin.SetTextKeyword.setText(SetTextKeyword.groovy:66)
	at com.kms.katalon.core.webui.keyword.builtin.SetTextKeyword.execute(SetTextKeyword.groovy:37)
	at com.kms.katalon.core.keyword.internal.KeywordExecutor.executeKeywordForPlatform(KeywordExecutor.groovy:74)
	at com.kms.katalon.core.webui.keyword.WebUiBuiltInKeywords.setText(WebUiBuiltInKeywords.groovy:980)
	at com.kms.katalon.core.webui.keyword.WebUiBuiltInKeywords$setText$1.call(Unknown Source)
	at Edit Competitor.run(Edit Competitor:24)
	at com.kms.katalon.core.main.ScriptEngine.run(ScriptEngine.java:194)
	at com.kms.katalon.core.main.ScriptEngine.runScriptAsRawText(ScriptEngine.java:119)
	at com.kms.katalon.core.main.TestCaseExecutor.runScript(TestCaseExecutor.java:442)
	at com.kms.katalon.core.main.TestCaseExecutor.doExecute(TestCaseExecutor.java:433)
	at com.kms.katalon.core.main.TestCaseExecutor.processExecutionPhase(TestCaseExecutor.java:412)
	at com.kms.katalon.core.main.TestCaseExecutor.accessMainPhase(TestCaseExecutor.java:404)
	at com.kms.katalon.core.main.TestCaseExecutor.execute(TestCaseExecutor.java:281)
	at com.kms.katalon.core.main.TestSuiteExecutor.accessTestCaseMainPhase(TestSuiteExecutor.java:202)
	at com.kms.katalon.core.main.TestSuiteExecutor.accessTestSuiteMainPhase(TestSuiteExecutor.java:164)
	at com.kms.katalon.core.main.TestSuiteExecutor.execute(TestSuiteExecutor.java:105)
	at com.kms.katalon.core.main.TestCaseMain.startTestSuite(TestCaseMain.java:185)
	at com.kms.katalon.core.main.TestCaseMain$startTestSuite$0.call(Unknown Source)
	at TempTestSuite1652366139469.run(TempTestSuite1652366139469.groovy:36)
Caused by: org.openqa.selenium.WebDriverException: chrome not reachable
  (Session info: chrome=100.0.4896.75)
Build info: version: '3.141.59', revision: 'e82be7d358', time: '2018-11-14T08:25:53'
System info: host: 'juzcategui', ip: '192.168.12.200', os.name: 'Linux', os.arch: 'amd64', os.version: '5.13.0-39-generic', java.version: '1.8.0_312'
Driver info: com.kms.katalon.selenium.driver.CChromeDriver
Capabilities {acceptInsecureCerts: false, browserName: chrome, browserVersion: 100.0.4896.75, chrome: {chromedriverVersion: 100.0.4896.60 (6a5d10861ce8..., userDataDir: /tmp/.com.google.Chrome.X1CC1t}, goog:chromeOptions: {debuggerAddress: localhost:35097}, javascriptEnabled: true, networkConnectionEnabled: false, pageLoadStrategy: normal, platform: LINUX, platformName: LINUX, proxy: Proxy(), setWindowRect: true, strictFileInteractability: false, timeouts: {implicit: 0, pageLoad: 300000, script: 30000}, unhandledPromptBehavior: dismiss and notify, webauthn:extension:credBlob: true, webauthn:extension:largeBlob: true, webauthn:virtualAuthenticators: true}
Session ID: 67f3daa094676e14f11da72a041b4f6c
*** Element info: {Using=xpath, value=//input[@type='text']}
	at org.openqa.selenium.remote.http.W3CHttpResponseCodec.createException(W3CHttpResponseCodec.java:187)
	at org.openqa.selenium.remote.http.W3CHttpResponseCodec.decode(W3CHttpResponseCodec.java:122)
	at org.openqa.selenium.remote.http.W3CHttpResponseCodec.decode(W3CHttpResponseCodec.java:49)
	at org.openqa.selenium.remote.HttpCommandExecutor.execute(HttpCommandExecutor.java:158)
	at org.openqa.selenium.remote.service.DriverCommandExecutor.execute(DriverCommandExecutor.java:83)
	at org.openqa.selenium.remote.RemoteWebDriver.execute(RemoteWebDriver.java:552)
	at com.kms.katalon.selenium.driver.CChromeDriver.execute(CChromeDriver.java:19)
	at org.openqa.selenium.remote.RemoteWebDriver.findElements(RemoteWebDriver.java:353)
	at org.openqa.selenium.remote.RemoteWebDriver.findElementsByXPath(RemoteWebDriver.java:432)
	at org.openqa.selenium.By$ByXPath.findElements(By.java:348)
	at org.openqa.selenium.remote.RemoteWebDriver.findElements(RemoteWebDriver.java:311)
	at org.openqa.selenium.support.events.EventFiringWebDriver.lambda$new$1(EventFiringWebDriver.java:105)
	at com.sun.proxy.$Proxy10.findElements(Unknown Source)
	at org.openqa.selenium.support.events.EventFiringWebDriver.findElements(EventFiringWebDriver.java:182)
	at com.kms.katalon.core.webui.common.WebUiCommonHelper.findElementByNormalMethods(WebUiCommonHelper.java:1016)
	at com.kms.katalon.core.webui.common.WebUiCommonHelper.findElementsBySelectedMethod(WebUiCommonHelper.java:911)
	at com.kms.katalon.core.webui.common.WebUiCommonHelper.findElementsBySelectedMethod(WebUiCommonHelper.java:894)
	at com.kms.katalon.core.webui.common.WebUiCommonHelper.findElementsBySelectedMethod(WebUiCommonHelper.java:889)
	at com.kms.katalon.core.webui.common.WebUiCommonHelper.findElementsByDefault(WebUiCommonHelper.java:885)
	at com.kms.katalon.core.webui.common.WebUiCommonHelper.findWebElements(WebUiCommonHelper.java:720)
	at com.kms.katalon.core.webui.common.WebUiCommonHelper.findWebElement(WebUiCommonHelper.java:1365)
	at com.kms.katalon.core.webui.keyword.internal.WebUIAbstractKeyword.findWebElement(WebUIAbstractKeyword.groovy:27)
	at com.kms.katalon.core.webui.keyword.internal.WebUIAbstractKeyword.findWebElement(WebUIAbstractKeyword.groovy:26)
	at com.kms.katalon.core.webui.keyword.builtin.SetTextKeyword$_setText_closure1.doCall(SetTextKeyword.groovy:51)
	at com.kms.katalon.core.webui.keyword.builtin.SetTextKeyword$_setText_closure1.call(SetTextKeyword.groovy)
	at com.kms.katalon.core.webui.keyword.internal.WebUIKeywordMain.runKeyword(WebUIKeywordMain.groovy:20)
	... 19 more]]></system-err>
   </testsuite>
</testsuites>
