<?xml version="1.0" encoding="UTF-8"?>
<testsuites name="Competitors" time="49.69" tests="3" failures="0" errors="0">
   <testsuite name="Competitors" tests="3" failures="0" errors="0" time="49.69" skipped="0" timestamp="2022-05-12 11:21:44" hostname="juzcategui - juzcategui" id="Test Suites/Competitors">
      <properties>
         <property name="deviceName" value=""/>
         <property name="devicePlatform" value=""/>
         <property name="logFolder" value="/home/juzcategui/git/DIMS/Reports/20220512_112141/Competitors/20220512_112141"/>
         <property name="logFiles" value="/home/juzcategui/git/DIMS/Reports/20220512_112141/Competitors/20220512_112141/execution0.log"/>
         <property name="attachments" value="/home/juzcategui/git/DIMS/Reports/20220512_112141/Competitors/20220512_112141/1652368924792.png, /home/juzcategui/git/DIMS/Reports/20220512_112141/Competitors/20220512_112141/1652368939767.png, /home/juzcategui/git/DIMS/Reports/20220512_112141/Competitors/20220512_112141/1652368953993.png"/>
         <property name="hostName" value="juzcategui - juzcategui"/>
         <property name="os" value="Linux 64bit"/>
         <property name="katalonVersion" value="8.2.5.208"/>
         <property name="browser" value="Chrome 100.0.4896.75"/>
         <property name="hostAddress" value="192.168.12.57"/>
         <property name="sessionId" value="f293817c1446848c99286e14e2647242"/>
         <property name="seleniumVersion" value="3.141.59"/>
         <property name="proxyInformation" value="ProxyInformation { proxyOption=NO_PROXY, proxyServerType=HTTP, username=, password=********, proxyServerAddress=, proxyServerPort=0, executionList=&quot;&quot;, isApplyToDesiredCapabilities=true }"/>
         <property name="platform" value="Linux"/>
      </properties>
      <testcase name="Test Cases/Add Competitor" time="19.938" classname="Test Cases/Add Competitor" status="PASSED">
         <system-out><![CDATA[2022-05-12 11:21:45 - [TEST_CASE][PASSED] - Test Cases/Add Competitor: Test Cases/Add Competitor

2022-05-12 11:21:46 - [TEST_STEP][PASSED] - openBrowser(""): Browser is opened with url: ''

2022-05-12 11:21:46 - [MESSAGE][INFO] - Starting 'Chrome' driver

2022-05-12 11:21:46 - [MESSAGE][INFO] - Action delay is set to 0 milliseconds

2022-05-12 11:21:48 - [MESSAGE][PASSED] - Browser is opened with url: ''

2022-05-12 11:21:48 - [TEST_STEP][PASSED] - navigateToUrl("http://35.237.24.127:8081/dims-app/#/home"): Navigate to 'http://35.237.24.127:8081/dims-app/#/home' successfully

2022-05-12 11:21:55 - [MESSAGE][PASSED] - Navigate to 'http://35.237.24.127:8081/dims-app/#/home' successfully

2022-05-12 11:21:55 - [TEST_STEP][PASSED] - setText(findTestObject("Object Repository/Create Lead/Page_Debt IMS/input_Username_form-control w-75 ng-untouch_2a886e"), username): Text 'SUPER_USER7' is set on object 'Object Repository/Create Lead/Page_Debt IMS/input_Username_form-control w-75 ng-untouch_2a886e'

2022-05-12 11:21:56 - [MESSAGE][PASSED] - Text 'SUPER_USER7' is set on object 'Object Repository/Create Lead/Page_Debt IMS/input_Username_form-control w-75 ng-untouch_2a886e'

2022-05-12 11:21:56 - [TEST_STEP][PASSED] - setText(findTestObject("Object Repository/Create Lead/Page_Debt IMS/input_Password_form-control w-75 ng-untouch_173c6b"), pass): Text 'Abcd1234**' is set on object 'Object Repository/Create Lead/Page_Debt IMS/input_Password_form-control w-75 ng-untouch_173c6b'

2022-05-12 11:21:57 - [MESSAGE][PASSED] - Text 'Abcd1234**' is set on object 'Object Repository/Create Lead/Page_Debt IMS/input_Password_form-control w-75 ng-untouch_173c6b'

2022-05-12 11:21:57 - [TEST_STEP][PASSED] - click(findTestObject("Object Repository/Create Lead/Page_Debt IMS/button_Login")): Object: 'Object Repository/Create Lead/Page_Debt IMS/button_Login' is clicked on

2022-05-12 11:21:59 - [MESSAGE][PASSED] - Object: 'Object Repository/Create Lead/Page_Debt IMS/button_Login' is clicked on

2022-05-12 11:21:59 - [TEST_STEP][PASSED] - click(findTestObject("Competitors/Add Competitors/strong_Maintenance Tools")): Object: 'Object Repository/Competitors/Add Competitors/strong_Maintenance Tools' is clicked on

2022-05-12 11:22:00 - [MESSAGE][PASSED] - Object: 'Object Repository/Competitors/Add Competitors/strong_Maintenance Tools' is clicked on

2022-05-12 11:22:00 - [TEST_STEP][PASSED] - click(findTestObject("Competitors/Add Competitors/span_Competitors")): Object: 'Object Repository/Competitors/Add Competitors/span_Competitors' is clicked on

2022-05-12 11:22:00 - [MESSAGE][PASSED] - Object: 'Object Repository/Competitors/Add Competitors/span_Competitors' is clicked on

2022-05-12 11:22:01 - [TEST_STEP][PASSED] - click(findTestObject("Competitors/Add Competitors/button_Welcome, Julio Uzctegui_addButton")): Object: 'Object Repository/Competitors/Add Competitors/button_Welcome, Julio Uzctegui_addButton' is clicked on

2022-05-12 11:22:01 - [MESSAGE][PASSED] - Object: 'Object Repository/Competitors/Add Competitors/button_Welcome, Julio Uzctegui_addButton' is clicked on

2022-05-12 11:22:01 - [TEST_STEP][PASSED] - selectOptionByValue(findTestObject("Competitors/Add Competitors/select_office"), "1", false): All options with value '1' are selected in object 'Object Repository/Competitors/Add Competitors/select_office' 

2022-05-12 11:22:02 - [MESSAGE][PASSED] - All options with value '1' are selected in object 'Object Repository/Competitors/Add Competitors/select_office' 

2022-05-12 11:22:02 - [TEST_STEP][PASSED] - setText(findTestObject("Competitors/Add Competitors/input_Competitor_form"), competitorname): Text 'Test aut' is set on object 'Object Repository/Competitors/Add Competitors/input_Competitor_form'

2022-05-12 11:22:03 - [MESSAGE][PASSED] - Text 'Test aut' is set on object 'Object Repository/Competitors/Add Competitors/input_Competitor_form'

2022-05-12 11:22:03 - [TEST_STEP][PASSED] - click(findTestObject("Competitors/Add Competitors/button_Welcome, Julio Uzctegui_saveButton")): Object: 'Object Repository/Competitors/Add Competitors/button_Welcome, Julio Uzctegui_saveButton' is clicked on

2022-05-12 11:22:03 - [MESSAGE][PASSED] - Object: 'Object Repository/Competitors/Add Competitors/button_Welcome, Julio Uzctegui_saveButton' is clicked on

2022-05-12 11:22:03 - [TEST_STEP][PASSED] - delay(1): Delayed 1 second(s)

2022-05-12 11:22:04 - [MESSAGE][PASSED] - Delayed 1 second(s)

2022-05-12 11:22:04 - [TEST_STEP][PASSED] - takeFullPageScreenshot([]): Taking screenshot successfully

2022-05-12 11:22:04 - [MESSAGE][INFO] - 0 hidden object(s)

2022-05-12 11:22:05 - [MESSAGE][INFO] - 0 hidden object(s)

2022-05-12 11:22:05 - [MESSAGE][PASSED] - Taking screenshot successfully
[[ATTACHMENT|/home/juzcategui/git/DIMS/Reports/20220512_112141/Competitors/20220512_112141/1652368924792.png]]]]></system-out>
         <system-err><![CDATA[]]></system-err>
      </testcase>
      <testcase name="Test Cases/Edit Competitor" time="14.791" classname="Test Cases/Edit Competitor" status="PASSED">
         <system-out><![CDATA[2022-05-12 11:22:05 - [TEST_CASE][PASSED] - Test Cases/Edit Competitor: Test Cases/Edit Competitor

2022-05-12 11:22:05 - [TEST_STEP][PASSED] - openBrowser(""): Browser is opened with url: ''

2022-05-12 11:22:05 - [MESSAGE][WARNING] - A browser is already opened. Closing browser and opening a new one

2022-05-12 11:22:06 - [MESSAGE][INFO] - Starting 'Chrome' driver

2022-05-12 11:22:06 - [MESSAGE][INFO] - Action delay is set to 0 milliseconds

2022-05-12 11:22:06 - [MESSAGE][PASSED] - Browser is opened with url: ''

2022-05-12 11:22:06 - [TEST_STEP][PASSED] - navigateToUrl("http://35.237.24.127:8081/dims-app/#/home"): Navigate to 'http://35.237.24.127:8081/dims-app/#/home' successfully

2022-05-12 11:22:10 - [MESSAGE][PASSED] - Navigate to 'http://35.237.24.127:8081/dims-app/#/home' successfully

2022-05-12 11:22:10 - [TEST_STEP][PASSED] - setText(findTestObject("Object Repository/Create Lead/Page_Debt IMS/input_Username_form-control w-75 ng-untouch_2a886e"), username): Text 'SUPER_USER7' is set on object 'Object Repository/Create Lead/Page_Debt IMS/input_Username_form-control w-75 ng-untouch_2a886e'

2022-05-12 11:22:10 - [MESSAGE][PASSED] - Text 'SUPER_USER7' is set on object 'Object Repository/Create Lead/Page_Debt IMS/input_Username_form-control w-75 ng-untouch_2a886e'

2022-05-12 11:22:10 - [TEST_STEP][PASSED] - setText(findTestObject("Object Repository/Create Lead/Page_Debt IMS/input_Password_form-control w-75 ng-untouch_173c6b"), pass): Text 'Abcd1234**' is set on object 'Object Repository/Create Lead/Page_Debt IMS/input_Password_form-control w-75 ng-untouch_173c6b'

2022-05-12 11:22:11 - [MESSAGE][PASSED] - Text 'Abcd1234**' is set on object 'Object Repository/Create Lead/Page_Debt IMS/input_Password_form-control w-75 ng-untouch_173c6b'

2022-05-12 11:22:11 - [TEST_STEP][PASSED] - click(findTestObject("Object Repository/Create Lead/Page_Debt IMS/button_Login")): Object: 'Object Repository/Create Lead/Page_Debt IMS/button_Login' is clicked on

2022-05-12 11:22:11 - [MESSAGE][PASSED] - Object: 'Object Repository/Create Lead/Page_Debt IMS/button_Login' is clicked on

2022-05-12 11:22:11 - [TEST_STEP][PASSED] - click(findTestObject("Competitors/Add Competitors/strong_Maintenance Tools")): Object: 'Object Repository/Competitors/Add Competitors/strong_Maintenance Tools' is clicked on

2022-05-12 11:22:12 - [MESSAGE][PASSED] - Object: 'Object Repository/Competitors/Add Competitors/strong_Maintenance Tools' is clicked on

2022-05-12 11:22:12 - [TEST_STEP][PASSED] - click(findTestObject("Competitors/Add Competitors/span_Competitors")): Object: 'Object Repository/Competitors/Add Competitors/span_Competitors' is clicked on

2022-05-12 11:22:15 - [MESSAGE][PASSED] - Object: 'Object Repository/Competitors/Add Competitors/span_Competitors' is clicked on

2022-05-12 11:22:15 - [TEST_STEP][PASSED] - setText(findTestObject("Competitors/Edit Competitor/input competitors for search"), competitorname): Text 'Test aut' is set on object 'Object Repository/Competitors/Edit Competitor/input competitors for search'

2022-05-12 11:22:16 - [MESSAGE][PASSED] - Text 'Test aut' is set on object 'Object Repository/Competitors/Edit Competitor/input competitors for search'

2022-05-12 11:22:16 - [TEST_STEP][PASSED] - click(findTestObject("Competitors/Edit Competitor/button_Competitors_editButton")): Object: 'Object Repository/Competitors/Edit Competitor/button_Competitors_editButton' is clicked on

2022-05-12 11:22:16 - [MESSAGE][PASSED] - Object: 'Object Repository/Competitors/Edit Competitor/button_Competitors_editButton' is clicked on

2022-05-12 11:22:16 - [TEST_STEP][PASSED] - setText(findTestObject("Competitors/Edit Competitor/Page_Debt IMS/input_Competitor2nd"), competitornamemodify): Text 'Test aut modificado' is set on object 'Object Repository/Competitors/Edit Competitor/Page_Debt IMS/input_Competitor2nd'

2022-05-12 11:22:17 - [MESSAGE][PASSED] - Text 'Test aut modificado' is set on object 'Object Repository/Competitors/Edit Competitor/Page_Debt IMS/input_Competitor2nd'

2022-05-12 11:22:17 - [TEST_STEP][PASSED] - click(findTestObject("Competitors/Add Competitors/button_Welcome, Julio Uzctegui_saveButton")): Object: 'Object Repository/Competitors/Add Competitors/button_Welcome, Julio Uzctegui_saveButton' is clicked on

2022-05-12 11:22:18 - [MESSAGE][PASSED] - Object: 'Object Repository/Competitors/Add Competitors/button_Welcome, Julio Uzctegui_saveButton' is clicked on

2022-05-12 11:22:18 - [TEST_STEP][PASSED] - click(findTestObject("Competitors/Edit Competitor/button_Accept")): Object: 'Object Repository/Competitors/Edit Competitor/button_Accept' is clicked on

2022-05-12 11:22:18 - [MESSAGE][PASSED] - Object: 'Object Repository/Competitors/Edit Competitor/button_Accept' is clicked on

2022-05-12 11:22:18 - [TEST_STEP][PASSED] - delay(1): Delayed 1 second(s)

2022-05-12 11:22:19 - [MESSAGE][PASSED] - Delayed 1 second(s)

2022-05-12 11:22:19 - [TEST_STEP][PASSED] - takeFullPageScreenshot([]): Taking screenshot successfully

2022-05-12 11:22:19 - [MESSAGE][INFO] - 0 hidden object(s)

2022-05-12 11:22:20 - [MESSAGE][INFO] - 0 hidden object(s)

2022-05-12 11:22:20 - [MESSAGE][PASSED] - Taking screenshot successfully
[[ATTACHMENT|/home/juzcategui/git/DIMS/Reports/20220512_112141/Competitors/20220512_112141/1652368939767.png]]]]></system-out>
         <system-err><![CDATA[]]></system-err>
      </testcase>
      <testcase name="Test Cases/Delete Competitor" time="14.184" classname="Test Cases/Delete Competitor" status="PASSED">
         <system-out><![CDATA[2022-05-12 11:22:20 - [TEST_CASE][PASSED] - Test Cases/Delete Competitor: Test Cases/Delete Competitor

2022-05-12 11:22:20 - [TEST_STEP][PASSED] - openBrowser(""): Browser is opened with url: ''

2022-05-12 11:22:20 - [MESSAGE][WARNING] - A browser is already opened. Closing browser and opening a new one

2022-05-12 11:22:20 - [MESSAGE][INFO] - Starting 'Chrome' driver

2022-05-12 11:22:20 - [MESSAGE][INFO] - Action delay is set to 0 milliseconds

2022-05-12 11:22:21 - [MESSAGE][PASSED] - Browser is opened with url: ''

2022-05-12 11:22:21 - [TEST_STEP][PASSED] - navigateToUrl("http://35.237.24.127:8081/dims-app/#/home"): Navigate to 'http://35.237.24.127:8081/dims-app/#/home' successfully

2022-05-12 11:22:24 - [MESSAGE][PASSED] - Navigate to 'http://35.237.24.127:8081/dims-app/#/home' successfully

2022-05-12 11:22:24 - [TEST_STEP][PASSED] - setText(findTestObject("Object Repository/Create Lead/Page_Debt IMS/input_Username_form-control w-75 ng-untouch_2a886e"), username): Text 'SUPER_USER7' is set on object 'Object Repository/Create Lead/Page_Debt IMS/input_Username_form-control w-75 ng-untouch_2a886e'

2022-05-12 11:22:25 - [MESSAGE][PASSED] - Text 'SUPER_USER7' is set on object 'Object Repository/Create Lead/Page_Debt IMS/input_Username_form-control w-75 ng-untouch_2a886e'

2022-05-12 11:22:25 - [TEST_STEP][PASSED] - setText(findTestObject("Object Repository/Create Lead/Page_Debt IMS/input_Password_form-control w-75 ng-untouch_173c6b"), pass): Text 'Abcd1234**' is set on object 'Object Repository/Create Lead/Page_Debt IMS/input_Password_form-control w-75 ng-untouch_173c6b'

2022-05-12 11:22:26 - [MESSAGE][PASSED] - Text 'Abcd1234**' is set on object 'Object Repository/Create Lead/Page_Debt IMS/input_Password_form-control w-75 ng-untouch_173c6b'

2022-05-12 11:22:26 - [TEST_STEP][PASSED] - click(findTestObject("Object Repository/Create Lead/Page_Debt IMS/button_Login")): Object: 'Object Repository/Create Lead/Page_Debt IMS/button_Login' is clicked on

2022-05-12 11:22:26 - [MESSAGE][PASSED] - Object: 'Object Repository/Create Lead/Page_Debt IMS/button_Login' is clicked on

2022-05-12 11:22:26 - [TEST_STEP][PASSED] - click(findTestObject("Competitors/Add Competitors/strong_Maintenance Tools")): Object: 'Object Repository/Competitors/Add Competitors/strong_Maintenance Tools' is clicked on

2022-05-12 11:22:27 - [MESSAGE][PASSED] - Object: 'Object Repository/Competitors/Add Competitors/strong_Maintenance Tools' is clicked on

2022-05-12 11:22:27 - [TEST_STEP][PASSED] - click(findTestObject("Competitors/Add Competitors/span_Competitors")): Object: 'Object Repository/Competitors/Add Competitors/span_Competitors' is clicked on

2022-05-12 11:22:29 - [MESSAGE][PASSED] - Object: 'Object Repository/Competitors/Add Competitors/span_Competitors' is clicked on

2022-05-12 11:22:29 - [TEST_STEP][PASSED] - setText(findTestObject("Competitors/Edit Competitor/input competitors for search"), competitornamemodify): Text 'Test aut modificado' is set on object 'Object Repository/Competitors/Edit Competitor/input competitors for search'

2022-05-12 11:22:30 - [MESSAGE][PASSED] - Text 'Test aut modificado' is set on object 'Object Repository/Competitors/Edit Competitor/input competitors for search'

2022-05-12 11:22:30 - [TEST_STEP][PASSED] - click(findTestObject("Competitors/Delete competitor/Choose to delete")): Object: 'Object Repository/Competitors/Delete competitor/Choose to delete' is clicked on

2022-05-12 11:22:31 - [MESSAGE][PASSED] - Object: 'Object Repository/Competitors/Delete competitor/Choose to delete' is clicked on

2022-05-12 11:22:31 - [TEST_STEP][PASSED] - click(findTestObject("Competitors/Delete competitor/button_Welcome, Julio Uzctegui_deleteButton")): Object: 'Object Repository/Competitors/Delete competitor/button_Welcome, Julio Uzctegui_deleteButton' is clicked on

2022-05-12 11:22:32 - [MESSAGE][PASSED] - Object: 'Object Repository/Competitors/Delete competitor/button_Welcome, Julio Uzctegui_deleteButton' is clicked on

2022-05-12 11:22:32 - [TEST_STEP][PASSED] - click(findTestObject("Competitors/Delete competitor/button_Accept")): Object: 'Object Repository/Competitors/Delete competitor/button_Accept' is clicked on

2022-05-12 11:22:32 - [MESSAGE][PASSED] - Object: 'Object Repository/Competitors/Delete competitor/button_Accept' is clicked on

2022-05-12 11:22:32 - [TEST_STEP][PASSED] - delay(1): Delayed 1 second(s)

2022-05-12 11:22:33 - [MESSAGE][PASSED] - Delayed 1 second(s)

2022-05-12 11:22:33 - [TEST_STEP][PASSED] - takeFullPageScreenshot([]): Taking screenshot successfully

2022-05-12 11:22:33 - [MESSAGE][INFO] - 0 hidden object(s)

2022-05-12 11:22:34 - [MESSAGE][INFO] - 0 hidden object(s)

2022-05-12 11:22:34 - [MESSAGE][PASSED] - Taking screenshot successfully
[[ATTACHMENT|/home/juzcategui/git/DIMS/Reports/20220512_112141/Competitors/20220512_112141/1652368953993.png]]]]></system-out>
         <system-err><![CDATA[]]></system-err>
      </testcase>
      <system-out><![CDATA[2022-05-12 11:21:44 - [TEST_SUITE][PASSED] - Competitors: Test Cases/Delete Competitor]]></system-out>
      <system-err><![CDATA[]]></system-err>
   </testsuite>
</testsuites>
