<?xml version="1.0" encoding="UTF-8"?>
<testsuites name="Ip restrictions" time="54.993" tests="3" failures="0" errors="0">
   <testsuite name="Ip restrictions" tests="3" failures="0" errors="0" time="54.993" skipped="0" timestamp="2022-03-18 09:05:34" hostname="juzcategui - juzcategui" id="Test Suites/Ip restrictions">
      <properties>
         <property name="deviceName" value=""/>
         <property name="devicePlatform" value=""/>
         <property name="logFolder" value="/home/juzcategui/git/DIMS/Reports/20220318_090531/Ip restrictions/20220318_090531"/>
         <property name="logFiles" value="/home/juzcategui/git/DIMS/Reports/20220318_090531/Ip restrictions/20220318_090531/execution0.log"/>
         <property name="attachments" value=""/>
         <property name="hostName" value="juzcategui - juzcategui"/>
         <property name="os" value="Linux 64bit"/>
         <property name="katalonVersion" value="8.2.5.208"/>
         <property name="browser" value="Chrome 98.0.4758.102"/>
         <property name="hostAddress" value="192.168.12.44"/>
         <property name="sessionId" value="96213a263393cddb22068b6c78edba68"/>
         <property name="seleniumVersion" value="3.141.59"/>
         <property name="proxyInformation" value="ProxyInformation { proxyOption=NO_PROXY, proxyServerType=HTTP, username=, password=********, proxyServerAddress=, proxyServerPort=0, executionList=&quot;&quot;, isApplyToDesiredCapabilities=true }"/>
         <property name="platform" value="Linux"/>
      </properties>
      <testcase name="Test Cases/Add IP" time="21.916" classname="Test Cases/Add IP" status="PASSED">
         <system-out><![CDATA[2022-03-18 09:05:35 - [TEST_CASE][PASSED] - Test Cases/Add IP: Test Cases/Add IP

2022-03-18 09:05:35 - [TEST_STEP][PASSED] - openBrowser(""): Browser is opened with url: ''

2022-03-18 09:05:36 - [MESSAGE][INFO] - Starting 'Chrome' driver

2022-03-18 09:05:36 - [MESSAGE][INFO] - Action delay is set to 0 milliseconds

2022-03-18 09:05:38 - [MESSAGE][PASSED] - Browser is opened with url: ''

2022-03-18 09:05:38 - [TEST_STEP][PASSED] - navigateToUrl("http://35.237.24.127:8081/dims-app/#/home"): Navigate to 'http://35.237.24.127:8081/dims-app/#/home' successfully

2022-03-18 09:05:42 - [MESSAGE][PASSED] - Navigate to 'http://35.237.24.127:8081/dims-app/#/home' successfully

2022-03-18 09:05:42 - [TEST_STEP][PASSED] - setText(findTestObject("Object Repository/Add IP objects/input_Username_form-control w-75 ng-untouch_2a886e"), username): Text 'SUPER_USER7' is set on object 'Object Repository/Add IP objects/input_Username_form-control w-75 ng-untouch_2a886e'

2022-03-18 09:05:43 - [MESSAGE][PASSED] - Text 'SUPER_USER7' is set on object 'Object Repository/Add IP objects/input_Username_form-control w-75 ng-untouch_2a886e'

2022-03-18 09:05:43 - [TEST_STEP][PASSED] - setText(findTestObject("Object Repository/Add IP objects/input_Password_form-control w-75 ng-untouch_173c6b"), pass): Text 'Abcd1234**' is set on object 'Object Repository/Add IP objects/input_Password_form-control w-75 ng-untouch_173c6b'

2022-03-18 09:05:43 - [MESSAGE][PASSED] - Text 'Abcd1234**' is set on object 'Object Repository/Add IP objects/input_Password_form-control w-75 ng-untouch_173c6b'

2022-03-18 09:05:43 - [TEST_STEP][PASSED] - click(findTestObject("Object Repository/Add IP objects/button_Login")): Object: 'Object Repository/Add IP objects/button_Login' is clicked on

2022-03-18 09:05:46 - [MESSAGE][PASSED] - Object: 'Object Repository/Add IP objects/button_Login' is clicked on

2022-03-18 09:05:46 - [TEST_STEP][PASSED] - click(findTestObject("Object Repository/Add IP objects/strong_Office Tools")): Object: 'Object Repository/Add IP objects/strong_Office Tools' is clicked on

2022-03-18 09:05:47 - [MESSAGE][PASSED] - Object: 'Object Repository/Add IP objects/strong_Office Tools' is clicked on

2022-03-18 09:05:47 - [TEST_STEP][PASSED] - click(findTestObject("Object Repository/Add IP objects/span_IP Restrictions")): Object: 'Object Repository/Add IP objects/span_IP Restrictions' is clicked on

2022-03-18 09:05:47 - [MESSAGE][PASSED] - Object: 'Object Repository/Add IP objects/span_IP Restrictions' is clicked on

2022-03-18 09:05:47 - [TEST_STEP][PASSED] - click(findTestObject("Object Repository/Add IP objects/button_Welcome, Julio Uzctegui_addButton")): Object: 'Object Repository/Add IP objects/button_Welcome, Julio Uzctegui_addButton' is clicked on

2022-03-18 09:05:48 - [MESSAGE][PASSED] - Object: 'Object Repository/Add IP objects/button_Welcome, Julio Uzctegui_addButton' is clicked on

2022-03-18 09:05:48 - [TEST_STEP][PASSED] - selectOptionByValue(findTestObject("Object Repository/Add IP objects/select_Select OneDebt - ImsConsumer Capital_056a35"), "9", true): All options with value '9' are selected in object 'Object Repository/Add IP objects/select_Select OneDebt - ImsConsumer Capital_056a35'  using regular expression

2022-03-18 09:05:49 - [MESSAGE][PASSED] - All options with value '9' are selected in object 'Object Repository/Add IP objects/select_Select OneDebt - ImsConsumer Capital_056a35'  using regular expression

2022-03-18 09:05:49 - [TEST_STEP][PASSED] - setText(findTestObject("Object Repository/Add IP objects/input_IP Address_form-control shadow-none n_fc27df"), ip): Text '172.168.0.144' is set on object 'Object Repository/Add IP objects/input_IP Address_form-control shadow-none n_fc27df'

2022-03-18 09:05:50 - [MESSAGE][PASSED] - Text '172.168.0.144' is set on object 'Object Repository/Add IP objects/input_IP Address_form-control shadow-none n_fc27df'

2022-03-18 09:05:50 - [TEST_STEP][PASSED] - setText(findTestObject("Add IP objects/input_Description_form-control shadow-none ng-untouched ng-pristine ng-invalid"), ipname): Text 'ip CGTS' is set on object 'Object Repository/Add IP objects/input_Description_form-control shadow-none ng-untouched ng-pristine ng-invalid'

2022-03-18 09:05:51 - [MESSAGE][PASSED] - Text 'ip CGTS' is set on object 'Object Repository/Add IP objects/input_Description_form-control shadow-none ng-untouched ng-pristine ng-invalid'

2022-03-18 09:05:51 - [TEST_STEP][PASSED] - click(findTestObject("Object Repository/Add IP objects/button_Welcome, Julio Uzctegui_saveButton")): Object: 'Object Repository/Add IP objects/button_Welcome, Julio Uzctegui_saveButton' is clicked on

2022-03-18 09:05:51 - [MESSAGE][PASSED] - Object: 'Object Repository/Add IP objects/button_Welcome, Julio Uzctegui_saveButton' is clicked on

2022-03-18 09:05:51 - [TEST_STEP][PASSED] - click(findTestObject("edit actions/button_Accept")): Object: 'Object Repository/edit actions/button_Accept' is clicked on

2022-03-18 09:05:57 - [MESSAGE][PASSED] - Object: 'Object Repository/edit actions/button_Accept' is clicked on

2022-03-18 09:05:57 - [TEST_STEP][PASSED] - closeBrowser(): Browser is closed

2022-03-18 09:05:57 - [MESSAGE][PASSED] - Browser is closed]]></system-out>
         <system-err><![CDATA[]]></system-err>
      </testcase>
      <testcase name="Test Cases/Edit IP" time="16.678" classname="Test Cases/Edit IP" status="PASSED">
         <system-out><![CDATA[2022-03-18 09:05:57 - [TEST_CASE][PASSED] - Test Cases/Edit IP: Test Cases/Edit IP

2022-03-18 09:05:57 - [TEST_STEP][PASSED] - openBrowser(""): Browser is opened with url: ''

2022-03-18 09:05:57 - [MESSAGE][INFO] - Starting 'Chrome' driver

2022-03-18 09:05:57 - [MESSAGE][INFO] - Action delay is set to 0 milliseconds

2022-03-18 09:05:58 - [MESSAGE][PASSED] - Browser is opened with url: ''

2022-03-18 09:05:58 - [TEST_STEP][PASSED] - navigateToUrl("http://35.237.24.127:8081/dims-app/#/home"): Navigate to 'http://35.237.24.127:8081/dims-app/#/home' successfully

2022-03-18 09:06:02 - [MESSAGE][PASSED] - Navigate to 'http://35.237.24.127:8081/dims-app/#/home' successfully

2022-03-18 09:06:02 - [TEST_STEP][PASSED] - setText(findTestObject("Object Repository/Edit Ip Office/input_Username_form-control w-75 ng-untouch_2a886e"), username): Text 'SUPER_USER7' is set on object 'Object Repository/Edit Ip Office/input_Username_form-control w-75 ng-untouch_2a886e'

2022-03-18 09:06:03 - [MESSAGE][PASSED] - Text 'SUPER_USER7' is set on object 'Object Repository/Edit Ip Office/input_Username_form-control w-75 ng-untouch_2a886e'

2022-03-18 09:06:03 - [TEST_STEP][PASSED] - setText(findTestObject("Object Repository/Add IP objects/input_Password_form-control w-75 ng-untouch_173c6b"), pass): Text 'Abcd1234**' is set on object 'Object Repository/Add IP objects/input_Password_form-control w-75 ng-untouch_173c6b'

2022-03-18 09:06:03 - [MESSAGE][PASSED] - Text 'Abcd1234**' is set on object 'Object Repository/Add IP objects/input_Password_form-control w-75 ng-untouch_173c6b'

2022-03-18 09:06:03 - [TEST_STEP][PASSED] - click(findTestObject("Object Repository/Edit Ip Office/button_Login")): Object: 'Object Repository/Edit Ip Office/button_Login' is clicked on

2022-03-18 09:06:06 - [MESSAGE][PASSED] - Object: 'Object Repository/Edit Ip Office/button_Login' is clicked on

2022-03-18 09:06:06 - [TEST_STEP][PASSED] - click(findTestObject("Object Repository/Edit Ip Office/strong_Office Tools")): Object: 'Object Repository/Edit Ip Office/strong_Office Tools' is clicked on

2022-03-18 09:06:07 - [MESSAGE][PASSED] - Object: 'Object Repository/Edit Ip Office/strong_Office Tools' is clicked on

2022-03-18 09:06:07 - [TEST_STEP][PASSED] - click(findTestObject("Object Repository/Edit Ip Office/span_IP Restrictions")): Object: 'Object Repository/Edit Ip Office/span_IP Restrictions' is clicked on

2022-03-18 09:06:07 - [MESSAGE][PASSED] - Object: 'Object Repository/Edit Ip Office/span_IP Restrictions' is clicked on

2022-03-18 09:06:07 - [TEST_STEP][PASSED] - setText(findTestObject("Object Repository/Edit Ip Office/input_IP Restrictions_p-inputtext p-compone_ad6e79"), "Ip cgts"): Text 'Ip cgts' is set on object 'Object Repository/Edit Ip Office/input_IP Restrictions_p-inputtext p-compone_ad6e79'

2022-03-18 09:06:08 - [MESSAGE][PASSED] - Text 'Ip cgts' is set on object 'Object Repository/Edit Ip Office/input_IP Restrictions_p-inputtext p-compone_ad6e79'

2022-03-18 09:06:08 - [TEST_STEP][PASSED] - click(findTestObject("Object Repository/Edit Ip Office/button_Active_editButton")): Object: 'Object Repository/Edit Ip Office/button_Active_editButton' is clicked on

2022-03-18 09:06:08 - [MESSAGE][PASSED] - Object: 'Object Repository/Edit Ip Office/button_Active_editButton' is clicked on

2022-03-18 09:06:08 - [TEST_STEP][PASSED] - setText(findTestObject("Object Repository/Edit Ip Office/input_IP Address_form-control shadow-none n_a5e085"), ip): Text '172.168.0.199' is set on object 'Object Repository/Edit Ip Office/input_IP Address_form-control shadow-none n_a5e085'

2022-03-18 09:06:09 - [MESSAGE][PASSED] - Text '172.168.0.199' is set on object 'Object Repository/Edit Ip Office/input_IP Address_form-control shadow-none n_a5e085'

2022-03-18 09:06:09 - [TEST_STEP][PASSED] - setText(findTestObject("Add IP objects/input_Description_form-control shadow-none ng-untouched ng-pristine ng-invalid"), ipname): Text 'ip CGTS modificada' is set on object 'Object Repository/Add IP objects/input_Description_form-control shadow-none ng-untouched ng-pristine ng-invalid'

2022-03-18 09:06:10 - [MESSAGE][PASSED] - Text 'ip CGTS modificada' is set on object 'Object Repository/Add IP objects/input_Description_form-control shadow-none ng-untouched ng-pristine ng-invalid'

2022-03-18 09:06:10 - [TEST_STEP][PASSED] - delay(2, STOP_ON_FAILURE): Delayed 2 second(s)

2022-03-18 09:06:12 - [MESSAGE][PASSED] - Delayed 2 second(s)

2022-03-18 09:06:12 - [TEST_STEP][PASSED] - click(findTestObject("Edit Ip Office/button_Welcome, Julio Uzctegui_saveButton")): Object: 'Object Repository/Edit Ip Office/button_Welcome, Julio Uzctegui_saveButton' is clicked on

2022-03-18 09:06:13 - [MESSAGE][PASSED] - Object: 'Object Repository/Edit Ip Office/button_Welcome, Julio Uzctegui_saveButton' is clicked on

2022-03-18 09:06:13 - [TEST_STEP][PASSED] - click(findTestObject("Edit Ip Office/button_Accept"), STOP_ON_FAILURE): Object: 'Object Repository/Edit Ip Office/button_Accept' is clicked on

2022-03-18 09:06:13 - [MESSAGE][PASSED] - Object: 'Object Repository/Edit Ip Office/button_Accept' is clicked on

2022-03-18 09:06:13 - [TEST_STEP][PASSED] - closeBrowser(): Browser is closed

2022-03-18 09:06:14 - [MESSAGE][PASSED] - Browser is closed]]></system-out>
         <system-err><![CDATA[]]></system-err>
      </testcase>
      <testcase name="Test Cases/Delete Ip" time="15.593" classname="Test Cases/Delete Ip" status="PASSED">
         <system-out><![CDATA[2022-03-18 09:06:14 - [TEST_CASE][PASSED] - Test Cases/Delete Ip: Test Cases/Delete Ip

2022-03-18 09:06:14 - [TEST_STEP][PASSED] - openBrowser(""): Browser is opened with url: ''

2022-03-18 09:06:14 - [MESSAGE][INFO] - Starting 'Chrome' driver

2022-03-18 09:06:14 - [MESSAGE][INFO] - Action delay is set to 0 milliseconds

2022-03-18 09:06:15 - [MESSAGE][PASSED] - Browser is opened with url: ''

2022-03-18 09:06:15 - [TEST_STEP][PASSED] - navigateToUrl("http://35.237.24.127:8081/dims-app/#/home"): Navigate to 'http://35.237.24.127:8081/dims-app/#/home' successfully

2022-03-18 09:06:19 - [MESSAGE][PASSED] - Navigate to 'http://35.237.24.127:8081/dims-app/#/home' successfully

2022-03-18 09:06:19 - [TEST_STEP][PASSED] - setText(findTestObject("Object Repository/debt ims R/Page_Debt IMS/input_Username_form-control w-75 ng-untouch_2a886e"), username): Text 'SUPER_USER7' is set on object 'Object Repository/debt ims R/Page_Debt IMS/input_Username_form-control w-75 ng-untouch_2a886e'

2022-03-18 09:06:20 - [MESSAGE][PASSED] - Text 'SUPER_USER7' is set on object 'Object Repository/debt ims R/Page_Debt IMS/input_Username_form-control w-75 ng-untouch_2a886e'

2022-03-18 09:06:20 - [TEST_STEP][PASSED] - setText(findTestObject("Object Repository/debt ims R/Page_Debt IMS/input_Password_form-control w-75 ng-untouch_173c6b"), pass): Text 'Abcd1234**' is set on object 'Object Repository/debt ims R/Page_Debt IMS/input_Password_form-control w-75 ng-untouch_173c6b'

2022-03-18 09:06:20 - [MESSAGE][PASSED] - Text 'Abcd1234**' is set on object 'Object Repository/debt ims R/Page_Debt IMS/input_Password_form-control w-75 ng-untouch_173c6b'

2022-03-18 09:06:20 - [TEST_STEP][PASSED] - click(findTestObject("Object Repository/debt ims R/Page_Debt IMS/button_Login")): Object: 'Object Repository/debt ims R/Page_Debt IMS/button_Login' is clicked on

2022-03-18 09:06:23 - [MESSAGE][PASSED] - Object: 'Object Repository/debt ims R/Page_Debt IMS/button_Login' is clicked on

2022-03-18 09:06:23 - [TEST_STEP][PASSED] - click(findTestObject("Object Repository/debt ims R/Page_Debt IMS/strong_Office Tools")): Object: 'Object Repository/debt ims R/Page_Debt IMS/strong_Office Tools' is clicked on

2022-03-18 09:06:24 - [MESSAGE][PASSED] - Object: 'Object Repository/debt ims R/Page_Debt IMS/strong_Office Tools' is clicked on

2022-03-18 09:06:24 - [TEST_STEP][PASSED] - click(findTestObject("Object Repository/Edit Ip Office/span_IP Restrictions")): Object: 'Object Repository/Edit Ip Office/span_IP Restrictions' is clicked on

2022-03-18 09:06:24 - [MESSAGE][PASSED] - Object: 'Object Repository/Edit Ip Office/span_IP Restrictions' is clicked on

2022-03-18 09:06:24 - [TEST_STEP][PASSED] - setText(findTestObject("Object Repository/Edit Ip Office/input_IP Restrictions_p-inputtext p-compone_ad6e79"), "Ip CGTS modificada"): Text 'Ip CGTS modificada' is set on object 'Object Repository/Edit Ip Office/input_IP Restrictions_p-inputtext p-compone_ad6e79'

2022-03-18 09:06:26 - [MESSAGE][PASSED] - Text 'Ip CGTS modificada' is set on object 'Object Repository/Edit Ip Office/input_IP Restrictions_p-inputtext p-compone_ad6e79'

2022-03-18 09:06:26 - [TEST_STEP][PASSED] - delay(2, STOP_ON_FAILURE): Delayed 2 second(s)

2022-03-18 09:06:28 - [MESSAGE][PASSED] - Delayed 2 second(s)

2022-03-18 09:06:28 - [TEST_STEP][PASSED] - click(findTestObject("Delete Options/Choose office")): Object: 'Object Repository/Delete Options/Choose office' is clicked on

2022-03-18 09:06:28 - [MESSAGE][PASSED] - Object: 'Object Repository/Delete Options/Choose office' is clicked on

2022-03-18 09:06:28 - [TEST_STEP][PASSED] - click(findTestObject("Delete Options/deleteButton ip")): Object: 'Object Repository/Delete Options/deleteButton ip' is clicked on

2022-03-18 09:06:28 - [MESSAGE][PASSED] - Object: 'Object Repository/Delete Options/deleteButton ip' is clicked on

2022-03-18 09:06:28 - [TEST_STEP][PASSED] - click(findTestObject("Delete Options/button_Accept ip")): Object: 'Object Repository/Delete Options/button_Accept ip' is clicked on

2022-03-18 09:06:29 - [MESSAGE][PASSED] - Object: 'Object Repository/Delete Options/button_Accept ip' is clicked on]]></system-out>
         <system-err><![CDATA[]]></system-err>
      </testcase>
      <system-out><![CDATA[2022-03-18 09:05:34 - [TEST_SUITE][PASSED] - Ip restrictions: Test Cases/Delete Ip]]></system-out>
      <system-err><![CDATA[]]></system-err>
   </testsuite>
</testsuites>
