<?xml version="1.0" encoding="UTF-8"?>
<testsuites name="Debt Type" time="79.753" tests="3" failures="0" errors="0">
   <testsuite name="Debt Type" tests="3" failures="0" errors="0" time="79.753" skipped="0" timestamp="2022-03-24 15:14:38" hostname="juzcategui - juzcategui" id="Test Suites/Debt Type">
      <properties>
         <property name="deviceName" value=""/>
         <property name="devicePlatform" value=""/>
         <property name="logFolder" value="/home/juzcategui/git/DIMS/Reports/20220324_151435/Debt Type/20220324_151435"/>
         <property name="logFiles" value="/home/juzcategui/git/DIMS/Reports/20220324_151435/Debt Type/20220324_151435/execution0.log"/>
         <property name="attachments" value="/home/juzcategui/git/DIMS/Reports/20220324_151435/Debt Type/20220324_151435/1648149342907.png"/>
         <property name="hostName" value="juzcategui - juzcategui"/>
         <property name="os" value="Linux 64bit"/>
         <property name="katalonVersion" value="8.2.5.208"/>
         <property name="browser" value="Chrome 98.0.4758.102"/>
         <property name="hostAddress" value="192.168.12.44"/>
         <property name="sessionId" value="60e178ba99529c2ff5b52f3fd9484136"/>
         <property name="seleniumVersion" value="3.141.59"/>
         <property name="proxyInformation" value="ProxyInformation { proxyOption=NO_PROXY, proxyServerType=HTTP, username=, password=********, proxyServerAddress=, proxyServerPort=0, executionList=&quot;&quot;, isApplyToDesiredCapabilities=true }"/>
         <property name="platform" value="Linux"/>
      </properties>
      <testcase name="Test Cases/Add debt Type" time="13.462" classname="Test Cases/Add debt Type" status="PASSED">
         <system-out><![CDATA[2022-03-24 15:14:39 - [TEST_CASE][PASSED] - Test Cases/Add debt Type: Test Cases/Add debt Type

2022-03-24 15:14:39 - [TEST_STEP][PASSED] - openBrowser(""): Browser is opened with url: ''

2022-03-24 15:14:39 - [MESSAGE][INFO] - Starting 'Chrome' driver

2022-03-24 15:14:39 - [MESSAGE][INFO] - Action delay is set to 0 milliseconds

2022-03-24 15:14:41 - [MESSAGE][PASSED] - Browser is opened with url: ''

2022-03-24 15:14:41 - [TEST_STEP][PASSED] - navigateToUrl("http://35.237.24.127:8081/dims-app/#/home"): Navigate to 'http://35.237.24.127:8081/dims-app/#/home' successfully

2022-03-24 15:14:43 - [MESSAGE][PASSED] - Navigate to 'http://35.237.24.127:8081/dims-app/#/home' successfully

2022-03-24 15:14:44 - [TEST_STEP][PASSED] - setText(findTestObject("Object Repository/Create Lead/Page_Debt IMS/input_Username_form-control w-75 ng-untouch_2a886e"), username): Text 'SUPER_USER7' is set on object 'Object Repository/Create Lead/Page_Debt IMS/input_Username_form-control w-75 ng-untouch_2a886e'

2022-03-24 15:14:44 - [MESSAGE][PASSED] - Text 'SUPER_USER7' is set on object 'Object Repository/Create Lead/Page_Debt IMS/input_Username_form-control w-75 ng-untouch_2a886e'

2022-03-24 15:14:44 - [TEST_STEP][PASSED] - setText(findTestObject("Object Repository/Create Lead/Page_Debt IMS/input_Password_form-control w-75 ng-untouch_173c6b"), pass): Text 'Abcd1234**' is set on object 'Object Repository/Create Lead/Page_Debt IMS/input_Password_form-control w-75 ng-untouch_173c6b'

2022-03-24 15:14:45 - [MESSAGE][PASSED] - Text 'Abcd1234**' is set on object 'Object Repository/Create Lead/Page_Debt IMS/input_Password_form-control w-75 ng-untouch_173c6b'

2022-03-24 15:14:45 - [TEST_STEP][PASSED] - click(findTestObject("Object Repository/Create Lead/Page_Debt IMS/button_Login")): Object: 'Object Repository/Create Lead/Page_Debt IMS/button_Login' is clicked on

2022-03-24 15:14:48 - [MESSAGE][PASSED] - Object: 'Object Repository/Create Lead/Page_Debt IMS/button_Login' is clicked on

2022-03-24 15:14:48 - [TEST_STEP][PASSED] - click(findTestObject("Object Repository/Create Lead/Page_Debt IMS/strong_Maintenance Tools")): Object: 'Object Repository/Create Lead/Page_Debt IMS/strong_Maintenance Tools' is clicked on

2022-03-24 15:14:48 - [MESSAGE][PASSED] - Object: 'Object Repository/Create Lead/Page_Debt IMS/strong_Maintenance Tools' is clicked on

2022-03-24 15:14:48 - [TEST_STEP][PASSED] - click(findTestObject("debt type/add/span_Debt Type")): Object: 'Object Repository/debt type/add/span_Debt Type' is clicked on

2022-03-24 15:14:49 - [MESSAGE][PASSED] - Object: 'Object Repository/debt type/add/span_Debt Type' is clicked on

2022-03-24 15:14:49 - [TEST_STEP][PASSED] - click(findTestObject("Object Repository/Create Lead/Page_Debt IMS/button_Welcome, Julio Uzctegui_addButton")): Object: 'Object Repository/Create Lead/Page_Debt IMS/button_Welcome, Julio Uzctegui_addButton' is clicked on

2022-03-24 15:14:50 - [MESSAGE][PASSED] - Object: 'Object Repository/Create Lead/Page_Debt IMS/button_Welcome, Julio Uzctegui_addButton' is clicked on

2022-03-24 15:14:50 - [TEST_STEP][PASSED] - click(findTestObject("Object Repository/Create Lead/Page_Debt IMS/div_Select an Office(s)")): Object: 'Object Repository/Create Lead/Page_Debt IMS/div_Select an Office(s)' is clicked on

2022-03-24 15:14:50 - [MESSAGE][PASSED] - Object: 'Object Repository/Create Lead/Page_Debt IMS/div_Select an Office(s)' is clicked on

2022-03-24 15:14:50 - [TEST_STEP][PASSED] - click(findTestObject("Object Repository/Create Lead/Page_Debt IMS/div_Select an Office(s)_p-checkbox-box")): Object: 'Object Repository/Create Lead/Page_Debt IMS/div_Select an Office(s)_p-checkbox-box' is clicked on

2022-03-24 15:14:51 - [MESSAGE][PASSED] - Object: 'Object Repository/Create Lead/Page_Debt IMS/div_Select an Office(s)_p-checkbox-box' is clicked on

2022-03-24 15:14:51 - [TEST_STEP][PASSED] - setText(findTestObject("debt type/add/input_Debt name"), debttypename): Text 'Test dg aut' is set on object 'Object Repository/debt type/add/input_Debt name'

2022-03-24 15:14:52 - [MESSAGE][PASSED] - Text 'Test dg aut' is set on object 'Object Repository/debt type/add/input_Debt name'

2022-03-24 15:14:52 - [TEST_STEP][PASSED] - click(findTestObject("Object Repository/Create Lead/Page_Debt IMS/edit -delete lead source/Page_Debt IMS/button_Welcome, Julio Uzctegui_saveButton")): Object: 'Object Repository/Create Lead/Page_Debt IMS/edit -delete lead source/Page_Debt IMS/button_Welcome, Julio Uzctegui_saveButton' is clicked on

2022-03-24 15:14:52 - [MESSAGE][PASSED] - Object: 'Object Repository/Create Lead/Page_Debt IMS/edit -delete lead source/Page_Debt IMS/button_Welcome, Julio Uzctegui_saveButton' is clicked on]]></system-out>
         <system-err><![CDATA[]]></system-err>
      </testcase>
      <testcase name="Test Cases/Edit debt Type" time="14.823" classname="Test Cases/Edit debt Type" status="PASSED">
         <system-out><![CDATA[2022-03-24 15:14:52 - [TEST_CASE][PASSED] - Test Cases/Edit debt Type: Test Cases/Edit debt Type

2022-03-24 15:14:52 - [TEST_STEP][PASSED] - openBrowser(""): Browser is opened with url: ''

2022-03-24 15:14:52 - [MESSAGE][WARNING] - A browser is already opened. Closing browser and opening a new one

2022-03-24 15:14:52 - [MESSAGE][INFO] - Starting 'Chrome' driver

2022-03-24 15:14:53 - [MESSAGE][INFO] - Action delay is set to 0 milliseconds

2022-03-24 15:14:53 - [MESSAGE][PASSED] - Browser is opened with url: ''

2022-03-24 15:14:53 - [TEST_STEP][PASSED] - navigateToUrl("http://35.237.24.127:8081/dims-app/#/home"): Navigate to 'http://35.237.24.127:8081/dims-app/#/home' successfully

2022-03-24 15:14:56 - [MESSAGE][PASSED] - Navigate to 'http://35.237.24.127:8081/dims-app/#/home' successfully

2022-03-24 15:14:56 - [TEST_STEP][PASSED] - setText(findTestObject("Object Repository/Create Lead/Page_Debt IMS/input_Username_form-control w-75 ng-untouch_2a886e"), username): Text 'SUPER_USER7' is set on object 'Object Repository/Create Lead/Page_Debt IMS/input_Username_form-control w-75 ng-untouch_2a886e'

2022-03-24 15:14:57 - [MESSAGE][PASSED] - Text 'SUPER_USER7' is set on object 'Object Repository/Create Lead/Page_Debt IMS/input_Username_form-control w-75 ng-untouch_2a886e'

2022-03-24 15:14:57 - [TEST_STEP][PASSED] - setText(findTestObject("Object Repository/Create Lead/Page_Debt IMS/input_Password_form-control w-75 ng-untouch_173c6b"), pass): Text 'Abcd1234**' is set on object 'Object Repository/Create Lead/Page_Debt IMS/input_Password_form-control w-75 ng-untouch_173c6b'

2022-03-24 15:14:58 - [MESSAGE][PASSED] - Text 'Abcd1234**' is set on object 'Object Repository/Create Lead/Page_Debt IMS/input_Password_form-control w-75 ng-untouch_173c6b'

2022-03-24 15:14:58 - [TEST_STEP][PASSED] - click(findTestObject("Object Repository/Create Lead/Page_Debt IMS/button_Login")): Object: 'Object Repository/Create Lead/Page_Debt IMS/button_Login' is clicked on

2022-03-24 15:15:00 - [MESSAGE][PASSED] - Object: 'Object Repository/Create Lead/Page_Debt IMS/button_Login' is clicked on

2022-03-24 15:15:00 - [TEST_STEP][PASSED] - click(findTestObject("Object Repository/Create Lead/Page_Debt IMS/strong_Maintenance Tools")): Object: 'Object Repository/Create Lead/Page_Debt IMS/strong_Maintenance Tools' is clicked on

2022-03-24 15:15:01 - [MESSAGE][PASSED] - Object: 'Object Repository/Create Lead/Page_Debt IMS/strong_Maintenance Tools' is clicked on

2022-03-24 15:15:01 - [TEST_STEP][PASSED] - click(findTestObject("debt type/add/span_Debt Type")): Object: 'Object Repository/debt type/add/span_Debt Type' is clicked on

2022-03-24 15:15:02 - [MESSAGE][PASSED] - Object: 'Object Repository/debt type/add/span_Debt Type' is clicked on

2022-03-24 15:15:02 - [TEST_STEP][PASSED] - setText(findTestObject("debt type/add/input_Debt Type search"), "test dg aut"): Text 'test dg aut' is set on object 'Object Repository/debt type/add/input_Debt Type search'

2022-03-24 15:15:03 - [MESSAGE][PASSED] - Text 'test dg aut' is set on object 'Object Repository/debt type/add/input_Debt Type search'

2022-03-24 15:15:03 - [TEST_STEP][PASSED] - click(findTestObject("debt type/add/button_Office_editButton edit type edit")): Object: 'Object Repository/debt type/add/button_Office_editButton edit type edit' is clicked on

2022-03-24 15:15:03 - [MESSAGE][PASSED] - Object: 'Object Repository/debt type/add/button_Office_editButton edit type edit' is clicked on

2022-03-24 15:15:03 - [TEST_STEP][PASSED] - click(findTestObject("Object Repository/Create Lead/Page_Debt IMS/div_Select an Office(s)")): Object: 'Object Repository/Create Lead/Page_Debt IMS/div_Select an Office(s)' is clicked on

2022-03-24 15:15:04 - [MESSAGE][PASSED] - Object: 'Object Repository/Create Lead/Page_Debt IMS/div_Select an Office(s)' is clicked on

2022-03-24 15:15:04 - [TEST_STEP][PASSED] - click(findTestObject("debt type/add/div_Consumer Capital Advocates LLC_to choose office")): Object: 'Object Repository/debt type/add/div_Consumer Capital Advocates LLC_to choose office' is clicked on

2022-03-24 15:15:04 - [MESSAGE][PASSED] - Object: 'Object Repository/debt type/add/div_Consumer Capital Advocates LLC_to choose office' is clicked on

2022-03-24 15:15:04 - [TEST_STEP][PASSED] - setText(findTestObject("debt type/add/input_Debt name"), debttypename): Text 'Test dg aut modifcado' is set on object 'Object Repository/debt type/add/input_Debt name'

2022-03-24 15:15:05 - [MESSAGE][PASSED] - Text 'Test dg aut modifcado' is set on object 'Object Repository/debt type/add/input_Debt name'

2022-03-24 15:15:05 - [TEST_STEP][PASSED] - click(findTestObject("debt type/add/select_YesNo"), STOP_ON_FAILURE): Object: 'Object Repository/debt type/add/select_YesNo' is clicked on

2022-03-24 15:15:05 - [MESSAGE][PASSED] - Object: 'Object Repository/debt type/add/select_YesNo' is clicked on

2022-03-24 15:15:05 - [TEST_STEP][PASSED] - click(findTestObject("Object Repository/Create Lead/Page_Debt IMS/edit -delete lead source/Page_Debt IMS/button_Welcome, Julio Uzctegui_saveButton")): Object: 'Object Repository/Create Lead/Page_Debt IMS/edit -delete lead source/Page_Debt IMS/button_Welcome, Julio Uzctegui_saveButton' is clicked on

2022-03-24 15:15:06 - [MESSAGE][PASSED] - Object: 'Object Repository/Create Lead/Page_Debt IMS/edit -delete lead source/Page_Debt IMS/button_Welcome, Julio Uzctegui_saveButton' is clicked on

2022-03-24 15:15:06 - [TEST_STEP][PASSED] - click(findTestObject("Create Lead/Page_Debt IMS/edit -delete lead source/Page_Debt IMS/button_Accept")): Object: 'Object Repository/Create Lead/Page_Debt IMS/edit -delete lead source/Page_Debt IMS/button_Accept' is clicked on

2022-03-24 15:15:07 - [MESSAGE][PASSED] - Object: 'Object Repository/Create Lead/Page_Debt IMS/edit -delete lead source/Page_Debt IMS/button_Accept' is clicked on]]></system-out>
         <system-err><![CDATA[]]></system-err>
      </testcase>
      <testcase name="Test Cases/Delete Debt Type" time="15.14" classname="Test Cases/Delete Debt Type" status="PASSED">
         <system-out><![CDATA[2022-03-24 15:15:43 - [TEST_CASE][PASSED] - Test Cases/Delete Debt Type: Test Cases/Delete Debt Type

2022-03-24 15:15:43 - [TEST_STEP][PASSED] - openBrowser(""): Browser is opened with url: ''

2022-03-24 15:15:43 - [MESSAGE][WARNING] - A browser is already opened. Closing browser and opening a new one

2022-03-24 15:15:43 - [MESSAGE][INFO] - Starting 'Chrome' driver

2022-03-24 15:15:43 - [MESSAGE][INFO] - Action delay is set to 0 milliseconds

2022-03-24 15:15:43 - [MESSAGE][PASSED] - Browser is opened with url: ''

2022-03-24 15:15:43 - [TEST_STEP][PASSED] - navigateToUrl("http://35.237.24.127:8081/dims-app/#/home"): Navigate to 'http://35.237.24.127:8081/dims-app/#/home' successfully

2022-03-24 15:15:50 - [MESSAGE][PASSED] - Navigate to 'http://35.237.24.127:8081/dims-app/#/home' successfully

2022-03-24 15:15:50 - [TEST_STEP][PASSED] - setText(findTestObject("Object Repository/Create Lead/Page_Debt IMS/edit -delete lead source/Page_Debt IMS/input_Username_form-control w-75 ng-untouch_2a886e"), username): Text 'SUPER_USER7' is set on object 'Object Repository/Create Lead/Page_Debt IMS/edit -delete lead source/Page_Debt IMS/input_Username_form-control w-75 ng-untouch_2a886e'

2022-03-24 15:15:51 - [MESSAGE][PASSED] - Text 'SUPER_USER7' is set on object 'Object Repository/Create Lead/Page_Debt IMS/edit -delete lead source/Page_Debt IMS/input_Username_form-control w-75 ng-untouch_2a886e'

2022-03-24 15:15:51 - [TEST_STEP][PASSED] - setText(findTestObject("Object Repository/Create Lead/Page_Debt IMS/edit -delete lead source/Page_Debt IMS/input_Password_form-control w-75 ng-untouch_173c6b"), pass): Text 'Abcd1234**' is set on object 'Object Repository/Create Lead/Page_Debt IMS/edit -delete lead source/Page_Debt IMS/input_Password_form-control w-75 ng-untouch_173c6b'

2022-03-24 15:15:51 - [MESSAGE][PASSED] - Text 'Abcd1234**' is set on object 'Object Repository/Create Lead/Page_Debt IMS/edit -delete lead source/Page_Debt IMS/input_Password_form-control w-75 ng-untouch_173c6b'

2022-03-24 15:15:51 - [TEST_STEP][PASSED] - click(findTestObject("Object Repository/Create Lead/Page_Debt IMS/edit -delete lead source/Page_Debt IMS/button_Login")): Object: 'Object Repository/Create Lead/Page_Debt IMS/edit -delete lead source/Page_Debt IMS/button_Login' is clicked on

2022-03-24 15:15:54 - [MESSAGE][PASSED] - Object: 'Object Repository/Create Lead/Page_Debt IMS/edit -delete lead source/Page_Debt IMS/button_Login' is clicked on

2022-03-24 15:15:54 - [TEST_STEP][PASSED] - click(findTestObject("Object Repository/Create Lead/Page_Debt IMS/edit -delete lead source/Page_Debt IMS/strong_Maintenance Tools")): Object: 'Object Repository/Create Lead/Page_Debt IMS/edit -delete lead source/Page_Debt IMS/strong_Maintenance Tools' is clicked on

2022-03-24 15:15:54 - [MESSAGE][PASSED] - Object: 'Object Repository/Create Lead/Page_Debt IMS/edit -delete lead source/Page_Debt IMS/strong_Maintenance Tools' is clicked on

2022-03-24 15:15:54 - [TEST_STEP][PASSED] - click(findTestObject("debt type/add/span_Debt Type")): Object: 'Object Repository/debt type/add/span_Debt Type' is clicked on

2022-03-24 15:15:55 - [MESSAGE][PASSED] - Object: 'Object Repository/debt type/add/span_Debt Type' is clicked on

2022-03-24 15:15:55 - [TEST_STEP][PASSED] - setText(findTestObject("debt type/add/input_Debt Type search"), "test dg aut"): Text 'test dg aut' is set on object 'Object Repository/debt type/add/input_Debt Type search'

2022-03-24 15:15:56 - [MESSAGE][PASSED] - Text 'test dg aut' is set on object 'Object Repository/debt type/add/input_Debt Type search'

2022-03-24 15:15:56 - [TEST_STEP][PASSED] - click(findTestObject("debt type/add/td_Office_choose to delete")): Object: 'Object Repository/debt type/add/td_Office_choose to delete' is clicked on

2022-03-24 15:15:56 - [MESSAGE][PASSED] - Object: 'Object Repository/debt type/add/td_Office_choose to delete' is clicked on

2022-03-24 15:15:56 - [TEST_STEP][PASSED] - click(findTestObject("Object Repository/Create Lead/Page_Debt IMS/edit -delete lead source/Page_Debt IMS/button_Welcome, Julio Uzctegui_deleteButton")): Object: 'Object Repository/Create Lead/Page_Debt IMS/edit -delete lead source/Page_Debt IMS/button_Welcome, Julio Uzctegui_deleteButton' is clicked on

2022-03-24 15:15:57 - [MESSAGE][PASSED] - Object: 'Object Repository/Create Lead/Page_Debt IMS/edit -delete lead source/Page_Debt IMS/button_Welcome, Julio Uzctegui_deleteButton' is clicked on

2022-03-24 15:15:57 - [TEST_STEP][PASSED] - click(findTestObject("Create Lead/Page_Debt IMS/edit -delete lead source/Page_Debt IMS/button_Accept delete")): Object: 'Object Repository/Create Lead/Page_Debt IMS/edit -delete lead source/Page_Debt IMS/button_Accept delete' is clicked on

2022-03-24 15:15:58 - [MESSAGE][PASSED] - Object: 'Object Repository/Create Lead/Page_Debt IMS/edit -delete lead source/Page_Debt IMS/button_Accept delete' is clicked on]]></system-out>
         <system-err><![CDATA[]]></system-err>
      </testcase>
      <system-out><![CDATA[2022-03-24 15:14:38 - [TEST_SUITE][FAILED] - Debt Type: Test Cases/Delete Debt Type FAILED.
Reason:
com.kms.katalon.core.exception.StepFailedException: Unable to set text 'SUPER_USER7' of object 'Object Repository/Create Lead/Page_Debt IMS/edit -delete lead source/Page_Debt IMS/input_Username_form-control w-75 ng-untouch_2a886e'
	at com.kms.katalon.core.webui.keyword.internal.WebUIKeywordMain.stepFailed(WebUIKeywordMain.groovy:64)
	at com.kms.katalon.core.webui.keyword.internal.WebUIKeywordMain.runKeyword(WebUIKeywordMain.groovy:26)
	at com.kms.katalon.core.webui.keyword.builtin.SetTextKeyword.setText(SetTextKeyword.groovy:66)
	at com.kms.katalon.core.webui.keyword.builtin.SetTextKeyword.execute(SetTextKeyword.groovy:37)
	at com.kms.katalon.core.keyword.internal.KeywordExecutor.executeKeywordForPlatform(KeywordExecutor.groovy:74)
	at com.kms.katalon.core.webui.keyword.WebUiBuiltInKeywords.setText(WebUiBuiltInKeywords.groovy:980)
	at com.kms.katalon.core.webui.keyword.WebUiBuiltInKeywords$setText$1.call(Unknown Source)
	at Delete Debt Type.run(Delete Debt Type:24)
	at com.kms.katalon.core.main.ScriptEngine.run(ScriptEngine.java:194)
	at com.kms.katalon.core.main.ScriptEngine.runScriptAsRawText(ScriptEngine.java:119)
	at com.kms.katalon.core.main.TestCaseExecutor.runScript(TestCaseExecutor.java:442)
	at com.kms.katalon.core.main.TestCaseExecutor.doExecute(TestCaseExecutor.java:433)
	at com.kms.katalon.core.main.TestCaseExecutor.processExecutionPhase(TestCaseExecutor.java:412)
	at com.kms.katalon.core.main.TestCaseExecutor.accessMainPhase(TestCaseExecutor.java:404)
	at com.kms.katalon.core.main.TestCaseExecutor.execute(TestCaseExecutor.java:281)
	at com.kms.katalon.core.main.TestSuiteExecutor.accessTestCaseMainPhase(TestSuiteExecutor.java:202)
	at com.kms.katalon.core.main.TestSuiteExecutor.accessTestSuiteMainPhase(TestSuiteExecutor.java:164)
	at com.kms.katalon.core.main.TestSuiteExecutor.execute(TestSuiteExecutor.java:105)
	at com.kms.katalon.core.main.TestCaseMain.startTestSuite(TestCaseMain.java:185)
	at com.kms.katalon.core.main.TestCaseMain$startTestSuite$0.call(Unknown Source)
	at TempTestSuite1648149275354.run(TempTestSuite1648149275354.groovy:36)
Caused by: com.kms.katalon.core.webui.exception.WebElementNotFoundException: Web element with id: 'Object Repository/Create Lead/Page_Debt IMS/edit -delete lead source/Page_Debt IMS/input_Username_form-control w-75 ng-untouch_2a886e' located by '//input[@type='text']' not found
	at com.kms.katalon.core.webui.common.WebUiCommonHelper.findWebElement(WebUiCommonHelper.java:1370)
	at com.kms.katalon.core.webui.keyword.internal.WebUIAbstractKeyword.findWebElement(WebUIAbstractKeyword.groovy:27)
	at com.kms.katalon.core.webui.keyword.internal.WebUIAbstractKeyword.findWebElement(WebUIAbstractKeyword.groovy:26)
	at com.kms.katalon.core.webui.keyword.builtin.SetTextKeyword$_setText_closure1.doCall(SetTextKeyword.groovy:51)
	at com.kms.katalon.core.webui.keyword.builtin.SetTextKeyword$_setText_closure1.call(SetTextKeyword.groovy)
	at com.kms.katalon.core.webui.keyword.internal.WebUIKeywordMain.runKeyword(WebUIKeywordMain.groovy:20)
	... 19 more]]></system-out>
      <system-err><![CDATA[2022-03-24 15:14:38 - [TEST_SUITE][FAILED] - Debt Type: Test Cases/Delete Debt Type FAILED.
Reason:
com.kms.katalon.core.exception.StepFailedException: Unable to set text 'SUPER_USER7' of object 'Object Repository/Create Lead/Page_Debt IMS/edit -delete lead source/Page_Debt IMS/input_Username_form-control w-75 ng-untouch_2a886e'
	at com.kms.katalon.core.webui.keyword.internal.WebUIKeywordMain.stepFailed(WebUIKeywordMain.groovy:64)
	at com.kms.katalon.core.webui.keyword.internal.WebUIKeywordMain.runKeyword(WebUIKeywordMain.groovy:26)
	at com.kms.katalon.core.webui.keyword.builtin.SetTextKeyword.setText(SetTextKeyword.groovy:66)
	at com.kms.katalon.core.webui.keyword.builtin.SetTextKeyword.execute(SetTextKeyword.groovy:37)
	at com.kms.katalon.core.keyword.internal.KeywordExecutor.executeKeywordForPlatform(KeywordExecutor.groovy:74)
	at com.kms.katalon.core.webui.keyword.WebUiBuiltInKeywords.setText(WebUiBuiltInKeywords.groovy:980)
	at com.kms.katalon.core.webui.keyword.WebUiBuiltInKeywords$setText$1.call(Unknown Source)
	at Delete Debt Type.run(Delete Debt Type:24)
	at com.kms.katalon.core.main.ScriptEngine.run(ScriptEngine.java:194)
	at com.kms.katalon.core.main.ScriptEngine.runScriptAsRawText(ScriptEngine.java:119)
	at com.kms.katalon.core.main.TestCaseExecutor.runScript(TestCaseExecutor.java:442)
	at com.kms.katalon.core.main.TestCaseExecutor.doExecute(TestCaseExecutor.java:433)
	at com.kms.katalon.core.main.TestCaseExecutor.processExecutionPhase(TestCaseExecutor.java:412)
	at com.kms.katalon.core.main.TestCaseExecutor.accessMainPhase(TestCaseExecutor.java:404)
	at com.kms.katalon.core.main.TestCaseExecutor.execute(TestCaseExecutor.java:281)
	at com.kms.katalon.core.main.TestSuiteExecutor.accessTestCaseMainPhase(TestSuiteExecutor.java:202)
	at com.kms.katalon.core.main.TestSuiteExecutor.accessTestSuiteMainPhase(TestSuiteExecutor.java:164)
	at com.kms.katalon.core.main.TestSuiteExecutor.execute(TestSuiteExecutor.java:105)
	at com.kms.katalon.core.main.TestCaseMain.startTestSuite(TestCaseMain.java:185)
	at com.kms.katalon.core.main.TestCaseMain$startTestSuite$0.call(Unknown Source)
	at TempTestSuite1648149275354.run(TempTestSuite1648149275354.groovy:36)
Caused by: com.kms.katalon.core.webui.exception.WebElementNotFoundException: Web element with id: 'Object Repository/Create Lead/Page_Debt IMS/edit -delete lead source/Page_Debt IMS/input_Username_form-control w-75 ng-untouch_2a886e' located by '//input[@type='text']' not found
	at com.kms.katalon.core.webui.common.WebUiCommonHelper.findWebElement(WebUiCommonHelper.java:1370)
	at com.kms.katalon.core.webui.keyword.internal.WebUIAbstractKeyword.findWebElement(WebUIAbstractKeyword.groovy:27)
	at com.kms.katalon.core.webui.keyword.internal.WebUIAbstractKeyword.findWebElement(WebUIAbstractKeyword.groovy:26)
	at com.kms.katalon.core.webui.keyword.builtin.SetTextKeyword$_setText_closure1.doCall(SetTextKeyword.groovy:51)
	at com.kms.katalon.core.webui.keyword.builtin.SetTextKeyword$_setText_closure1.call(SetTextKeyword.groovy)
	at com.kms.katalon.core.webui.keyword.internal.WebUIKeywordMain.runKeyword(WebUIKeywordMain.groovy:20)
	... 19 more]]></system-err>
   </testsuite>
</testsuites>
