<?xml version="1.0" encoding="UTF-8"?>
<testsuites name="Task Categories" time="49.789" tests="1" failures="0" errors="0">
   <testsuite name="Task Categories" tests="1" failures="0" errors="0" time="49.789" skipped="0" timestamp="2022-07-20 10:56:56" hostname="juzcategui - juzcategui" id="Test Suites/Task Categories">
      <properties>
         <property name="deviceName" value=""/>
         <property name="devicePlatform" value=""/>
         <property name="logFolder" value="/home/juzcategui/git/DIMS/Reports/20220720_105653/Task Categories/20220720_105653"/>
         <property name="logFiles" value="/home/juzcategui/git/DIMS/Reports/20220720_105653/Task Categories/20220720_105653/execution0.log"/>
         <property name="attachments" value="/home/juzcategui/git/DIMS/Reports/20220720_105653/Task Categories/20220720_105653/1658329065564.png"/>
         <property name="hostName" value="juzcategui - juzcategui"/>
         <property name="os" value="Linux 64bit"/>
         <property name="katalonVersion" value="8.2.5.208"/>
         <property name="browser" value="Chrome 102.0.5005.115"/>
         <property name="hostAddress" value="192.168.12.200"/>
         <property name="sessionId" value="0e99ee6d4f8862ac80e227cefa1d071d"/>
         <property name="seleniumVersion" value="3.141.59"/>
         <property name="proxyInformation" value="ProxyInformation { proxyOption=NO_PROXY, proxyServerType=HTTP, username=, password=********, proxyServerAddress=, proxyServerPort=0, executionList=&quot;&quot;, isApplyToDesiredCapabilities=true }"/>
         <property name="platform" value="Linux"/>
      </properties>
      <testcase name="Test Cases/Delete Task Categorie" time="49.258" classname="Test Cases/Delete Task Categorie" status="PASSED">
         <system-out><![CDATA[2022-07-20 10:56:57 - [TEST_CASE][PASSED] - Test Cases/Delete Task Categorie: Test Cases/Delete Task Categorie

2022-07-20 10:56:57 - [TEST_STEP][PASSED] - openBrowser(""): Browser is opened with url: ''

2022-07-20 10:56:57 - [MESSAGE][INFO] - Starting 'Chrome' driver

2022-07-20 10:56:57 - [MESSAGE][INFO] - Action delay is set to 0 milliseconds

2022-07-20 10:56:59 - [MESSAGE][PASSED] - Browser is opened with url: ''

2022-07-20 10:56:59 - [TEST_STEP][PASSED] - navigateToUrl("http://35.237.24.127:8081/dims-app/#/home"): Navigate to 'http://35.237.24.127:8081/dims-app/#/home' successfully

2022-07-20 10:57:35 - [MESSAGE][PASSED] - Navigate to 'http://35.237.24.127:8081/dims-app/#/home' successfully

2022-07-20 10:57:35 - [TEST_STEP][PASSED] - setText(findTestObject("Object Repository/Create Lead/Page_Debt IMS/input_Username_form-control w-75 ng-untouch_2a886e"), username): Text 'SUPER_USER7' is set on object 'Object Repository/Create Lead/Page_Debt IMS/input_Username_form-control w-75 ng-untouch_2a886e'

2022-07-20 10:57:36 - [MESSAGE][PASSED] - Text 'SUPER_USER7' is set on object 'Object Repository/Create Lead/Page_Debt IMS/input_Username_form-control w-75 ng-untouch_2a886e'

2022-07-20 10:57:36 - [TEST_STEP][PASSED] - setText(findTestObject("Object Repository/Create Lead/Page_Debt IMS/input_Password_form-control w-75 ng-untouch_173c6b"), pass): Text 'Abcd1234**' is set on object 'Object Repository/Create Lead/Page_Debt IMS/input_Password_form-control w-75 ng-untouch_173c6b'

2022-07-20 10:57:37 - [MESSAGE][PASSED] - Text 'Abcd1234**' is set on object 'Object Repository/Create Lead/Page_Debt IMS/input_Password_form-control w-75 ng-untouch_173c6b'

2022-07-20 10:57:37 - [TEST_STEP][PASSED] - click(findTestObject("Object Repository/Create Lead/Page_Debt IMS/button_Login")): Object: 'Object Repository/Create Lead/Page_Debt IMS/button_Login' is clicked on

2022-07-20 10:57:40 - [MESSAGE][PASSED] - Object: 'Object Repository/Create Lead/Page_Debt IMS/button_Login' is clicked on

2022-07-20 10:57:40 - [TEST_STEP][PASSED] - click(findTestObject("Task Categories/Add task categorie/strong_Maintenance Tools")): Object: 'Object Repository/Task Categories/Add task categorie/strong_Maintenance Tools' is clicked on

2022-07-20 10:57:40 - [MESSAGE][PASSED] - Object: 'Object Repository/Task Categories/Add task categorie/strong_Maintenance Tools' is clicked on

2022-07-20 10:57:40 - [TEST_STEP][PASSED] - click(findTestObject("Task Categories/Add task categorie/span_Task Categories")): Object: 'Object Repository/Task Categories/Add task categorie/span_Task Categories' is clicked on

2022-07-20 10:57:41 - [MESSAGE][PASSED] - Object: 'Object Repository/Task Categories/Add task categorie/span_Task Categories' is clicked on

2022-07-20 10:57:41 - [TEST_STEP][PASSED] - setText(findTestObject("Task Categories/edit delete task categorie/input_Task to search"), descriptionmodify): Text 'Test aut modificado' is set on object 'Object Repository/Task Categories/edit delete task categorie/input_Task to search'

2022-07-20 10:57:42 - [MESSAGE][PASSED] - Text 'Test aut modificado' is set on object 'Object Repository/Task Categories/edit delete task categorie/input_Task to search'

2022-07-20 10:57:42 - [TEST_STEP][PASSED] - click(findTestObject("Task Categories/edit delete task categorie/td_Nbr of Accounts_tdEditButton")): Object: 'Object Repository/Task Categories/edit delete task categorie/td_Nbr of Accounts_tdEditButton' is clicked on

2022-07-20 10:57:43 - [MESSAGE][PASSED] - Object: 'Object Repository/Task Categories/edit delete task categorie/td_Nbr of Accounts_tdEditButton' is clicked on

2022-07-20 10:57:43 - [TEST_STEP][PASSED] - click(findTestObject("Task Categories/edit delete task categorie/button_Welcome, Julio Uzctegui_deleteButton")): Object: 'Object Repository/Task Categories/edit delete task categorie/button_Welcome, Julio Uzctegui_deleteButton' is clicked on

2022-07-20 10:57:43 - [MESSAGE][PASSED] - Object: 'Object Repository/Task Categories/edit delete task categorie/button_Welcome, Julio Uzctegui_deleteButton' is clicked on

2022-07-20 10:57:43 - [TEST_STEP][PASSED] - click(findTestObject("Task Categories/edit delete task categorie/button_Accept")): Object: 'Object Repository/Task Categories/edit delete task categorie/button_Accept' is clicked on

2022-07-20 10:57:44 - [MESSAGE][PASSED] - Object: 'Object Repository/Task Categories/edit delete task categorie/button_Accept' is clicked on

2022-07-20 10:57:44 - [TEST_STEP][PASSED] - delay(1, STOP_ON_FAILURE): Delayed 1 second(s)

2022-07-20 10:57:45 - [MESSAGE][PASSED] - Delayed 1 second(s)

2022-07-20 10:57:45 - [TEST_STEP][PASSED] - takeFullPageScreenshot(): Taking screenshot successfully

2022-07-20 10:57:46 - [MESSAGE][INFO] - 0 hidden object(s)

2022-07-20 10:57:46 - [MESSAGE][PASSED] - Taking screenshot successfully
[[ATTACHMENT|/home/juzcategui/git/DIMS/Reports/20220720_105653/Task Categories/20220720_105653/1658329065564.png]]]]></system-out>
         <system-err><![CDATA[]]></system-err>
      </testcase>
      <system-out><![CDATA[2022-07-20 10:56:56 - [TEST_SUITE][PASSED] - Task Categories: Test Cases/Delete Task Categorie]]></system-out>
      <system-err><![CDATA[]]></system-err>
   </testsuite>
</testsuites>
