<?xml version="1.0" encoding="UTF-8"?>
<testsuites name="Cancellation Reason" time="88.581" tests="2" failures="1" errors="0">
   <testsuite name="Cancellation Reason" tests="2" failures="1" errors="0" time="88.581" skipped="0" timestamp="2022-06-09 09:27:30" hostname="juzcategui - juzcategui" id="Test Suites/Cancellation Reason">
      <properties>
         <property name="deviceName" value=""/>
         <property name="devicePlatform" value=""/>
         <property name="logFolder" value="/home/juzcategui/git/DIMS/Reports/20220609_092726/Cancellation Reason/20220609_092726"/>
         <property name="logFiles" value="/home/juzcategui/git/DIMS/Reports/20220609_092726/Cancellation Reason/20220609_092726/execution0.log"/>
         <property name="attachments" value="/home/juzcategui/git/DIMS/Reports/20220609_092726/Cancellation Reason/20220609_092726/1654781281886.png, /home/juzcategui/git/DIMS/Reports/20220609_092726/Cancellation Reason/20220609_092726/1654781338550.png"/>
         <property name="hostName" value="juzcategui - juzcategui"/>
         <property name="os" value="Linux 64bit"/>
         <property name="katalonVersion" value="8.2.5.208"/>
         <property name="browser" value="Chrome 102.0.5005.61"/>
         <property name="hostAddress" value="192.168.12.200"/>
         <property name="sessionId" value="dc75dfbebc3cb40a8b572c15369fa8b8"/>
         <property name="seleniumVersion" value="3.141.59"/>
         <property name="proxyInformation" value="ProxyInformation { proxyOption=NO_PROXY, proxyServerType=HTTP, username=, password=********, proxyServerAddress=, proxyServerPort=0, executionList=&quot;&quot;, isApplyToDesiredCapabilities=true }"/>
         <property name="platform" value="Linux"/>
      </properties>
      <testcase name="Test Cases/Edit Cancellation Reason" time="31.947" classname="Test Cases/Edit Cancellation Reason" status="PASSED">
         <system-out><![CDATA[2022-06-09 09:27:30 - [TEST_CASE][PASSED] - Test Cases/Edit Cancellation Reason: Test Cases/Edit Cancellation Reason

2022-06-09 09:27:31 - [TEST_STEP][PASSED] - openBrowser(""): Browser is opened with url: ''

2022-06-09 09:27:31 - [MESSAGE][INFO] - Starting 'Chrome' driver

2022-06-09 09:27:31 - [MESSAGE][INFO] - Action delay is set to 0 milliseconds

2022-06-09 09:27:33 - [MESSAGE][PASSED] - Browser is opened with url: ''

2022-06-09 09:27:33 - [TEST_STEP][PASSED] - navigateToUrl("http://35.237.24.127:8081/dims-app/#/home"): Navigate to 'http://35.237.24.127:8081/dims-app/#/home' successfully

2022-06-09 09:27:51 - [MESSAGE][PASSED] - Navigate to 'http://35.237.24.127:8081/dims-app/#/home' successfully

2022-06-09 09:27:51 - [TEST_STEP][PASSED] - setText(findTestObject("Object Repository/Quick notes/Page_Debt IMS/input_Username_form-control w-75 ng-untouch_2a886e"), username): Text 'SUPER_USER7' is set on object 'Object Repository/Quick notes/Page_Debt IMS/input_Username_form-control w-75 ng-untouch_2a886e'

2022-06-09 09:27:52 - [MESSAGE][PASSED] - Text 'SUPER_USER7' is set on object 'Object Repository/Quick notes/Page_Debt IMS/input_Username_form-control w-75 ng-untouch_2a886e'

2022-06-09 09:27:52 - [TEST_STEP][PASSED] - setText(findTestObject("Object Repository/Quick notes/Page_Debt IMS/input_Password_form-control w-75 ng-untouch_173c6b"), pass): Text 'Abcd1234**' is set on object 'Object Repository/Quick notes/Page_Debt IMS/input_Password_form-control w-75 ng-untouch_173c6b'

2022-06-09 09:27:52 - [MESSAGE][PASSED] - Text 'Abcd1234**' is set on object 'Object Repository/Quick notes/Page_Debt IMS/input_Password_form-control w-75 ng-untouch_173c6b'

2022-06-09 09:27:52 - [TEST_STEP][PASSED] - click(findTestObject("Object Repository/Quick notes/Page_Debt IMS/button_Login")): Object: 'Object Repository/Quick notes/Page_Debt IMS/button_Login' is clicked on

2022-06-09 09:27:55 - [MESSAGE][PASSED] - Object: 'Object Repository/Quick notes/Page_Debt IMS/button_Login' is clicked on

2022-06-09 09:27:55 - [TEST_STEP][PASSED] - click(findTestObject("Object Repository/Quick notes/Page_Debt IMS/strong_Maintenance Tools")): Object: 'Object Repository/Quick notes/Page_Debt IMS/strong_Maintenance Tools' is clicked on

2022-06-09 09:27:56 - [MESSAGE][PASSED] - Object: 'Object Repository/Quick notes/Page_Debt IMS/strong_Maintenance Tools' is clicked on

2022-06-09 09:27:56 - [TEST_STEP][PASSED] - click(findTestObject("Cancelled reason/span_Cancellation Reason")): Object: 'Object Repository/Cancelled reason/span_Cancellation Reason' is clicked on

2022-06-09 09:27:56 - [MESSAGE][PASSED] - Object: 'Object Repository/Cancelled reason/span_Cancellation Reason' is clicked on

2022-06-09 09:27:56 - [TEST_STEP][PASSED] - setText(findTestObject("Cancelled reason/input_Cancellation Reasons"), name): Text 'Test aut' is set on object 'Object Repository/Cancelled reason/input_Cancellation Reasons'

2022-06-09 09:27:57 - [MESSAGE][PASSED] - Text 'Test aut' is set on object 'Object Repository/Cancelled reason/input_Cancellation Reasons'

2022-06-09 09:27:57 - [TEST_STEP][PASSED] - click(findTestObject("Cancelled reason/button_Order By_editButton"), STOP_ON_FAILURE): Object: 'Object Repository/Cancelled reason/button_Order By_editButton' is clicked on

2022-06-09 09:27:58 - [MESSAGE][PASSED] - Object: 'Object Repository/Cancelled reason/button_Order By_editButton' is clicked on

2022-06-09 09:27:58 - [TEST_STEP][PASSED] - setText(findTestObject("Cancelled reason/input_Cancellation Reason_modif"), namemodify): Text 'Test aut modificado' is set on object 'Object Repository/Cancelled reason/input_Cancellation Reason_modif'

2022-06-09 09:27:59 - [MESSAGE][PASSED] - Text 'Test aut modificado' is set on object 'Object Repository/Cancelled reason/input_Cancellation Reason_modif'

2022-06-09 09:27:59 - [TEST_STEP][PASSED] - click(findTestObject("Cancelled reason/button_Welcome, Julio Uzctegui_saveButton")): Object: 'Object Repository/Cancelled reason/button_Welcome, Julio Uzctegui_saveButton' is clicked on

2022-06-09 09:28:00 - [MESSAGE][PASSED] - Object: 'Object Repository/Cancelled reason/button_Welcome, Julio Uzctegui_saveButton' is clicked on

2022-06-09 09:28:00 - [TEST_STEP][PASSED] - click(findTestObject("Cancelled reason/button_Accept - Edit")): Object: 'Object Repository/Cancelled reason/button_Accept - Edit' is clicked on

2022-06-09 09:28:00 - [MESSAGE][PASSED] - Object: 'Object Repository/Cancelled reason/button_Accept - Edit' is clicked on

2022-06-09 09:28:00 - [TEST_STEP][PASSED] - delay(1, STOP_ON_FAILURE): Delayed 1 second(s)

2022-06-09 09:28:01 - [MESSAGE][PASSED] - Delayed 1 second(s)

2022-06-09 09:28:01 - [TEST_STEP][PASSED] - takeFullPageScreenshot(): Taking screenshot successfully

2022-06-09 09:28:02 - [MESSAGE][INFO] - 0 hidden object(s)

2022-06-09 09:28:02 - [MESSAGE][PASSED] - Taking screenshot successfully
[[ATTACHMENT|/home/juzcategui/git/DIMS/Reports/20220609_092726/Cancellation Reason/20220609_092726/1654781281886.png]]]]></system-out>
         <system-err><![CDATA[]]></system-err>
      </testcase>
      <testcase name="Test Cases/Delete Cancellation Reason" time="55.941" classname="Test Cases/Delete Cancellation Reason" status="FAILED">
         <failure type="FAILED" message="Test Cases/Delete Cancellation Reason FAILED.
Reason:
com.kms.katalon.core.exception.StepFailedException: Unable to click on object 'Object Repository/Cancelled reason/td_Order By_to delete'
	at com.kms.katalon.core.webui.keyword.internal.WebUIKeywordMain.stepFailed(WebUIKeywordMain.groovy:64)
	at com.kms.katalon.core.webui.keyword.internal.WebUIKeywordMain.runKeyword(WebUIKeywordMain.groovy:26)
	at com.kms.katalon.core.webui.keyword.builtin.ClickKeyword.click(ClickKeyword.groovy:74)
	at com.kms.katalon.core.webui.keyword.builtin.ClickKeyword.execute(ClickKeyword.groovy:40)
	at com.kms.katalon.core.keyword.internal.KeywordExecutor.executeKeywordForPlatform(KeywordExecutor.groovy:74)
	at com.kms.katalon.core.webui.keyword.WebUiBuiltInKeywords.click(WebUiBuiltInKeywords.groovy:608)
	at com.kms.katalon.core.webui.keyword.WebUiBuiltInKeywords$click$3.call(Unknown Source)
	at Delete Cancellation Reason.run(Delete Cancellation Reason:38)
	at com.kms.katalon.core.main.ScriptEngine.run(ScriptEngine.java:194)
	at com.kms.katalon.core.main.ScriptEngine.runScriptAsRawText(ScriptEngine.java:119)
	at com.kms.katalon.core.main.TestCaseExecutor.runScript(TestCaseExecutor.java:442)
	at com.kms.katalon.core.main.TestCaseExecutor.doExecute(TestCaseExecutor.java:433)
	at com.kms.katalon.core.main.TestCaseExecutor.processExecutionPhase(TestCaseExecutor.java:412)
	at com.kms.katalon.core.main.TestCaseExecutor.accessMainPhase(TestCaseExecutor.java:404)
	at com.kms.katalon.core.main.TestCaseExecutor.execute(TestCaseExecutor.java:281)
	at com.kms.katalon.core.main.TestSuiteExecutor.accessTestCaseMainPhase(TestSuiteExecutor.java:202)
	at com.kms.katalon.core.main.TestSuiteExecutor.accessTestSuiteMainPhase(TestSuiteExecutor.java:164)
	at com.kms.katalon.core.main.TestSuiteExecutor.execute(TestSuiteExecutor.java:105)
	at com.kms.katalon.core.main.TestCaseMain.startTestSuite(TestCaseMain.java:185)
	at com.kms.katalon.core.main.TestCaseMain$startTestSuite$0.call(Unknown Source)
	at TempTestSuite1654781246189.run(TempTestSuite1654781246189.groovy:36)
Caused by: com.kms.katalon.core.webui.exception.WebElementNotFoundException: Web element with id: 'Object Repository/Cancelled reason/td_Order By_to delete' located by '//table[@id='pr_id_3-table']/tbody/tr/td' not found
	at com.kms.katalon.core.webui.common.WebUiCommonHelper.findWebElement(WebUiCommonHelper.java:1370)
	at com.kms.katalon.core.webui.keyword.internal.WebUIAbstractKeyword.findWebElement(WebUIAbstractKeyword.groovy:27)
	at com.kms.katalon.core.webui.keyword.builtin.ClickKeyword$_click_closure1.doCall(ClickKeyword.groovy:65)
	at com.kms.katalon.core.webui.keyword.builtin.ClickKeyword$_click_closure1.call(ClickKeyword.groovy)
	at com.kms.katalon.core.webui.keyword.internal.WebUIKeywordMain.runKeyword(WebUIKeywordMain.groovy:20)
	... 19 more
"/>
         <system-out><![CDATA[2022-06-09 09:28:02 - [TEST_CASE][FAILED] - Test Cases/Delete Cancellation Reason: Test Cases/Delete Cancellation Reason FAILED.
Reason:
com.kms.katalon.core.exception.StepFailedException: Unable to click on object 'Object Repository/Cancelled reason/td_Order By_to delete'
	at com.kms.katalon.core.webui.keyword.internal.WebUIKeywordMain.stepFailed(WebUIKeywordMain.groovy:64)
	at com.kms.katalon.core.webui.keyword.internal.WebUIKeywordMain.runKeyword(WebUIKeywordMain.groovy:26)
	at com.kms.katalon.core.webui.keyword.builtin.ClickKeyword.click(ClickKeyword.groovy:74)
	at com.kms.katalon.core.webui.keyword.builtin.ClickKeyword.execute(ClickKeyword.groovy:40)
	at com.kms.katalon.core.keyword.internal.KeywordExecutor.executeKeywordForPlatform(KeywordExecutor.groovy:74)
	at com.kms.katalon.core.webui.keyword.WebUiBuiltInKeywords.click(WebUiBuiltInKeywords.groovy:608)
	at com.kms.katalon.core.webui.keyword.WebUiBuiltInKeywords$click$3.call(Unknown Source)
	at Delete Cancellation Reason.run(Delete Cancellation Reason:38)
	at com.kms.katalon.core.main.ScriptEngine.run(ScriptEngine.java:194)
	at com.kms.katalon.core.main.ScriptEngine.runScriptAsRawText(ScriptEngine.java:119)
	at com.kms.katalon.core.main.TestCaseExecutor.runScript(TestCaseExecutor.java:442)
	at com.kms.katalon.core.main.TestCaseExecutor.doExecute(TestCaseExecutor.java:433)
	at com.kms.katalon.core.main.TestCaseExecutor.processExecutionPhase(TestCaseExecutor.java:412)
	at com.kms.katalon.core.main.TestCaseExecutor.accessMainPhase(TestCaseExecutor.java:404)
	at com.kms.katalon.core.main.TestCaseExecutor.execute(TestCaseExecutor.java:281)
	at com.kms.katalon.core.main.TestSuiteExecutor.accessTestCaseMainPhase(TestSuiteExecutor.java:202)
	at com.kms.katalon.core.main.TestSuiteExecutor.accessTestSuiteMainPhase(TestSuiteExecutor.java:164)
	at com.kms.katalon.core.main.TestSuiteExecutor.execute(TestSuiteExecutor.java:105)
	at com.kms.katalon.core.main.TestCaseMain.startTestSuite(TestCaseMain.java:185)
	at com.kms.katalon.core.main.TestCaseMain$startTestSuite$0.call(Unknown Source)
	at TempTestSuite1654781246189.run(TempTestSuite1654781246189.groovy:36)
Caused by: com.kms.katalon.core.webui.exception.WebElementNotFoundException: Web element with id: 'Object Repository/Cancelled reason/td_Order By_to delete' located by '//table[@id='pr_id_3-table']/tbody/tr/td' not found
	at com.kms.katalon.core.webui.common.WebUiCommonHelper.findWebElement(WebUiCommonHelper.java:1370)
	at com.kms.katalon.core.webui.keyword.internal.WebUIAbstractKeyword.findWebElement(WebUIAbstractKeyword.groovy:27)
	at com.kms.katalon.core.webui.keyword.builtin.ClickKeyword$_click_closure1.doCall(ClickKeyword.groovy:65)
	at com.kms.katalon.core.webui.keyword.builtin.ClickKeyword$_click_closure1.call(ClickKeyword.groovy)
	at com.kms.katalon.core.webui.keyword.internal.WebUIKeywordMain.runKeyword(WebUIKeywordMain.groovy:20)
	... 19 more


2022-06-09 09:28:03 - [TEST_STEP][PASSED] - openBrowser(""): Browser is opened with url: ''

2022-06-09 09:28:03 - [MESSAGE][WARNING] - A browser is already opened. Closing browser and opening a new one

2022-06-09 09:28:03 - [MESSAGE][INFO] - Starting 'Chrome' driver

2022-06-09 09:28:03 - [MESSAGE][INFO] - Action delay is set to 0 milliseconds

2022-06-09 09:28:04 - [MESSAGE][PASSED] - Browser is opened with url: ''

2022-06-09 09:28:04 - [TEST_STEP][PASSED] - navigateToUrl("http://35.237.24.127:8081/dims-app/#/home"): Navigate to 'http://35.237.24.127:8081/dims-app/#/home' successfully

2022-06-09 09:28:21 - [MESSAGE][PASSED] - Navigate to 'http://35.237.24.127:8081/dims-app/#/home' successfully

2022-06-09 09:28:21 - [TEST_STEP][PASSED] - setText(findTestObject("Object Repository/Quick notes/Page_Debt IMS/input_Username_form-control w-75 ng-untouch_2a886e"), username): Text 'SUPER_USER7' is set on object 'Object Repository/Quick notes/Page_Debt IMS/input_Username_form-control w-75 ng-untouch_2a886e'

2022-06-09 09:28:21 - [MESSAGE][PASSED] - Text 'SUPER_USER7' is set on object 'Object Repository/Quick notes/Page_Debt IMS/input_Username_form-control w-75 ng-untouch_2a886e'

2022-06-09 09:28:21 - [TEST_STEP][PASSED] - setText(findTestObject("Object Repository/Quick notes/Page_Debt IMS/input_Password_form-control w-75 ng-untouch_173c6b"), pass): Text 'Abcd1234**' is set on object 'Object Repository/Quick notes/Page_Debt IMS/input_Password_form-control w-75 ng-untouch_173c6b'

2022-06-09 09:28:22 - [MESSAGE][PASSED] - Text 'Abcd1234**' is set on object 'Object Repository/Quick notes/Page_Debt IMS/input_Password_form-control w-75 ng-untouch_173c6b'

2022-06-09 09:28:22 - [TEST_STEP][PASSED] - click(findTestObject("Object Repository/Quick notes/Page_Debt IMS/button_Login")): Object: 'Object Repository/Quick notes/Page_Debt IMS/button_Login' is clicked on

2022-06-09 09:28:25 - [MESSAGE][PASSED] - Object: 'Object Repository/Quick notes/Page_Debt IMS/button_Login' is clicked on

2022-06-09 09:28:25 - [TEST_STEP][PASSED] - click(findTestObject("Object Repository/Quick notes/Page_Debt IMS/strong_Maintenance Tools")): Object: 'Object Repository/Quick notes/Page_Debt IMS/strong_Maintenance Tools' is clicked on

2022-06-09 09:28:25 - [MESSAGE][PASSED] - Object: 'Object Repository/Quick notes/Page_Debt IMS/strong_Maintenance Tools' is clicked on

2022-06-09 09:28:25 - [TEST_STEP][PASSED] - click(findTestObject("Cancelled reason/span_Cancellation Reason")): Object: 'Object Repository/Cancelled reason/span_Cancellation Reason' is clicked on

2022-06-09 09:28:26 - [MESSAGE][PASSED] - Object: 'Object Repository/Cancelled reason/span_Cancellation Reason' is clicked on

2022-06-09 09:28:26 - [TEST_STEP][PASSED] - setText(findTestObject("Cancelled reason/input_Cancellation Reasons"), namemodify): Text 'Test aut modificado' is set on object 'Object Repository/Cancelled reason/input_Cancellation Reasons'

2022-06-09 09:28:27 - [MESSAGE][PASSED] - Text 'Test aut modificado' is set on object 'Object Repository/Cancelled reason/input_Cancellation Reasons'

2022-06-09 09:28:27 - [TEST_STEP][FAILED] - click(findTestObject("Cancelled reason/td_Order By_to delete"), STOP_ON_FAILURE): Unable to click on object 'Object Repository/Cancelled reason/td_Order By_to delete' (Root cause: com.kms.katalon.core.exception.StepFailedException: Unable to click on object 'Object Repository/Cancelled reason/td_Order By_to delete'
	at com.kms.katalon.core.webui.keyword.internal.WebUIKeywordMain.stepFailed(WebUIKeywordMain.groovy:64)
	at com.kms.katalon.core.webui.keyword.internal.WebUIKeywordMain.runKeyword(WebUIKeywordMain.groovy:26)
	at com.kms.katalon.core.webui.keyword.builtin.ClickKeyword.click(ClickKeyword.groovy:74)
	at com.kms.katalon.core.webui.keyword.builtin.ClickKeyword.execute(ClickKeyword.groovy:40)
	at com.kms.katalon.core.keyword.internal.KeywordExecutor.executeKeywordForPlatform(KeywordExecutor.groovy:74)
	at com.kms.katalon.core.webui.keyword.WebUiBuiltInKeywords.click(WebUiBuiltInKeywords.groovy:608)
	at com.kms.katalon.core.webui.keyword.WebUiBuiltInKeywords$click$3.call(Unknown Source)
	at Delete Cancellation Reason.run(Delete Cancellation Reason:38)
	at com.kms.katalon.core.main.ScriptEngine.run(ScriptEngine.java:194)
	at com.kms.katalon.core.main.ScriptEngine.runScriptAsRawText(ScriptEngine.java:119)
	at com.kms.katalon.core.main.TestCaseExecutor.runScript(TestCaseExecutor.java:442)
	at com.kms.katalon.core.main.TestCaseExecutor.doExecute(TestCaseExecutor.java:433)
	at com.kms.katalon.core.main.TestCaseExecutor.processExecutionPhase(TestCaseExecutor.java:412)
	at com.kms.katalon.core.main.TestCaseExecutor.accessMainPhase(TestCaseExecutor.java:404)
	at com.kms.katalon.core.main.TestCaseExecutor.execute(TestCaseExecutor.java:281)
	at com.kms.katalon.core.main.TestSuiteExecutor.accessTestCaseMainPhase(TestSuiteExecutor.java:202)
	at com.kms.katalon.core.main.TestSuiteExecutor.accessTestSuiteMainPhase(TestSuiteExecutor.java:164)
	at com.kms.katalon.core.main.TestSuiteExecutor.execute(TestSuiteExecutor.java:105)
	at com.kms.katalon.core.main.TestCaseMain.startTestSuite(TestCaseMain.java:185)
	at com.kms.katalon.core.main.TestCaseMain$startTestSuite$0.call(Unknown Source)
	at TempTestSuite1654781246189.run(TempTestSuite1654781246189.groovy:36)
Caused by: com.kms.katalon.core.webui.exception.WebElementNotFoundException: Web element with id: 'Object Repository/Cancelled reason/td_Order By_to delete' located by '//table[@id='pr_id_3-table']/tbody/tr/td' not found
	at com.kms.katalon.core.webui.common.WebUiCommonHelper.findWebElement(WebUiCommonHelper.java:1370)
	at com.kms.katalon.core.webui.keyword.internal.WebUIAbstractKeyword.findWebElement(WebUIAbstractKeyword.groovy:27)
	at com.kms.katalon.core.webui.keyword.builtin.ClickKeyword$_click_closure1.doCall(ClickKeyword.groovy:65)
	at com.kms.katalon.core.webui.keyword.builtin.ClickKeyword$_click_closure1.call(ClickKeyword.groovy)
	at com.kms.katalon.core.webui.keyword.internal.WebUIKeywordMain.runKeyword(WebUIKeywordMain.groovy:20)
	at com.kms.katalon.core.webui.keyword.builtin.ClickKeyword.click(ClickKeyword.groovy:74)
	at com.kms.katalon.core.webui.keyword.builtin.ClickKeyword.execute(ClickKeyword.groovy:40)
	at com.kms.katalon.core.keyword.internal.KeywordExecutor.executeKeywordForPlatform(KeywordExecutor.groovy:74)
	at com.kms.katalon.core.webui.keyword.WebUiBuiltInKeywords.click(WebUiBuiltInKeywords.groovy:608)
	at com.kms.katalon.core.webui.keyword.WebUiBuiltInKeywords$click$3.call(Unknown Source)
	at Script1654101530848.run(Script1654101530848.groovy:38)
	... 13 more
)

2022-06-09 09:28:58 - [MESSAGE][INFO] - Unable to find the element located by 'By.xpath: //table[@id='pr_id_3-table']/tbody/tr/td'. Please recheck the objects properties to make sure the desired element is located. 

2022-06-09 09:28:58 - [MESSAGE][FAILED] - Unable to click on object 'Object Repository/Cancelled reason/td_Order By_to delete' (Root cause: com.kms.katalon.core.exception.StepFailedException: Unable to click on object 'Object Repository/Cancelled reason/td_Order By_to delete'
	at com.kms.katalon.core.webui.keyword.internal.WebUIKeywordMain.stepFailed(WebUIKeywordMain.groovy:64)
	at com.kms.katalon.core.webui.keyword.internal.WebUIKeywordMain.runKeyword(WebUIKeywordMain.groovy:26)
	at com.kms.katalon.core.webui.keyword.builtin.ClickKeyword.click(ClickKeyword.groovy:74)
	at com.kms.katalon.core.webui.keyword.builtin.ClickKeyword.execute(ClickKeyword.groovy:40)
	at com.kms.katalon.core.keyword.internal.KeywordExecutor.executeKeywordForPlatform(KeywordExecutor.groovy:74)
	at com.kms.katalon.core.webui.keyword.WebUiBuiltInKeywords.click(WebUiBuiltInKeywords.groovy:608)
	at com.kms.katalon.core.webui.keyword.WebUiBuiltInKeywords$click$3.call(Unknown Source)
	at Delete Cancellation Reason.run(Delete Cancellation Reason:38)
	at com.kms.katalon.core.main.ScriptEngine.run(ScriptEngine.java:194)
	at com.kms.katalon.core.main.ScriptEngine.runScriptAsRawText(ScriptEngine.java:119)
	at com.kms.katalon.core.main.TestCaseExecutor.runScript(TestCaseExecutor.java:442)
	at com.kms.katalon.core.main.TestCaseExecutor.doExecute(TestCaseExecutor.java:433)
	at com.kms.katalon.core.main.TestCaseExecutor.processExecutionPhase(TestCaseExecutor.java:412)
	at com.kms.katalon.core.main.TestCaseExecutor.accessMainPhase(TestCaseExecutor.java:404)
	at com.kms.katalon.core.main.TestCaseExecutor.execute(TestCaseExecutor.java:281)
	at com.kms.katalon.core.main.TestSuiteExecutor.accessTestCaseMainPhase(TestSuiteExecutor.java:202)
	at com.kms.katalon.core.main.TestSuiteExecutor.accessTestSuiteMainPhase(TestSuiteExecutor.java:164)
	at com.kms.katalon.core.main.TestSuiteExecutor.execute(TestSuiteExecutor.java:105)
	at com.kms.katalon.core.main.TestCaseMain.startTestSuite(TestCaseMain.java:185)
	at com.kms.katalon.core.main.TestCaseMain$startTestSuite$0.call(Unknown Source)
	at TempTestSuite1654781246189.run(TempTestSuite1654781246189.groovy:36)
Caused by: com.kms.katalon.core.webui.exception.WebElementNotFoundException: Web element with id: 'Object Repository/Cancelled reason/td_Order By_to delete' located by '//table[@id='pr_id_3-table']/tbody/tr/td' not found
	at com.kms.katalon.core.webui.common.WebUiCommonHelper.findWebElement(WebUiCommonHelper.java:1370)
	at com.kms.katalon.core.webui.keyword.internal.WebUIAbstractKeyword.findWebElement(WebUIAbstractKeyword.groovy:27)
	at com.kms.katalon.core.webui.keyword.builtin.ClickKeyword$_click_closure1.doCall(ClickKeyword.groovy:65)
	at com.kms.katalon.core.webui.keyword.builtin.ClickKeyword$_click_closure1.call(ClickKeyword.groovy)
	at com.kms.katalon.core.webui.keyword.internal.WebUIKeywordMain.runKeyword(WebUIKeywordMain.groovy:20)
	at com.kms.katalon.core.webui.keyword.builtin.ClickKeyword.click(ClickKeyword.groovy:74)
	at com.kms.katalon.core.webui.keyword.builtin.ClickKeyword.execute(ClickKeyword.groovy:40)
	at com.kms.katalon.core.keyword.internal.KeywordExecutor.executeKeywordForPlatform(KeywordExecutor.groovy:74)
	at com.kms.katalon.core.webui.keyword.WebUiBuiltInKeywords.click(WebUiBuiltInKeywords.groovy:608)
	at com.kms.katalon.core.webui.keyword.WebUiBuiltInKeywords$click$3.call(Unknown Source)
	at Script1654101530848.run(Script1654101530848.groovy:38)
	... 13 more
)
[[ATTACHMENT|/home/juzcategui/git/DIMS/Reports/20220609_092726/Cancellation Reason/20220609_092726/1654781338550.png]]]]></system-out>
         <system-err><![CDATA[2022-06-09 09:28:02 - [TEST_CASE][FAILED] - Test Cases/Delete Cancellation Reason: Test Cases/Delete Cancellation Reason FAILED.
Reason:
com.kms.katalon.core.exception.StepFailedException: Unable to click on object 'Object Repository/Cancelled reason/td_Order By_to delete'
	at com.kms.katalon.core.webui.keyword.internal.WebUIKeywordMain.stepFailed(WebUIKeywordMain.groovy:64)
	at com.kms.katalon.core.webui.keyword.internal.WebUIKeywordMain.runKeyword(WebUIKeywordMain.groovy:26)
	at com.kms.katalon.core.webui.keyword.builtin.ClickKeyword.click(ClickKeyword.groovy:74)
	at com.kms.katalon.core.webui.keyword.builtin.ClickKeyword.execute(ClickKeyword.groovy:40)
	at com.kms.katalon.core.keyword.internal.KeywordExecutor.executeKeywordForPlatform(KeywordExecutor.groovy:74)
	at com.kms.katalon.core.webui.keyword.WebUiBuiltInKeywords.click(WebUiBuiltInKeywords.groovy:608)
	at com.kms.katalon.core.webui.keyword.WebUiBuiltInKeywords$click$3.call(Unknown Source)
	at Delete Cancellation Reason.run(Delete Cancellation Reason:38)
	at com.kms.katalon.core.main.ScriptEngine.run(ScriptEngine.java:194)
	at com.kms.katalon.core.main.ScriptEngine.runScriptAsRawText(ScriptEngine.java:119)
	at com.kms.katalon.core.main.TestCaseExecutor.runScript(TestCaseExecutor.java:442)
	at com.kms.katalon.core.main.TestCaseExecutor.doExecute(TestCaseExecutor.java:433)
	at com.kms.katalon.core.main.TestCaseExecutor.processExecutionPhase(TestCaseExecutor.java:412)
	at com.kms.katalon.core.main.TestCaseExecutor.accessMainPhase(TestCaseExecutor.java:404)
	at com.kms.katalon.core.main.TestCaseExecutor.execute(TestCaseExecutor.java:281)
	at com.kms.katalon.core.main.TestSuiteExecutor.accessTestCaseMainPhase(TestSuiteExecutor.java:202)
	at com.kms.katalon.core.main.TestSuiteExecutor.accessTestSuiteMainPhase(TestSuiteExecutor.java:164)
	at com.kms.katalon.core.main.TestSuiteExecutor.execute(TestSuiteExecutor.java:105)
	at com.kms.katalon.core.main.TestCaseMain.startTestSuite(TestCaseMain.java:185)
	at com.kms.katalon.core.main.TestCaseMain$startTestSuite$0.call(Unknown Source)
	at TempTestSuite1654781246189.run(TempTestSuite1654781246189.groovy:36)
Caused by: com.kms.katalon.core.webui.exception.WebElementNotFoundException: Web element with id: 'Object Repository/Cancelled reason/td_Order By_to delete' located by '//table[@id='pr_id_3-table']/tbody/tr/td' not found
	at com.kms.katalon.core.webui.common.WebUiCommonHelper.findWebElement(WebUiCommonHelper.java:1370)
	at com.kms.katalon.core.webui.keyword.internal.WebUIAbstractKeyword.findWebElement(WebUIAbstractKeyword.groovy:27)
	at com.kms.katalon.core.webui.keyword.builtin.ClickKeyword$_click_closure1.doCall(ClickKeyword.groovy:65)
	at com.kms.katalon.core.webui.keyword.builtin.ClickKeyword$_click_closure1.call(ClickKeyword.groovy)
	at com.kms.katalon.core.webui.keyword.internal.WebUIKeywordMain.runKeyword(WebUIKeywordMain.groovy:20)
	... 19 more]]></system-err>
      </testcase>
      <system-out><![CDATA[2022-06-09 09:27:30 - [TEST_SUITE][FAILED] - Cancellation Reason: Test Cases/Delete Cancellation Reason FAILED.
Reason:
com.kms.katalon.core.exception.StepFailedException: Unable to click on object 'Object Repository/Cancelled reason/td_Order By_to delete'
	at com.kms.katalon.core.webui.keyword.internal.WebUIKeywordMain.stepFailed(WebUIKeywordMain.groovy:64)
	at com.kms.katalon.core.webui.keyword.internal.WebUIKeywordMain.runKeyword(WebUIKeywordMain.groovy:26)
	at com.kms.katalon.core.webui.keyword.builtin.ClickKeyword.click(ClickKeyword.groovy:74)
	at com.kms.katalon.core.webui.keyword.builtin.ClickKeyword.execute(ClickKeyword.groovy:40)
	at com.kms.katalon.core.keyword.internal.KeywordExecutor.executeKeywordForPlatform(KeywordExecutor.groovy:74)
	at com.kms.katalon.core.webui.keyword.WebUiBuiltInKeywords.click(WebUiBuiltInKeywords.groovy:608)
	at com.kms.katalon.core.webui.keyword.WebUiBuiltInKeywords$click$3.call(Unknown Source)
	at Delete Cancellation Reason.run(Delete Cancellation Reason:38)
	at com.kms.katalon.core.main.ScriptEngine.run(ScriptEngine.java:194)
	at com.kms.katalon.core.main.ScriptEngine.runScriptAsRawText(ScriptEngine.java:119)
	at com.kms.katalon.core.main.TestCaseExecutor.runScript(TestCaseExecutor.java:442)
	at com.kms.katalon.core.main.TestCaseExecutor.doExecute(TestCaseExecutor.java:433)
	at com.kms.katalon.core.main.TestCaseExecutor.processExecutionPhase(TestCaseExecutor.java:412)
	at com.kms.katalon.core.main.TestCaseExecutor.accessMainPhase(TestCaseExecutor.java:404)
	at com.kms.katalon.core.main.TestCaseExecutor.execute(TestCaseExecutor.java:281)
	at com.kms.katalon.core.main.TestSuiteExecutor.accessTestCaseMainPhase(TestSuiteExecutor.java:202)
	at com.kms.katalon.core.main.TestSuiteExecutor.accessTestSuiteMainPhase(TestSuiteExecutor.java:164)
	at com.kms.katalon.core.main.TestSuiteExecutor.execute(TestSuiteExecutor.java:105)
	at com.kms.katalon.core.main.TestCaseMain.startTestSuite(TestCaseMain.java:185)
	at com.kms.katalon.core.main.TestCaseMain$startTestSuite$0.call(Unknown Source)
	at TempTestSuite1654781246189.run(TempTestSuite1654781246189.groovy:36)
Caused by: com.kms.katalon.core.webui.exception.WebElementNotFoundException: Web element with id: 'Object Repository/Cancelled reason/td_Order By_to delete' located by '//table[@id='pr_id_3-table']/tbody/tr/td' not found
	at com.kms.katalon.core.webui.common.WebUiCommonHelper.findWebElement(WebUiCommonHelper.java:1370)
	at com.kms.katalon.core.webui.keyword.internal.WebUIAbstractKeyword.findWebElement(WebUIAbstractKeyword.groovy:27)
	at com.kms.katalon.core.webui.keyword.builtin.ClickKeyword$_click_closure1.doCall(ClickKeyword.groovy:65)
	at com.kms.katalon.core.webui.keyword.builtin.ClickKeyword$_click_closure1.call(ClickKeyword.groovy)
	at com.kms.katalon.core.webui.keyword.internal.WebUIKeywordMain.runKeyword(WebUIKeywordMain.groovy:20)
	... 19 more]]></system-out>
      <system-err><![CDATA[2022-06-09 09:27:30 - [TEST_SUITE][FAILED] - Cancellation Reason: Test Cases/Delete Cancellation Reason FAILED.
Reason:
com.kms.katalon.core.exception.StepFailedException: Unable to click on object 'Object Repository/Cancelled reason/td_Order By_to delete'
	at com.kms.katalon.core.webui.keyword.internal.WebUIKeywordMain.stepFailed(WebUIKeywordMain.groovy:64)
	at com.kms.katalon.core.webui.keyword.internal.WebUIKeywordMain.runKeyword(WebUIKeywordMain.groovy:26)
	at com.kms.katalon.core.webui.keyword.builtin.ClickKeyword.click(ClickKeyword.groovy:74)
	at com.kms.katalon.core.webui.keyword.builtin.ClickKeyword.execute(ClickKeyword.groovy:40)
	at com.kms.katalon.core.keyword.internal.KeywordExecutor.executeKeywordForPlatform(KeywordExecutor.groovy:74)
	at com.kms.katalon.core.webui.keyword.WebUiBuiltInKeywords.click(WebUiBuiltInKeywords.groovy:608)
	at com.kms.katalon.core.webui.keyword.WebUiBuiltInKeywords$click$3.call(Unknown Source)
	at Delete Cancellation Reason.run(Delete Cancellation Reason:38)
	at com.kms.katalon.core.main.ScriptEngine.run(ScriptEngine.java:194)
	at com.kms.katalon.core.main.ScriptEngine.runScriptAsRawText(ScriptEngine.java:119)
	at com.kms.katalon.core.main.TestCaseExecutor.runScript(TestCaseExecutor.java:442)
	at com.kms.katalon.core.main.TestCaseExecutor.doExecute(TestCaseExecutor.java:433)
	at com.kms.katalon.core.main.TestCaseExecutor.processExecutionPhase(TestCaseExecutor.java:412)
	at com.kms.katalon.core.main.TestCaseExecutor.accessMainPhase(TestCaseExecutor.java:404)
	at com.kms.katalon.core.main.TestCaseExecutor.execute(TestCaseExecutor.java:281)
	at com.kms.katalon.core.main.TestSuiteExecutor.accessTestCaseMainPhase(TestSuiteExecutor.java:202)
	at com.kms.katalon.core.main.TestSuiteExecutor.accessTestSuiteMainPhase(TestSuiteExecutor.java:164)
	at com.kms.katalon.core.main.TestSuiteExecutor.execute(TestSuiteExecutor.java:105)
	at com.kms.katalon.core.main.TestCaseMain.startTestSuite(TestCaseMain.java:185)
	at com.kms.katalon.core.main.TestCaseMain$startTestSuite$0.call(Unknown Source)
	at TempTestSuite1654781246189.run(TempTestSuite1654781246189.groovy:36)
Caused by: com.kms.katalon.core.webui.exception.WebElementNotFoundException: Web element with id: 'Object Repository/Cancelled reason/td_Order By_to delete' located by '//table[@id='pr_id_3-table']/tbody/tr/td' not found
	at com.kms.katalon.core.webui.common.WebUiCommonHelper.findWebElement(WebUiCommonHelper.java:1370)
	at com.kms.katalon.core.webui.keyword.internal.WebUIAbstractKeyword.findWebElement(WebUIAbstractKeyword.groovy:27)
	at com.kms.katalon.core.webui.keyword.builtin.ClickKeyword$_click_closure1.doCall(ClickKeyword.groovy:65)
	at com.kms.katalon.core.webui.keyword.builtin.ClickKeyword$_click_closure1.call(ClickKeyword.groovy)
	at com.kms.katalon.core.webui.keyword.internal.WebUIKeywordMain.runKeyword(WebUIKeywordMain.groovy:20)
	... 19 more]]></system-err>
   </testsuite>
</testsuites>
