<?xml version="1.0" encoding="UTF-8"?>
<testsuites name="Ip restrictions" time="41.085" tests="1" failures="0" errors="0">
   <testsuite name="Ip restrictions" tests="1" failures="0" errors="0" time="41.085" skipped="0" timestamp="2022-03-14 17:02:46" hostname="juzcategui - juzcategui" id="Test Suites/Ip restrictions">
      <properties>
         <property name="deviceName" value=""/>
         <property name="devicePlatform" value=""/>
         <property name="logFolder" value="/home/juzcategui/git/DIMS/Reports/20220314_170242/Ip restrictions/20220314_170242"/>
         <property name="logFiles" value="/home/juzcategui/git/DIMS/Reports/20220314_170242/Ip restrictions/20220314_170242/execution0.log"/>
         <property name="attachments" value=""/>
         <property name="hostName" value="juzcategui - juzcategui"/>
         <property name="os" value="Linux 64bit"/>
         <property name="katalonVersion" value="8.2.5.208"/>
         <property name="browser" value="Chrome 98.0.4758.102"/>
         <property name="hostAddress" value="192.168.250.10"/>
         <property name="sessionId" value="1e4d96bcac04f16dcbac5aa028212f51"/>
         <property name="seleniumVersion" value="3.141.59"/>
         <property name="proxyInformation" value="ProxyInformation { proxyOption=NO_PROXY, proxyServerType=HTTP, username=, password=********, proxyServerAddress=, proxyServerPort=0, executionList=&quot;&quot;, isApplyToDesiredCapabilities=true }"/>
         <property name="platform" value="Linux"/>
      </properties>
      <testcase name="Test Cases/Edit IP Office" time="40.539" classname="Test Cases/Edit IP Office" status="PASSED">
         <system-out><![CDATA[2022-03-14 17:02:47 - [TEST_CASE][PASSED] - Test Cases/Edit IP Office: Test Cases/Edit IP Office

2022-03-14 17:02:47 - [TEST_STEP][PASSED] - openBrowser(""): Browser is opened with url: ''

2022-03-14 17:02:47 - [MESSAGE][INFO] - Starting 'Chrome' driver

2022-03-14 17:02:47 - [MESSAGE][INFO] - Action delay is set to 0 milliseconds

2022-03-14 17:02:49 - [MESSAGE][PASSED] - Browser is opened with url: ''

2022-03-14 17:02:49 - [TEST_STEP][PASSED] - navigateToUrl("http://35.237.24.127:8081/dims-app/#/home"): Navigate to 'http://35.237.24.127:8081/dims-app/#/home' successfully

2022-03-14 17:03:10 - [MESSAGE][PASSED] - Navigate to 'http://35.237.24.127:8081/dims-app/#/home' successfully

2022-03-14 17:03:10 - [TEST_STEP][PASSED] - setText(findTestObject("Object Repository/Edit Ip Office/input_Username_form-control w-75 ng-untouch_2a886e"), username): Text 'SUPER_USER7' is set on object 'Object Repository/Edit Ip Office/input_Username_form-control w-75 ng-untouch_2a886e'

2022-03-14 17:03:11 - [MESSAGE][PASSED] - Text 'SUPER_USER7' is set on object 'Object Repository/Edit Ip Office/input_Username_form-control w-75 ng-untouch_2a886e'

2022-03-14 17:03:11 - [TEST_STEP][PASSED] - setText(findTestObject("Object Repository/Add IP objects/input_Password_form-control w-75 ng-untouch_173c6b"), pass): Text 'Abcd1234**' is set on object 'Object Repository/Add IP objects/input_Password_form-control w-75 ng-untouch_173c6b'

2022-03-14 17:03:12 - [MESSAGE][PASSED] - Text 'Abcd1234**' is set on object 'Object Repository/Add IP objects/input_Password_form-control w-75 ng-untouch_173c6b'

2022-03-14 17:03:12 - [TEST_STEP][PASSED] - click(findTestObject("Object Repository/Edit Ip Office/button_Login")): Object: 'Object Repository/Edit Ip Office/button_Login' is clicked on

2022-03-14 17:03:14 - [MESSAGE][PASSED] - Object: 'Object Repository/Edit Ip Office/button_Login' is clicked on

2022-03-14 17:03:14 - [TEST_STEP][PASSED] - click(findTestObject("Object Repository/Edit Ip Office/strong_Office Tools")): Object: 'Object Repository/Edit Ip Office/strong_Office Tools' is clicked on

2022-03-14 17:03:15 - [MESSAGE][PASSED] - Object: 'Object Repository/Edit Ip Office/strong_Office Tools' is clicked on

2022-03-14 17:03:15 - [TEST_STEP][PASSED] - click(findTestObject("Object Repository/Edit Ip Office/span_IP Restrictions")): Object: 'Object Repository/Edit Ip Office/span_IP Restrictions' is clicked on

2022-03-14 17:03:16 - [MESSAGE][PASSED] - Object: 'Object Repository/Edit Ip Office/span_IP Restrictions' is clicked on

2022-03-14 17:03:16 - [TEST_STEP][PASSED] - setText(findTestObject("Object Repository/Edit Ip Office/input_IP Restrictions_p-inputtext p-compone_ad6e79"), "Ip cgts"): Text 'Ip cgts' is set on object 'Object Repository/Edit Ip Office/input_IP Restrictions_p-inputtext p-compone_ad6e79'

2022-03-14 17:03:17 - [MESSAGE][PASSED] - Text 'Ip cgts' is set on object 'Object Repository/Edit Ip Office/input_IP Restrictions_p-inputtext p-compone_ad6e79'

2022-03-14 17:03:17 - [TEST_STEP][PASSED] - click(findTestObject("Object Repository/Edit Ip Office/button_Active_editButton")): Object: 'Object Repository/Edit Ip Office/button_Active_editButton' is clicked on

2022-03-14 17:03:18 - [MESSAGE][PASSED] - Object: 'Object Repository/Edit Ip Office/button_Active_editButton' is clicked on

2022-03-14 17:03:18 - [TEST_STEP][PASSED] - setText(findTestObject("Object Repository/Edit Ip Office/input_IP Address_form-control shadow-none n_a5e085"), ip): Text '172.168.0.199' is set on object 'Object Repository/Edit Ip Office/input_IP Address_form-control shadow-none n_a5e085'

2022-03-14 17:03:19 - [MESSAGE][PASSED] - Text '172.168.0.199' is set on object 'Object Repository/Edit Ip Office/input_IP Address_form-control shadow-none n_a5e085'

2022-03-14 17:03:19 - [TEST_STEP][PASSED] - setText(findTestObject("Add IP objects/input_Description_form-control shadow-none ng-untouched ng-pristine ng-invalid"), ipname): Text 'ip CGTS modificada' is set on object 'Object Repository/Add IP objects/input_Description_form-control shadow-none ng-untouched ng-pristine ng-invalid'

2022-03-14 17:03:20 - [MESSAGE][PASSED] - Text 'ip CGTS modificada' is set on object 'Object Repository/Add IP objects/input_Description_form-control shadow-none ng-untouched ng-pristine ng-invalid'

2022-03-14 17:03:20 - [TEST_STEP][PASSED] - delay(5, STOP_ON_FAILURE): Delayed 5 second(s)

2022-03-14 17:03:25 - [MESSAGE][PASSED] - Delayed 5 second(s)

2022-03-14 17:03:25 - [TEST_STEP][PASSED] - click(findTestObject("Edit Ip Office/button_Welcome, Julio Uzctegui_saveButton")): Object: 'Object Repository/Edit Ip Office/button_Welcome, Julio Uzctegui_saveButton' is clicked on

2022-03-14 17:03:25 - [MESSAGE][PASSED] - Object: 'Object Repository/Edit Ip Office/button_Welcome, Julio Uzctegui_saveButton' is clicked on

2022-03-14 17:03:25 - [TEST_STEP][PASSED] - delay(2, STOP_ON_FAILURE): Delayed 2 second(s)

2022-03-14 17:03:27 - [MESSAGE][PASSED] - Delayed 2 second(s)

2022-03-14 17:03:27 - [TEST_STEP][PASSED] - closeBrowser(): Browser is closed

2022-03-14 17:03:27 - [MESSAGE][PASSED] - Browser is closed]]></system-out>
         <system-err><![CDATA[]]></system-err>
      </testcase>
      <system-out><![CDATA[2022-03-14 17:02:46 - [TEST_SUITE][PASSED] - Ip restrictions: Test Cases/Edit IP Office]]></system-out>
      <system-err><![CDATA[]]></system-err>
   </testsuite>
</testsuites>
