<?xml version="1.0" encoding="UTF-8"?>
<testsuites name="Teams" time="115.75" tests="3" failures="0" errors="0">
   <testsuite name="Teams" tests="3" failures="0" errors="0" time="115.75" skipped="0" timestamp="2022-04-08 14:43:24" hostname="juzcategui - juzcategui" id="Test Suites/Teams">
      <properties>
         <property name="deviceName" value=""/>
         <property name="devicePlatform" value=""/>
         <property name="logFolder" value="/home/juzcategui/git/DIMS/Reports/20220408_144321/Teams/20220408_144321"/>
         <property name="logFiles" value="/home/juzcategui/git/DIMS/Reports/20220408_144321/Teams/20220408_144321/execution0.log"/>
         <property name="attachments" value=""/>
         <property name="hostName" value="juzcategui - juzcategui"/>
         <property name="os" value="Linux 64bit"/>
         <property name="katalonVersion" value="8.2.5.208"/>
         <property name="browser" value="Chrome 98.0.4758.102"/>
         <property name="hostAddress" value="192.168.12.62"/>
         <property name="sessionId" value="8f541c7246217c0a5e1e966c8d842acc"/>
         <property name="seleniumVersion" value="3.141.59"/>
         <property name="proxyInformation" value="ProxyInformation { proxyOption=NO_PROXY, proxyServerType=HTTP, username=, password=********, proxyServerAddress=, proxyServerPort=0, executionList=&quot;&quot;, isApplyToDesiredCapabilities=true }"/>
         <property name="platform" value="Linux"/>
      </properties>
      <testcase name="Test Cases/Add Teams" time="19.041" classname="Test Cases/Add Teams" status="PASSED">
         <system-out><![CDATA[2022-04-08 14:43:25 - [TEST_CASE][PASSED] - Test Cases/Add Teams: Test Cases/Add Teams

2022-04-08 14:43:25 - [TEST_STEP][PASSED] - openBrowser(""): Browser is opened with url: ''

2022-04-08 14:43:26 - [MESSAGE][INFO] - Starting 'Chrome' driver

2022-04-08 14:43:26 - [MESSAGE][INFO] - Action delay is set to 0 milliseconds

2022-04-08 14:43:27 - [MESSAGE][PASSED] - Browser is opened with url: ''

2022-04-08 14:43:27 - [TEST_STEP][PASSED] - navigateToUrl("http://35.237.24.127:8081/dims-app/#/home"): Navigate to 'http://35.237.24.127:8081/dims-app/#/home' successfully

2022-04-08 14:43:36 - [MESSAGE][PASSED] - Navigate to 'http://35.237.24.127:8081/dims-app/#/home' successfully

2022-04-08 14:43:36 - [TEST_STEP][PASSED] - setText(findTestObject("Object Repository/Create Lead/Page_Debt IMS/input_Username_form-control w-75 ng-untouch_2a886e"), username): Text 'SUPER_USER7' is set on object 'Object Repository/Create Lead/Page_Debt IMS/input_Username_form-control w-75 ng-untouch_2a886e'

2022-04-08 14:43:37 - [MESSAGE][PASSED] - Text 'SUPER_USER7' is set on object 'Object Repository/Create Lead/Page_Debt IMS/input_Username_form-control w-75 ng-untouch_2a886e'

2022-04-08 14:43:37 - [TEST_STEP][PASSED] - setText(findTestObject("Object Repository/Create Lead/Page_Debt IMS/input_Password_form-control w-75 ng-untouch_173c6b"), pass): Text 'Abcd1234**' is set on object 'Object Repository/Create Lead/Page_Debt IMS/input_Password_form-control w-75 ng-untouch_173c6b'

2022-04-08 14:43:38 - [MESSAGE][PASSED] - Text 'Abcd1234**' is set on object 'Object Repository/Create Lead/Page_Debt IMS/input_Password_form-control w-75 ng-untouch_173c6b'

2022-04-08 14:43:38 - [TEST_STEP][PASSED] - click(findTestObject("Object Repository/Create Lead/Page_Debt IMS/button_Login")): Object: 'Object Repository/Create Lead/Page_Debt IMS/button_Login' is clicked on

2022-04-08 14:43:38 - [MESSAGE][PASSED] - Object: 'Object Repository/Create Lead/Page_Debt IMS/button_Login' is clicked on

2022-04-08 14:43:38 - [TEST_STEP][PASSED] - click(findTestObject("Teams/Page_Debt IMS/strong_Office Tools")): Object: 'Object Repository/Teams/Page_Debt IMS/strong_Office Tools' is clicked on

2022-04-08 14:43:39 - [MESSAGE][PASSED] - Object: 'Object Repository/Teams/Page_Debt IMS/strong_Office Tools' is clicked on

2022-04-08 14:43:39 - [TEST_STEP][PASSED] - click(findTestObject("Teams/Page_Debt IMS/span_Teams")): Object: 'Object Repository/Teams/Page_Debt IMS/span_Teams' is clicked on

2022-04-08 14:43:39 - [MESSAGE][PASSED] - Object: 'Object Repository/Teams/Page_Debt IMS/span_Teams' is clicked on

2022-04-08 14:43:39 - [TEST_STEP][PASSED] - click(findTestObject("Create Lead/Page_Debt IMS/button_Welcome, Julio Uzctegui_addButton")): Object: 'Object Repository/Create Lead/Page_Debt IMS/button_Welcome, Julio Uzctegui_addButton' is clicked on

2022-04-08 14:43:40 - [MESSAGE][PASSED] - Object: 'Object Repository/Create Lead/Page_Debt IMS/button_Welcome, Julio Uzctegui_addButton' is clicked on

2022-04-08 14:43:40 - [TEST_STEP][PASSED] - setText(findTestObject("Teams/Page_Debt IMS/Page_Debt IMS/input_Team Name"), teamname): Text 'Test aut' is set on object 'Object Repository/Teams/Page_Debt IMS/Page_Debt IMS/input_Team Name'

2022-04-08 14:43:41 - [MESSAGE][PASSED] - Text 'Test aut' is set on object 'Object Repository/Teams/Page_Debt IMS/Page_Debt IMS/input_Team Name'

2022-04-08 14:43:41 - [TEST_STEP][PASSED] - selectOptionByValue(findTestObject("Teams/Page_Debt IMS/Page_Debt IMS/Page_Debt IMS/select_Select OneDebt - ImsConsumer Capital_47cd32"), "1", false): All options with value '1' are selected in object 'Object Repository/Teams/Page_Debt IMS/Page_Debt IMS/Page_Debt IMS/select_Select OneDebt - ImsConsumer Capital_47cd32' 

2022-04-08 14:43:42 - [MESSAGE][PASSED] - All options with value '1' are selected in object 'Object Repository/Teams/Page_Debt IMS/Page_Debt IMS/Page_Debt IMS/select_Select OneDebt - ImsConsumer Capital_47cd32' 

2022-04-08 14:43:42 - [TEST_STEP][PASSED] - selectOptionByValue(findTestObject("Teams/Page_Debt IMS/Page_Debt IMS/Page_Debt IMS/select_Select OneDixon GranadoJose Urribarr_e2400b"), "1002", false): All options with value '1002' are selected in object 'Object Repository/Teams/Page_Debt IMS/Page_Debt IMS/Page_Debt IMS/select_Select OneDixon GranadoJose Urribarr_e2400b' 

2022-04-08 14:43:42 - [MESSAGE][PASSED] - All options with value '1002' are selected in object 'Object Repository/Teams/Page_Debt IMS/Page_Debt IMS/Page_Debt IMS/select_Select OneDixon GranadoJose Urribarr_e2400b' 

2022-04-08 14:43:42 - [TEST_STEP][PASSED] - click(findTestObject("Teams/Page_Debt IMS/div_Select a User(s)")): Object: 'Object Repository/Teams/Page_Debt IMS/div_Select a User(s)' is clicked on

2022-04-08 14:43:43 - [MESSAGE][PASSED] - Object: 'Object Repository/Teams/Page_Debt IMS/div_Select a User(s)' is clicked on

2022-04-08 14:43:43 - [TEST_STEP][PASSED] - click(findTestObject("Teams/Page_Debt IMS/Page_Debt IMS/div_Select a team members primero")): Object: 'Object Repository/Teams/Page_Debt IMS/Page_Debt IMS/div_Select a team members primero' is clicked on

2022-04-08 14:43:43 - [MESSAGE][PASSED] - Object: 'Object Repository/Teams/Page_Debt IMS/Page_Debt IMS/div_Select a team members primero' is clicked on

2022-04-08 14:43:43 - [TEST_STEP][PASSED] - click(findTestObject("Teams/Page_Debt IMS/button_Welcome, Julio Uzctegui_saveButton")): Object: 'Object Repository/Teams/Page_Debt IMS/button_Welcome, Julio Uzctegui_saveButton' is clicked on

2022-04-08 14:43:44 - [MESSAGE][PASSED] - Object: 'Object Repository/Teams/Page_Debt IMS/button_Welcome, Julio Uzctegui_saveButton' is clicked on]]></system-out>
         <system-err><![CDATA[]]></system-err>
      </testcase>
      <testcase name="Test Cases/Edit Teams" time="80.792" classname="Test Cases/Edit Teams" status="PASSED">
         <system-out><![CDATA[2022-04-08 14:43:44 - [TEST_CASE][PASSED] - Test Cases/Edit Teams: Test Cases/Edit Teams

2022-04-08 14:43:44 - [TEST_STEP][PASSED] - openBrowser(""): Browser is opened with url: ''

2022-04-08 14:43:44 - [MESSAGE][WARNING] - A browser is already opened. Closing browser and opening a new one

2022-04-08 14:43:45 - [MESSAGE][INFO] - Starting 'Chrome' driver

2022-04-08 14:43:45 - [MESSAGE][INFO] - Action delay is set to 0 milliseconds

2022-04-08 14:43:45 - [MESSAGE][PASSED] - Browser is opened with url: ''

2022-04-08 14:43:45 - [TEST_STEP][PASSED] - navigateToUrl("http://35.237.24.127:8081/dims-app/#/home"): Navigate to 'http://35.237.24.127:8081/dims-app/#/home' successfully

2022-04-08 14:43:51 - [MESSAGE][PASSED] - Navigate to 'http://35.237.24.127:8081/dims-app/#/home' successfully

2022-04-08 14:43:51 - [TEST_STEP][PASSED] - setText(findTestObject("Object Repository/Create Lead/Page_Debt IMS/input_Username_form-control w-75 ng-untouch_2a886e"), username): Text 'SUPER_USER7' is set on object 'Object Repository/Create Lead/Page_Debt IMS/input_Username_form-control w-75 ng-untouch_2a886e'

2022-04-08 14:43:51 - [MESSAGE][PASSED] - Text 'SUPER_USER7' is set on object 'Object Repository/Create Lead/Page_Debt IMS/input_Username_form-control w-75 ng-untouch_2a886e'

2022-04-08 14:43:51 - [TEST_STEP][PASSED] - setText(findTestObject("Object Repository/Create Lead/Page_Debt IMS/input_Password_form-control w-75 ng-untouch_173c6b"), pass): Text 'Abcd1234**' is set on object 'Object Repository/Create Lead/Page_Debt IMS/input_Password_form-control w-75 ng-untouch_173c6b'

2022-04-08 14:43:52 - [MESSAGE][PASSED] - Text 'Abcd1234**' is set on object 'Object Repository/Create Lead/Page_Debt IMS/input_Password_form-control w-75 ng-untouch_173c6b'

2022-04-08 14:43:52 - [TEST_STEP][PASSED] - click(findTestObject("Object Repository/Create Lead/Page_Debt IMS/button_Login")): Object: 'Object Repository/Create Lead/Page_Debt IMS/button_Login' is clicked on

2022-04-08 14:43:55 - [MESSAGE][PASSED] - Object: 'Object Repository/Create Lead/Page_Debt IMS/button_Login' is clicked on

2022-04-08 14:43:55 - [TEST_STEP][PASSED] - click(findTestObject("Teams/Page_Debt IMS/strong_Office Tools")): Object: 'Object Repository/Teams/Page_Debt IMS/strong_Office Tools' is clicked on

2022-04-08 14:43:55 - [MESSAGE][PASSED] - Object: 'Object Repository/Teams/Page_Debt IMS/strong_Office Tools' is clicked on

2022-04-08 14:43:55 - [TEST_STEP][PASSED] - click(findTestObject("Teams/Page_Debt IMS/span_Teams")): Object: 'Object Repository/Teams/Page_Debt IMS/span_Teams' is clicked on

2022-04-08 14:43:56 - [MESSAGE][PASSED] - Object: 'Object Repository/Teams/Page_Debt IMS/span_Teams' is clicked on

2022-04-08 14:43:56 - [TEST_STEP][PASSED] - setText(findTestObject("Teams/Page_Debt IMS/input_Teams_p-inputtext p-component p-element"), "test aut"): Text 'test aut' is set on object 'Object Repository/Teams/Page_Debt IMS/input_Teams_p-inputtext p-component p-element'

2022-04-08 14:43:57 - [MESSAGE][PASSED] - Text 'test aut' is set on object 'Object Repository/Teams/Page_Debt IMS/input_Teams_p-inputtext p-component p-element'

2022-04-08 14:43:57 - [TEST_STEP][PASSED] - click(findTestObject("Teams/Page_Debt IMS/button_Team Details_editButton")): Object: 'Object Repository/Teams/Page_Debt IMS/button_Team Details_editButton' is clicked on

2022-04-08 14:43:58 - [MESSAGE][PASSED] - Object: 'Object Repository/Teams/Page_Debt IMS/button_Team Details_editButton' is clicked on

2022-04-08 14:43:58 - [TEST_STEP][PASSED] - click(findTestObject("Teams/Page_Debt IMS/div_members")): Object: 'Object Repository/Teams/Page_Debt IMS/div_members' is clicked on

2022-04-08 14:44:29 - [MESSAGE][INFO] - Unable to find the element located by 'By.xpath: (.//*[normalize-space(text()) and normalize-space(.)='Julio Uzcátegui'])[1]/following::div[1]'. Please recheck the objects properties to make sure the desired element is located. 

2022-04-08 14:44:29 - [MESSAGE][WARNING] - [SELF-HEALING] Failed to find element with id 'Object Repository/Teams/Page_Debt IMS/div_members'. Try using Self-healing.

2022-04-08 14:44:29 - [MESSAGE][INFO] - [SELF-HEALING] Failed Locator: '(.//*[normalize-space(text()) and normalize-space(.)='Julio Uzcátegui'])[1]/following::div[1]'.

2022-04-08 14:44:30 - [MESSAGE][INFO] - [SELF-HEALING] Working Locator: '(.//*[normalize-space(text()) and normalize-space(.)='Team Members'])[1]/following::div[7]'.

2022-04-08 14:44:30 - [MESSAGE][INFO] - [SELF-HEALING] Screenshot: /home/juzcategui/git/DIMS/Reports/Self-healing/Object Repository/Teams/Page_Debt IMS/div_members_neighbor.png

2022-04-08 14:44:30 - [MESSAGE][WARNING] - [SELF-HEALING] The current locator of test object 'Object Repository/Teams/Page_Debt IMS/div_members' was broken. Propose an alternative one: '(.//*[normalize-space(text()) and normalize-space(.)='Team Members'])[1]/following::div[7]'.

2022-04-08 14:44:30 - [MESSAGE][PASSED] - Object: 'Object Repository/Teams/Page_Debt IMS/div_members' is clicked on

2022-04-08 14:44:30 - [TEST_STEP][PASSED] - click(findTestObject("Teams/Page_Debt IMS/div_select 2nd member")): Object: 'Object Repository/Teams/Page_Debt IMS/div_select 2nd member' is clicked on

2022-04-08 14:45:01 - [MESSAGE][INFO] - Unable to find the element located by 'By.xpath: (.//*[normalize-space(text()) and normalize-space(.)='Julio Uzcátegui'])[2]/following::div[2]'. Please recheck the objects properties to make sure the desired element is located. 

2022-04-08 14:45:01 - [MESSAGE][WARNING] - [SELF-HEALING] Failed to find element with id 'Object Repository/Teams/Page_Debt IMS/div_select 2nd member'. Try using Self-healing.

2022-04-08 14:45:02 - [MESSAGE][INFO] - [SELF-HEALING] Failed Locator: '(.//*[normalize-space(text()) and normalize-space(.)='Julio Uzcátegui'])[2]/following::div[2]'.

2022-04-08 14:45:02 - [MESSAGE][INFO] - [SELF-HEALING] Failed Locator: '(.//*[normalize-space(text()) and normalize-space(.)='Julio Uzcátegui'])[1]/following::div[12]'.

2022-04-08 14:45:02 - [MESSAGE][INFO] - [SELF-HEALING] Failed Locator: '(.//*[normalize-space(text()) and normalize-space(.)='Lisbeth Ramos Ramos'])[1]/preceding::div[1]'.

2022-04-08 14:45:02 - [MESSAGE][INFO] - [SELF-HEALING] Failed Locator: '(.//*[normalize-space(text()) and normalize-space(.)='Mildred Noguera Noguera'])[2]/preceding::div[3]'.

2022-04-08 14:45:03 - [MESSAGE][INFO] - [SELF-HEALING] Working Locator: '//p-multiselectitem[2]/li/div/div'.

2022-04-08 14:45:03 - [MESSAGE][INFO] - [SELF-HEALING] Screenshot: /home/juzcategui/git/DIMS/Reports/Self-healing/Object Repository/Teams/Page_Debt IMS/div_select 2nd member_position.png

2022-04-08 14:45:03 - [MESSAGE][WARNING] - [SELF-HEALING] The current locator of test object 'Object Repository/Teams/Page_Debt IMS/div_select 2nd member' was broken. Propose an alternative one: '//p-multiselectitem[2]/li/div/div'.

2022-04-08 14:45:03 - [MESSAGE][PASSED] - Object: 'Object Repository/Teams/Page_Debt IMS/div_select 2nd member' is clicked on

2022-04-08 14:45:03 - [TEST_STEP][PASSED] - setText(findTestObject("Teams/Page_Debt IMS/Page_Debt IMS/input_Team Name"), teamname): Text 'Test aut modificado' is set on object 'Object Repository/Teams/Page_Debt IMS/Page_Debt IMS/input_Team Name'

2022-04-08 14:45:04 - [MESSAGE][PASSED] - Text 'Test aut modificado' is set on object 'Object Repository/Teams/Page_Debt IMS/Page_Debt IMS/input_Team Name'

2022-04-08 14:45:04 - [TEST_STEP][PASSED] - click(findTestObject("Teams/Page_Debt IMS/button_Welcome, Julio Uzctegui_saveButton")): Object: 'Object Repository/Teams/Page_Debt IMS/button_Welcome, Julio Uzctegui_saveButton' is clicked on

2022-04-08 14:45:04 - [MESSAGE][PASSED] - Object: 'Object Repository/Teams/Page_Debt IMS/button_Welcome, Julio Uzctegui_saveButton' is clicked on

2022-04-08 14:45:04 - [TEST_STEP][PASSED] - click(findTestObject("Teams/Page_Debt IMS/button_Accept edit")): Object: 'Object Repository/Teams/Page_Debt IMS/button_Accept edit' is clicked on

2022-04-08 14:45:05 - [MESSAGE][PASSED] - Object: 'Object Repository/Teams/Page_Debt IMS/button_Accept edit' is clicked on]]></system-out>
         <system-err><![CDATA[]]></system-err>
      </testcase>
      <testcase name="Test Cases/Delete Teams" time="15.298" classname="Test Cases/Delete Teams" status="PASSED">
         <system-out><![CDATA[2022-04-08 14:45:05 - [TEST_CASE][PASSED] - Test Cases/Delete Teams: Test Cases/Delete Teams

2022-04-08 14:45:05 - [TEST_STEP][PASSED] - openBrowser(""): Browser is opened with url: ''

2022-04-08 14:45:05 - [MESSAGE][WARNING] - A browser is already opened. Closing browser and opening a new one

2022-04-08 14:45:05 - [MESSAGE][INFO] - Starting 'Chrome' driver

2022-04-08 14:45:05 - [MESSAGE][INFO] - Action delay is set to 0 milliseconds

2022-04-08 14:45:06 - [MESSAGE][PASSED] - Browser is opened with url: ''

2022-04-08 14:45:06 - [TEST_STEP][PASSED] - navigateToUrl("http://35.237.24.127:8081/dims-app/#/home"): Navigate to 'http://35.237.24.127:8081/dims-app/#/home' successfully

2022-04-08 14:45:12 - [MESSAGE][PASSED] - Navigate to 'http://35.237.24.127:8081/dims-app/#/home' successfully

2022-04-08 14:45:12 - [TEST_STEP][PASSED] - setText(findTestObject("Object Repository/Create Lead/Page_Debt IMS/input_Username_form-control w-75 ng-untouch_2a886e"), username): Text 'SUPER_USER7' is set on object 'Object Repository/Create Lead/Page_Debt IMS/input_Username_form-control w-75 ng-untouch_2a886e'

2022-04-08 14:45:13 - [MESSAGE][PASSED] - Text 'SUPER_USER7' is set on object 'Object Repository/Create Lead/Page_Debt IMS/input_Username_form-control w-75 ng-untouch_2a886e'

2022-04-08 14:45:13 - [TEST_STEP][PASSED] - setText(findTestObject("Object Repository/Create Lead/Page_Debt IMS/input_Password_form-control w-75 ng-untouch_173c6b"), pass): Text 'Abcd1234**' is set on object 'Object Repository/Create Lead/Page_Debt IMS/input_Password_form-control w-75 ng-untouch_173c6b'

2022-04-08 14:45:14 - [MESSAGE][PASSED] - Text 'Abcd1234**' is set on object 'Object Repository/Create Lead/Page_Debt IMS/input_Password_form-control w-75 ng-untouch_173c6b'

2022-04-08 14:45:14 - [TEST_STEP][PASSED] - click(findTestObject("Object Repository/Create Lead/Page_Debt IMS/button_Login")): Object: 'Object Repository/Create Lead/Page_Debt IMS/button_Login' is clicked on

2022-04-08 14:45:16 - [MESSAGE][PASSED] - Object: 'Object Repository/Create Lead/Page_Debt IMS/button_Login' is clicked on

2022-04-08 14:45:16 - [TEST_STEP][PASSED] - click(findTestObject("Teams/Page_Debt IMS/strong_Office Tools")): Object: 'Object Repository/Teams/Page_Debt IMS/strong_Office Tools' is clicked on

2022-04-08 14:45:17 - [MESSAGE][PASSED] - Object: 'Object Repository/Teams/Page_Debt IMS/strong_Office Tools' is clicked on

2022-04-08 14:45:17 - [TEST_STEP][PASSED] - click(findTestObject("Teams/Page_Debt IMS/span_Teams")): Object: 'Object Repository/Teams/Page_Debt IMS/span_Teams' is clicked on

2022-04-08 14:45:17 - [MESSAGE][PASSED] - Object: 'Object Repository/Teams/Page_Debt IMS/span_Teams' is clicked on

2022-04-08 14:45:17 - [TEST_STEP][PASSED] - setText(findTestObject("Teams/Page_Debt IMS/input_Teams_p-inputtext p-component p-element"), teamname): Text 'Test aut' is set on object 'Object Repository/Teams/Page_Debt IMS/input_Teams_p-inputtext p-component p-element'

2022-04-08 14:45:18 - [MESSAGE][PASSED] - Text 'Test aut' is set on object 'Object Repository/Teams/Page_Debt IMS/input_Teams_p-inputtext p-component p-element'

2022-04-08 14:45:18 - [TEST_STEP][PASSED] - click(findTestObject("Teams/Page_Debt IMS/td_Test aut modifcado")): Object: 'Object Repository/Teams/Page_Debt IMS/td_Test aut modifcado' is clicked on

2022-04-08 14:45:19 - [MESSAGE][PASSED] - Object: 'Object Repository/Teams/Page_Debt IMS/td_Test aut modifcado' is clicked on

2022-04-08 14:45:19 - [TEST_STEP][PASSED] - click(findTestObject("Teams/Page_Debt IMS/button_Welcome, Julio Uzctegui_deleteButton")): Object: 'Object Repository/Teams/Page_Debt IMS/button_Welcome, Julio Uzctegui_deleteButton' is clicked on

2022-04-08 14:45:19 - [MESSAGE][PASSED] - Object: 'Object Repository/Teams/Page_Debt IMS/button_Welcome, Julio Uzctegui_deleteButton' is clicked on

2022-04-08 14:45:19 - [TEST_STEP][PASSED] - click(findTestObject("Teams/Page_Debt IMS/button_Accept delete")): Object: 'Object Repository/Teams/Page_Debt IMS/button_Accept delete' is clicked on

2022-04-08 14:45:20 - [MESSAGE][PASSED] - Object: 'Object Repository/Teams/Page_Debt IMS/button_Accept delete' is clicked on]]></system-out>
         <system-err><![CDATA[]]></system-err>
      </testcase>
      <system-out><![CDATA[2022-04-08 14:43:24 - [TEST_SUITE][PASSED] - Teams: Test Cases/Delete Teams]]></system-out>
      <system-err><![CDATA[]]></system-err>
   </testsuite>
</testsuites>
