<?xml version="1.0" encoding="UTF-8"?>
<testsuites name="New Lead" time="91.116" tests="1" failures="0" errors="0">
   <testsuite name="New Lead" tests="1" failures="0" errors="0" time="91.116" skipped="0" timestamp="2022-07-28 16:33:07" hostname="juzcategui - juzcategui" id="Test Suites/New Lead">
      <properties>
         <property name="deviceName" value=""/>
         <property name="devicePlatform" value=""/>
         <property name="logFolder" value="/home/juzcategui/git/DIMS/Reports/20220728_163304/New Lead/20220728_163304"/>
         <property name="logFiles" value="/home/juzcategui/git/DIMS/Reports/20220728_163304/New Lead/20220728_163304/execution0.log"/>
         <property name="attachments" value="/home/juzcategui/git/DIMS/Reports/20220728_163304/New Lead/20220728_163304/1659040478058.png"/>
         <property name="hostName" value="juzcategui - juzcategui"/>
         <property name="os" value="Linux 64bit"/>
         <property name="katalonVersion" value="8.2.5.208"/>
         <property name="browser" value="Chrome 102.0.5005.115"/>
         <property name="hostAddress" value="192.168.12.200"/>
         <property name="sessionId" value="2b701dd770f7e956252eb2b7340aa23d"/>
         <property name="seleniumVersion" value="3.141.59"/>
         <property name="proxyInformation" value="ProxyInformation { proxyOption=NO_PROXY, proxyServerType=HTTP, username=, password=********, proxyServerAddress=, proxyServerPort=0, executionList=&quot;&quot;, isApplyToDesiredCapabilities=true }"/>
         <property name="platform" value="Linux"/>
      </properties>
      <testcase name="Test Cases/Create Lead - Required Fields" time="90.526" classname="Test Cases/Create Lead - Required Fields" status="PASSED">
         <system-out><![CDATA[2022-07-28 16:33:08 - [TEST_CASE][PASSED] - Test Cases/Create Lead - Required Fields: Test Cases/Create Lead - Required Fields

2022-07-28 16:33:08 - [TEST_STEP][PASSED] - openBrowser(""): Browser is opened with url: ''

2022-07-28 16:33:09 - [MESSAGE][INFO] - Starting 'Chrome' driver

2022-07-28 16:33:09 - [MESSAGE][INFO] - Action delay is set to 0 milliseconds

2022-07-28 16:33:10 - [MESSAGE][PASSED] - Browser is opened with url: ''

2022-07-28 16:33:10 - [TEST_STEP][PASSED] - navigateToUrl("http://35.237.24.127:8081/dims-app/#/home"): Navigate to 'http://35.237.24.127:8081/dims-app/#/home' successfully

2022-07-28 16:34:21 - [MESSAGE][PASSED] - Navigate to 'http://35.237.24.127:8081/dims-app/#/home' successfully

2022-07-28 16:34:21 - [TEST_STEP][PASSED] - setText(findTestObject("Object Repository/Create Lead/input_Username_form-control w-75 ng-untouch_2a886e"), username): Text 'SUPER_USER7' is set on object 'Object Repository/Create Lead/input_Username_form-control w-75 ng-untouch_2a886e'

2022-07-28 16:34:22 - [MESSAGE][PASSED] - Text 'SUPER_USER7' is set on object 'Object Repository/Create Lead/input_Username_form-control w-75 ng-untouch_2a886e'

2022-07-28 16:34:22 - [TEST_STEP][PASSED] - setText(findTestObject("Object Repository/Create Lead/input_Password_form-control w-75 ng-untouch_173c6b"), pass): Text 'Abcd1234**' is set on object 'Object Repository/Create Lead/input_Password_form-control w-75 ng-untouch_173c6b'

2022-07-28 16:34:22 - [MESSAGE][PASSED] - Text 'Abcd1234**' is set on object 'Object Repository/Create Lead/input_Password_form-control w-75 ng-untouch_173c6b'

2022-07-28 16:34:22 - [TEST_STEP][PASSED] - click(findTestObject("Object Repository/Create Lead/button_Login")): Object: 'Object Repository/Create Lead/button_Login' is clicked on

2022-07-28 16:34:25 - [MESSAGE][PASSED] - Object: 'Object Repository/Create Lead/button_Login' is clicked on

2022-07-28 16:34:25 - [TEST_STEP][PASSED] - click(findTestObject("Object Repository/Create Lead/strong_My Tools")): Object: 'Object Repository/Create Lead/strong_My Tools' is clicked on

2022-07-28 16:34:26 - [MESSAGE][PASSED] - Object: 'Object Repository/Create Lead/strong_My Tools' is clicked on

2022-07-28 16:34:26 - [TEST_STEP][PASSED] - click(findTestObject("Object Repository/Create Lead/span_New Lead")): Object: 'Object Repository/Create Lead/span_New Lead' is clicked on

2022-07-28 16:34:26 - [MESSAGE][PASSED] - Object: 'Object Repository/Create Lead/span_New Lead' is clicked on

2022-07-28 16:34:26 - [TEST_STEP][PASSED] - selectOptionByValue(findTestObject("Object Repository/Create Lead/select_Select OneAdvertising-Stop My Payday_d308cb"), "3", true): All options with value '3' are selected in object 'Object Repository/Create Lead/select_Select OneAdvertising-Stop My Payday_d308cb'  using regular expression

2022-07-28 16:34:28 - [MESSAGE][PASSED] - All options with value '3' are selected in object 'Object Repository/Create Lead/select_Select OneAdvertising-Stop My Payday_d308cb'  using regular expression

2022-07-28 16:34:28 - [TEST_STEP][PASSED] - selectOptionByValue(findTestObject("Object Repository/Create Lead/select_Select OneHFG 2020HFG NONEHFG PAYDAY_f27ab0"), "2", true): All options with value '2' are selected in object 'Object Repository/Create Lead/select_Select OneHFG 2020HFG NONEHFG PAYDAY_f27ab0'  using regular expression

2022-07-28 16:34:29 - [MESSAGE][PASSED] - All options with value '2' are selected in object 'Object Repository/Create Lead/select_Select OneHFG 2020HFG NONEHFG PAYDAY_f27ab0'  using regular expression

2022-07-28 16:34:29 - [TEST_STEP][PASSED] - setText(findTestObject("Create Lead/input_First Name"), firstname): Text 'julio' is set on object 'Object Repository/Create Lead/input_First Name'

2022-07-28 16:34:30 - [MESSAGE][PASSED] - Text 'julio' is set on object 'Object Repository/Create Lead/input_First Name'

2022-07-28 16:34:30 - [TEST_STEP][PASSED] - setText(findTestObject("Create Lead/input_Last Name"), lastname): Text 'herrera' is set on object 'Object Repository/Create Lead/input_Last Name'

2022-07-28 16:34:31 - [MESSAGE][PASSED] - Text 'herrera' is set on object 'Object Repository/Create Lead/input_Last Name'

2022-07-28 16:34:31 - [TEST_STEP][PASSED] - selectOptionByValue(findTestObject("Object Repository/Create Lead/select_Select OneUS Armed Forces EuropeAlas_fd93bc"), "2: 2", true): All options with value '2: 2' are selected in object 'Object Repository/Create Lead/select_Select OneUS Armed Forces EuropeAlas_fd93bc'  using regular expression

2022-07-28 16:34:32 - [MESSAGE][PASSED] - All options with value '2: 2' are selected in object 'Object Repository/Create Lead/select_Select OneUS Armed Forces EuropeAlas_fd93bc'  using regular expression

2022-07-28 16:34:32 - [TEST_STEP][PASSED] - setText(findTestObject("Create Lead/Page_Debt IMS/input_Home Phone_new"), homephone): Text '2129909090' is set on object 'Object Repository/Create Lead/Page_Debt IMS/input_Home Phone_new'

2022-07-28 16:34:33 - [MESSAGE][PASSED] - Text '2129909090' is set on object 'Object Repository/Create Lead/Page_Debt IMS/input_Home Phone_new'

2022-07-28 16:34:33 - [TEST_STEP][PASSED] - setText(findTestObject("Create Lead/input_Email_form-control shadow-none ng-untouched ng-pristine ng-invalid"), email): Text 'julio@gmail.com' is set on object 'Object Repository/Create Lead/input_Email_form-control shadow-none ng-untouched ng-pristine ng-invalid'

2022-07-28 16:34:34 - [MESSAGE][PASSED] - Text 'julio@gmail.com' is set on object 'Object Repository/Create Lead/input_Email_form-control shadow-none ng-untouched ng-pristine ng-invalid'

2022-07-28 16:34:34 - [TEST_STEP][PASSED] - delay(2, STOP_ON_FAILURE): Delayed 2 second(s)

2022-07-28 16:34:36 - [MESSAGE][PASSED] - Delayed 2 second(s)

2022-07-28 16:34:36 - [TEST_STEP][PASSED] - click(findTestObject("Object Repository/Create Lead/button_Welcome, Julio Uzctegui_saveButton")): Object: 'Object Repository/Create Lead/button_Welcome, Julio Uzctegui_saveButton' is clicked on

2022-07-28 16:34:37 - [MESSAGE][PASSED] - Object: 'Object Repository/Create Lead/button_Welcome, Julio Uzctegui_saveButton' is clicked on

2022-07-28 16:34:37 - [TEST_STEP][PASSED] - delay(1, STOP_ON_FAILURE): Delayed 1 second(s)

2022-07-28 16:34:38 - [MESSAGE][PASSED] - Delayed 1 second(s)

2022-07-28 16:34:38 - [TEST_STEP][PASSED] - takeFullPageScreenshot(): Taking screenshot successfully

2022-07-28 16:34:38 - [MESSAGE][INFO] - 0 hidden object(s)

2022-07-28 16:34:38 - [MESSAGE][PASSED] - Taking screenshot successfully
[[ATTACHMENT|/home/juzcategui/git/DIMS/Reports/20220728_163304/New Lead/20220728_163304/1659040478058.png]]]]></system-out>
         <system-err><![CDATA[]]></system-err>
      </testcase>
      <system-out><![CDATA[2022-07-28 16:33:07 - [TEST_SUITE][PASSED] - New Lead: Test Cases/Create Lead - Required Fields]]></system-out>
      <system-err><![CDATA[]]></system-err>
   </testsuite>
</testsuites>
