<?xml version="1.0" encoding="UTF-8"?>
<testsuites name="Programs" time="130.328" tests="3" failures="0" errors="0">
   <testsuite name="Programs" tests="3" failures="0" errors="0" time="130.328" skipped="0" timestamp="2022-04-20 14:48:24" hostname="juzcategui - juzcategui" id="Test Suites/Programs">
      <properties>
         <property name="deviceName" value=""/>
         <property name="devicePlatform" value=""/>
         <property name="logFolder" value="/home/juzcategui/git/DIMS/Reports/20220420_144819/Programs/20220420_144819"/>
         <property name="logFiles" value="/home/juzcategui/git/DIMS/Reports/20220420_144819/Programs/20220420_144819/execution0.log"/>
         <property name="attachments" value=""/>
         <property name="hostName" value="juzcategui - juzcategui"/>
         <property name="os" value="Linux 64bit"/>
         <property name="katalonVersion" value="8.2.5.208"/>
         <property name="browser" value="Chrome 100.0.4896.75"/>
         <property name="hostAddress" value="192.168.250.10"/>
         <property name="sessionId" value="6e5db9c7ca2442efd1d3741f5b75545e"/>
         <property name="seleniumVersion" value="3.141.59"/>
         <property name="proxyInformation" value="ProxyInformation { proxyOption=NO_PROXY, proxyServerType=HTTP, username=, password=********, proxyServerAddress=, proxyServerPort=0, executionList=&quot;&quot;, isApplyToDesiredCapabilities=true }"/>
         <property name="platform" value="Linux"/>
      </properties>
      <testcase name="Test Cases/Add Programs" time="53.152" classname="Test Cases/Add Programs" status="PASSED">
         <system-out><![CDATA[2022-04-20 14:48:25 - [TEST_CASE][PASSED] - Test Cases/Add Programs: Test Cases/Add Programs

2022-04-20 14:48:25 - [TEST_STEP][PASSED] - openBrowser(""): Browser is opened with url: ''

2022-04-20 14:48:26 - [MESSAGE][INFO] - Starting 'Chrome' driver

2022-04-20 14:48:26 - [MESSAGE][INFO] - Action delay is set to 0 milliseconds

2022-04-20 14:48:28 - [MESSAGE][PASSED] - Browser is opened with url: ''

2022-04-20 14:48:28 - [TEST_STEP][PASSED] - navigateToUrl("http://35.237.24.127:8081/dims-app/#/home"): Navigate to 'http://35.237.24.127:8081/dims-app/#/home' successfully

2022-04-20 14:48:44 - [MESSAGE][PASSED] - Navigate to 'http://35.237.24.127:8081/dims-app/#/home' successfully

2022-04-20 14:48:44 - [TEST_STEP][PASSED] - setText(findTestObject("Object Repository/Programs/input_Username_form-control w-75 ng-untouch_2a886e"), username): Text 'SUPER_USER7' is set on object 'Object Repository/Programs/input_Username_form-control w-75 ng-untouch_2a886e'

2022-04-20 14:48:45 - [MESSAGE][PASSED] - Text 'SUPER_USER7' is set on object 'Object Repository/Programs/input_Username_form-control w-75 ng-untouch_2a886e'

2022-04-20 14:48:45 - [TEST_STEP][PASSED] - setText(findTestObject("Object Repository/Programs/input_Password_form-control w-75 ng-untouch_173c6b"), pass): Text 'Abcd1234**' is set on object 'Object Repository/Programs/input_Password_form-control w-75 ng-untouch_173c6b'

2022-04-20 14:48:46 - [MESSAGE][PASSED] - Text 'Abcd1234**' is set on object 'Object Repository/Programs/input_Password_form-control w-75 ng-untouch_173c6b'

2022-04-20 14:48:46 - [TEST_STEP][PASSED] - click(findTestObject("Object Repository/Programs/button_Login")): Object: 'Object Repository/Programs/button_Login' is clicked on

2022-04-20 14:48:48 - [MESSAGE][PASSED] - Object: 'Object Repository/Programs/button_Login' is clicked on

2022-04-20 14:48:48 - [TEST_STEP][PASSED] - click(findTestObject("Object Repository/Programs/strong_Maintenance Tools")): Object: 'Object Repository/Programs/strong_Maintenance Tools' is clicked on

2022-04-20 14:48:49 - [MESSAGE][PASSED] - Object: 'Object Repository/Programs/strong_Maintenance Tools' is clicked on

2022-04-20 14:48:49 - [TEST_STEP][PASSED] - click(findTestObject("Object Repository/Programs/span_Programs")): Object: 'Object Repository/Programs/span_Programs' is clicked on

2022-04-20 14:48:50 - [MESSAGE][PASSED] - Object: 'Object Repository/Programs/span_Programs' is clicked on

2022-04-20 14:48:50 - [TEST_STEP][PASSED] - click(findTestObject("Object Repository/Programs/button_Welcome, Julio Uzctegui_addButton")): Object: 'Object Repository/Programs/button_Welcome, Julio Uzctegui_addButton' is clicked on

2022-04-20 14:48:51 - [MESSAGE][PASSED] - Object: 'Object Repository/Programs/button_Welcome, Julio Uzctegui_addButton' is clicked on

2022-04-20 14:48:51 - [TEST_STEP][PASSED] - setText(findTestObject("Programs/Page_Debt IMS/input_Program_form-control shadow-none ng-untouched ng-pristine ng-invalid"), programname): Text 'Test dg aut' is set on object 'Object Repository/Programs/Page_Debt IMS/input_Program_form-control shadow-none ng-untouched ng-pristine ng-invalid'

2022-04-20 14:48:52 - [MESSAGE][PASSED] - Text 'Test dg aut' is set on object 'Object Repository/Programs/Page_Debt IMS/input_Program_form-control shadow-none ng-untouched ng-pristine ng-invalid'

2022-04-20 14:48:52 - [TEST_STEP][PASSED] - delay(2): Delayed 2 second(s)

2022-04-20 14:48:54 - [MESSAGE][PASSED] - Delayed 2 second(s)

2022-04-20 14:48:54 - [TEST_STEP][PASSED] - click(findTestObject("Object Repository/Programs/div_Select an Office(s)")): Object: 'Object Repository/Programs/div_Select an Office(s)' is clicked on

2022-04-20 14:48:54 - [MESSAGE][PASSED] - Object: 'Object Repository/Programs/div_Select an Office(s)' is clicked on

2022-04-20 14:48:54 - [TEST_STEP][PASSED] - click(findTestObject("Object Repository/Programs/div_Debt - Ims_p-checkbox-box")): Object: 'Object Repository/Programs/div_Debt - Ims_p-checkbox-box' is clicked on

2022-04-20 14:48:55 - [MESSAGE][PASSED] - Object: 'Object Repository/Programs/div_Debt - Ims_p-checkbox-box' is clicked on

2022-04-20 14:48:55 - [TEST_STEP][PASSED] - click(findTestObject("Object Repository/Programs/div_Select a Pay Frequencie(s)")): Object: 'Object Repository/Programs/div_Select a Pay Frequencie(s)' is clicked on

2022-04-20 14:48:55 - [MESSAGE][PASSED] - Object: 'Object Repository/Programs/div_Select a Pay Frequencie(s)' is clicked on

2022-04-20 14:48:55 - [TEST_STEP][PASSED] - click(findTestObject("Object Repository/Programs/div_Semi  Monthly_p-checkbox-box")): Object: 'Object Repository/Programs/div_Semi  Monthly_p-checkbox-box' is clicked on

2022-04-20 14:48:56 - [MESSAGE][PASSED] - Object: 'Object Repository/Programs/div_Semi  Monthly_p-checkbox-box' is clicked on

2022-04-20 14:48:56 - [TEST_STEP][NOT_RUN] - doubleClick(findTestObject("Programs/Page_Debt IMS/input_Minimum Debt Accepted")): NOT_RUN: doubleClick(findTestObject("Programs/Page_Debt IMS/input_Minimum Debt Accepted"))

2022-04-20 14:48:56 - [MESSAGE][NOT_RUN] - NOT_RUN: doubleClick(findTestObject("Programs/Page_Debt IMS/input_Minimum Debt Accepted"))

2022-04-20 14:48:56 - [TEST_STEP][PASSED] - setText(findTestObject("Programs/Page_Debt IMS/input_Minimum Debt Accepted"), minimumdebt): Text '100' is set on object 'Object Repository/Programs/Page_Debt IMS/input_Minimum Debt Accepted'

2022-04-20 14:48:57 - [MESSAGE][PASSED] - Text '100' is set on object 'Object Repository/Programs/Page_Debt IMS/input_Minimum Debt Accepted'

2022-04-20 14:48:57 - [TEST_STEP][NOT_RUN] - doubleClick(findTestObject("Programs/Page_Debt IMS/input_Minimum Creditor Balance")): NOT_RUN: doubleClick(findTestObject("Programs/Page_Debt IMS/input_Minimum Creditor Balance"))

2022-04-20 14:48:57 - [MESSAGE][NOT_RUN] - NOT_RUN: doubleClick(findTestObject("Programs/Page_Debt IMS/input_Minimum Creditor Balance"))

2022-04-20 14:48:57 - [TEST_STEP][PASSED] - setText(findTestObject("Programs/Page_Debt IMS/input_Minimum Creditor Balance"), minimumCreditor): Text '1000' is set on object 'Object Repository/Programs/Page_Debt IMS/input_Minimum Creditor Balance'

2022-04-20 14:48:58 - [MESSAGE][PASSED] - Text '1000' is set on object 'Object Repository/Programs/Page_Debt IMS/input_Minimum Creditor Balance'

2022-04-20 14:48:58 - [TEST_STEP][NOT_RUN] - doubleClick(findTestObject("Programs/Page_Debt IMS/input_Program Minimum Payment_for")): NOT_RUN: doubleClick(findTestObject("Programs/Page_Debt IMS/input_Program Minimum Payment_for"))

2022-04-20 14:48:58 - [MESSAGE][NOT_RUN] - NOT_RUN: doubleClick(findTestObject("Programs/Page_Debt IMS/input_Program Minimum Payment_for"))

2022-04-20 14:48:58 - [TEST_STEP][PASSED] - setText(findTestObject("Programs/Page_Debt IMS/input_Program Minimum Payment_for"), programminimum): Text '100' is set on object 'Object Repository/Programs/Page_Debt IMS/input_Program Minimum Payment_for'

2022-04-20 14:48:59 - [MESSAGE][PASSED] - Text '100' is set on object 'Object Repository/Programs/Page_Debt IMS/input_Program Minimum Payment_for'

2022-04-20 14:48:59 - [TEST_STEP][PASSED] - setText(findTestObject("Object Repository/Programs/input_Email_form-control shadow-none ng-unt_36dc17"), email): Text 'test@gmail.com' is set on object 'Object Repository/Programs/input_Email_form-control shadow-none ng-unt_36dc17'

2022-04-20 14:48:59 - [MESSAGE][PASSED] - Text 'test@gmail.com' is set on object 'Object Repository/Programs/input_Email_form-control shadow-none ng-unt_36dc17'

2022-04-20 14:48:59 - [TEST_STEP][NOT_RUN] - doubleClick(findTestObject("Programs/Page_Debt IMS/input_Debt amount From_")): NOT_RUN: doubleClick(findTestObject("Programs/Page_Debt IMS/input_Debt amount From_"))

2022-04-20 14:48:59 - [MESSAGE][NOT_RUN] - NOT_RUN: doubleClick(findTestObject("Programs/Page_Debt IMS/input_Debt amount From_"))

2022-04-20 14:48:59 - [TEST_STEP][PASSED] - setText(findTestObject("Programs/Page_Debt IMS/input_Debt amount From_"), debtamountfrom): Text '100' is set on object 'Object Repository/Programs/Page_Debt IMS/input_Debt amount From_'

2022-04-20 14:49:00 - [MESSAGE][PASSED] - Text '100' is set on object 'Object Repository/Programs/Page_Debt IMS/input_Debt amount From_'

2022-04-20 14:49:00 - [TEST_STEP][NOT_RUN] - doubleClick(findTestObject("Programs/Page_Debt IMS/input_Debt amount To_")): NOT_RUN: doubleClick(findTestObject("Programs/Page_Debt IMS/input_Debt amount To_"))

2022-04-20 14:49:00 - [MESSAGE][NOT_RUN] - NOT_RUN: doubleClick(findTestObject("Programs/Page_Debt IMS/input_Debt amount To_"))

2022-04-20 14:49:00 - [TEST_STEP][PASSED] - setText(findTestObject("Programs/Page_Debt IMS/input_Debt amount To_"), debtamountto): Text '1000' is set on object 'Object Repository/Programs/Page_Debt IMS/input_Debt amount To_'

2022-04-20 14:49:01 - [MESSAGE][PASSED] - Text '1000' is set on object 'Object Repository/Programs/Page_Debt IMS/input_Debt amount To_'

2022-04-20 14:49:01 - [TEST_STEP][PASSED] - selectOptionByValue(findTestObject("Object Repository/Programs/select_Select One12345678910111213141516171_b2f31c"), "10", true): All options with value '10' are selected in object 'Object Repository/Programs/select_Select One12345678910111213141516171_b2f31c'  using regular expression

2022-04-20 14:49:03 - [MESSAGE][PASSED] - All options with value '10' are selected in object 'Object Repository/Programs/select_Select One12345678910111213141516171_b2f31c'  using regular expression

2022-04-20 14:49:03 - [TEST_STEP][PASSED] - click(findTestObject("Object Repository/Programs/button_Add")): Object: 'Object Repository/Programs/button_Add' is clicked on

2022-04-20 14:49:03 - [MESSAGE][PASSED] - Object: 'Object Repository/Programs/button_Add' is clicked on

2022-04-20 14:49:03 - [TEST_STEP][PASSED] - delay(2): Delayed 2 second(s)

2022-04-20 14:49:05 - [MESSAGE][PASSED] - Delayed 2 second(s)

2022-04-20 14:49:05 - [TEST_STEP][PASSED] - click(findTestObject("Object Repository/Programs/div_Select a Unacceptable debt(s)")): Object: 'Object Repository/Programs/div_Select a Unacceptable debt(s)' is clicked on

2022-04-20 14:49:05 - [MESSAGE][PASSED] - Object: 'Object Repository/Programs/div_Select a Unacceptable debt(s)' is clicked on

2022-04-20 14:49:05 - [TEST_STEP][PASSED] - click(findTestObject("Object Repository/Programs/div_Only medical_p-checkbox-box"), CONTINUE_ON_FAILURE): Object: 'Object Repository/Programs/div_Only medical_p-checkbox-box' is clicked on

2022-04-20 14:49:06 - [MESSAGE][PASSED] - Object: 'Object Repository/Programs/div_Only medical_p-checkbox-box' is clicked on

2022-04-20 14:49:06 - [TEST_STEP][PASSED] - selectOptionByValue(findTestObject("Object Repository/Programs/select_Select OneYesNo"), "false", true): All options with value 'false' are selected in object 'Object Repository/Programs/select_Select OneYesNo'  using regular expression

2022-04-20 14:49:07 - [MESSAGE][PASSED] - All options with value 'false' are selected in object 'Object Repository/Programs/select_Select OneYesNo'  using regular expression

2022-04-20 14:49:07 - [TEST_STEP][PASSED] - selectOptionByValue(findTestObject("Object Repository/Programs/select_Select OneYesNo_1"), "false", true): All options with value 'false' are selected in object 'Object Repository/Programs/select_Select OneYesNo_1'  using regular expression

2022-04-20 14:49:08 - [MESSAGE][PASSED] - All options with value 'false' are selected in object 'Object Repository/Programs/select_Select OneYesNo_1'  using regular expression

2022-04-20 14:49:08 - [TEST_STEP][PASSED] - selectOptionByValue(findTestObject("Programs/Page_Debt IMS/select_Legal Plan"), "false", true): All options with value 'false' are selected in object 'Object Repository/Programs/Page_Debt IMS/select_Legal Plan'  using regular expression

2022-04-20 14:49:09 - [MESSAGE][PASSED] - All options with value 'false' are selected in object 'Object Repository/Programs/Page_Debt IMS/select_Legal Plan'  using regular expression

2022-04-20 14:49:09 - [TEST_STEP][PASSED] - selectOptionByValue(findTestObject("Programs/Page_Debt IMS/select_Monthly Legal"), "false", true): All options with value 'false' are selected in object 'Object Repository/Programs/Page_Debt IMS/select_Monthly Legal'  using regular expression

2022-04-20 14:49:10 - [MESSAGE][PASSED] - All options with value 'false' are selected in object 'Object Repository/Programs/Page_Debt IMS/select_Monthly Legal'  using regular expression

2022-04-20 14:49:10 - [TEST_STEP][PASSED] - selectOptionByValue(findTestObject("Programs/Page_Debt IMS/select_Monthly Bank"), "false", true): All options with value 'false' are selected in object 'Object Repository/Programs/Page_Debt IMS/select_Monthly Bank'  using regular expression

2022-04-20 14:49:11 - [MESSAGE][PASSED] - All options with value 'false' are selected in object 'Object Repository/Programs/Page_Debt IMS/select_Monthly Bank'  using regular expression

2022-04-20 14:49:11 - [TEST_STEP][PASSED] - selectOptionByValue(findTestObject("Programs/Page_Debt IMS/select_Credit Analyzer"), "false", true): All options with value 'false' are selected in object 'Object Repository/Programs/Page_Debt IMS/select_Credit Analyzer'  using regular expression

2022-04-20 14:49:12 - [MESSAGE][PASSED] - All options with value 'false' are selected in object 'Object Repository/Programs/Page_Debt IMS/select_Credit Analyzer'  using regular expression

2022-04-20 14:49:12 - [TEST_STEP][PASSED] - delay(5): Delayed 5 second(s)

2022-04-20 14:49:17 - [MESSAGE][PASSED] - Delayed 5 second(s)

2022-04-20 14:49:17 - [TEST_STEP][PASSED] - scrollToElement(findTestObject("Object Repository/Create Lead/button_Welcome, Julio Uzctegui_saveButton"), 0): Scroll to object 'Object Repository/Create Lead/button_Welcome, Julio Uzctegui_saveButton' successfully

2022-04-20 14:49:17 - [MESSAGE][WARNING] - Timeout '0' is invalid. Using default page load timeout: '30'

2022-04-20 14:49:17 - [MESSAGE][PASSED] - Scroll to object 'Object Repository/Create Lead/button_Welcome, Julio Uzctegui_saveButton' successfully

2022-04-20 14:49:17 - [TEST_STEP][PASSED] - click(findTestObject("Object Repository/Programs/button_Welcome, Julio Uzctegui_saveButton")): Object: 'Object Repository/Programs/button_Welcome, Julio Uzctegui_saveButton' is clicked on

2022-04-20 14:49:18 - [MESSAGE][PASSED] - Object: 'Object Repository/Programs/button_Welcome, Julio Uzctegui_saveButton' is clicked on]]></system-out>
         <system-err><![CDATA[]]></system-err>
      </testcase>
      <testcase name="Test Cases/Edit Program" time="48.43" classname="Test Cases/Edit Program" status="PASSED">
         <system-out><![CDATA[2022-04-20 14:49:18 - [TEST_CASE][PASSED] - Test Cases/Edit Program: Test Cases/Edit Program

2022-04-20 14:49:18 - [TEST_STEP][PASSED] - openBrowser(""): Browser is opened with url: ''

2022-04-20 14:49:18 - [MESSAGE][WARNING] - A browser is already opened. Closing browser and opening a new one

2022-04-20 14:49:19 - [MESSAGE][INFO] - Starting 'Chrome' driver

2022-04-20 14:49:19 - [MESSAGE][INFO] - Action delay is set to 0 milliseconds

2022-04-20 14:49:19 - [MESSAGE][PASSED] - Browser is opened with url: ''

2022-04-20 14:49:19 - [TEST_STEP][PASSED] - navigateToUrl("http://35.237.24.127:8081/dims-app/#/home"): Navigate to 'http://35.237.24.127:8081/dims-app/#/home' successfully

2022-04-20 14:49:36 - [MESSAGE][PASSED] - Navigate to 'http://35.237.24.127:8081/dims-app/#/home' successfully

2022-04-20 14:49:36 - [TEST_STEP][PASSED] - setText(findTestObject("Object Repository/Programs/input_Username_form-control w-75 ng-untouch_2a886e"), username): Text 'SUPER_USER7' is set on object 'Object Repository/Programs/input_Username_form-control w-75 ng-untouch_2a886e'

2022-04-20 14:49:37 - [MESSAGE][PASSED] - Text 'SUPER_USER7' is set on object 'Object Repository/Programs/input_Username_form-control w-75 ng-untouch_2a886e'

2022-04-20 14:49:37 - [TEST_STEP][PASSED] - setText(findTestObject("Object Repository/Programs/input_Password_form-control w-75 ng-untouch_173c6b"), pass): Text 'Abcd1234**' is set on object 'Object Repository/Programs/input_Password_form-control w-75 ng-untouch_173c6b'

2022-04-20 14:49:38 - [MESSAGE][PASSED] - Text 'Abcd1234**' is set on object 'Object Repository/Programs/input_Password_form-control w-75 ng-untouch_173c6b'

2022-04-20 14:49:38 - [TEST_STEP][PASSED] - click(findTestObject("Object Repository/Programs/button_Login")): Object: 'Object Repository/Programs/button_Login' is clicked on

2022-04-20 14:49:40 - [MESSAGE][PASSED] - Object: 'Object Repository/Programs/button_Login' is clicked on

2022-04-20 14:49:40 - [TEST_STEP][PASSED] - click(findTestObject("Object Repository/Programs/strong_Maintenance Tools")): Object: 'Object Repository/Programs/strong_Maintenance Tools' is clicked on

2022-04-20 14:49:41 - [MESSAGE][PASSED] - Object: 'Object Repository/Programs/strong_Maintenance Tools' is clicked on

2022-04-20 14:49:41 - [TEST_STEP][PASSED] - click(findTestObject("Object Repository/Programs/span_Programs")): Object: 'Object Repository/Programs/span_Programs' is clicked on

2022-04-20 14:49:41 - [MESSAGE][PASSED] - Object: 'Object Repository/Programs/span_Programs' is clicked on

2022-04-20 14:49:41 - [TEST_STEP][PASSED] - setText(findTestObject("Programs/Page_Debt IMS/input_Programs_for looking"), "Test DG aut"): Text 'Test DG aut' is set on object 'Object Repository/Programs/Page_Debt IMS/input_Programs_for looking'

2022-04-20 14:49:43 - [MESSAGE][PASSED] - Text 'Test DG aut' is set on object 'Object Repository/Programs/Page_Debt IMS/input_Programs_for looking'

2022-04-20 14:49:43 - [TEST_STEP][PASSED] - click(findTestObject("Programs/Page_Debt IMS/button_Office_editButton after search")): Object: 'Object Repository/Programs/Page_Debt IMS/button_Office_editButton after search' is clicked on

2022-04-20 14:49:44 - [MESSAGE][PASSED] - Object: 'Object Repository/Programs/Page_Debt IMS/button_Office_editButton after search' is clicked on

2022-04-20 14:49:44 - [TEST_STEP][PASSED] - setText(findTestObject("Programs/Page_Debt IMS/input_Program_form-control shadow-none ng-untouched ng-pristine ng-invalid"), programname): Text 'Test dg aut modifcado' is set on object 'Object Repository/Programs/Page_Debt IMS/input_Program_form-control shadow-none ng-untouched ng-pristine ng-invalid'

2022-04-20 14:49:45 - [MESSAGE][PASSED] - Text 'Test dg aut modifcado' is set on object 'Object Repository/Programs/Page_Debt IMS/input_Program_form-control shadow-none ng-untouched ng-pristine ng-invalid'

2022-04-20 14:49:45 - [TEST_STEP][PASSED] - delay(2): Delayed 2 second(s)

2022-04-20 14:49:47 - [MESSAGE][PASSED] - Delayed 2 second(s)

2022-04-20 14:49:47 - [TEST_STEP][PASSED] - click(findTestObject("Programs/Page_Debt IMS/div_Consumer select office")): Object: 'Object Repository/Programs/Page_Debt IMS/div_Consumer select office' is clicked on

2022-04-20 14:49:47 - [MESSAGE][PASSED] - Object: 'Object Repository/Programs/Page_Debt IMS/div_Consumer select office' is clicked on

2022-04-20 14:49:47 - [TEST_STEP][PASSED] - click(findTestObject("Programs/Page_Debt IMS/div_Oliver Law new office")): Object: 'Object Repository/Programs/Page_Debt IMS/div_Oliver Law new office' is clicked on

2022-04-20 14:49:48 - [MESSAGE][PASSED] - Object: 'Object Repository/Programs/Page_Debt IMS/div_Oliver Law new office' is clicked on

2022-04-20 14:49:48 - [TEST_STEP][NOT_RUN] - doubleClick(findTestObject("Programs/Page_Debt IMS/input_Minimum Debt Accepted")): NOT_RUN: doubleClick(findTestObject("Programs/Page_Debt IMS/input_Minimum Debt Accepted"))

2022-04-20 14:49:48 - [MESSAGE][NOT_RUN] - NOT_RUN: doubleClick(findTestObject("Programs/Page_Debt IMS/input_Minimum Debt Accepted"))

2022-04-20 14:49:48 - [TEST_STEP][NOT_RUN] - doubleClick(findTestObject("Programs/Page_Debt IMS/input_Minimum Creditor Balance")): NOT_RUN: doubleClick(findTestObject("Programs/Page_Debt IMS/input_Minimum Creditor Balance"))

2022-04-20 14:49:48 - [MESSAGE][NOT_RUN] - NOT_RUN: doubleClick(findTestObject("Programs/Page_Debt IMS/input_Minimum Creditor Balance"))

2022-04-20 14:49:48 - [TEST_STEP][PASSED] - setText(findTestObject("Programs/Page_Debt IMS/input_Minimum Creditor Balance"), minimumCreditor): Text '' is set on object 'Object Repository/Programs/Page_Debt IMS/input_Minimum Creditor Balance'

2022-04-20 14:49:49 - [MESSAGE][PASSED] - Text '' is set on object 'Object Repository/Programs/Page_Debt IMS/input_Minimum Creditor Balance'

2022-04-20 14:49:49 - [TEST_STEP][NOT_RUN] - doubleClick(findTestObject("Programs/Page_Debt IMS/input_Program Minimum Payment_for")): NOT_RUN: doubleClick(findTestObject("Programs/Page_Debt IMS/input_Program Minimum Payment_for"))

2022-04-20 14:49:49 - [MESSAGE][NOT_RUN] - NOT_RUN: doubleClick(findTestObject("Programs/Page_Debt IMS/input_Program Minimum Payment_for"))

2022-04-20 14:49:49 - [TEST_STEP][PASSED] - setText(findTestObject("Programs/Page_Debt IMS/input_Program Minimum Payment_for"), programminimum): Text '300' is set on object 'Object Repository/Programs/Page_Debt IMS/input_Program Minimum Payment_for'

2022-04-20 14:49:50 - [MESSAGE][PASSED] - Text '300' is set on object 'Object Repository/Programs/Page_Debt IMS/input_Program Minimum Payment_for'

2022-04-20 14:49:50 - [TEST_STEP][PASSED] - setText(findTestObject("Object Repository/Programs/input_Email_form-control shadow-none ng-unt_36dc17"), email): Text 'test@gmail.com' is set on object 'Object Repository/Programs/input_Email_form-control shadow-none ng-unt_36dc17'

2022-04-20 14:49:50 - [MESSAGE][PASSED] - Text 'test@gmail.com' is set on object 'Object Repository/Programs/input_Email_form-control shadow-none ng-unt_36dc17'

2022-04-20 14:49:50 - [TEST_STEP][NOT_RUN] - doubleClick(findTestObject("Programs/Page_Debt IMS/input_Debt amount From_")): NOT_RUN: doubleClick(findTestObject("Programs/Page_Debt IMS/input_Debt amount From_"))

2022-04-20 14:49:50 - [MESSAGE][NOT_RUN] - NOT_RUN: doubleClick(findTestObject("Programs/Page_Debt IMS/input_Debt amount From_"))

2022-04-20 14:49:50 - [TEST_STEP][PASSED] - setText(findTestObject("Programs/Page_Debt IMS/input_Debt amount From_"), debtamountfrom): Text '300' is set on object 'Object Repository/Programs/Page_Debt IMS/input_Debt amount From_'

2022-04-20 14:49:51 - [MESSAGE][PASSED] - Text '300' is set on object 'Object Repository/Programs/Page_Debt IMS/input_Debt amount From_'

2022-04-20 14:49:51 - [TEST_STEP][NOT_RUN] - doubleClick(findTestObject("Programs/Page_Debt IMS/input_Debt amount To_")): NOT_RUN: doubleClick(findTestObject("Programs/Page_Debt IMS/input_Debt amount To_"))

2022-04-20 14:49:51 - [MESSAGE][NOT_RUN] - NOT_RUN: doubleClick(findTestObject("Programs/Page_Debt IMS/input_Debt amount To_"))

2022-04-20 14:49:51 - [TEST_STEP][PASSED] - setText(findTestObject("Programs/Page_Debt IMS/input_Debt amount To_"), debtamountto): Text '3000' is set on object 'Object Repository/Programs/Page_Debt IMS/input_Debt amount To_'

2022-04-20 14:49:52 - [MESSAGE][PASSED] - Text '3000' is set on object 'Object Repository/Programs/Page_Debt IMS/input_Debt amount To_'

2022-04-20 14:49:52 - [TEST_STEP][PASSED] - selectOptionByValue(findTestObject("Object Repository/Programs/select_Select One12345678910111213141516171_b2f31c"), "20", true): All options with value '20' are selected in object 'Object Repository/Programs/select_Select One12345678910111213141516171_b2f31c'  using regular expression

2022-04-20 14:49:53 - [MESSAGE][PASSED] - All options with value '20' are selected in object 'Object Repository/Programs/select_Select One12345678910111213141516171_b2f31c'  using regular expression

2022-04-20 14:49:53 - [TEST_STEP][PASSED] - click(findTestObject("Object Repository/Programs/button_Add")): Object: 'Object Repository/Programs/button_Add' is clicked on

2022-04-20 14:49:54 - [MESSAGE][PASSED] - Object: 'Object Repository/Programs/button_Add' is clicked on

2022-04-20 14:49:54 - [TEST_STEP][PASSED] - delay(2): Delayed 2 second(s)

2022-04-20 14:49:56 - [MESSAGE][PASSED] - Delayed 2 second(s)

2022-04-20 14:49:56 - [TEST_STEP][PASSED] - click(findTestObject("Object Repository/Programs/div_Select a Unacceptable debt(s)")): Object: 'Object Repository/Programs/div_Select a Unacceptable debt(s)' is clicked on

2022-04-20 14:49:56 - [MESSAGE][PASSED] - Object: 'Object Repository/Programs/div_Select a Unacceptable debt(s)' is clicked on

2022-04-20 14:49:56 - [TEST_STEP][PASSED] - click(findTestObject("Programs/Page_Debt IMS/span_Home Improvements Loans select unaceptable"), CONTINUE_ON_FAILURE): Object: 'Object Repository/Programs/Page_Debt IMS/span_Home Improvements Loans select unaceptable' is clicked on

2022-04-20 14:49:57 - [MESSAGE][PASSED] - Object: 'Object Repository/Programs/Page_Debt IMS/span_Home Improvements Loans select unaceptable' is clicked on

2022-04-20 14:49:57 - [TEST_STEP][PASSED] - selectOptionByValue(findTestObject("Object Repository/Programs/select_Select OneYesNo"), "false", true): All options with value 'false' are selected in object 'Object Repository/Programs/select_Select OneYesNo'  using regular expression

2022-04-20 14:49:58 - [MESSAGE][PASSED] - All options with value 'false' are selected in object 'Object Repository/Programs/select_Select OneYesNo'  using regular expression

2022-04-20 14:49:58 - [TEST_STEP][PASSED] - selectOptionByValue(findTestObject("Object Repository/Programs/select_Select OneYesNo_1"), "false", true): All options with value 'false' are selected in object 'Object Repository/Programs/select_Select OneYesNo_1'  using regular expression

2022-04-20 14:49:59 - [MESSAGE][PASSED] - All options with value 'false' are selected in object 'Object Repository/Programs/select_Select OneYesNo_1'  using regular expression

2022-04-20 14:49:59 - [TEST_STEP][PASSED] - selectOptionByValue(findTestObject("Programs/Page_Debt IMS/select_Legal Plan"), "false", true): All options with value 'false' are selected in object 'Object Repository/Programs/Page_Debt IMS/select_Legal Plan'  using regular expression

2022-04-20 14:50:00 - [MESSAGE][PASSED] - All options with value 'false' are selected in object 'Object Repository/Programs/Page_Debt IMS/select_Legal Plan'  using regular expression

2022-04-20 14:50:00 - [TEST_STEP][PASSED] - selectOptionByValue(findTestObject("Programs/Page_Debt IMS/select_Monthly Legal"), "false", true): All options with value 'false' are selected in object 'Object Repository/Programs/Page_Debt IMS/select_Monthly Legal'  using regular expression

2022-04-20 14:50:00 - [MESSAGE][PASSED] - All options with value 'false' are selected in object 'Object Repository/Programs/Page_Debt IMS/select_Monthly Legal'  using regular expression

2022-04-20 14:50:00 - [TEST_STEP][PASSED] - selectOptionByValue(findTestObject("Programs/Page_Debt IMS/select_Monthly Bank"), "false", true): All options with value 'false' are selected in object 'Object Repository/Programs/Page_Debt IMS/select_Monthly Bank'  using regular expression

2022-04-20 14:50:01 - [MESSAGE][PASSED] - All options with value 'false' are selected in object 'Object Repository/Programs/Page_Debt IMS/select_Monthly Bank'  using regular expression

2022-04-20 14:50:01 - [TEST_STEP][PASSED] - selectOptionByValue(findTestObject("Programs/Page_Debt IMS/select_Credit Analyzer"), "true", true): All options with value 'true' are selected in object 'Object Repository/Programs/Page_Debt IMS/select_Credit Analyzer'  using regular expression

2022-04-20 14:50:02 - [MESSAGE][PASSED] - All options with value 'true' are selected in object 'Object Repository/Programs/Page_Debt IMS/select_Credit Analyzer'  using regular expression

2022-04-20 14:50:02 - [TEST_STEP][PASSED] - setText(findTestObject("Programs/Page_Debt IMS/input_amount_ credit analizer"), "1000"): Text '1000' is set on object 'Object Repository/Programs/Page_Debt IMS/input_amount_ credit analizer'

2022-04-20 14:50:03 - [MESSAGE][PASSED] - Text '1000' is set on object 'Object Repository/Programs/Page_Debt IMS/input_amount_ credit analizer'

2022-04-20 14:50:03 - [TEST_STEP][PASSED] - delay(2): Delayed 2 second(s)

2022-04-20 14:50:05 - [MESSAGE][PASSED] - Delayed 2 second(s)

2022-04-20 14:50:05 - [TEST_STEP][PASSED] - scrollToElement(findTestObject("Object Repository/Create Lead/button_Welcome, Julio Uzctegui_saveButton"), 0): Scroll to object 'Object Repository/Create Lead/button_Welcome, Julio Uzctegui_saveButton' successfully

2022-04-20 14:50:05 - [MESSAGE][WARNING] - Timeout '0' is invalid. Using default page load timeout: '30'

2022-04-20 14:50:05 - [MESSAGE][PASSED] - Scroll to object 'Object Repository/Create Lead/button_Welcome, Julio Uzctegui_saveButton' successfully

2022-04-20 14:50:05 - [TEST_STEP][PASSED] - click(findTestObject("Object Repository/Programs/button_Welcome, Julio Uzctegui_saveButton")): Object: 'Object Repository/Programs/button_Welcome, Julio Uzctegui_saveButton' is clicked on

2022-04-20 14:50:06 - [MESSAGE][PASSED] - Object: 'Object Repository/Programs/button_Welcome, Julio Uzctegui_saveButton' is clicked on

2022-04-20 14:50:06 - [TEST_STEP][PASSED] - click(findTestObject("edit actions/button_Accept")): Object: 'Object Repository/edit actions/button_Accept' is clicked on

2022-04-20 14:50:06 - [MESSAGE][PASSED] - Object: 'Object Repository/edit actions/button_Accept' is clicked on]]></system-out>
         <system-err><![CDATA[]]></system-err>
      </testcase>
      <testcase name="Test Cases/Delete Program" time="27.837" classname="Test Cases/Delete Program" status="PASSED">
         <system-out><![CDATA[2022-04-20 14:50:06 - [TEST_CASE][PASSED] - Test Cases/Delete Program: Test Cases/Delete Program

2022-04-20 14:50:07 - [TEST_STEP][PASSED] - openBrowser(""): Browser is opened with url: ''

2022-04-20 14:50:07 - [MESSAGE][WARNING] - A browser is already opened. Closing browser and opening a new one

2022-04-20 14:50:07 - [MESSAGE][INFO] - Starting 'Chrome' driver

2022-04-20 14:50:07 - [MESSAGE][INFO] - Action delay is set to 0 milliseconds

2022-04-20 14:50:08 - [MESSAGE][PASSED] - Browser is opened with url: ''

2022-04-20 14:50:08 - [TEST_STEP][PASSED] - navigateToUrl("http://35.237.24.127:8081/dims-app/#/home"): Navigate to 'http://35.237.24.127:8081/dims-app/#/home' successfully

2022-04-20 14:50:24 - [MESSAGE][PASSED] - Navigate to 'http://35.237.24.127:8081/dims-app/#/home' successfully

2022-04-20 14:50:24 - [TEST_STEP][PASSED] - setText(findTestObject("Object Repository/debt ims R/Page_Debt IMS/input_Username_form-control w-75 ng-untouch_2a886e"), username): Text 'SUPER_USER7' is set on object 'Object Repository/debt ims R/Page_Debt IMS/input_Username_form-control w-75 ng-untouch_2a886e'

2022-04-20 14:50:25 - [MESSAGE][PASSED] - Text 'SUPER_USER7' is set on object 'Object Repository/debt ims R/Page_Debt IMS/input_Username_form-control w-75 ng-untouch_2a886e'

2022-04-20 14:50:25 - [TEST_STEP][PASSED] - setText(findTestObject("Object Repository/debt ims R/Page_Debt IMS/input_Password_form-control w-75 ng-untouch_173c6b"), pass): Text 'Abcd1234**' is set on object 'Object Repository/debt ims R/Page_Debt IMS/input_Password_form-control w-75 ng-untouch_173c6b'

2022-04-20 14:50:26 - [MESSAGE][PASSED] - Text 'Abcd1234**' is set on object 'Object Repository/debt ims R/Page_Debt IMS/input_Password_form-control w-75 ng-untouch_173c6b'

2022-04-20 14:50:26 - [TEST_STEP][PASSED] - click(findTestObject("Object Repository/debt ims R/Page_Debt IMS/button_Login")): Object: 'Object Repository/debt ims R/Page_Debt IMS/button_Login' is clicked on

2022-04-20 14:50:28 - [MESSAGE][PASSED] - Object: 'Object Repository/debt ims R/Page_Debt IMS/button_Login' is clicked on

2022-04-20 14:50:28 - [TEST_STEP][PASSED] - click(findTestObject("Object Repository/Programs/strong_Maintenance Tools")): Object: 'Object Repository/Programs/strong_Maintenance Tools' is clicked on

2022-04-20 14:50:29 - [MESSAGE][PASSED] - Object: 'Object Repository/Programs/strong_Maintenance Tools' is clicked on

2022-04-20 14:50:29 - [TEST_STEP][PASSED] - click(findTestObject("Object Repository/Programs/span_Programs")): Object: 'Object Repository/Programs/span_Programs' is clicked on

2022-04-20 14:50:29 - [MESSAGE][PASSED] - Object: 'Object Repository/Programs/span_Programs' is clicked on

2022-04-20 14:50:29 - [TEST_STEP][PASSED] - setText(findTestObject("Programs/Page_Debt IMS/input_Programs_for looking"), "Test DG aut modi"): Text 'Test DG aut modi' is set on object 'Object Repository/Programs/Page_Debt IMS/input_Programs_for looking'

2022-04-20 14:50:31 - [MESSAGE][PASSED] - Text 'Test DG aut modi' is set on object 'Object Repository/Programs/Page_Debt IMS/input_Programs_for looking'

2022-04-20 14:50:31 - [TEST_STEP][PASSED] - click(findTestObject("Programs/delete program/Page_Debt IMS/td_Office_tdEditButton")): Object: 'Object Repository/Programs/delete program/Page_Debt IMS/td_Office_tdEditButton' is clicked on

2022-04-20 14:50:31 - [MESSAGE][PASSED] - Object: 'Object Repository/Programs/delete program/Page_Debt IMS/td_Office_tdEditButton' is clicked on

2022-04-20 14:50:31 - [TEST_STEP][PASSED] - click(findTestObject("Programs/delete program/Page_Debt IMS/button_Welcome, Julio Uzctegui_deleteButton")): Object: 'Object Repository/Programs/delete program/Page_Debt IMS/button_Welcome, Julio Uzctegui_deleteButton' is clicked on

2022-04-20 14:50:32 - [MESSAGE][PASSED] - Object: 'Object Repository/Programs/delete program/Page_Debt IMS/button_Welcome, Julio Uzctegui_deleteButton' is clicked on

2022-04-20 14:50:32 - [TEST_STEP][PASSED] - delay(1, STOP_ON_FAILURE): Delayed 1 second(s)

2022-04-20 14:50:33 - [MESSAGE][PASSED] - Delayed 1 second(s)

2022-04-20 14:50:33 - [TEST_STEP][PASSED] - click(findTestObject("Programs/delete program/Page_Debt IMS/button_Accept")): Object: 'Object Repository/Programs/delete program/Page_Debt IMS/button_Accept' is clicked on

2022-04-20 14:50:33 - [MESSAGE][PASSED] - Object: 'Object Repository/Programs/delete program/Page_Debt IMS/button_Accept' is clicked on

2022-04-20 14:50:33 - [TEST_STEP][PASSED] - click(findTestObject("Object Repository/Programs/span_Programs")): Object: 'Object Repository/Programs/span_Programs' is clicked on

2022-04-20 14:50:34 - [MESSAGE][PASSED] - Object: 'Object Repository/Programs/span_Programs' is clicked on]]></system-out>
         <system-err><![CDATA[]]></system-err>
      </testcase>
      <system-out><![CDATA[2022-04-20 14:48:24 - [TEST_SUITE][PASSED] - Programs: Test Cases/Delete Program]]></system-out>
      <system-err><![CDATA[]]></system-err>
   </testsuite>
</testsuites>
