<?xml version="1.0" encoding="UTF-8"?>
<testsuites name="My Worklist" time="90.134" tests="1" failures="1" errors="0">
   <testsuite name="My Worklist" tests="1" failures="1" errors="0" time="90.134" skipped="0" timestamp="2022-08-05 15:42:41" hostname="juzcategui - juzcategui" id="Test Suites/My Worklist">
      <properties>
         <property name="deviceName" value=""/>
         <property name="devicePlatform" value=""/>
         <property name="logFolder" value="/home/juzcategui/git/DIMS/Reports/20220805_154237/My Worklist/20220805_154237"/>
         <property name="logFiles" value="/home/juzcategui/git/DIMS/Reports/20220805_154237/My Worklist/20220805_154237/execution0.log"/>
         <property name="attachments" value="/home/juzcategui/git/DIMS/Reports/20220805_154237/My Worklist/20220805_154237/1659728651019.png"/>
         <property name="hostName" value="juzcategui - juzcategui"/>
         <property name="os" value="Linux 64bit"/>
         <property name="katalonVersion" value="8.2.5.208"/>
         <property name="browser" value="Chrome 102.0.5005.115"/>
         <property name="hostAddress" value="192.168.12.200"/>
         <property name="sessionId" value="b47554c389c2a4f5e95a87074e038769"/>
         <property name="seleniumVersion" value="3.141.59"/>
         <property name="proxyInformation" value="ProxyInformation { proxyOption=NO_PROXY, proxyServerType=HTTP, username=, password=********, proxyServerAddress=, proxyServerPort=0, executionList=&quot;&quot;, isApplyToDesiredCapabilities=true }"/>
         <property name="platform" value="Linux"/>
      </properties>
      <testcase name="Test Cases/My Worklist - Coapplicant all fields" time="89.108" classname="Test Cases/My Worklist - Coapplicant all fields" status="FAILED">
         <failure type="FAILED" message="Test Cases/My Worklist - Coapplicant all fields FAILED.
Reason:
com.kms.katalon.core.exception.StepFailedException: Unable to set text '123456789' of object 'Object Repository/Myworklist(lead status)/Coapplicant/All fields coapplicant/input_Social Security'
	at com.kms.katalon.core.webui.keyword.internal.WebUIKeywordMain.stepFailed(WebUIKeywordMain.groovy:64)
	at com.kms.katalon.core.webui.keyword.internal.WebUIKeywordMain.runKeyword(WebUIKeywordMain.groovy:26)
	at com.kms.katalon.core.webui.keyword.builtin.SetTextKeyword.setText(SetTextKeyword.groovy:66)
	at com.kms.katalon.core.webui.keyword.builtin.SetTextKeyword.execute(SetTextKeyword.groovy:37)
	at com.kms.katalon.core.keyword.internal.KeywordExecutor.executeKeywordForPlatform(KeywordExecutor.groovy:74)
	at com.kms.katalon.core.webui.keyword.WebUiBuiltInKeywords.setText(WebUiBuiltInKeywords.groovy:980)
	at com.kms.katalon.core.webui.keyword.WebUiBuiltInKeywords$setText$1.call(Unknown Source)
	at My Worklist - Coapplicant all fields.run(My Worklist - Coapplicant all fields:84)
	at com.kms.katalon.core.main.ScriptEngine.run(ScriptEngine.java:194)
	at com.kms.katalon.core.main.ScriptEngine.runScriptAsRawText(ScriptEngine.java:119)
	at com.kms.katalon.core.main.TestCaseExecutor.runScript(TestCaseExecutor.java:442)
	at com.kms.katalon.core.main.TestCaseExecutor.doExecute(TestCaseExecutor.java:433)
	at com.kms.katalon.core.main.TestCaseExecutor.processExecutionPhase(TestCaseExecutor.java:412)
	at com.kms.katalon.core.main.TestCaseExecutor.accessMainPhase(TestCaseExecutor.java:404)
	at com.kms.katalon.core.main.TestCaseExecutor.execute(TestCaseExecutor.java:281)
	at com.kms.katalon.core.main.TestSuiteExecutor.accessTestCaseMainPhase(TestSuiteExecutor.java:202)
	at com.kms.katalon.core.main.TestSuiteExecutor.accessTestSuiteMainPhase(TestSuiteExecutor.java:164)
	at com.kms.katalon.core.main.TestSuiteExecutor.execute(TestSuiteExecutor.java:105)
	at com.kms.katalon.core.main.TestCaseMain.startTestSuite(TestCaseMain.java:185)
	at com.kms.katalon.core.main.TestCaseMain$startTestSuite$0.call(Unknown Source)
	at TempTestSuite1659728557386.run(TempTestSuite1659728557386.groovy:36)
Caused by: com.kms.katalon.core.webui.exception.WebElementNotFoundException: Web element with id: 'Object Repository/Myworklist(lead status)/Coapplicant/All fields coapplicant/input_Social Security' located by '//*[@type = 'text' and @placeholder = 'E.g. 133-44-3214']' not found
	at com.kms.katalon.core.webui.common.WebUiCommonHelper.findWebElement(WebUiCommonHelper.java:1370)
	at com.kms.katalon.core.webui.keyword.internal.WebUIAbstractKeyword.findWebElement(WebUIAbstractKeyword.groovy:27)
	at com.kms.katalon.core.webui.keyword.internal.WebUIAbstractKeyword.findWebElement(WebUIAbstractKeyword.groovy:26)
	at com.kms.katalon.core.webui.keyword.builtin.SetTextKeyword$_setText_closure1.doCall(SetTextKeyword.groovy:51)
	at com.kms.katalon.core.webui.keyword.builtin.SetTextKeyword$_setText_closure1.call(SetTextKeyword.groovy)
	at com.kms.katalon.core.webui.keyword.internal.WebUIKeywordMain.runKeyword(WebUIKeywordMain.groovy:20)
	... 19 more
"/>
         <system-out><![CDATA[2022-08-05 15:42:42 - [TEST_CASE][FAILED] - Test Cases/My Worklist - Coapplicant all fields: Test Cases/My Worklist - Coapplicant all fields FAILED.
Reason:
com.kms.katalon.core.exception.StepFailedException: Unable to set text '123456789' of object 'Object Repository/Myworklist(lead status)/Coapplicant/All fields coapplicant/input_Social Security'
	at com.kms.katalon.core.webui.keyword.internal.WebUIKeywordMain.stepFailed(WebUIKeywordMain.groovy:64)
	at com.kms.katalon.core.webui.keyword.internal.WebUIKeywordMain.runKeyword(WebUIKeywordMain.groovy:26)
	at com.kms.katalon.core.webui.keyword.builtin.SetTextKeyword.setText(SetTextKeyword.groovy:66)
	at com.kms.katalon.core.webui.keyword.builtin.SetTextKeyword.execute(SetTextKeyword.groovy:37)
	at com.kms.katalon.core.keyword.internal.KeywordExecutor.executeKeywordForPlatform(KeywordExecutor.groovy:74)
	at com.kms.katalon.core.webui.keyword.WebUiBuiltInKeywords.setText(WebUiBuiltInKeywords.groovy:980)
	at com.kms.katalon.core.webui.keyword.WebUiBuiltInKeywords$setText$1.call(Unknown Source)
	at My Worklist - Coapplicant all fields.run(My Worklist - Coapplicant all fields:84)
	at com.kms.katalon.core.main.ScriptEngine.run(ScriptEngine.java:194)
	at com.kms.katalon.core.main.ScriptEngine.runScriptAsRawText(ScriptEngine.java:119)
	at com.kms.katalon.core.main.TestCaseExecutor.runScript(TestCaseExecutor.java:442)
	at com.kms.katalon.core.main.TestCaseExecutor.doExecute(TestCaseExecutor.java:433)
	at com.kms.katalon.core.main.TestCaseExecutor.processExecutionPhase(TestCaseExecutor.java:412)
	at com.kms.katalon.core.main.TestCaseExecutor.accessMainPhase(TestCaseExecutor.java:404)
	at com.kms.katalon.core.main.TestCaseExecutor.execute(TestCaseExecutor.java:281)
	at com.kms.katalon.core.main.TestSuiteExecutor.accessTestCaseMainPhase(TestSuiteExecutor.java:202)
	at com.kms.katalon.core.main.TestSuiteExecutor.accessTestSuiteMainPhase(TestSuiteExecutor.java:164)
	at com.kms.katalon.core.main.TestSuiteExecutor.execute(TestSuiteExecutor.java:105)
	at com.kms.katalon.core.main.TestCaseMain.startTestSuite(TestCaseMain.java:185)
	at com.kms.katalon.core.main.TestCaseMain$startTestSuite$0.call(Unknown Source)
	at TempTestSuite1659728557386.run(TempTestSuite1659728557386.groovy:36)
Caused by: com.kms.katalon.core.webui.exception.WebElementNotFoundException: Web element with id: 'Object Repository/Myworklist(lead status)/Coapplicant/All fields coapplicant/input_Social Security' located by '//*[@type = 'text' and @placeholder = 'E.g. 133-44-3214']' not found
	at com.kms.katalon.core.webui.common.WebUiCommonHelper.findWebElement(WebUiCommonHelper.java:1370)
	at com.kms.katalon.core.webui.keyword.internal.WebUIAbstractKeyword.findWebElement(WebUIAbstractKeyword.groovy:27)
	at com.kms.katalon.core.webui.keyword.internal.WebUIAbstractKeyword.findWebElement(WebUIAbstractKeyword.groovy:26)
	at com.kms.katalon.core.webui.keyword.builtin.SetTextKeyword$_setText_closure1.doCall(SetTextKeyword.groovy:51)
	at com.kms.katalon.core.webui.keyword.builtin.SetTextKeyword$_setText_closure1.call(SetTextKeyword.groovy)
	at com.kms.katalon.core.webui.keyword.internal.WebUIKeywordMain.runKeyword(WebUIKeywordMain.groovy:20)
	... 19 more


2022-08-05 15:42:42 - [TEST_STEP][PASSED] - openBrowser(""): Browser is opened with url: ''

2022-08-05 15:42:43 - [MESSAGE][INFO] - Starting 'Chrome' driver

2022-08-05 15:42:43 - [MESSAGE][INFO] - Action delay is set to 0 milliseconds

2022-08-05 15:42:45 - [MESSAGE][PASSED] - Browser is opened with url: ''

2022-08-05 15:42:45 - [TEST_STEP][PASSED] - navigateToUrl("http://35.237.24.127:8081/dims-app/#/home"): Navigate to 'http://35.237.24.127:8081/dims-app/#/home' successfully

2022-08-05 15:43:13 - [MESSAGE][PASSED] - Navigate to 'http://35.237.24.127:8081/dims-app/#/home' successfully

2022-08-05 15:43:13 - [TEST_STEP][PASSED] - setText(findTestObject("Object Repository/Create Lead/input_Username_form-control w-75 ng-untouch_2a886e"), username): Text 'SUPER_USER7' is set on object 'Object Repository/Create Lead/input_Username_form-control w-75 ng-untouch_2a886e'

2022-08-05 15:43:14 - [MESSAGE][PASSED] - Text 'SUPER_USER7' is set on object 'Object Repository/Create Lead/input_Username_form-control w-75 ng-untouch_2a886e'

2022-08-05 15:43:14 - [TEST_STEP][PASSED] - setText(findTestObject("Object Repository/Create Lead/input_Password_form-control w-75 ng-untouch_173c6b"), pass): Text 'Abcd1234**' is set on object 'Object Repository/Create Lead/input_Password_form-control w-75 ng-untouch_173c6b'

2022-08-05 15:43:15 - [MESSAGE][PASSED] - Text 'Abcd1234**' is set on object 'Object Repository/Create Lead/input_Password_form-control w-75 ng-untouch_173c6b'

2022-08-05 15:43:15 - [TEST_STEP][PASSED] - click(findTestObject("Object Repository/Create Lead/button_Login")): Object: 'Object Repository/Create Lead/button_Login' is clicked on

2022-08-05 15:43:17 - [MESSAGE][PASSED] - Object: 'Object Repository/Create Lead/button_Login' is clicked on

2022-08-05 15:43:17 - [TEST_STEP][PASSED] - click(findTestObject("Myworklist(lead status)/Page_Debt IMS/strong_My Tools")): Object: 'Object Repository/Myworklist(lead status)/Page_Debt IMS/strong_My Tools' is clicked on

2022-08-05 15:43:18 - [MESSAGE][PASSED] - Object: 'Object Repository/Myworklist(lead status)/Page_Debt IMS/strong_My Tools' is clicked on

2022-08-05 15:43:18 - [TEST_STEP][PASSED] - click(findTestObject("Myworklist(lead status)/Page_Debt IMS/span_My Worklist")): Object: 'Object Repository/Myworklist(lead status)/Page_Debt IMS/span_My Worklist' is clicked on

2022-08-05 15:43:19 - [MESSAGE][PASSED] - Object: 'Object Repository/Myworklist(lead status)/Page_Debt IMS/span_My Worklist' is clicked on

2022-08-05 15:43:19 - [TEST_STEP][PASSED] - setText(findTestObject("Object Repository/Myworklist(lead status)/search ojito add note/input_Filter"), "test mailer"): Text 'test mailer' is set on object 'Object Repository/Myworklist(lead status)/search ojito add note/input_Filter'

2022-08-05 15:43:20 - [MESSAGE][PASSED] - Text 'test mailer' is set on object 'Object Repository/Myworklist(lead status)/search ojito add note/input_Filter'

2022-08-05 15:43:20 - [TEST_STEP][PASSED] - click(findTestObject("Myworklist(lead status)/search ojito add note/button_FILE_editButton")): Object: 'Object Repository/Myworklist(lead status)/search ojito add note/button_FILE_editButton' is clicked on

2022-08-05 15:43:21 - [MESSAGE][PASSED] - Object: 'Object Repository/Myworklist(lead status)/search ojito add note/button_FILE_editButton' is clicked on

2022-08-05 15:43:21 - [TEST_STEP][PASSED] - click(findTestObject("Myworklist(lead status)/Coapplicant/a_CoApplicant"), STOP_ON_FAILURE): Object: 'Object Repository/Myworklist(lead status)/Coapplicant/a_CoApplicant' is clicked on

2022-08-05 15:43:22 - [MESSAGE][PASSED] - Object: 'Object Repository/Myworklist(lead status)/Coapplicant/a_CoApplicant' is clicked on

2022-08-05 15:43:22 - [TEST_STEP][PASSED] - setText(findTestObject("Myworklist(lead status)/Coapplicant/input_First Name"), name): Text 'test name' is set on object 'Object Repository/Myworklist(lead status)/Coapplicant/input_First Name'

2022-08-05 15:43:24 - [MESSAGE][PASSED] - Text 'test name' is set on object 'Object Repository/Myworklist(lead status)/Coapplicant/input_First Name'

2022-08-05 15:43:24 - [TEST_STEP][PASSED] - setText(findTestObject("Myworklist(lead status)/Coapplicant/All fields coapplicant/input_Middle Initial"), middlename): Text 'test middlename' is set on object 'Object Repository/Myworklist(lead status)/Coapplicant/All fields coapplicant/input_Middle Initial'

2022-08-05 15:43:24 - [MESSAGE][PASSED] - Text 'test middlename' is set on object 'Object Repository/Myworklist(lead status)/Coapplicant/All fields coapplicant/input_Middle Initial'

2022-08-05 15:43:24 - [TEST_STEP][PASSED] - setText(findTestObject("Myworklist(lead status)/Coapplicant/input_Last Name"), lastname): Text 'test lastname' is set on object 'Object Repository/Myworklist(lead status)/Coapplicant/input_Last Name'

2022-08-05 15:43:25 - [MESSAGE][PASSED] - Text 'test lastname' is set on object 'Object Repository/Myworklist(lead status)/Coapplicant/input_Last Name'

2022-08-05 15:43:25 - [TEST_STEP][PASSED] - setText(findTestObject("Myworklist(lead status)/Coapplicant/input_Address"), address): Text 'direcionn' is set on object 'Object Repository/Myworklist(lead status)/Coapplicant/input_Address'

2022-08-05 15:43:26 - [MESSAGE][PASSED] - Text 'direcionn' is set on object 'Object Repository/Myworklist(lead status)/Coapplicant/input_Address'

2022-08-05 15:43:26 - [TEST_STEP][PASSED] - setText(findTestObject("Myworklist(lead status)/Coapplicant/All fields coapplicant/input_Address 2"), address2): Text 'Direccion 2' is set on object 'Object Repository/Myworklist(lead status)/Coapplicant/All fields coapplicant/input_Address 2'

2022-08-05 15:43:27 - [MESSAGE][PASSED] - Text 'Direccion 2' is set on object 'Object Repository/Myworklist(lead status)/Coapplicant/All fields coapplicant/input_Address 2'

2022-08-05 15:43:27 - [TEST_STEP][PASSED] - setText(findTestObject("Myworklist(lead status)/Coapplicant/input_City"), city): Text 'ciudad' is set on object 'Object Repository/Myworklist(lead status)/Coapplicant/input_City'

2022-08-05 15:43:27 - [MESSAGE][PASSED] - Text 'ciudad' is set on object 'Object Repository/Myworklist(lead status)/Coapplicant/input_City'

2022-08-05 15:43:27 - [TEST_STEP][PASSED] - selectOptionByValue(findTestObject("Myworklist(lead status)/Coapplicant/select_State"), "3: 3", false): All options with value '3: 3' are selected in object 'Object Repository/Myworklist(lead status)/Coapplicant/select_State' 

2022-08-05 15:43:28 - [MESSAGE][PASSED] - All options with value '3: 3' are selected in object 'Object Repository/Myworklist(lead status)/Coapplicant/select_State' 

2022-08-05 15:43:28 - [TEST_STEP][PASSED] - setText(findTestObject("Myworklist(lead status)/Coapplicant/All fields coapplicant/input_Previous Address"), paddress): Text 'direccion previa' is set on object 'Object Repository/Myworklist(lead status)/Coapplicant/All fields coapplicant/input_Previous Address'

2022-08-05 15:43:29 - [MESSAGE][PASSED] - Text 'direccion previa' is set on object 'Object Repository/Myworklist(lead status)/Coapplicant/All fields coapplicant/input_Previous Address'

2022-08-05 15:43:29 - [TEST_STEP][PASSED] - setText(findTestObject("Myworklist(lead status)/Coapplicant/All fields coapplicant/input_Previous Address 2"), paddress2): Text 'direccion previa 2' is set on object 'Object Repository/Myworklist(lead status)/Coapplicant/All fields coapplicant/input_Previous Address 2'

2022-08-05 15:43:30 - [MESSAGE][PASSED] - Text 'direccion previa 2' is set on object 'Object Repository/Myworklist(lead status)/Coapplicant/All fields coapplicant/input_Previous Address 2'

2022-08-05 15:43:30 - [TEST_STEP][PASSED] - setText(findTestObject("Myworklist(lead status)/Coapplicant/All fields coapplicant/input_Previous City"), pcity): Text 'ciudad previa' is set on object 'Object Repository/Myworklist(lead status)/Coapplicant/All fields coapplicant/input_Previous City'

2022-08-05 15:43:31 - [MESSAGE][PASSED] - Text 'ciudad previa' is set on object 'Object Repository/Myworklist(lead status)/Coapplicant/All fields coapplicant/input_Previous City'

2022-08-05 15:43:31 - [TEST_STEP][PASSED] - selectOptionByValue(findTestObject("Myworklist(lead status)/Coapplicant/All fields coapplicant/select_previous state"), "2: 2", false): All options with value '2: 2' are selected in object 'Object Repository/Myworklist(lead status)/Coapplicant/All fields coapplicant/select_previous state' 

2022-08-05 15:43:31 - [MESSAGE][PASSED] - All options with value '2: 2' are selected in object 'Object Repository/Myworklist(lead status)/Coapplicant/All fields coapplicant/select_previous state' 

2022-08-05 15:43:31 - [TEST_STEP][PASSED] - setText(findTestObject("Myworklist(lead status)/Coapplicant/All fields coapplicant/input_Previous Zip"), pzip): Text '30900' is set on object 'Object Repository/Myworklist(lead status)/Coapplicant/All fields coapplicant/input_Previous Zip'

2022-08-05 15:43:32 - [MESSAGE][PASSED] - Text '30900' is set on object 'Object Repository/Myworklist(lead status)/Coapplicant/All fields coapplicant/input_Previous Zip'

2022-08-05 15:43:32 - [TEST_STEP][PASSED] - setText(findTestObject("Myworklist(lead status)/Coapplicant/All fields coapplicant/input_Phone"), phone): Text '1234567890' is set on object 'Object Repository/Myworklist(lead status)/Coapplicant/All fields coapplicant/input_Phone'

2022-08-05 15:43:33 - [MESSAGE][PASSED] - Text '1234567890' is set on object 'Object Repository/Myworklist(lead status)/Coapplicant/All fields coapplicant/input_Phone'

2022-08-05 15:43:33 - [TEST_STEP][PASSED] - setText(findTestObject("Myworklist(lead status)/Coapplicant/All fields coapplicant/input_Cell"), cell): Text '1234567890' is set on object 'Object Repository/Myworklist(lead status)/Coapplicant/All fields coapplicant/input_Cell'

2022-08-05 15:43:34 - [MESSAGE][PASSED] - Text '1234567890' is set on object 'Object Repository/Myworklist(lead status)/Coapplicant/All fields coapplicant/input_Cell'

2022-08-05 15:43:34 - [TEST_STEP][PASSED] - setText(findTestObject("Myworklist(lead status)/Coapplicant/All fields coapplicant/input_Work"), work): Text '1234567890' is set on object 'Object Repository/Myworklist(lead status)/Coapplicant/All fields coapplicant/input_Work'

2022-08-05 15:43:35 - [MESSAGE][PASSED] - Text '1234567890' is set on object 'Object Repository/Myworklist(lead status)/Coapplicant/All fields coapplicant/input_Work'

2022-08-05 15:43:35 - [TEST_STEP][PASSED] - setText(findTestObject("Myworklist(lead status)/Coapplicant/All fields coapplicant/input_Ext"), ext): Text '161616' is set on object 'Object Repository/Myworklist(lead status)/Coapplicant/All fields coapplicant/input_Ext'

2022-08-05 15:43:35 - [MESSAGE][PASSED] - Text '161616' is set on object 'Object Repository/Myworklist(lead status)/Coapplicant/All fields coapplicant/input_Ext'

2022-08-05 15:43:35 - [TEST_STEP][PASSED] - setText(findTestObject("Myworklist(lead status)/Coapplicant/All fields coapplicant/input_Fax"), fax): Text '1234567890' is set on object 'Object Repository/Myworklist(lead status)/Coapplicant/All fields coapplicant/input_Fax'

2022-08-05 15:43:36 - [MESSAGE][PASSED] - Text '1234567890' is set on object 'Object Repository/Myworklist(lead status)/Coapplicant/All fields coapplicant/input_Fax'

2022-08-05 15:43:36 - [TEST_STEP][PASSED] - setText(findTestObject("Myworklist(lead status)/Coapplicant/input_Email"), email): Text 'testt@gmail.com' is set on object 'Object Repository/Myworklist(lead status)/Coapplicant/input_Email'

2022-08-05 15:43:37 - [MESSAGE][PASSED] - Text 'testt@gmail.com' is set on object 'Object Repository/Myworklist(lead status)/Coapplicant/input_Email'

2022-08-05 15:43:37 - [TEST_STEP][PASSED] - setText(findTestObject("Myworklist(lead status)/Coapplicant/All fields coapplicant/input__email2"), email2): Text 'testt2@gmail.com' is set on object 'Object Repository/Myworklist(lead status)/Coapplicant/All fields coapplicant/input__email2'

2022-08-05 15:43:38 - [MESSAGE][PASSED] - Text 'testt2@gmail.com' is set on object 'Object Repository/Myworklist(lead status)/Coapplicant/All fields coapplicant/input__email2'

2022-08-05 15:43:38 - [TEST_STEP][PASSED] - setText(findTestObject("Myworklist(lead status)/Coapplicant/All fields coapplicant/input_Driver License"), license): Text 'Licencia 12' is set on object 'Object Repository/Myworklist(lead status)/Coapplicant/All fields coapplicant/input_Driver License'

2022-08-05 15:43:39 - [MESSAGE][PASSED] - Text 'Licencia 12' is set on object 'Object Repository/Myworklist(lead status)/Coapplicant/All fields coapplicant/input_Driver License'

2022-08-05 15:43:39 - [TEST_STEP][PASSED] - selectOptionByValue(findTestObject("Myworklist(lead status)/Coapplicant/All fields coapplicant/select_driver state"), "1: 1", false): All options with value '1: 1' are selected in object 'Object Repository/Myworklist(lead status)/Coapplicant/All fields coapplicant/select_driver state' 

2022-08-05 15:43:39 - [MESSAGE][PASSED] - All options with value '1: 1' are selected in object 'Object Repository/Myworklist(lead status)/Coapplicant/All fields coapplicant/select_driver state' 

2022-08-05 15:43:39 - [TEST_STEP][FAILED] - setText(findTestObject("Myworklist(lead status)/Coapplicant/All fields coapplicant/input_Social Security"), socialsecurity): Unable to set text '123456789' of object 'Object Repository/Myworklist(lead status)/Coapplicant/All fields coapplicant/input_Social Security' (Root cause: com.kms.katalon.core.exception.StepFailedException: Unable to set text '123456789' of object 'Object Repository/Myworklist(lead status)/Coapplicant/All fields coapplicant/input_Social Security'
	at com.kms.katalon.core.webui.keyword.internal.WebUIKeywordMain.stepFailed(WebUIKeywordMain.groovy:64)
	at com.kms.katalon.core.webui.keyword.internal.WebUIKeywordMain.runKeyword(WebUIKeywordMain.groovy:26)
	at com.kms.katalon.core.webui.keyword.builtin.SetTextKeyword.setText(SetTextKeyword.groovy:66)
	at com.kms.katalon.core.webui.keyword.builtin.SetTextKeyword.execute(SetTextKeyword.groovy:37)
	at com.kms.katalon.core.keyword.internal.KeywordExecutor.executeKeywordForPlatform(KeywordExecutor.groovy:74)
	at com.kms.katalon.core.webui.keyword.WebUiBuiltInKeywords.setText(WebUiBuiltInKeywords.groovy:980)
	at com.kms.katalon.core.webui.keyword.WebUiBuiltInKeywords$setText$1.call(Unknown Source)
	at My Worklist - Coapplicant all fields.run(My Worklist - Coapplicant all fields:84)
	at com.kms.katalon.core.main.ScriptEngine.run(ScriptEngine.java:194)
	at com.kms.katalon.core.main.ScriptEngine.runScriptAsRawText(ScriptEngine.java:119)
	at com.kms.katalon.core.main.TestCaseExecutor.runScript(TestCaseExecutor.java:442)
	at com.kms.katalon.core.main.TestCaseExecutor.doExecute(TestCaseExecutor.java:433)
	at com.kms.katalon.core.main.TestCaseExecutor.processExecutionPhase(TestCaseExecutor.java:412)
	at com.kms.katalon.core.main.TestCaseExecutor.accessMainPhase(TestCaseExecutor.java:404)
	at com.kms.katalon.core.main.TestCaseExecutor.execute(TestCaseExecutor.java:281)
	at com.kms.katalon.core.main.TestSuiteExecutor.accessTestCaseMainPhase(TestSuiteExecutor.java:202)
	at com.kms.katalon.core.main.TestSuiteExecutor.accessTestSuiteMainPhase(TestSuiteExecutor.java:164)
	at com.kms.katalon.core.main.TestSuiteExecutor.execute(TestSuiteExecutor.java:105)
	at com.kms.katalon.core.main.TestCaseMain.startTestSuite(TestCaseMain.java:185)
	at com.kms.katalon.core.main.TestCaseMain$startTestSuite$0.call(Unknown Source)
	at TempTestSuite1659728557386.run(TempTestSuite1659728557386.groovy:36)
Caused by: com.kms.katalon.core.webui.exception.WebElementNotFoundException: Web element with id: 'Object Repository/Myworklist(lead status)/Coapplicant/All fields coapplicant/input_Social Security' located by '//*[@type = 'text' and @placeholder = 'E.g. 133-44-3214']' not found
	at com.kms.katalon.core.webui.common.WebUiCommonHelper.findWebElement(WebUiCommonHelper.java:1370)
	at com.kms.katalon.core.webui.keyword.internal.WebUIAbstractKeyword.findWebElement(WebUIAbstractKeyword.groovy:27)
	at com.kms.katalon.core.webui.keyword.internal.WebUIAbstractKeyword.findWebElement(WebUIAbstractKeyword.groovy:26)
	at com.kms.katalon.core.webui.keyword.builtin.SetTextKeyword$_setText_closure1.doCall(SetTextKeyword.groovy:51)
	at com.kms.katalon.core.webui.keyword.builtin.SetTextKeyword$_setText_closure1.call(SetTextKeyword.groovy)
	at com.kms.katalon.core.webui.keyword.internal.WebUIKeywordMain.runKeyword(WebUIKeywordMain.groovy:20)
	at com.kms.katalon.core.webui.keyword.builtin.SetTextKeyword.setText(SetTextKeyword.groovy:66)
	at com.kms.katalon.core.webui.keyword.builtin.SetTextKeyword.execute(SetTextKeyword.groovy:37)
	at com.kms.katalon.core.keyword.internal.KeywordExecutor.executeKeywordForPlatform(KeywordExecutor.groovy:74)
	at com.kms.katalon.core.webui.keyword.WebUiBuiltInKeywords.setText(WebUiBuiltInKeywords.groovy:980)
	at com.kms.katalon.core.webui.keyword.WebUiBuiltInKeywords$setText$1.call(Unknown Source)
	at Script1653071120341.run(Script1653071120341.groovy:84)
	... 13 more
)

2022-08-05 15:44:11 - [MESSAGE][INFO] - Unable to find the element located by 'By.xpath: //*[@type = 'text' and @placeholder = 'E.g. 133-44-3214']'. Please recheck the objects properties to make sure the desired element is located. 

2022-08-05 15:44:11 - [MESSAGE][FAILED] - Unable to set text '123456789' of object 'Object Repository/Myworklist(lead status)/Coapplicant/All fields coapplicant/input_Social Security' (Root cause: com.kms.katalon.core.exception.StepFailedException: Unable to set text '123456789' of object 'Object Repository/Myworklist(lead status)/Coapplicant/All fields coapplicant/input_Social Security'
	at com.kms.katalon.core.webui.keyword.internal.WebUIKeywordMain.stepFailed(WebUIKeywordMain.groovy:64)
	at com.kms.katalon.core.webui.keyword.internal.WebUIKeywordMain.runKeyword(WebUIKeywordMain.groovy:26)
	at com.kms.katalon.core.webui.keyword.builtin.SetTextKeyword.setText(SetTextKeyword.groovy:66)
	at com.kms.katalon.core.webui.keyword.builtin.SetTextKeyword.execute(SetTextKeyword.groovy:37)
	at com.kms.katalon.core.keyword.internal.KeywordExecutor.executeKeywordForPlatform(KeywordExecutor.groovy:74)
	at com.kms.katalon.core.webui.keyword.WebUiBuiltInKeywords.setText(WebUiBuiltInKeywords.groovy:980)
	at com.kms.katalon.core.webui.keyword.WebUiBuiltInKeywords$setText$1.call(Unknown Source)
	at My Worklist - Coapplicant all fields.run(My Worklist - Coapplicant all fields:84)
	at com.kms.katalon.core.main.ScriptEngine.run(ScriptEngine.java:194)
	at com.kms.katalon.core.main.ScriptEngine.runScriptAsRawText(ScriptEngine.java:119)
	at com.kms.katalon.core.main.TestCaseExecutor.runScript(TestCaseExecutor.java:442)
	at com.kms.katalon.core.main.TestCaseExecutor.doExecute(TestCaseExecutor.java:433)
	at com.kms.katalon.core.main.TestCaseExecutor.processExecutionPhase(TestCaseExecutor.java:412)
	at com.kms.katalon.core.main.TestCaseExecutor.accessMainPhase(TestCaseExecutor.java:404)
	at com.kms.katalon.core.main.TestCaseExecutor.execute(TestCaseExecutor.java:281)
	at com.kms.katalon.core.main.TestSuiteExecutor.accessTestCaseMainPhase(TestSuiteExecutor.java:202)
	at com.kms.katalon.core.main.TestSuiteExecutor.accessTestSuiteMainPhase(TestSuiteExecutor.java:164)
	at com.kms.katalon.core.main.TestSuiteExecutor.execute(TestSuiteExecutor.java:105)
	at com.kms.katalon.core.main.TestCaseMain.startTestSuite(TestCaseMain.java:185)
	at com.kms.katalon.core.main.TestCaseMain$startTestSuite$0.call(Unknown Source)
	at TempTestSuite1659728557386.run(TempTestSuite1659728557386.groovy:36)
Caused by: com.kms.katalon.core.webui.exception.WebElementNotFoundException: Web element with id: 'Object Repository/Myworklist(lead status)/Coapplicant/All fields coapplicant/input_Social Security' located by '//*[@type = 'text' and @placeholder = 'E.g. 133-44-3214']' not found
	at com.kms.katalon.core.webui.common.WebUiCommonHelper.findWebElement(WebUiCommonHelper.java:1370)
	at com.kms.katalon.core.webui.keyword.internal.WebUIAbstractKeyword.findWebElement(WebUIAbstractKeyword.groovy:27)
	at com.kms.katalon.core.webui.keyword.internal.WebUIAbstractKeyword.findWebElement(WebUIAbstractKeyword.groovy:26)
	at com.kms.katalon.core.webui.keyword.builtin.SetTextKeyword$_setText_closure1.doCall(SetTextKeyword.groovy:51)
	at com.kms.katalon.core.webui.keyword.builtin.SetTextKeyword$_setText_closure1.call(SetTextKeyword.groovy)
	at com.kms.katalon.core.webui.keyword.internal.WebUIKeywordMain.runKeyword(WebUIKeywordMain.groovy:20)
	at com.kms.katalon.core.webui.keyword.builtin.SetTextKeyword.setText(SetTextKeyword.groovy:66)
	at com.kms.katalon.core.webui.keyword.builtin.SetTextKeyword.execute(SetTextKeyword.groovy:37)
	at com.kms.katalon.core.keyword.internal.KeywordExecutor.executeKeywordForPlatform(KeywordExecutor.groovy:74)
	at com.kms.katalon.core.webui.keyword.WebUiBuiltInKeywords.setText(WebUiBuiltInKeywords.groovy:980)
	at com.kms.katalon.core.webui.keyword.WebUiBuiltInKeywords$setText$1.call(Unknown Source)
	at Script1653071120341.run(Script1653071120341.groovy:84)
	... 13 more
)
[[ATTACHMENT|/home/juzcategui/git/DIMS/Reports/20220805_154237/My Worklist/20220805_154237/1659728651019.png]]]]></system-out>
         <system-err><![CDATA[2022-08-05 15:42:42 - [TEST_CASE][FAILED] - Test Cases/My Worklist - Coapplicant all fields: Test Cases/My Worklist - Coapplicant all fields FAILED.
Reason:
com.kms.katalon.core.exception.StepFailedException: Unable to set text '123456789' of object 'Object Repository/Myworklist(lead status)/Coapplicant/All fields coapplicant/input_Social Security'
	at com.kms.katalon.core.webui.keyword.internal.WebUIKeywordMain.stepFailed(WebUIKeywordMain.groovy:64)
	at com.kms.katalon.core.webui.keyword.internal.WebUIKeywordMain.runKeyword(WebUIKeywordMain.groovy:26)
	at com.kms.katalon.core.webui.keyword.builtin.SetTextKeyword.setText(SetTextKeyword.groovy:66)
	at com.kms.katalon.core.webui.keyword.builtin.SetTextKeyword.execute(SetTextKeyword.groovy:37)
	at com.kms.katalon.core.keyword.internal.KeywordExecutor.executeKeywordForPlatform(KeywordExecutor.groovy:74)
	at com.kms.katalon.core.webui.keyword.WebUiBuiltInKeywords.setText(WebUiBuiltInKeywords.groovy:980)
	at com.kms.katalon.core.webui.keyword.WebUiBuiltInKeywords$setText$1.call(Unknown Source)
	at My Worklist - Coapplicant all fields.run(My Worklist - Coapplicant all fields:84)
	at com.kms.katalon.core.main.ScriptEngine.run(ScriptEngine.java:194)
	at com.kms.katalon.core.main.ScriptEngine.runScriptAsRawText(ScriptEngine.java:119)
	at com.kms.katalon.core.main.TestCaseExecutor.runScript(TestCaseExecutor.java:442)
	at com.kms.katalon.core.main.TestCaseExecutor.doExecute(TestCaseExecutor.java:433)
	at com.kms.katalon.core.main.TestCaseExecutor.processExecutionPhase(TestCaseExecutor.java:412)
	at com.kms.katalon.core.main.TestCaseExecutor.accessMainPhase(TestCaseExecutor.java:404)
	at com.kms.katalon.core.main.TestCaseExecutor.execute(TestCaseExecutor.java:281)
	at com.kms.katalon.core.main.TestSuiteExecutor.accessTestCaseMainPhase(TestSuiteExecutor.java:202)
	at com.kms.katalon.core.main.TestSuiteExecutor.accessTestSuiteMainPhase(TestSuiteExecutor.java:164)
	at com.kms.katalon.core.main.TestSuiteExecutor.execute(TestSuiteExecutor.java:105)
	at com.kms.katalon.core.main.TestCaseMain.startTestSuite(TestCaseMain.java:185)
	at com.kms.katalon.core.main.TestCaseMain$startTestSuite$0.call(Unknown Source)
	at TempTestSuite1659728557386.run(TempTestSuite1659728557386.groovy:36)
Caused by: com.kms.katalon.core.webui.exception.WebElementNotFoundException: Web element with id: 'Object Repository/Myworklist(lead status)/Coapplicant/All fields coapplicant/input_Social Security' located by '//*[@type = 'text' and @placeholder = 'E.g. 133-44-3214']' not found
	at com.kms.katalon.core.webui.common.WebUiCommonHelper.findWebElement(WebUiCommonHelper.java:1370)
	at com.kms.katalon.core.webui.keyword.internal.WebUIAbstractKeyword.findWebElement(WebUIAbstractKeyword.groovy:27)
	at com.kms.katalon.core.webui.keyword.internal.WebUIAbstractKeyword.findWebElement(WebUIAbstractKeyword.groovy:26)
	at com.kms.katalon.core.webui.keyword.builtin.SetTextKeyword$_setText_closure1.doCall(SetTextKeyword.groovy:51)
	at com.kms.katalon.core.webui.keyword.builtin.SetTextKeyword$_setText_closure1.call(SetTextKeyword.groovy)
	at com.kms.katalon.core.webui.keyword.internal.WebUIKeywordMain.runKeyword(WebUIKeywordMain.groovy:20)
	... 19 more]]></system-err>
      </testcase>
      <system-out><![CDATA[2022-08-05 15:42:41 - [TEST_SUITE][FAILED] - My Worklist: Test Cases/My Worklist - Coapplicant all fields FAILED.
Reason:
com.kms.katalon.core.exception.StepFailedException: Unable to set text '123456789' of object 'Object Repository/Myworklist(lead status)/Coapplicant/All fields coapplicant/input_Social Security'
	at com.kms.katalon.core.webui.keyword.internal.WebUIKeywordMain.stepFailed(WebUIKeywordMain.groovy:64)
	at com.kms.katalon.core.webui.keyword.internal.WebUIKeywordMain.runKeyword(WebUIKeywordMain.groovy:26)
	at com.kms.katalon.core.webui.keyword.builtin.SetTextKeyword.setText(SetTextKeyword.groovy:66)
	at com.kms.katalon.core.webui.keyword.builtin.SetTextKeyword.execute(SetTextKeyword.groovy:37)
	at com.kms.katalon.core.keyword.internal.KeywordExecutor.executeKeywordForPlatform(KeywordExecutor.groovy:74)
	at com.kms.katalon.core.webui.keyword.WebUiBuiltInKeywords.setText(WebUiBuiltInKeywords.groovy:980)
	at com.kms.katalon.core.webui.keyword.WebUiBuiltInKeywords$setText$1.call(Unknown Source)
	at My Worklist - Coapplicant all fields.run(My Worklist - Coapplicant all fields:84)
	at com.kms.katalon.core.main.ScriptEngine.run(ScriptEngine.java:194)
	at com.kms.katalon.core.main.ScriptEngine.runScriptAsRawText(ScriptEngine.java:119)
	at com.kms.katalon.core.main.TestCaseExecutor.runScript(TestCaseExecutor.java:442)
	at com.kms.katalon.core.main.TestCaseExecutor.doExecute(TestCaseExecutor.java:433)
	at com.kms.katalon.core.main.TestCaseExecutor.processExecutionPhase(TestCaseExecutor.java:412)
	at com.kms.katalon.core.main.TestCaseExecutor.accessMainPhase(TestCaseExecutor.java:404)
	at com.kms.katalon.core.main.TestCaseExecutor.execute(TestCaseExecutor.java:281)
	at com.kms.katalon.core.main.TestSuiteExecutor.accessTestCaseMainPhase(TestSuiteExecutor.java:202)
	at com.kms.katalon.core.main.TestSuiteExecutor.accessTestSuiteMainPhase(TestSuiteExecutor.java:164)
	at com.kms.katalon.core.main.TestSuiteExecutor.execute(TestSuiteExecutor.java:105)
	at com.kms.katalon.core.main.TestCaseMain.startTestSuite(TestCaseMain.java:185)
	at com.kms.katalon.core.main.TestCaseMain$startTestSuite$0.call(Unknown Source)
	at TempTestSuite1659728557386.run(TempTestSuite1659728557386.groovy:36)
Caused by: com.kms.katalon.core.webui.exception.WebElementNotFoundException: Web element with id: 'Object Repository/Myworklist(lead status)/Coapplicant/All fields coapplicant/input_Social Security' located by '//*[@type = 'text' and @placeholder = 'E.g. 133-44-3214']' not found
	at com.kms.katalon.core.webui.common.WebUiCommonHelper.findWebElement(WebUiCommonHelper.java:1370)
	at com.kms.katalon.core.webui.keyword.internal.WebUIAbstractKeyword.findWebElement(WebUIAbstractKeyword.groovy:27)
	at com.kms.katalon.core.webui.keyword.internal.WebUIAbstractKeyword.findWebElement(WebUIAbstractKeyword.groovy:26)
	at com.kms.katalon.core.webui.keyword.builtin.SetTextKeyword$_setText_closure1.doCall(SetTextKeyword.groovy:51)
	at com.kms.katalon.core.webui.keyword.builtin.SetTextKeyword$_setText_closure1.call(SetTextKeyword.groovy)
	at com.kms.katalon.core.webui.keyword.internal.WebUIKeywordMain.runKeyword(WebUIKeywordMain.groovy:20)
	... 19 more]]></system-out>
      <system-err><![CDATA[2022-08-05 15:42:41 - [TEST_SUITE][FAILED] - My Worklist: Test Cases/My Worklist - Coapplicant all fields FAILED.
Reason:
com.kms.katalon.core.exception.StepFailedException: Unable to set text '123456789' of object 'Object Repository/Myworklist(lead status)/Coapplicant/All fields coapplicant/input_Social Security'
	at com.kms.katalon.core.webui.keyword.internal.WebUIKeywordMain.stepFailed(WebUIKeywordMain.groovy:64)
	at com.kms.katalon.core.webui.keyword.internal.WebUIKeywordMain.runKeyword(WebUIKeywordMain.groovy:26)
	at com.kms.katalon.core.webui.keyword.builtin.SetTextKeyword.setText(SetTextKeyword.groovy:66)
	at com.kms.katalon.core.webui.keyword.builtin.SetTextKeyword.execute(SetTextKeyword.groovy:37)
	at com.kms.katalon.core.keyword.internal.KeywordExecutor.executeKeywordForPlatform(KeywordExecutor.groovy:74)
	at com.kms.katalon.core.webui.keyword.WebUiBuiltInKeywords.setText(WebUiBuiltInKeywords.groovy:980)
	at com.kms.katalon.core.webui.keyword.WebUiBuiltInKeywords$setText$1.call(Unknown Source)
	at My Worklist - Coapplicant all fields.run(My Worklist - Coapplicant all fields:84)
	at com.kms.katalon.core.main.ScriptEngine.run(ScriptEngine.java:194)
	at com.kms.katalon.core.main.ScriptEngine.runScriptAsRawText(ScriptEngine.java:119)
	at com.kms.katalon.core.main.TestCaseExecutor.runScript(TestCaseExecutor.java:442)
	at com.kms.katalon.core.main.TestCaseExecutor.doExecute(TestCaseExecutor.java:433)
	at com.kms.katalon.core.main.TestCaseExecutor.processExecutionPhase(TestCaseExecutor.java:412)
	at com.kms.katalon.core.main.TestCaseExecutor.accessMainPhase(TestCaseExecutor.java:404)
	at com.kms.katalon.core.main.TestCaseExecutor.execute(TestCaseExecutor.java:281)
	at com.kms.katalon.core.main.TestSuiteExecutor.accessTestCaseMainPhase(TestSuiteExecutor.java:202)
	at com.kms.katalon.core.main.TestSuiteExecutor.accessTestSuiteMainPhase(TestSuiteExecutor.java:164)
	at com.kms.katalon.core.main.TestSuiteExecutor.execute(TestSuiteExecutor.java:105)
	at com.kms.katalon.core.main.TestCaseMain.startTestSuite(TestCaseMain.java:185)
	at com.kms.katalon.core.main.TestCaseMain$startTestSuite$0.call(Unknown Source)
	at TempTestSuite1659728557386.run(TempTestSuite1659728557386.groovy:36)
Caused by: com.kms.katalon.core.webui.exception.WebElementNotFoundException: Web element with id: 'Object Repository/Myworklist(lead status)/Coapplicant/All fields coapplicant/input_Social Security' located by '//*[@type = 'text' and @placeholder = 'E.g. 133-44-3214']' not found
	at com.kms.katalon.core.webui.common.WebUiCommonHelper.findWebElement(WebUiCommonHelper.java:1370)
	at com.kms.katalon.core.webui.keyword.internal.WebUIAbstractKeyword.findWebElement(WebUIAbstractKeyword.groovy:27)
	at com.kms.katalon.core.webui.keyword.internal.WebUIAbstractKeyword.findWebElement(WebUIAbstractKeyword.groovy:26)
	at com.kms.katalon.core.webui.keyword.builtin.SetTextKeyword$_setText_closure1.doCall(SetTextKeyword.groovy:51)
	at com.kms.katalon.core.webui.keyword.builtin.SetTextKeyword$_setText_closure1.call(SetTextKeyword.groovy)
	at com.kms.katalon.core.webui.keyword.internal.WebUIKeywordMain.runKeyword(WebUIKeywordMain.groovy:20)
	... 19 more]]></system-err>
   </testsuite>
</testsuites>
