<?xml version="1.0" encoding="UTF-8"?>
<testsuites name="Mailer Data" time="220.632" tests="2" failures="0" errors="0">
   <testsuite name="Mailer Data" tests="2" failures="0" errors="0" time="220.632" skipped="0" timestamp="2022-08-16 10:52:34" hostname="juzcategui - juzcategui" id="Test Suites/Mailer Data">
      <properties>
         <property name="deviceName" value=""/>
         <property name="devicePlatform" value=""/>
         <property name="logFolder" value="/home/juzcategui/git/DIMS/Reports/20220816_105230/Mailer Data/20220816_105230"/>
         <property name="logFiles" value="/home/juzcategui/git/DIMS/Reports/20220816_105230/Mailer Data/20220816_105230/execution0.log"/>
         <property name="attachments" value="/home/juzcategui/git/DIMS/Reports/20220816_105230/Mailer Data/20220816_105230/1660661619347.png, /home/juzcategui/git/DIMS/Reports/20220816_105230/Mailer Data/20220816_105230/1660661774498.png"/>
         <property name="hostName" value="juzcategui - juzcategui"/>
         <property name="os" value="Linux 64bit"/>
         <property name="katalonVersion" value="8.2.5.208"/>
         <property name="browser" value="Chrome 104.0.5112.79"/>
         <property name="hostAddress" value="192.168.250.10"/>
         <property name="sessionId" value="623f3454d05f52fedaf579209d25441d"/>
         <property name="seleniumVersion" value="3.141.59"/>
         <property name="proxyInformation" value="ProxyInformation { proxyOption=NO_PROXY, proxyServerType=HTTP, username=, password=********, proxyServerAddress=, proxyServerPort=0, executionList=&quot;&quot;, isApplyToDesiredCapabilities=true }"/>
         <property name="platform" value="Linux"/>
      </properties>
      <testcase name="Test Cases/Add Mailer Data" time="65.083" classname="Test Cases/Add Mailer Data" status="PASSED">
         <system-out><![CDATA[2022-08-16 10:52:35 - [TEST_CASE][PASSED] - Test Cases/Add Mailer Data: Test Cases/Add Mailer Data

2022-08-16 10:52:35 - [TEST_STEP][PASSED] - openBrowser(""): Browser is opened with url: ''

2022-08-16 10:52:35 - [MESSAGE][INFO] - Starting 'Chrome' driver

2022-08-16 10:52:35 - [MESSAGE][INFO] - Action delay is set to 0 milliseconds

2022-08-16 10:52:37 - [MESSAGE][PASSED] - Browser is opened with url: ''

2022-08-16 10:52:37 - [TEST_STEP][PASSED] - navigateToUrl("http://35.237.24.127:8081/dims-app/#/home"): Navigate to 'http://35.237.24.127:8081/dims-app/#/home' successfully

2022-08-16 10:53:20 - [MESSAGE][PASSED] - Navigate to 'http://35.237.24.127:8081/dims-app/#/home' successfully

2022-08-16 10:53:20 - [TEST_STEP][PASSED] - setText(findTestObject("Object Repository/Create Lead/input_Username_form-control w-75 ng-untouch_2a886e"), username): Text 'SUPER_USER7' is set on object 'Object Repository/Create Lead/input_Username_form-control w-75 ng-untouch_2a886e'

2022-08-16 10:53:20 - [MESSAGE][PASSED] - Text 'SUPER_USER7' is set on object 'Object Repository/Create Lead/input_Username_form-control w-75 ng-untouch_2a886e'

2022-08-16 10:53:20 - [TEST_STEP][PASSED] - setText(findTestObject("Object Repository/Create Lead/input_Password_form-control w-75 ng-untouch_173c6b"), pass): Text 'Abcd1234**' is set on object 'Object Repository/Create Lead/input_Password_form-control w-75 ng-untouch_173c6b'

2022-08-16 10:53:21 - [MESSAGE][PASSED] - Text 'Abcd1234**' is set on object 'Object Repository/Create Lead/input_Password_form-control w-75 ng-untouch_173c6b'

2022-08-16 10:53:21 - [TEST_STEP][PASSED] - click(findTestObject("Object Repository/Create Lead/button_Login")): Object: 'Object Repository/Create Lead/button_Login' is clicked on

2022-08-16 10:53:24 - [MESSAGE][PASSED] - Object: 'Object Repository/Create Lead/button_Login' is clicked on

2022-08-16 10:53:24 - [TEST_STEP][PASSED] - click(findTestObject("Object Repository/Create Lead/strong_My Tools")): Object: 'Object Repository/Create Lead/strong_My Tools' is clicked on

2022-08-16 10:53:25 - [MESSAGE][PASSED] - Object: 'Object Repository/Create Lead/strong_My Tools' is clicked on

2022-08-16 10:53:25 - [TEST_STEP][PASSED] - click(findTestObject("Object Repository/Create Lead/span_New Lead")): Object: 'Object Repository/Create Lead/span_New Lead' is clicked on

2022-08-16 10:53:25 - [MESSAGE][PASSED] - Object: 'Object Repository/Create Lead/span_New Lead' is clicked on

2022-08-16 10:53:25 - [TEST_STEP][PASSED] - selectOptionByValue(findTestObject("Object Repository/Create Lead/select_Select OneAdvertising-Stop My Payday_d308cb"), "10", true): All options with value '10' are selected in object 'Object Repository/Create Lead/select_Select OneAdvertising-Stop My Payday_d308cb'  using regular expression

2022-08-16 10:53:27 - [MESSAGE][PASSED] - All options with value '10' are selected in object 'Object Repository/Create Lead/select_Select OneAdvertising-Stop My Payday_d308cb'  using regular expression

2022-08-16 10:53:27 - [TEST_STEP][PASSED] - selectOptionByValue(findTestObject("Create Lead/status select"), "12", true): All options with value '12' are selected in object 'Object Repository/Create Lead/status select'  using regular expression

2022-08-16 10:53:28 - [MESSAGE][PASSED] - All options with value '12' are selected in object 'Object Repository/Create Lead/status select'  using regular expression

2022-08-16 10:53:28 - [TEST_STEP][PASSED] - setText(findTestObject("Create Lead/input_First Name"), firstname): Text 'Test Mailer1' is set on object 'Object Repository/Create Lead/input_First Name'

2022-08-16 10:53:29 - [MESSAGE][PASSED] - Text 'Test Mailer1' is set on object 'Object Repository/Create Lead/input_First Name'

2022-08-16 10:53:29 - [TEST_STEP][PASSED] - setText(findTestObject("Create Lead/input_Last Name"), lastname): Text 'Test Data' is set on object 'Object Repository/Create Lead/input_Last Name'

2022-08-16 10:53:30 - [MESSAGE][PASSED] - Text 'Test Data' is set on object 'Object Repository/Create Lead/input_Last Name'

2022-08-16 10:53:30 - [TEST_STEP][PASSED] - selectOptionByLabel(findTestObject("Object Repository/Create Lead/select_Select OneUS Armed Forces EuropeAlas_fd93bc"), "Alaska", true): All options with label 'Alaska' are selected in object 'Object Repository/Create Lead/select_Select OneUS Armed Forces EuropeAlas_fd93bc'  using regular expression

2022-08-16 10:53:32 - [MESSAGE][PASSED] - All options with label 'Alaska' are selected in object 'Object Repository/Create Lead/select_Select OneUS Armed Forces EuropeAlas_fd93bc'  using regular expression

2022-08-16 10:53:32 - [TEST_STEP][PASSED] - selectOptionByValue(findTestObject("Object Repository/Create Lead/select_Select OneHFG 2020HFG NONEHFG PAYDAY_f27ab0"), "1", true): All options with value '1' are selected in object 'Object Repository/Create Lead/select_Select OneHFG 2020HFG NONEHFG PAYDAY_f27ab0'  using regular expression

2022-08-16 10:53:33 - [MESSAGE][PASSED] - All options with value '1' are selected in object 'Object Repository/Create Lead/select_Select OneHFG 2020HFG NONEHFG PAYDAY_f27ab0'  using regular expression

2022-08-16 10:53:33 - [TEST_STEP][PASSED] - setText(findTestObject("Create Lead/input_Zip"), zip): Text '10100' is set on object 'Object Repository/Create Lead/input_Zip'

2022-08-16 10:53:34 - [MESSAGE][PASSED] - Text '10100' is set on object 'Object Repository/Create Lead/input_Zip'

2022-08-16 10:53:34 - [TEST_STEP][PASSED] - selectOptionByValue(findTestObject("debt ims R/Page_Debt IMS/select_Select OneUNITED STATES OF AMERICA"), "62", true): All options with value '62' are selected in object 'Object Repository/debt ims R/Page_Debt IMS/select_Select OneUNITED STATES OF AMERICA'  using regular expression

2022-08-16 10:53:35 - [MESSAGE][PASSED] - All options with value '62' are selected in object 'Object Repository/debt ims R/Page_Debt IMS/select_Select OneUNITED STATES OF AMERICA'  using regular expression

2022-08-16 10:53:35 - [TEST_STEP][PASSED] - setText(findTestObject("Object Repository/Create Lead/input_Home Phone_form-control shadow-none n_1c6889"), homephone): Text '2129909090' is set on object 'Object Repository/Create Lead/input_Home Phone_form-control shadow-none n_1c6889'

2022-08-16 10:53:36 - [MESSAGE][PASSED] - Text '2129909090' is set on object 'Object Repository/Create Lead/input_Home Phone_form-control shadow-none n_1c6889'

2022-08-16 10:53:36 - [TEST_STEP][PASSED] - setText(findTestObject("Create Lead/input_Email_form-control shadow-none ng-untouched ng-pristine ng-invalid"), email): Text 'test1@mailer.com' is set on object 'Object Repository/Create Lead/input_Email_form-control shadow-none ng-untouched ng-pristine ng-invalid'

2022-08-16 10:53:36 - [MESSAGE][PASSED] - Text 'test1@mailer.com' is set on object 'Object Repository/Create Lead/input_Email_form-control shadow-none ng-untouched ng-pristine ng-invalid'

2022-08-16 10:53:36 - [TEST_STEP][PASSED] - setText(findTestObject("Create Lead/input_Mailer Code"), maildercode): Text 'CodeAut100' is set on object 'Object Repository/Create Lead/input_Mailer Code'

2022-08-16 10:53:37 - [MESSAGE][PASSED] - Text 'CodeAut100' is set on object 'Object Repository/Create Lead/input_Mailer Code'

2022-08-16 10:53:37 - [TEST_STEP][PASSED] - scrollToElement(findTestObject("Object Repository/Create Lead/button_Welcome, Julio Uzctegui_saveButton"), 0): Scroll to object 'Object Repository/Create Lead/button_Welcome, Julio Uzctegui_saveButton' successfully

2022-08-16 10:53:37 - [MESSAGE][WARNING] - Timeout '0' is invalid. Using default page load timeout: '30'

2022-08-16 10:53:37 - [MESSAGE][PASSED] - Scroll to object 'Object Repository/Create Lead/button_Welcome, Julio Uzctegui_saveButton' successfully

2022-08-16 10:53:37 - [TEST_STEP][PASSED] - click(findTestObject("Object Repository/Create Lead/button_Welcome, Julio Uzctegui_saveButton")): Object: 'Object Repository/Create Lead/button_Welcome, Julio Uzctegui_saveButton' is clicked on

2022-08-16 10:53:38 - [MESSAGE][PASSED] - Object: 'Object Repository/Create Lead/button_Welcome, Julio Uzctegui_saveButton' is clicked on

2022-08-16 10:53:38 - [TEST_STEP][PASSED] - delay(1, STOP_ON_FAILURE): Delayed 1 second(s)

2022-08-16 10:53:39 - [MESSAGE][PASSED] - Delayed 1 second(s)

2022-08-16 10:53:39 - [TEST_STEP][PASSED] - takeFullPageScreenshot(): Taking screenshot successfully

2022-08-16 10:53:39 - [MESSAGE][INFO] - 0 hidden object(s)

2022-08-16 10:53:40 - [MESSAGE][PASSED] - Taking screenshot successfully
[[ATTACHMENT|/home/juzcategui/git/DIMS/Reports/20220816_105230/Mailer Data/20220816_105230/1660661619347.png]]]]></system-out>
         <system-err><![CDATA[]]></system-err>
      </testcase>
      <testcase name="Test Cases/Search Mailer Data" time="154.844" classname="Test Cases/Search Mailer Data" status="PASSED">
         <system-out><![CDATA[2022-08-16 10:53:40 - [TEST_CASE][PASSED] - Test Cases/Search Mailer Data: Test Cases/Search Mailer Data

2022-08-16 10:53:40 - [TEST_STEP][PASSED] - openBrowser(""): Browser is opened with url: ''

2022-08-16 10:53:40 - [MESSAGE][WARNING] - A browser is already opened. Closing browser and opening a new one

2022-08-16 10:53:40 - [MESSAGE][INFO] - Starting 'Chrome' driver

2022-08-16 10:53:40 - [MESSAGE][INFO] - Action delay is set to 0 milliseconds

2022-08-16 10:53:41 - [MESSAGE][PASSED] - Browser is opened with url: ''

2022-08-16 10:53:41 - [TEST_STEP][PASSED] - navigateToUrl("http://35.237.24.127:8081/dims-app/#/home"): Navigate to 'http://35.237.24.127:8081/dims-app/#/home' successfully

2022-08-16 10:55:01 - [MESSAGE][PASSED] - Navigate to 'http://35.237.24.127:8081/dims-app/#/home' successfully

2022-08-16 10:55:01 - [TEST_STEP][PASSED] - setText(findTestObject("Object Repository/Create Lead/input_Username_form-control w-75 ng-untouch_2a886e"), username): Text 'SUPER_USER7' is set on object 'Object Repository/Create Lead/input_Username_form-control w-75 ng-untouch_2a886e'

2022-08-16 10:55:02 - [MESSAGE][PASSED] - Text 'SUPER_USER7' is set on object 'Object Repository/Create Lead/input_Username_form-control w-75 ng-untouch_2a886e'

2022-08-16 10:55:02 - [TEST_STEP][PASSED] - setText(findTestObject("Object Repository/Create Lead/input_Password_form-control w-75 ng-untouch_173c6b"), pass): Text 'Abcd1234**' is set on object 'Object Repository/Create Lead/input_Password_form-control w-75 ng-untouch_173c6b'

2022-08-16 10:55:03 - [MESSAGE][PASSED] - Text 'Abcd1234**' is set on object 'Object Repository/Create Lead/input_Password_form-control w-75 ng-untouch_173c6b'

2022-08-16 10:55:03 - [TEST_STEP][PASSED] - click(findTestObject("Object Repository/Create Lead/button_Login")): Object: 'Object Repository/Create Lead/button_Login' is clicked on

2022-08-16 10:55:05 - [MESSAGE][PASSED] - Object: 'Object Repository/Create Lead/button_Login' is clicked on

2022-08-16 10:55:05 - [TEST_STEP][PASSED] - click(findTestObject("Object Repository/Create Lead/strong_My Tools")): Object: 'Object Repository/Create Lead/strong_My Tools' is clicked on

2022-08-16 10:55:09 - [MESSAGE][PASSED] - Object: 'Object Repository/Create Lead/strong_My Tools' is clicked on

2022-08-16 10:55:09 - [TEST_STEP][PASSED] - click(findTestObject("Search Mailder Data/span_Mailer Data")): Object: 'Object Repository/Search Mailder Data/span_Mailer Data' is clicked on

2022-08-16 10:55:09 - [MESSAGE][PASSED] - Object: 'Object Repository/Search Mailder Data/span_Mailer Data' is clicked on

2022-08-16 10:55:09 - [TEST_STEP][PASSED] - setText(findTestObject("Search Mailder Data/input_Phone_form-"), homephone): Text '2129909090' is set on object 'Object Repository/Search Mailder Data/input_Phone_form-'

2022-08-16 10:55:14 - [MESSAGE][PASSED] - Text '2129909090' is set on object 'Object Repository/Search Mailder Data/input_Phone_form-'

2022-08-16 10:55:14 - [TEST_STEP][PASSED] - click(findTestObject("Search Mailder Data/button_Search")): Object: 'Object Repository/Search Mailder Data/button_Search' is clicked on

2022-08-16 10:55:15 - [MESSAGE][PASSED] - Object: 'Object Repository/Search Mailder Data/button_Search' is clicked on

2022-08-16 10:55:15 - [TEST_STEP][PASSED] - click(findTestObject("Search Mailder Data/button_Reset")): Object: 'Object Repository/Search Mailder Data/button_Reset' is clicked on

2022-08-16 10:55:18 - [MESSAGE][PASSED] - Object: 'Object Repository/Search Mailder Data/button_Reset' is clicked on

2022-08-16 10:55:18 - [TEST_STEP][PASSED] - setText(findTestObject("Search Mailder Data/input_First Name_form"), firstname): Text 'Test Mailer1' is set on object 'Object Repository/Search Mailder Data/input_First Name_form'

2022-08-16 10:55:20 - [MESSAGE][PASSED] - Text 'Test Mailer1' is set on object 'Object Repository/Search Mailder Data/input_First Name_form'

2022-08-16 10:55:20 - [TEST_STEP][PASSED] - click(findTestObject("Search Mailder Data/button_Search")): Object: 'Object Repository/Search Mailder Data/button_Search' is clicked on

2022-08-16 10:55:21 - [MESSAGE][PASSED] - Object: 'Object Repository/Search Mailder Data/button_Search' is clicked on

2022-08-16 10:55:21 - [TEST_STEP][PASSED] - click(findTestObject("Search Mailder Data/button_Reset")): Object: 'Object Repository/Search Mailder Data/button_Reset' is clicked on

2022-08-16 10:55:22 - [MESSAGE][PASSED] - Object: 'Object Repository/Search Mailder Data/button_Reset' is clicked on

2022-08-16 10:55:22 - [TEST_STEP][PASSED] - setText(findTestObject("Search Mailder Data/input_Last Name_form"), lastname): Text 'Test Data' is set on object 'Object Repository/Search Mailder Data/input_Last Name_form'

2022-08-16 10:55:25 - [MESSAGE][PASSED] - Text 'Test Data' is set on object 'Object Repository/Search Mailder Data/input_Last Name_form'

2022-08-16 10:55:25 - [TEST_STEP][PASSED] - click(findTestObject("Search Mailder Data/button_Search")): Object: 'Object Repository/Search Mailder Data/button_Search' is clicked on

2022-08-16 10:55:25 - [MESSAGE][PASSED] - Object: 'Object Repository/Search Mailder Data/button_Search' is clicked on

2022-08-16 10:55:25 - [TEST_STEP][PASSED] - click(findTestObject("Search Mailder Data/button_Reset")): Object: 'Object Repository/Search Mailder Data/button_Reset' is clicked on

2022-08-16 10:55:27 - [MESSAGE][PASSED] - Object: 'Object Repository/Search Mailder Data/button_Reset' is clicked on

2022-08-16 10:55:27 - [TEST_STEP][PASSED] - setText(findTestObject("Search Mailder Data/input_Zip_form"), zip): Text '10100' is set on object 'Object Repository/Search Mailder Data/input_Zip_form'

2022-08-16 10:55:31 - [MESSAGE][PASSED] - Text '10100' is set on object 'Object Repository/Search Mailder Data/input_Zip_form'

2022-08-16 10:55:31 - [TEST_STEP][PASSED] - click(findTestObject("Search Mailder Data/button_Search")): Object: 'Object Repository/Search Mailder Data/button_Search' is clicked on

2022-08-16 10:55:32 - [MESSAGE][PASSED] - Object: 'Object Repository/Search Mailder Data/button_Search' is clicked on

2022-08-16 10:55:32 - [TEST_STEP][PASSED] - click(findTestObject("Search Mailder Data/button_Reset")): Object: 'Object Repository/Search Mailder Data/button_Reset' is clicked on

2022-08-16 10:55:35 - [MESSAGE][PASSED] - Object: 'Object Repository/Search Mailder Data/button_Reset' is clicked on

2022-08-16 10:55:35 - [TEST_STEP][PASSED] - setText(findTestObject("Search Mailder Data/input_Custom Code_form"), maildercode): Text 'CodeAut100' is set on object 'Object Repository/Search Mailder Data/input_Custom Code_form'

2022-08-16 10:55:38 - [MESSAGE][PASSED] - Text 'CodeAut100' is set on object 'Object Repository/Search Mailder Data/input_Custom Code_form'

2022-08-16 10:55:38 - [TEST_STEP][PASSED] - click(findTestObject("Search Mailder Data/button_Search")): Object: 'Object Repository/Search Mailder Data/button_Search' is clicked on

2022-08-16 10:55:39 - [MESSAGE][PASSED] - Object: 'Object Repository/Search Mailder Data/button_Search' is clicked on

2022-08-16 10:55:39 - [TEST_STEP][PASSED] - click(findTestObject("Search Mailder Data/button_Reset")): Object: 'Object Repository/Search Mailder Data/button_Reset' is clicked on

2022-08-16 10:55:41 - [MESSAGE][PASSED] - Object: 'Object Repository/Search Mailder Data/button_Reset' is clicked on

2022-08-16 10:55:41 - [TEST_STEP][PASSED] - setText(findTestObject("Search Mailder Data/input_Phone_form-"), homephone): Text '2129909090' is set on object 'Object Repository/Search Mailder Data/input_Phone_form-'

2022-08-16 10:55:48 - [MESSAGE][PASSED] - Text '2129909090' is set on object 'Object Repository/Search Mailder Data/input_Phone_form-'

2022-08-16 10:55:48 - [TEST_STEP][PASSED] - setText(findTestObject("Search Mailder Data/input_First Name_form"), firstname): Text 'Test Mailer1' is set on object 'Object Repository/Search Mailder Data/input_First Name_form'

2022-08-16 10:55:49 - [MESSAGE][PASSED] - Text 'Test Mailer1' is set on object 'Object Repository/Search Mailder Data/input_First Name_form'

2022-08-16 10:55:49 - [TEST_STEP][PASSED] - setText(findTestObject("Search Mailder Data/input_Last Name_form"), lastname): Text 'Test Data' is set on object 'Object Repository/Search Mailder Data/input_Last Name_form'

2022-08-16 10:55:50 - [MESSAGE][PASSED] - Text 'Test Data' is set on object 'Object Repository/Search Mailder Data/input_Last Name_form'

2022-08-16 10:55:50 - [TEST_STEP][PASSED] - setText(findTestObject("Search Mailder Data/input_Zip_form"), zip): Text '10100' is set on object 'Object Repository/Search Mailder Data/input_Zip_form'

2022-08-16 10:55:50 - [MESSAGE][PASSED] - Text '10100' is set on object 'Object Repository/Search Mailder Data/input_Zip_form'

2022-08-16 10:55:50 - [TEST_STEP][PASSED] - setText(findTestObject("Search Mailder Data/input_Custom Code_form"), maildercode): Text 'CodeAut100' is set on object 'Object Repository/Search Mailder Data/input_Custom Code_form'

2022-08-16 10:55:51 - [MESSAGE][PASSED] - Text 'CodeAut100' is set on object 'Object Repository/Search Mailder Data/input_Custom Code_form'

2022-08-16 10:55:51 - [TEST_STEP][PASSED] - click(findTestObject("Search Mailder Data/button_Search")): Object: 'Object Repository/Search Mailder Data/button_Search' is clicked on

2022-08-16 10:55:51 - [MESSAGE][PASSED] - Object: 'Object Repository/Search Mailder Data/button_Search' is clicked on

2022-08-16 10:55:51 - [TEST_STEP][PASSED] - click(findTestObject("Search Mailder Data/button_Assign")): Object: 'Object Repository/Search Mailder Data/button_Assign' is clicked on

2022-08-16 10:56:05 - [MESSAGE][PASSED] - Object: 'Object Repository/Search Mailder Data/button_Assign' is clicked on

2022-08-16 10:56:05 - [TEST_STEP][PASSED] - click(findTestObject("Search Mailder Data/button_Accept")): Object: 'Object Repository/Search Mailder Data/button_Accept' is clicked on

2022-08-16 10:56:13 - [MESSAGE][PASSED] - Object: 'Object Repository/Search Mailder Data/button_Accept' is clicked on

2022-08-16 10:56:13 - [TEST_STEP][PASSED] - delay(1, STOP_ON_FAILURE): Delayed 1 second(s)

2022-08-16 10:56:14 - [MESSAGE][PASSED] - Delayed 1 second(s)

2022-08-16 10:56:14 - [TEST_STEP][PASSED] - takeFullPageScreenshot(): Taking screenshot successfully

2022-08-16 10:56:14 - [MESSAGE][INFO] - 0 hidden object(s)

2022-08-16 10:56:15 - [MESSAGE][PASSED] - Taking screenshot successfully
[[ATTACHMENT|/home/juzcategui/git/DIMS/Reports/20220816_105230/Mailer Data/20220816_105230/1660661774498.png]]]]></system-out>
         <system-err><![CDATA[]]></system-err>
      </testcase>
      <system-out><![CDATA[2022-08-16 10:52:34 - [TEST_SUITE][PASSED] - Mailer Data: Test Cases/Search Mailer Data]]></system-out>
      <system-err><![CDATA[]]></system-err>
   </testsuite>
</testsuites>
