<?xml version="1.0" encoding="UTF-8"?>
<testsuites name="Competitors" time="17.896" tests="1" failures="0" errors="0">
   <testsuite name="Competitors" tests="1" failures="0" errors="0" time="17.896" skipped="0" timestamp="2022-05-12 11:17:23" hostname="juzcategui - juzcategui" id="Test Suites/Competitors">
      <properties>
         <property name="deviceName" value=""/>
         <property name="devicePlatform" value=""/>
         <property name="logFolder" value="/home/juzcategui/git/DIMS/Reports/20220512_111718/Competitors/20220512_111718"/>
         <property name="logFiles" value="/home/juzcategui/git/DIMS/Reports/20220512_111718/Competitors/20220512_111718/execution0.log"/>
         <property name="attachments" value="/home/juzcategui/git/DIMS/Reports/20220512_111718/Competitors/20220512_111718/1652368660351.png"/>
         <property name="hostName" value="juzcategui - juzcategui"/>
         <property name="os" value="Linux 64bit"/>
         <property name="katalonVersion" value="8.2.5.208"/>
         <property name="browser" value="Chrome 100.0.4896.75"/>
         <property name="hostAddress" value="192.168.12.57"/>
         <property name="sessionId" value="694c87ace38e3a642349fe7990e6d682"/>
         <property name="seleniumVersion" value="3.141.59"/>
         <property name="proxyInformation" value="ProxyInformation { proxyOption=NO_PROXY, proxyServerType=HTTP, username=, password=********, proxyServerAddress=, proxyServerPort=0, executionList=&quot;&quot;, isApplyToDesiredCapabilities=true }"/>
         <property name="platform" value="Linux"/>
      </properties>
      <testcase name="Test Cases/Delete Competitor" time="17.117" classname="Test Cases/Delete Competitor" status="PASSED">
         <system-out><![CDATA[2022-05-12 11:17:24 - [TEST_CASE][PASSED] - Test Cases/Delete Competitor: Test Cases/Delete Competitor

2022-05-12 11:17:24 - [TEST_STEP][PASSED] - openBrowser(""): Browser is opened with url: ''

2022-05-12 11:17:25 - [MESSAGE][INFO] - Starting 'Chrome' driver

2022-05-12 11:17:25 - [MESSAGE][INFO] - Action delay is set to 0 milliseconds

2022-05-12 11:17:27 - [MESSAGE][PASSED] - Browser is opened with url: ''

2022-05-12 11:17:27 - [TEST_STEP][PASSED] - navigateToUrl("http://35.237.24.127:8081/dims-app/#/home"): Navigate to 'http://35.237.24.127:8081/dims-app/#/home' successfully

2022-05-12 11:17:30 - [MESSAGE][PASSED] - Navigate to 'http://35.237.24.127:8081/dims-app/#/home' successfully

2022-05-12 11:17:30 - [TEST_STEP][PASSED] - setText(findTestObject("Object Repository/Create Lead/Page_Debt IMS/input_Username_form-control w-75 ng-untouch_2a886e"), username): Text 'SUPER_USER7' is set on object 'Object Repository/Create Lead/Page_Debt IMS/input_Username_form-control w-75 ng-untouch_2a886e'

2022-05-12 11:17:31 - [MESSAGE][PASSED] - Text 'SUPER_USER7' is set on object 'Object Repository/Create Lead/Page_Debt IMS/input_Username_form-control w-75 ng-untouch_2a886e'

2022-05-12 11:17:31 - [TEST_STEP][PASSED] - setText(findTestObject("Object Repository/Create Lead/Page_Debt IMS/input_Password_form-control w-75 ng-untouch_173c6b"), pass): Text 'Abcd1234**' is set on object 'Object Repository/Create Lead/Page_Debt IMS/input_Password_form-control w-75 ng-untouch_173c6b'

2022-05-12 11:17:32 - [MESSAGE][PASSED] - Text 'Abcd1234**' is set on object 'Object Repository/Create Lead/Page_Debt IMS/input_Password_form-control w-75 ng-untouch_173c6b'

2022-05-12 11:17:32 - [TEST_STEP][PASSED] - click(findTestObject("Object Repository/Create Lead/Page_Debt IMS/button_Login")): Object: 'Object Repository/Create Lead/Page_Debt IMS/button_Login' is clicked on

2022-05-12 11:17:34 - [MESSAGE][PASSED] - Object: 'Object Repository/Create Lead/Page_Debt IMS/button_Login' is clicked on

2022-05-12 11:17:34 - [TEST_STEP][PASSED] - click(findTestObject("Competitors/Add Competitors/strong_Maintenance Tools")): Object: 'Object Repository/Competitors/Add Competitors/strong_Maintenance Tools' is clicked on

2022-05-12 11:17:35 - [MESSAGE][PASSED] - Object: 'Object Repository/Competitors/Add Competitors/strong_Maintenance Tools' is clicked on

2022-05-12 11:17:35 - [TEST_STEP][PASSED] - click(findTestObject("Competitors/Add Competitors/span_Competitors")): Object: 'Object Repository/Competitors/Add Competitors/span_Competitors' is clicked on

2022-05-12 11:17:36 - [MESSAGE][PASSED] - Object: 'Object Repository/Competitors/Add Competitors/span_Competitors' is clicked on

2022-05-12 11:17:36 - [TEST_STEP][PASSED] - setText(findTestObject("Competitors/Edit Competitor/input competitors for search"), competitornamemodify): Text 'Test aut modificado' is set on object 'Object Repository/Competitors/Edit Competitor/input competitors for search'

2022-05-12 11:17:37 - [MESSAGE][PASSED] - Text 'Test aut modificado' is set on object 'Object Repository/Competitors/Edit Competitor/input competitors for search'

2022-05-12 11:17:37 - [TEST_STEP][PASSED] - click(findTestObject("Competitors/Delete competitor/Choose to delete")): Object: 'Object Repository/Competitors/Delete competitor/Choose to delete' is clicked on

2022-05-12 11:17:38 - [MESSAGE][PASSED] - Object: 'Object Repository/Competitors/Delete competitor/Choose to delete' is clicked on

2022-05-12 11:17:38 - [TEST_STEP][PASSED] - click(findTestObject("Competitors/Delete competitor/button_Welcome, Julio Uzctegui_deleteButton")): Object: 'Object Repository/Competitors/Delete competitor/button_Welcome, Julio Uzctegui_deleteButton' is clicked on

2022-05-12 11:17:38 - [MESSAGE][PASSED] - Object: 'Object Repository/Competitors/Delete competitor/button_Welcome, Julio Uzctegui_deleteButton' is clicked on

2022-05-12 11:17:38 - [TEST_STEP][PASSED] - click(findTestObject("Competitors/Delete competitor/button_Accept")): Object: 'Object Repository/Competitors/Delete competitor/button_Accept' is clicked on

2022-05-12 11:17:39 - [MESSAGE][PASSED] - Object: 'Object Repository/Competitors/Delete competitor/button_Accept' is clicked on

2022-05-12 11:17:39 - [TEST_STEP][PASSED] - delay(1): Delayed 1 second(s)

2022-05-12 11:17:40 - [MESSAGE][PASSED] - Delayed 1 second(s)

2022-05-12 11:17:40 - [TEST_STEP][PASSED] - takeFullPageScreenshot([]): Taking screenshot successfully

2022-05-12 11:17:40 - [MESSAGE][INFO] - 0 hidden object(s)

2022-05-12 11:17:40 - [MESSAGE][INFO] - 0 hidden object(s)

2022-05-12 11:17:41 - [MESSAGE][PASSED] - Taking screenshot successfully
[[ATTACHMENT|/home/juzcategui/git/DIMS/Reports/20220512_111718/Competitors/20220512_111718/1652368660351.png]]]]></system-out>
         <system-err><![CDATA[]]></system-err>
      </testcase>
      <system-out><![CDATA[2022-05-12 11:17:23 - [TEST_SUITE][PASSED] - Competitors: Test Cases/Delete Competitor]]></system-out>
      <system-err><![CDATA[]]></system-err>
   </testsuite>
</testsuites>
