<?xml version="1.0" encoding="UTF-8"?>
<testsuites name="Mailer Data" time="74.718" tests="1" failures="0" errors="0">
   <testsuite name="Mailer Data" tests="1" failures="0" errors="0" time="74.718" skipped="0" timestamp="2022-08-05 11:56:46" hostname="juzcategui - juzcategui" id="Test Suites/Mailer Data">
      <properties>
         <property name="deviceName" value=""/>
         <property name="devicePlatform" value=""/>
         <property name="logFolder" value="/home/juzcategui/git/DIMS/Reports/20220805_115643/Mailer Data/20220805_115643"/>
         <property name="logFiles" value="/home/juzcategui/git/DIMS/Reports/20220805_115643/Mailer Data/20220805_115643/execution0.log"/>
         <property name="attachments" value="/home/juzcategui/git/DIMS/Reports/20220805_115643/Mailer Data/20220805_115643/1659715080421.png"/>
         <property name="hostName" value="juzcategui - juzcategui"/>
         <property name="os" value="Linux 64bit"/>
         <property name="katalonVersion" value="8.2.5.208"/>
         <property name="browser" value="Chrome 102.0.5005.115"/>
         <property name="hostAddress" value="192.168.12.200"/>
         <property name="sessionId" value="6396601b75c44320cb83af83195ad6e2"/>
         <property name="seleniumVersion" value="3.141.59"/>
         <property name="proxyInformation" value="ProxyInformation { proxyOption=NO_PROXY, proxyServerType=HTTP, username=, password=********, proxyServerAddress=, proxyServerPort=0, executionList=&quot;&quot;, isApplyToDesiredCapabilities=true }"/>
         <property name="platform" value="Linux"/>
      </properties>
      <testcase name="Test Cases/Search Mailer Data" time="74.146" classname="Test Cases/Search Mailer Data" status="PASSED">
         <system-out><![CDATA[2022-08-05 11:56:47 - [TEST_CASE][PASSED] - Test Cases/Search Mailer Data: Test Cases/Search Mailer Data

2022-08-05 11:56:47 - [TEST_STEP][PASSED] - openBrowser(""): Browser is opened with url: ''

2022-08-05 11:56:47 - [MESSAGE][INFO] - Starting 'Chrome' driver

2022-08-05 11:56:48 - [MESSAGE][INFO] - Action delay is set to 0 milliseconds

2022-08-05 11:56:49 - [MESSAGE][PASSED] - Browser is opened with url: ''

2022-08-05 11:56:49 - [TEST_STEP][PASSED] - navigateToUrl("http://35.237.24.127:8081/dims-app/#/home"): Navigate to 'http://35.237.24.127:8081/dims-app/#/home' successfully

2022-08-05 11:57:39 - [MESSAGE][PASSED] - Navigate to 'http://35.237.24.127:8081/dims-app/#/home' successfully

2022-08-05 11:57:39 - [TEST_STEP][PASSED] - setText(findTestObject("Object Repository/Create Lead/input_Username_form-control w-75 ng-untouch_2a886e"), username): Text 'SUPER_USER7' is set on object 'Object Repository/Create Lead/input_Username_form-control w-75 ng-untouch_2a886e'

2022-08-05 11:57:40 - [MESSAGE][PASSED] - Text 'SUPER_USER7' is set on object 'Object Repository/Create Lead/input_Username_form-control w-75 ng-untouch_2a886e'

2022-08-05 11:57:40 - [TEST_STEP][PASSED] - setText(findTestObject("Object Repository/Create Lead/input_Password_form-control w-75 ng-untouch_173c6b"), pass): Text 'Abcd1234**' is set on object 'Object Repository/Create Lead/input_Password_form-control w-75 ng-untouch_173c6b'

2022-08-05 11:57:41 - [MESSAGE][PASSED] - Text 'Abcd1234**' is set on object 'Object Repository/Create Lead/input_Password_form-control w-75 ng-untouch_173c6b'

2022-08-05 11:57:41 - [TEST_STEP][PASSED] - click(findTestObject("Object Repository/Create Lead/button_Login")): Object: 'Object Repository/Create Lead/button_Login' is clicked on

2022-08-05 11:57:41 - [MESSAGE][PASSED] - Object: 'Object Repository/Create Lead/button_Login' is clicked on

2022-08-05 11:57:41 - [TEST_STEP][PASSED] - click(findTestObject("Object Repository/Create Lead/strong_My Tools")): Object: 'Object Repository/Create Lead/strong_My Tools' is clicked on

2022-08-05 11:57:42 - [MESSAGE][PASSED] - Object: 'Object Repository/Create Lead/strong_My Tools' is clicked on

2022-08-05 11:57:42 - [TEST_STEP][PASSED] - click(findTestObject("Search Mailder Data/span_Mailer Data")): Object: 'Object Repository/Search Mailder Data/span_Mailer Data' is clicked on

2022-08-05 11:57:42 - [MESSAGE][PASSED] - Object: 'Object Repository/Search Mailder Data/span_Mailer Data' is clicked on

2022-08-05 11:57:42 - [TEST_STEP][PASSED] - setText(findTestObject("Search Mailder Data/input_Phone_form-"), homephone): Text '2129909090' is set on object 'Object Repository/Search Mailder Data/input_Phone_form-'

2022-08-05 11:57:43 - [MESSAGE][PASSED] - Text '2129909090' is set on object 'Object Repository/Search Mailder Data/input_Phone_form-'

2022-08-05 11:57:43 - [TEST_STEP][PASSED] - click(findTestObject("Search Mailder Data/button_Search")): Object: 'Object Repository/Search Mailder Data/button_Search' is clicked on

2022-08-05 11:57:44 - [MESSAGE][PASSED] - Object: 'Object Repository/Search Mailder Data/button_Search' is clicked on

2022-08-05 11:57:44 - [TEST_STEP][PASSED] - click(findTestObject("Search Mailder Data/button_Reset")): Object: 'Object Repository/Search Mailder Data/button_Reset' is clicked on

2022-08-05 11:57:45 - [MESSAGE][PASSED] - Object: 'Object Repository/Search Mailder Data/button_Reset' is clicked on

2022-08-05 11:57:45 - [TEST_STEP][PASSED] - setText(findTestObject("Search Mailder Data/input_First Name_form"), firstname): Text 'Test Mailer1' is set on object 'Object Repository/Search Mailder Data/input_First Name_form'

2022-08-05 11:57:46 - [MESSAGE][PASSED] - Text 'Test Mailer1' is set on object 'Object Repository/Search Mailder Data/input_First Name_form'

2022-08-05 11:57:46 - [TEST_STEP][PASSED] - click(findTestObject("Search Mailder Data/button_Search")): Object: 'Object Repository/Search Mailder Data/button_Search' is clicked on

2022-08-05 11:57:46 - [MESSAGE][PASSED] - Object: 'Object Repository/Search Mailder Data/button_Search' is clicked on

2022-08-05 11:57:46 - [TEST_STEP][PASSED] - click(findTestObject("Search Mailder Data/button_Reset")): Object: 'Object Repository/Search Mailder Data/button_Reset' is clicked on

2022-08-05 11:57:47 - [MESSAGE][PASSED] - Object: 'Object Repository/Search Mailder Data/button_Reset' is clicked on

2022-08-05 11:57:47 - [TEST_STEP][PASSED] - setText(findTestObject("Search Mailder Data/input_Last Name_form"), lastname): Text 'Test Data' is set on object 'Object Repository/Search Mailder Data/input_Last Name_form'

2022-08-05 11:57:48 - [MESSAGE][PASSED] - Text 'Test Data' is set on object 'Object Repository/Search Mailder Data/input_Last Name_form'

2022-08-05 11:57:48 - [TEST_STEP][PASSED] - click(findTestObject("Search Mailder Data/button_Search")): Object: 'Object Repository/Search Mailder Data/button_Search' is clicked on

2022-08-05 11:57:48 - [MESSAGE][PASSED] - Object: 'Object Repository/Search Mailder Data/button_Search' is clicked on

2022-08-05 11:57:48 - [TEST_STEP][PASSED] - click(findTestObject("Search Mailder Data/button_Reset")): Object: 'Object Repository/Search Mailder Data/button_Reset' is clicked on

2022-08-05 11:57:49 - [MESSAGE][PASSED] - Object: 'Object Repository/Search Mailder Data/button_Reset' is clicked on

2022-08-05 11:57:49 - [TEST_STEP][PASSED] - setText(findTestObject("Search Mailder Data/input_Zip_form"), zip): Text '10100' is set on object 'Object Repository/Search Mailder Data/input_Zip_form'

2022-08-05 11:57:50 - [MESSAGE][PASSED] - Text '10100' is set on object 'Object Repository/Search Mailder Data/input_Zip_form'

2022-08-05 11:57:50 - [TEST_STEP][PASSED] - click(findTestObject("Search Mailder Data/button_Search")): Object: 'Object Repository/Search Mailder Data/button_Search' is clicked on

2022-08-05 11:57:50 - [MESSAGE][PASSED] - Object: 'Object Repository/Search Mailder Data/button_Search' is clicked on

2022-08-05 11:57:50 - [TEST_STEP][PASSED] - click(findTestObject("Search Mailder Data/button_Reset")): Object: 'Object Repository/Search Mailder Data/button_Reset' is clicked on

2022-08-05 11:57:51 - [MESSAGE][PASSED] - Object: 'Object Repository/Search Mailder Data/button_Reset' is clicked on

2022-08-05 11:57:51 - [TEST_STEP][PASSED] - setText(findTestObject("Search Mailder Data/input_Custom Code_form"), maildercode): Text 'CodeAut100' is set on object 'Object Repository/Search Mailder Data/input_Custom Code_form'

2022-08-05 11:57:52 - [MESSAGE][PASSED] - Text 'CodeAut100' is set on object 'Object Repository/Search Mailder Data/input_Custom Code_form'

2022-08-05 11:57:52 - [TEST_STEP][PASSED] - click(findTestObject("Search Mailder Data/button_Search")): Object: 'Object Repository/Search Mailder Data/button_Search' is clicked on

2022-08-05 11:57:52 - [MESSAGE][PASSED] - Object: 'Object Repository/Search Mailder Data/button_Search' is clicked on

2022-08-05 11:57:52 - [TEST_STEP][PASSED] - click(findTestObject("Search Mailder Data/button_Reset")): Object: 'Object Repository/Search Mailder Data/button_Reset' is clicked on

2022-08-05 11:57:53 - [MESSAGE][PASSED] - Object: 'Object Repository/Search Mailder Data/button_Reset' is clicked on

2022-08-05 11:57:53 - [TEST_STEP][PASSED] - setText(findTestObject("Search Mailder Data/input_Phone_form-"), homephone): Text '2129909090' is set on object 'Object Repository/Search Mailder Data/input_Phone_form-'

2022-08-05 11:57:54 - [MESSAGE][PASSED] - Text '2129909090' is set on object 'Object Repository/Search Mailder Data/input_Phone_form-'

2022-08-05 11:57:54 - [TEST_STEP][PASSED] - setText(findTestObject("Search Mailder Data/input_First Name_form"), firstname): Text 'Test Mailer1' is set on object 'Object Repository/Search Mailder Data/input_First Name_form'

2022-08-05 11:57:55 - [MESSAGE][PASSED] - Text 'Test Mailer1' is set on object 'Object Repository/Search Mailder Data/input_First Name_form'

2022-08-05 11:57:55 - [TEST_STEP][PASSED] - setText(findTestObject("Search Mailder Data/input_Last Name_form"), lastname): Text 'Test Data' is set on object 'Object Repository/Search Mailder Data/input_Last Name_form'

2022-08-05 11:57:56 - [MESSAGE][PASSED] - Text 'Test Data' is set on object 'Object Repository/Search Mailder Data/input_Last Name_form'

2022-08-05 11:57:56 - [TEST_STEP][PASSED] - setText(findTestObject("Search Mailder Data/input_Zip_form"), zip): Text '10100' is set on object 'Object Repository/Search Mailder Data/input_Zip_form'

2022-08-05 11:57:56 - [MESSAGE][PASSED] - Text '10100' is set on object 'Object Repository/Search Mailder Data/input_Zip_form'

2022-08-05 11:57:56 - [TEST_STEP][PASSED] - setText(findTestObject("Search Mailder Data/input_Custom Code_form"), maildercode): Text 'CodeAut100' is set on object 'Object Repository/Search Mailder Data/input_Custom Code_form'

2022-08-05 11:57:57 - [MESSAGE][PASSED] - Text 'CodeAut100' is set on object 'Object Repository/Search Mailder Data/input_Custom Code_form'

2022-08-05 11:57:57 - [TEST_STEP][PASSED] - click(findTestObject("Search Mailder Data/button_Search")): Object: 'Object Repository/Search Mailder Data/button_Search' is clicked on

2022-08-05 11:57:57 - [MESSAGE][PASSED] - Object: 'Object Repository/Search Mailder Data/button_Search' is clicked on

2022-08-05 11:57:57 - [TEST_STEP][PASSED] - click(findTestObject("Search Mailder Data/button_Assign")): Object: 'Object Repository/Search Mailder Data/button_Assign' is clicked on

2022-08-05 11:57:58 - [MESSAGE][PASSED] - Object: 'Object Repository/Search Mailder Data/button_Assign' is clicked on

2022-08-05 11:57:58 - [TEST_STEP][PASSED] - click(findTestObject("Search Mailder Data/button_Accept")): Object: 'Object Repository/Search Mailder Data/button_Accept' is clicked on

2022-08-05 11:57:59 - [MESSAGE][PASSED] - Object: 'Object Repository/Search Mailder Data/button_Accept' is clicked on

2022-08-05 11:57:59 - [TEST_STEP][PASSED] - delay(1, STOP_ON_FAILURE): Delayed 1 second(s)

2022-08-05 11:58:00 - [MESSAGE][PASSED] - Delayed 1 second(s)

2022-08-05 11:58:00 - [TEST_STEP][PASSED] - takeFullPageScreenshot(): Taking screenshot successfully

2022-08-05 11:58:00 - [MESSAGE][INFO] - 0 hidden object(s)

2022-08-05 11:58:01 - [MESSAGE][PASSED] - Taking screenshot successfully
[[ATTACHMENT|/home/juzcategui/git/DIMS/Reports/20220805_115643/Mailer Data/20220805_115643/1659715080421.png]]]]></system-out>
         <system-err><![CDATA[]]></system-err>
      </testcase>
      <system-out><![CDATA[2022-08-05 11:56:46 - [TEST_SUITE][PASSED] - Mailer Data: Test Cases/Search Mailer Data]]></system-out>
      <system-err><![CDATA[]]></system-err>
   </testsuite>
</testsuites>
