<?xml version="1.0" encoding="UTF-8"?>
<testsuites name="Notary Network" time="28.495" tests="1" failures="0" errors="0">
   <testsuite name="Notary Network" tests="1" failures="0" errors="0" time="28.495" skipped="0" timestamp="2022-04-08 11:51:41" hostname="juzcategui - juzcategui" id="Test Suites/Notary Network">
      <properties>
         <property name="deviceName" value=""/>
         <property name="devicePlatform" value=""/>
         <property name="logFolder" value="/home/juzcategui/git/DIMS/Reports/20220408_115137/Notary Network/20220408_115137"/>
         <property name="logFiles" value="/home/juzcategui/git/DIMS/Reports/20220408_115137/Notary Network/20220408_115137/execution0.log"/>
         <property name="attachments" value=""/>
         <property name="hostName" value="juzcategui - juzcategui"/>
         <property name="os" value="Linux 64bit"/>
         <property name="katalonVersion" value="8.2.5.208"/>
         <property name="browser" value="Chrome 98.0.4758.102"/>
         <property name="hostAddress" value="192.168.12.62"/>
         <property name="sessionId" value="3eadc367ab142e30b2c4bafa8532726c"/>
         <property name="seleniumVersion" value="3.141.59"/>
         <property name="proxyInformation" value="ProxyInformation { proxyOption=NO_PROXY, proxyServerType=HTTP, username=, password=********, proxyServerAddress=, proxyServerPort=0, executionList=&quot;&quot;, isApplyToDesiredCapabilities=true }"/>
         <property name="platform" value="Linux"/>
      </properties>
      <testcase name="Test Cases/Add Notary Network" time="27.537" classname="Test Cases/Add Notary Network" status="PASSED">
         <system-out><![CDATA[2022-04-08 11:51:42 - [TEST_CASE][PASSED] - Test Cases/Add Notary Network: Test Cases/Add Notary Network

2022-04-08 11:51:43 - [TEST_STEP][PASSED] - openBrowser(""): Browser is opened with url: ''

2022-04-08 11:51:43 - [MESSAGE][INFO] - Starting 'Chrome' driver

2022-04-08 11:51:43 - [MESSAGE][INFO] - Action delay is set to 0 milliseconds

2022-04-08 11:51:46 - [MESSAGE][PASSED] - Browser is opened with url: ''

2022-04-08 11:51:46 - [TEST_STEP][PASSED] - navigateToUrl("http://35.237.24.127:8081/dims-app/#/home"): Navigate to 'http://35.237.24.127:8081/dims-app/#/home' successfully

2022-04-08 11:51:55 - [MESSAGE][PASSED] - Navigate to 'http://35.237.24.127:8081/dims-app/#/home' successfully

2022-04-08 11:51:55 - [TEST_STEP][PASSED] - setText(findTestObject("Object Repository/Create Lead/Page_Debt IMS/input_Username_form-control w-75 ng-untouch_2a886e"), username): Text 'SUPER_USER7' is set on object 'Object Repository/Create Lead/Page_Debt IMS/input_Username_form-control w-75 ng-untouch_2a886e'

2022-04-08 11:51:55 - [MESSAGE][PASSED] - Text 'SUPER_USER7' is set on object 'Object Repository/Create Lead/Page_Debt IMS/input_Username_form-control w-75 ng-untouch_2a886e'

2022-04-08 11:51:55 - [TEST_STEP][PASSED] - setText(findTestObject("Object Repository/Create Lead/Page_Debt IMS/input_Password_form-control w-75 ng-untouch_173c6b"), pass): Text 'Abcd1234**' is set on object 'Object Repository/Create Lead/Page_Debt IMS/input_Password_form-control w-75 ng-untouch_173c6b'

2022-04-08 11:51:56 - [MESSAGE][PASSED] - Text 'Abcd1234**' is set on object 'Object Repository/Create Lead/Page_Debt IMS/input_Password_form-control w-75 ng-untouch_173c6b'

2022-04-08 11:51:56 - [TEST_STEP][PASSED] - click(findTestObject("Object Repository/Create Lead/Page_Debt IMS/button_Login")): Object: 'Object Repository/Create Lead/Page_Debt IMS/button_Login' is clicked on

2022-04-08 11:51:59 - [MESSAGE][PASSED] - Object: 'Object Repository/Create Lead/Page_Debt IMS/button_Login' is clicked on

2022-04-08 11:51:59 - [TEST_STEP][PASSED] - click(findTestObject("Notary Network/strong_Office Tools")): Object: 'Object Repository/Notary Network/strong_Office Tools' is clicked on

2022-04-08 11:52:00 - [MESSAGE][PASSED] - Object: 'Object Repository/Notary Network/strong_Office Tools' is clicked on

2022-04-08 11:52:00 - [TEST_STEP][PASSED] - click(findTestObject("Notary Network/span_Notary Network")): Object: 'Object Repository/Notary Network/span_Notary Network' is clicked on

2022-04-08 11:52:00 - [MESSAGE][PASSED] - Object: 'Object Repository/Notary Network/span_Notary Network' is clicked on

2022-04-08 11:52:00 - [TEST_STEP][PASSED] - click(findTestObject("Notary Network/button_Welcome, Julio Uzctegui_addButton")): Object: 'Object Repository/Notary Network/button_Welcome, Julio Uzctegui_addButton' is clicked on

2022-04-08 11:52:01 - [MESSAGE][PASSED] - Object: 'Object Repository/Notary Network/button_Welcome, Julio Uzctegui_addButton' is clicked on

2022-04-08 11:52:01 - [TEST_STEP][PASSED] - setText(findTestObject("Notary Network/input_First Name_form"), firstname): Text 'lisbeth' is set on object 'Object Repository/Notary Network/input_First Name_form'

2022-04-08 11:52:02 - [MESSAGE][PASSED] - Text 'lisbeth' is set on object 'Object Repository/Notary Network/input_First Name_form'

2022-04-08 11:52:02 - [TEST_STEP][PASSED] - setText(findTestObject("Notary Network/input_Last Name_form"), lastname): Text 'granados' is set on object 'Object Repository/Notary Network/input_Last Name_form'

2022-04-08 11:52:03 - [MESSAGE][PASSED] - Text 'granados' is set on object 'Object Repository/Notary Network/input_Last Name_form'

2022-04-08 11:52:03 - [TEST_STEP][PASSED] - setText(findTestObject("Notary Network/input_Address_form"), address): Text 'nueva zelanda' is set on object 'Object Repository/Notary Network/input_Address_form'

2022-04-08 11:52:04 - [MESSAGE][PASSED] - Text 'nueva zelanda' is set on object 'Object Repository/Notary Network/input_Address_form'

2022-04-08 11:52:04 - [TEST_STEP][PASSED] - setText(findTestObject("Notary Network/input_City_form"), city): Text 'caracas' is set on object 'Object Repository/Notary Network/input_City_form'

2022-04-08 11:52:04 - [MESSAGE][PASSED] - Text 'caracas' is set on object 'Object Repository/Notary Network/input_City_form'

2022-04-08 11:52:04 - [TEST_STEP][PASSED] - selectOptionByValue(findTestObject("Notary Network/select_Select OneUS Armed Forces E"), "2: 2", false): All options with value '2: 2' are selected in object 'Object Repository/Notary Network/select_Select OneUS Armed Forces E' 

2022-04-08 11:52:05 - [MESSAGE][PASSED] - All options with value '2: 2' are selected in object 'Object Repository/Notary Network/select_Select OneUS Armed Forces E' 

2022-04-08 11:52:05 - [TEST_STEP][PASSED] - setText(findTestObject("Notary Network/input_Email_form"), email): Text 'lisbeth@gmail.com' is set on object 'Object Repository/Notary Network/input_Email_form'

2022-04-08 11:52:06 - [MESSAGE][PASSED] - Text 'lisbeth@gmail.com' is set on object 'Object Repository/Notary Network/input_Email_form'

2022-04-08 11:52:06 - [TEST_STEP][PASSED] - setText(findTestObject("Notary Network/input_Extension_form"), extension): Text '12345678' is set on object 'Object Repository/Notary Network/input_Extension_form'

2022-04-08 11:52:07 - [MESSAGE][PASSED] - Text '12345678' is set on object 'Object Repository/Notary Network/input_Extension_form'

2022-04-08 11:52:07 - [TEST_STEP][PASSED] - setText(findTestObject("Notary Network/input_FAX_form"), fax): Text '12345678' is set on object 'Object Repository/Notary Network/input_FAX_form'

2022-04-08 11:52:07 - [MESSAGE][PASSED] - Text '12345678' is set on object 'Object Repository/Notary Network/input_FAX_form'

2022-04-08 11:52:07 - [TEST_STEP][PASSED] - setText(findTestObject("Notary Network/input_Phone Number_form"), phonenumber): Text '12345678' is set on object 'Object Repository/Notary Network/input_Phone Number_form'

2022-04-08 11:52:08 - [MESSAGE][PASSED] - Text '12345678' is set on object 'Object Repository/Notary Network/input_Phone Number_form'

2022-04-08 11:52:08 - [TEST_STEP][PASSED] - setText(findTestObject("Notary Network/input_ZIP_form-control"), zip): Text '1010' is set on object 'Object Repository/Notary Network/input_ZIP_form-control'

2022-04-08 11:52:09 - [MESSAGE][PASSED] - Text '1010' is set on object 'Object Repository/Notary Network/input_ZIP_form-control'

2022-04-08 11:52:09 - [TEST_STEP][PASSED] - click(findTestObject("Notary Network/div_Select an Office(s)_p-checkbox-box select office")): Object: 'Object Repository/Notary Network/div_Select an Office(s)_p-checkbox-box select office' is clicked on

2022-04-08 11:52:09 - [MESSAGE][PASSED] - Object: 'Object Repository/Notary Network/div_Select an Office(s)_p-checkbox-box select office' is clicked on

2022-04-08 11:52:09 - [TEST_STEP][PASSED] - click(findTestObject("Breaks/button_Welcome, Julio Uzctegui_saveButton")): Object: 'Object Repository/Breaks/button_Welcome, Julio Uzctegui_saveButton' is clicked on

2022-04-08 11:52:09 - [MESSAGE][PASSED] - Object: 'Object Repository/Breaks/button_Welcome, Julio Uzctegui_saveButton' is clicked on]]></system-out>
         <system-err><![CDATA[]]></system-err>
      </testcase>
      <system-out><![CDATA[2022-04-08 11:51:41 - [TEST_SUITE][PASSED] - Notary Network: Test Cases/Add Notary Network]]></system-out>
      <system-err><![CDATA[]]></system-err>
   </testsuite>
</testsuites>
