<?xml version="1.0" encoding="UTF-8"?>
<testsuites name="Email Templates" time="19.219" tests="1" failures="0" errors="0">
   <testsuite name="Email Templates" tests="1" failures="0" errors="0" time="19.219" skipped="0" timestamp="2022-03-31 10:36:55" hostname="juzcategui - juzcategui" id="Test Suites/Email Templates">
      <properties>
         <property name="deviceName" value=""/>
         <property name="devicePlatform" value=""/>
         <property name="logFolder" value="/home/juzcategui/git/DIMS/Reports/20220331_103651/Email Templates/20220331_103651"/>
         <property name="logFiles" value="/home/juzcategui/git/DIMS/Reports/20220331_103651/Email Templates/20220331_103651/execution0.log"/>
         <property name="attachments" value=""/>
         <property name="hostName" value="juzcategui - juzcategui"/>
         <property name="os" value="Linux 64bit"/>
         <property name="katalonVersion" value="8.2.5.208"/>
         <property name="browser" value="Chrome 98.0.4758.102"/>
         <property name="hostAddress" value="192.168.12.44"/>
         <property name="sessionId" value="875dcbb962f3d8f27493a4af018f2e3c"/>
         <property name="seleniumVersion" value="3.141.59"/>
         <property name="proxyInformation" value="ProxyInformation { proxyOption=NO_PROXY, proxyServerType=HTTP, username=, password=********, proxyServerAddress=, proxyServerPort=0, executionList=&quot;&quot;, isApplyToDesiredCapabilities=true }"/>
         <property name="platform" value="Linux"/>
      </properties>
      <testcase name="Test Cases/Add Email Templates" time="18.581" classname="Test Cases/Add Email Templates" status="PASSED">
         <system-out><![CDATA[2022-03-31 10:36:55 - [TEST_CASE][PASSED] - Test Cases/Add Email Templates: Test Cases/Add Email Templates

2022-03-31 10:36:56 - [TEST_STEP][PASSED] - openBrowser(""): Browser is opened with url: ''

2022-03-31 10:36:56 - [MESSAGE][INFO] - Starting 'Chrome' driver

2022-03-31 10:36:57 - [MESSAGE][INFO] - Action delay is set to 0 milliseconds

2022-03-31 10:36:58 - [MESSAGE][PASSED] - Browser is opened with url: ''

2022-03-31 10:36:58 - [TEST_STEP][PASSED] - navigateToUrl("http://35.237.24.127:8081/dims-app/#/home"): Navigate to 'http://35.237.24.127:8081/dims-app/#/home' successfully

2022-03-31 10:37:01 - [MESSAGE][PASSED] - Navigate to 'http://35.237.24.127:8081/dims-app/#/home' successfully

2022-03-31 10:37:01 - [TEST_STEP][PASSED] - setText(findTestObject("Object Repository/Email Templates/Page_Debt IMS/input_Username_form-control w-75 ng-untouch_2a886e"), username): Text 'SUPER_USER7' is set on object 'Object Repository/Email Templates/Page_Debt IMS/input_Username_form-control w-75 ng-untouch_2a886e'

2022-03-31 10:37:02 - [MESSAGE][PASSED] - Text 'SUPER_USER7' is set on object 'Object Repository/Email Templates/Page_Debt IMS/input_Username_form-control w-75 ng-untouch_2a886e'

2022-03-31 10:37:02 - [TEST_STEP][PASSED] - setText(findTestObject("Object Repository/Email Templates/Page_Debt IMS/input_Password_form-control w-75 ng-untouch_173c6b"), pass): Text 'Abcd1234**' is set on object 'Object Repository/Email Templates/Page_Debt IMS/input_Password_form-control w-75 ng-untouch_173c6b'

2022-03-31 10:37:03 - [MESSAGE][PASSED] - Text 'Abcd1234**' is set on object 'Object Repository/Email Templates/Page_Debt IMS/input_Password_form-control w-75 ng-untouch_173c6b'

2022-03-31 10:37:03 - [TEST_STEP][PASSED] - click(findTestObject("Object Repository/Email Templates/Page_Debt IMS/button_Login")): Object: 'Object Repository/Email Templates/Page_Debt IMS/button_Login' is clicked on

2022-03-31 10:37:05 - [MESSAGE][PASSED] - Object: 'Object Repository/Email Templates/Page_Debt IMS/button_Login' is clicked on

2022-03-31 10:37:05 - [TEST_STEP][PASSED] - click(findTestObject("Object Repository/Email Templates/Page_Debt IMS/strong_Maintenance Tools")): Object: 'Object Repository/Email Templates/Page_Debt IMS/strong_Maintenance Tools' is clicked on

2022-03-31 10:37:06 - [MESSAGE][PASSED] - Object: 'Object Repository/Email Templates/Page_Debt IMS/strong_Maintenance Tools' is clicked on

2022-03-31 10:37:06 - [TEST_STEP][PASSED] - click(findTestObject("Object Repository/Email Templates/Page_Debt IMS/span_Email Templates")): Object: 'Object Repository/Email Templates/Page_Debt IMS/span_Email Templates' is clicked on

2022-03-31 10:37:07 - [MESSAGE][PASSED] - Object: 'Object Repository/Email Templates/Page_Debt IMS/span_Email Templates' is clicked on

2022-03-31 10:37:07 - [TEST_STEP][PASSED] - click(findTestObject("Object Repository/Email Templates/Page_Debt IMS/button_Welcome, Julio Uzctegui_addButton")): Object: 'Object Repository/Email Templates/Page_Debt IMS/button_Welcome, Julio Uzctegui_addButton' is clicked on

2022-03-31 10:37:08 - [MESSAGE][PASSED] - Object: 'Object Repository/Email Templates/Page_Debt IMS/button_Welcome, Julio Uzctegui_addButton' is clicked on

2022-03-31 10:37:08 - [TEST_STEP][PASSED] - selectOptionByValue(findTestObject("Object Repository/Email Templates/Page_Debt IMS/select_Select OneDebt - ImsConsumer Capital_ea227b"), "1", true): All options with value '1' are selected in object 'Object Repository/Email Templates/Page_Debt IMS/select_Select OneDebt - ImsConsumer Capital_ea227b'  using regular expression

2022-03-31 10:37:09 - [MESSAGE][PASSED] - All options with value '1' are selected in object 'Object Repository/Email Templates/Page_Debt IMS/select_Select OneDebt - ImsConsumer Capital_ea227b'  using regular expression

2022-03-31 10:37:09 - [TEST_STEP][PASSED] - selectOptionByValue(findTestObject("Object Repository/Email Templates/Page_Debt IMS/select_Select OneHFG 2020HFG NONEHFG PAYDAY_b8a107"), "1", true): All options with value '1' are selected in object 'Object Repository/Email Templates/Page_Debt IMS/select_Select OneHFG 2020HFG NONEHFG PAYDAY_b8a107'  using regular expression

2022-03-31 10:37:10 - [MESSAGE][PASSED] - All options with value '1' are selected in object 'Object Repository/Email Templates/Page_Debt IMS/select_Select OneHFG 2020HFG NONEHFG PAYDAY_b8a107'  using regular expression

2022-03-31 10:37:10 - [TEST_STEP][PASSED] - setText(findTestObject("Email Templates/Page_Debt IMS/input_Email Template Name"), templatename): Text 'test aut' is set on object 'Object Repository/Email Templates/Page_Debt IMS/input_Email Template Name'

2022-03-31 10:37:11 - [MESSAGE][PASSED] - Text 'test aut' is set on object 'Object Repository/Email Templates/Page_Debt IMS/input_Email Template Name'

2022-03-31 10:37:11 - [TEST_STEP][PASSED] - setText(findTestObject("Email Templates/Page_Debt IMS/input_Subject_"), subject): Text 'test' is set on object 'Object Repository/Email Templates/Page_Debt IMS/input_Subject_'

2022-03-31 10:37:12 - [MESSAGE][PASSED] - Text 'test' is set on object 'Object Repository/Email Templates/Page_Debt IMS/input_Subject_'

2022-03-31 10:37:12 - [TEST_STEP][PASSED] - setText(findTestObject("Email Templates/Page_Debt IMS/div_Test cuerpo mensaje"), body): Text 'body messagge' is set on object 'Object Repository/Email Templates/Page_Debt IMS/div_Test cuerpo mensaje'

2022-03-31 10:37:13 - [MESSAGE][PASSED] - Text 'body messagge' is set on object 'Object Repository/Email Templates/Page_Debt IMS/div_Test cuerpo mensaje'

2022-03-31 10:37:13 - [TEST_STEP][PASSED] - click(findTestObject("Email Templates/Page_Debt IMS/button_Welcome, Julio Uzctegui_saveButton add")): Object: 'Object Repository/Email Templates/Page_Debt IMS/button_Welcome, Julio Uzctegui_saveButton add' is clicked on

2022-03-31 10:37:14 - [MESSAGE][PASSED] - Object: 'Object Repository/Email Templates/Page_Debt IMS/button_Welcome, Julio Uzctegui_saveButton add' is clicked on

2022-03-31 10:37:14 - [TEST_STEP][PASSED] - closeBrowser(): Browser is closed

2022-03-31 10:37:14 - [MESSAGE][PASSED] - Browser is closed]]></system-out>
         <system-err><![CDATA[]]></system-err>
      </testcase>
      <system-out><![CDATA[2022-03-31 10:36:55 - [TEST_SUITE][PASSED] - Email Templates: Test Cases/Add Email Templates]]></system-out>
      <system-err><![CDATA[]]></system-err>
   </testsuite>
</testsuites>
