<?xml version="1.0" encoding="UTF-8"?>
<testsuites name="Ip restrictions" time="37.906" tests="2" failures="0" errors="0">
   <testsuite name="Ip restrictions" tests="2" failures="0" errors="0" time="37.906" skipped="0" timestamp="2022-03-18 09:04:11" hostname="juzcategui - juzcategui" id="Test Suites/Ip restrictions">
      <properties>
         <property name="deviceName" value=""/>
         <property name="devicePlatform" value=""/>
         <property name="logFolder" value="/home/juzcategui/git/DIMS/Reports/20220318_090406/Ip restrictions/20220318_090406"/>
         <property name="logFiles" value="/home/juzcategui/git/DIMS/Reports/20220318_090406/Ip restrictions/20220318_090406/execution0.log"/>
         <property name="attachments" value=""/>
         <property name="hostName" value="juzcategui - juzcategui"/>
         <property name="os" value="Linux 64bit"/>
         <property name="katalonVersion" value="8.2.5.208"/>
         <property name="browser" value="Chrome 98.0.4758.102"/>
         <property name="hostAddress" value="192.168.12.44"/>
         <property name="sessionId" value="40a984b55fadebd8b22eee02c48a0e46"/>
         <property name="seleniumVersion" value="3.141.59"/>
         <property name="proxyInformation" value="ProxyInformation { proxyOption=NO_PROXY, proxyServerType=HTTP, username=, password=********, proxyServerAddress=, proxyServerPort=0, executionList=&quot;&quot;, isApplyToDesiredCapabilities=true }"/>
         <property name="platform" value="Linux"/>
      </properties>
      <testcase name="Test Cases/Edit IP" time="22.842" classname="Test Cases/Edit IP" status="PASSED">
         <system-out><![CDATA[2022-03-18 09:04:11 - [TEST_CASE][PASSED] - Test Cases/Edit IP: Test Cases/Edit IP

2022-03-18 09:04:12 - [TEST_STEP][PASSED] - openBrowser(""): Browser is opened with url: ''

2022-03-18 09:04:12 - [MESSAGE][INFO] - Starting 'Chrome' driver

2022-03-18 09:04:12 - [MESSAGE][INFO] - Action delay is set to 0 milliseconds

2022-03-18 09:04:14 - [MESSAGE][PASSED] - Browser is opened with url: ''

2022-03-18 09:04:14 - [TEST_STEP][PASSED] - navigateToUrl("http://35.237.24.127:8081/dims-app/#/home"): Navigate to 'http://35.237.24.127:8081/dims-app/#/home' successfully

2022-03-18 09:04:21 - [MESSAGE][PASSED] - Navigate to 'http://35.237.24.127:8081/dims-app/#/home' successfully

2022-03-18 09:04:21 - [TEST_STEP][PASSED] - setText(findTestObject("Object Repository/Edit Ip Office/input_Username_form-control w-75 ng-untouch_2a886e"), username): Text 'SUPER_USER7' is set on object 'Object Repository/Edit Ip Office/input_Username_form-control w-75 ng-untouch_2a886e'

2022-03-18 09:04:22 - [MESSAGE][PASSED] - Text 'SUPER_USER7' is set on object 'Object Repository/Edit Ip Office/input_Username_form-control w-75 ng-untouch_2a886e'

2022-03-18 09:04:22 - [TEST_STEP][PASSED] - setText(findTestObject("Object Repository/Add IP objects/input_Password_form-control w-75 ng-untouch_173c6b"), pass): Text 'Abcd1234**' is set on object 'Object Repository/Add IP objects/input_Password_form-control w-75 ng-untouch_173c6b'

2022-03-18 09:04:23 - [MESSAGE][PASSED] - Text 'Abcd1234**' is set on object 'Object Repository/Add IP objects/input_Password_form-control w-75 ng-untouch_173c6b'

2022-03-18 09:04:23 - [TEST_STEP][PASSED] - click(findTestObject("Object Repository/Edit Ip Office/button_Login")): Object: 'Object Repository/Edit Ip Office/button_Login' is clicked on

2022-03-18 09:04:26 - [MESSAGE][PASSED] - Object: 'Object Repository/Edit Ip Office/button_Login' is clicked on

2022-03-18 09:04:26 - [TEST_STEP][PASSED] - click(findTestObject("Object Repository/Edit Ip Office/strong_Office Tools")): Object: 'Object Repository/Edit Ip Office/strong_Office Tools' is clicked on

2022-03-18 09:04:27 - [MESSAGE][PASSED] - Object: 'Object Repository/Edit Ip Office/strong_Office Tools' is clicked on

2022-03-18 09:04:27 - [TEST_STEP][PASSED] - click(findTestObject("Object Repository/Edit Ip Office/span_IP Restrictions")): Object: 'Object Repository/Edit Ip Office/span_IP Restrictions' is clicked on

2022-03-18 09:04:27 - [MESSAGE][PASSED] - Object: 'Object Repository/Edit Ip Office/span_IP Restrictions' is clicked on

2022-03-18 09:04:27 - [TEST_STEP][PASSED] - setText(findTestObject("Object Repository/Edit Ip Office/input_IP Restrictions_p-inputtext p-compone_ad6e79"), "Ip cgts"): Text 'Ip cgts' is set on object 'Object Repository/Edit Ip Office/input_IP Restrictions_p-inputtext p-compone_ad6e79'

2022-03-18 09:04:28 - [MESSAGE][PASSED] - Text 'Ip cgts' is set on object 'Object Repository/Edit Ip Office/input_IP Restrictions_p-inputtext p-compone_ad6e79'

2022-03-18 09:04:28 - [TEST_STEP][PASSED] - click(findTestObject("Object Repository/Edit Ip Office/button_Active_editButton")): Object: 'Object Repository/Edit Ip Office/button_Active_editButton' is clicked on

2022-03-18 09:04:29 - [MESSAGE][PASSED] - Object: 'Object Repository/Edit Ip Office/button_Active_editButton' is clicked on

2022-03-18 09:04:29 - [TEST_STEP][PASSED] - setText(findTestObject("Object Repository/Edit Ip Office/input_IP Address_form-control shadow-none n_a5e085"), ip): Text '172.168.0.199' is set on object 'Object Repository/Edit Ip Office/input_IP Address_form-control shadow-none n_a5e085'

2022-03-18 09:04:30 - [MESSAGE][PASSED] - Text '172.168.0.199' is set on object 'Object Repository/Edit Ip Office/input_IP Address_form-control shadow-none n_a5e085'

2022-03-18 09:04:30 - [TEST_STEP][PASSED] - setText(findTestObject("Add IP objects/input_Description_form-control shadow-none ng-untouched ng-pristine ng-invalid"), ipname): Text 'ip CGTS modificada' is set on object 'Object Repository/Add IP objects/input_Description_form-control shadow-none ng-untouched ng-pristine ng-invalid'

2022-03-18 09:04:31 - [MESSAGE][PASSED] - Text 'ip CGTS modificada' is set on object 'Object Repository/Add IP objects/input_Description_form-control shadow-none ng-untouched ng-pristine ng-invalid'

2022-03-18 09:04:31 - [TEST_STEP][PASSED] - delay(2, STOP_ON_FAILURE): Delayed 2 second(s)

2022-03-18 09:04:33 - [MESSAGE][PASSED] - Delayed 2 second(s)

2022-03-18 09:04:33 - [TEST_STEP][PASSED] - click(findTestObject("Edit Ip Office/button_Welcome, Julio Uzctegui_saveButton")): Object: 'Object Repository/Edit Ip Office/button_Welcome, Julio Uzctegui_saveButton' is clicked on

2022-03-18 09:04:33 - [MESSAGE][PASSED] - Object: 'Object Repository/Edit Ip Office/button_Welcome, Julio Uzctegui_saveButton' is clicked on

2022-03-18 09:04:33 - [TEST_STEP][PASSED] - click(findTestObject("Edit Ip Office/button_Accept"), STOP_ON_FAILURE): Object: 'Object Repository/Edit Ip Office/button_Accept' is clicked on

2022-03-18 09:04:34 - [MESSAGE][PASSED] - Object: 'Object Repository/Edit Ip Office/button_Accept' is clicked on

2022-03-18 09:04:34 - [TEST_STEP][PASSED] - closeBrowser(): Browser is closed

2022-03-18 09:04:34 - [MESSAGE][PASSED] - Browser is closed]]></system-out>
         <system-err><![CDATA[]]></system-err>
      </testcase>
      <testcase name="Test Cases/Delete Ip" time="14.336" classname="Test Cases/Delete Ip" status="PASSED">
         <system-out><![CDATA[2022-03-18 09:04:34 - [TEST_CASE][PASSED] - Test Cases/Delete Ip: Test Cases/Delete Ip

2022-03-18 09:04:35 - [TEST_STEP][PASSED] - openBrowser(""): Browser is opened with url: ''

2022-03-18 09:04:35 - [MESSAGE][INFO] - Starting 'Chrome' driver

2022-03-18 09:04:35 - [MESSAGE][INFO] - Action delay is set to 0 milliseconds

2022-03-18 09:04:35 - [MESSAGE][PASSED] - Browser is opened with url: ''

2022-03-18 09:04:35 - [TEST_STEP][PASSED] - navigateToUrl("http://35.237.24.127:8081/dims-app/#/home"): Navigate to 'http://35.237.24.127:8081/dims-app/#/home' successfully

2022-03-18 09:04:39 - [MESSAGE][PASSED] - Navigate to 'http://35.237.24.127:8081/dims-app/#/home' successfully

2022-03-18 09:04:39 - [TEST_STEP][PASSED] - setText(findTestObject("Object Repository/debt ims R/Page_Debt IMS/input_Username_form-control w-75 ng-untouch_2a886e"), username): Text 'SUPER_USER7' is set on object 'Object Repository/debt ims R/Page_Debt IMS/input_Username_form-control w-75 ng-untouch_2a886e'

2022-03-18 09:04:40 - [MESSAGE][PASSED] - Text 'SUPER_USER7' is set on object 'Object Repository/debt ims R/Page_Debt IMS/input_Username_form-control w-75 ng-untouch_2a886e'

2022-03-18 09:04:40 - [TEST_STEP][PASSED] - setText(findTestObject("Object Repository/debt ims R/Page_Debt IMS/input_Password_form-control w-75 ng-untouch_173c6b"), pass): Text 'Abcd1234**' is set on object 'Object Repository/debt ims R/Page_Debt IMS/input_Password_form-control w-75 ng-untouch_173c6b'

2022-03-18 09:04:40 - [MESSAGE][PASSED] - Text 'Abcd1234**' is set on object 'Object Repository/debt ims R/Page_Debt IMS/input_Password_form-control w-75 ng-untouch_173c6b'

2022-03-18 09:04:40 - [TEST_STEP][PASSED] - click(findTestObject("Object Repository/debt ims R/Page_Debt IMS/button_Login")): Object: 'Object Repository/debt ims R/Page_Debt IMS/button_Login' is clicked on

2022-03-18 09:04:43 - [MESSAGE][PASSED] - Object: 'Object Repository/debt ims R/Page_Debt IMS/button_Login' is clicked on

2022-03-18 09:04:43 - [TEST_STEP][PASSED] - click(findTestObject("Object Repository/debt ims R/Page_Debt IMS/strong_Office Tools")): Object: 'Object Repository/debt ims R/Page_Debt IMS/strong_Office Tools' is clicked on

2022-03-18 09:04:43 - [MESSAGE][PASSED] - Object: 'Object Repository/debt ims R/Page_Debt IMS/strong_Office Tools' is clicked on

2022-03-18 09:04:43 - [TEST_STEP][PASSED] - click(findTestObject("Object Repository/Edit Ip Office/span_IP Restrictions")): Object: 'Object Repository/Edit Ip Office/span_IP Restrictions' is clicked on

2022-03-18 09:04:44 - [MESSAGE][PASSED] - Object: 'Object Repository/Edit Ip Office/span_IP Restrictions' is clicked on

2022-03-18 09:04:44 - [TEST_STEP][PASSED] - setText(findTestObject("Object Repository/Edit Ip Office/input_IP Restrictions_p-inputtext p-compone_ad6e79"), "Ip CGTS modificada"): Text 'Ip CGTS modificada' is set on object 'Object Repository/Edit Ip Office/input_IP Restrictions_p-inputtext p-compone_ad6e79'

2022-03-18 09:04:45 - [MESSAGE][PASSED] - Text 'Ip CGTS modificada' is set on object 'Object Repository/Edit Ip Office/input_IP Restrictions_p-inputtext p-compone_ad6e79'

2022-03-18 09:04:45 - [TEST_STEP][PASSED] - delay(2, STOP_ON_FAILURE): Delayed 2 second(s)

2022-03-18 09:04:47 - [MESSAGE][PASSED] - Delayed 2 second(s)

2022-03-18 09:04:47 - [TEST_STEP][PASSED] - click(findTestObject("Delete Options/Choose office")): Object: 'Object Repository/Delete Options/Choose office' is clicked on

2022-03-18 09:04:47 - [MESSAGE][PASSED] - Object: 'Object Repository/Delete Options/Choose office' is clicked on

2022-03-18 09:04:47 - [TEST_STEP][PASSED] - click(findTestObject("Delete Options/deleteButton ip")): Object: 'Object Repository/Delete Options/deleteButton ip' is clicked on

2022-03-18 09:04:48 - [MESSAGE][PASSED] - Object: 'Object Repository/Delete Options/deleteButton ip' is clicked on

2022-03-18 09:04:48 - [TEST_STEP][PASSED] - click(findTestObject("Delete Options/button_Accept ip")): Object: 'Object Repository/Delete Options/button_Accept ip' is clicked on

2022-03-18 09:04:49 - [MESSAGE][PASSED] - Object: 'Object Repository/Delete Options/button_Accept ip' is clicked on]]></system-out>
         <system-err><![CDATA[]]></system-err>
      </testcase>
      <system-out><![CDATA[2022-03-18 09:04:11 - [TEST_SUITE][PASSED] - Ip restrictions: Test Cases/Delete Ip]]></system-out>
      <system-err><![CDATA[]]></system-err>
   </testsuite>
</testsuites>
