<?xml version="1.0" encoding="UTF-8"?>
<testsuites name="Community Rules" time="49.271" tests="1" failures="0" errors="0">
   <testsuite name="Community Rules" tests="1" failures="0" errors="0" time="49.271" skipped="0" timestamp="2022-05-17 12:12:03" hostname="juzcategui - juzcategui" id="Test Suites/Community Rules">
      <properties>
         <property name="deviceName" value=""/>
         <property name="devicePlatform" value=""/>
         <property name="logFolder" value="/home/juzcategui/git/DIMS/Reports/20220517_121159/Community Rules/20220517_121159"/>
         <property name="logFiles" value="/home/juzcategui/git/DIMS/Reports/20220517_121159/Community Rules/20220517_121159/execution0.log"/>
         <property name="attachments" value="/home/juzcategui/git/DIMS/Reports/20220517_121159/Community Rules/20220517_121159/1652803972314.png"/>
         <property name="hostName" value="juzcategui - juzcategui"/>
         <property name="os" value="Linux 64bit"/>
         <property name="katalonVersion" value="8.2.5.208"/>
         <property name="browser" value="Chrome 100.0.4896.75"/>
         <property name="hostAddress" value="192.168.250.10"/>
         <property name="sessionId" value="8942459b9cfb99b50cb50bbe1522d8aa"/>
         <property name="seleniumVersion" value="3.141.59"/>
         <property name="proxyInformation" value="ProxyInformation { proxyOption=NO_PROXY, proxyServerType=HTTP, username=, password=********, proxyServerAddress=, proxyServerPort=0, executionList=&quot;&quot;, isApplyToDesiredCapabilities=true }"/>
         <property name="platform" value="Linux"/>
      </properties>
      <testcase name="Test Cases/Add Community Rule" time="48.402" classname="Test Cases/Add Community Rule" status="PASSED">
         <system-out><![CDATA[2022-05-17 12:12:04 - [TEST_CASE][PASSED] - Test Cases/Add Community Rule: Test Cases/Add Community Rule

2022-05-17 12:12:05 - [TEST_STEP][PASSED] - openBrowser(""): Browser is opened with url: ''

2022-05-17 12:12:05 - [MESSAGE][INFO] - Starting 'Chrome' driver

2022-05-17 12:12:05 - [MESSAGE][INFO] - Action delay is set to 0 milliseconds

2022-05-17 12:12:07 - [MESSAGE][PASSED] - Browser is opened with url: ''

2022-05-17 12:12:07 - [TEST_STEP][PASSED] - navigateToUrl("http://35.237.24.127:8081/dims-app/#/home"): Navigate to 'http://35.237.24.127:8081/dims-app/#/home' successfully

2022-05-17 12:12:41 - [MESSAGE][PASSED] - Navigate to 'http://35.237.24.127:8081/dims-app/#/home' successfully

2022-05-17 12:12:41 - [TEST_STEP][PASSED] - setText(findTestObject("Object Repository/Create Lead/Page_Debt IMS/input_Username_form-control w-75 ng-untouch_2a886e"), username): Text 'SUPER_USER7' is set on object 'Object Repository/Create Lead/Page_Debt IMS/input_Username_form-control w-75 ng-untouch_2a886e'

2022-05-17 12:12:41 - [MESSAGE][PASSED] - Text 'SUPER_USER7' is set on object 'Object Repository/Create Lead/Page_Debt IMS/input_Username_form-control w-75 ng-untouch_2a886e'

2022-05-17 12:12:41 - [TEST_STEP][PASSED] - setText(findTestObject("Object Repository/Create Lead/Page_Debt IMS/input_Password_form-control w-75 ng-untouch_173c6b"), pass): Text 'Abcd1234**' is set on object 'Object Repository/Create Lead/Page_Debt IMS/input_Password_form-control w-75 ng-untouch_173c6b'

2022-05-17 12:12:42 - [MESSAGE][PASSED] - Text 'Abcd1234**' is set on object 'Object Repository/Create Lead/Page_Debt IMS/input_Password_form-control w-75 ng-untouch_173c6b'

2022-05-17 12:12:42 - [TEST_STEP][PASSED] - click(findTestObject("Object Repository/Create Lead/Page_Debt IMS/button_Login")): Object: 'Object Repository/Create Lead/Page_Debt IMS/button_Login' is clicked on

2022-05-17 12:12:43 - [MESSAGE][PASSED] - Object: 'Object Repository/Create Lead/Page_Debt IMS/button_Login' is clicked on

2022-05-17 12:12:43 - [TEST_STEP][PASSED] - click(findTestObject("Competitors/Add Competitors/strong_Maintenance Tools")): Object: 'Object Repository/Competitors/Add Competitors/strong_Maintenance Tools' is clicked on

2022-05-17 12:12:43 - [MESSAGE][PASSED] - Object: 'Object Repository/Competitors/Add Competitors/strong_Maintenance Tools' is clicked on

2022-05-17 12:12:43 - [TEST_STEP][PASSED] - click(findTestObject("Community Rules/Add community rule/span_Community Rules")): Object: 'Object Repository/Community Rules/Add community rule/span_Community Rules' is clicked on

2022-05-17 12:12:46 - [MESSAGE][PASSED] - Object: 'Object Repository/Community Rules/Add community rule/span_Community Rules' is clicked on

2022-05-17 12:12:46 - [TEST_STEP][PASSED] - click(findTestObject("Competitors/Add Competitors/button_Welcome, Julio Uzctegui_addButton")): Object: 'Object Repository/Competitors/Add Competitors/button_Welcome, Julio Uzctegui_addButton' is clicked on

2022-05-17 12:12:47 - [MESSAGE][PASSED] - Object: 'Object Repository/Competitors/Add Competitors/button_Welcome, Julio Uzctegui_addButton' is clicked on

2022-05-17 12:12:47 - [TEST_STEP][PASSED] - selectOptionByValue(findTestObject("Community Rules/Add community rule/select_office"), "1", false): All options with value '1' are selected in object 'Object Repository/Community Rules/Add community rule/select_office' 

2022-05-17 12:12:50 - [MESSAGE][PASSED] - All options with value '1' are selected in object 'Object Repository/Community Rules/Add community rule/select_office' 

2022-05-17 12:12:50 - [TEST_STEP][PASSED] - setText(findTestObject("Community Rules/Add community rule/input_Community Rule Name_"), communityrulename): Text 'Test aut' is set on object 'Object Repository/Community Rules/Add community rule/input_Community Rule Name_'

2022-05-17 12:12:50 - [MESSAGE][PASSED] - Text 'Test aut' is set on object 'Object Repository/Community Rules/Add community rule/input_Community Rule Name_'

2022-05-17 12:12:50 - [TEST_STEP][PASSED] - click(findTestObject("Competitors/Add Competitors/button_Welcome, Julio Uzctegui_saveButton")): Object: 'Object Repository/Competitors/Add Competitors/button_Welcome, Julio Uzctegui_saveButton' is clicked on

2022-05-17 12:12:51 - [MESSAGE][PASSED] - Object: 'Object Repository/Competitors/Add Competitors/button_Welcome, Julio Uzctegui_saveButton' is clicked on

2022-05-17 12:12:51 - [TEST_STEP][PASSED] - delay(1): Delayed 1 second(s)

2022-05-17 12:12:52 - [MESSAGE][PASSED] - Delayed 1 second(s)

2022-05-17 12:12:52 - [TEST_STEP][PASSED] - takeFullPageScreenshot([]): Taking screenshot successfully

2022-05-17 12:12:52 - [MESSAGE][INFO] - 0 hidden object(s)

2022-05-17 12:12:52 - [MESSAGE][INFO] - 0 hidden object(s)

2022-05-17 12:12:53 - [MESSAGE][PASSED] - Taking screenshot successfully
[[ATTACHMENT|/home/juzcategui/git/DIMS/Reports/20220517_121159/Community Rules/20220517_121159/1652803972314.png]]]]></system-out>
         <system-err><![CDATA[]]></system-err>
      </testcase>
      <system-out><![CDATA[2022-05-17 12:12:03 - [TEST_SUITE][PASSED] - Community Rules: Test Cases/Add Community Rule]]></system-out>
      <system-err><![CDATA[]]></system-err>
   </testsuite>
</testsuites>
