<?xml version="1.0" encoding="UTF-8"?>
<testsuites name="Breaks" time="142.52" tests="3" failures="0" errors="0">
   <testsuite name="Breaks" tests="3" failures="0" errors="0" time="142.52" skipped="0" timestamp="2022-04-25 11:20:30" hostname="juzcategui - juzcategui" id="Test Suites/Breaks">
      <properties>
         <property name="deviceName" value=""/>
         <property name="devicePlatform" value=""/>
         <property name="logFolder" value="/home/juzcategui/git/DIMS/Reports/20220425_112027/Breaks/20220425_112027"/>
         <property name="logFiles" value="/home/juzcategui/git/DIMS/Reports/20220425_112027/Breaks/20220425_112027/execution0.log"/>
         <property name="attachments" value="/home/juzcategui/git/DIMS/Reports/20220425_112027/Breaks/20220425_112027/1650900070513.png, /home/juzcategui/git/DIMS/Reports/20220425_112027/Breaks/20220425_112027/1650900128908.png, /home/juzcategui/git/DIMS/Reports/20220425_112027/Breaks/20220425_112027/1650900172478.png"/>
         <property name="hostName" value="juzcategui - juzcategui"/>
         <property name="os" value="Linux 64bit"/>
         <property name="katalonVersion" value="8.2.5.208"/>
         <property name="browser" value="Chrome 100.0.4896.75"/>
         <property name="hostAddress" value="192.168.250.10"/>
         <property name="sessionId" value="35c4bf442481b076410aaca47180e1c1"/>
         <property name="seleniumVersion" value="3.141.59"/>
         <property name="proxyInformation" value="ProxyInformation { proxyOption=NO_PROXY, proxyServerType=HTTP, username=, password=********, proxyServerAddress=, proxyServerPort=0, executionList=&quot;&quot;, isApplyToDesiredCapabilities=true }"/>
         <property name="platform" value="Linux"/>
      </properties>
      <testcase name="Test Cases/Add break" time="40.233" classname="Test Cases/Add break" status="PASSED">
         <system-out><![CDATA[2022-04-25 11:20:31 - [TEST_CASE][PASSED] - Test Cases/Add break: Test Cases/Add break

2022-04-25 11:20:31 - [TEST_STEP][PASSED] - openBrowser(""): Browser is opened with url: ''

2022-04-25 11:20:31 - [MESSAGE][INFO] - Starting 'Chrome' driver

2022-04-25 11:20:31 - [MESSAGE][INFO] - Action delay is set to 0 milliseconds

2022-04-25 11:20:33 - [MESSAGE][PASSED] - Browser is opened with url: ''

2022-04-25 11:20:33 - [TEST_STEP][PASSED] - navigateToUrl("http://35.237.24.127:8081/dims-app/#/home"): Navigate to 'http://35.237.24.127:8081/dims-app/#/home' successfully

2022-04-25 11:21:03 - [MESSAGE][PASSED] - Navigate to 'http://35.237.24.127:8081/dims-app/#/home' successfully

2022-04-25 11:21:03 - [TEST_STEP][PASSED] - setText(findTestObject("Object Repository/Create Lead/Page_Debt IMS/input_Username_form-control w-75 ng-untouch_2a886e"), username): Text 'SUPER_USER7' is set on object 'Object Repository/Create Lead/Page_Debt IMS/input_Username_form-control w-75 ng-untouch_2a886e'

2022-04-25 11:21:04 - [MESSAGE][PASSED] - Text 'SUPER_USER7' is set on object 'Object Repository/Create Lead/Page_Debt IMS/input_Username_form-control w-75 ng-untouch_2a886e'

2022-04-25 11:21:04 - [TEST_STEP][PASSED] - setText(findTestObject("Object Repository/Create Lead/Page_Debt IMS/input_Password_form-control w-75 ng-untouch_173c6b"), pass): Text 'Abcd1234**' is set on object 'Object Repository/Create Lead/Page_Debt IMS/input_Password_form-control w-75 ng-untouch_173c6b'

2022-04-25 11:21:04 - [MESSAGE][PASSED] - Text 'Abcd1234**' is set on object 'Object Repository/Create Lead/Page_Debt IMS/input_Password_form-control w-75 ng-untouch_173c6b'

2022-04-25 11:21:04 - [TEST_STEP][PASSED] - click(findTestObject("Object Repository/Create Lead/Page_Debt IMS/button_Login")): Object: 'Object Repository/Create Lead/Page_Debt IMS/button_Login' is clicked on

2022-04-25 11:21:05 - [MESSAGE][PASSED] - Object: 'Object Repository/Create Lead/Page_Debt IMS/button_Login' is clicked on

2022-04-25 11:21:05 - [TEST_STEP][PASSED] - click(findTestObject("Breaks/Page_Debt IMS/strong_Administration")): Object: 'Object Repository/Breaks/Page_Debt IMS/strong_Administration' is clicked on

2022-04-25 11:21:06 - [MESSAGE][PASSED] - Object: 'Object Repository/Breaks/Page_Debt IMS/strong_Administration' is clicked on

2022-04-25 11:21:06 - [TEST_STEP][PASSED] - click(findTestObject("Breaks/Page_Debt IMS/span_Breaks")): Object: 'Object Repository/Breaks/Page_Debt IMS/span_Breaks' is clicked on

2022-04-25 11:21:06 - [MESSAGE][PASSED] - Object: 'Object Repository/Breaks/Page_Debt IMS/span_Breaks' is clicked on

2022-04-25 11:21:06 - [TEST_STEP][PASSED] - click(findTestObject("Breaks/button_Welcome, Julio Uzctegui_addButton")): Object: 'Object Repository/Breaks/button_Welcome, Julio Uzctegui_addButton' is clicked on

2022-04-25 11:21:07 - [MESSAGE][PASSED] - Object: 'Object Repository/Breaks/button_Welcome, Julio Uzctegui_addButton' is clicked on

2022-04-25 11:21:07 - [TEST_STEP][PASSED] - setText(findTestObject("Breaks/input_Name_form-control shadow-none ng-untouched ng-pristine ng-invalid"), name): Text 'Test aut' is set on object 'Object Repository/Breaks/input_Name_form-control shadow-none ng-untouched ng-pristine ng-invalid'

2022-04-25 11:21:08 - [MESSAGE][PASSED] - Text 'Test aut' is set on object 'Object Repository/Breaks/input_Name_form-control shadow-none ng-untouched ng-pristine ng-invalid'

2022-04-25 11:21:08 - [TEST_STEP][PASSED] - setText(findTestObject("Breaks/input_Description_form-control shadow-none ng-untouched ng-pristine ng-invalid"), description): Text 'Test aut' is set on object 'Object Repository/Breaks/input_Description_form-control shadow-none ng-untouched ng-pristine ng-invalid'

2022-04-25 11:21:09 - [MESSAGE][PASSED] - Text 'Test aut' is set on object 'Object Repository/Breaks/input_Description_form-control shadow-none ng-untouched ng-pristine ng-invalid'

2022-04-25 11:21:09 - [TEST_STEP][PASSED] - click(findTestObject("Breaks/button_Welcome, Julio Uzctegui_saveButton")): Object: 'Object Repository/Breaks/button_Welcome, Julio Uzctegui_saveButton' is clicked on

2022-04-25 11:21:09 - [MESSAGE][PASSED] - Object: 'Object Repository/Breaks/button_Welcome, Julio Uzctegui_saveButton' is clicked on

2022-04-25 11:21:09 - [TEST_STEP][PASSED] - delay(1, STOP_ON_FAILURE): Delayed 1 second(s)

2022-04-25 11:21:10 - [MESSAGE][PASSED] - Delayed 1 second(s)

2022-04-25 11:21:10 - [TEST_STEP][PASSED] - takeFullPageScreenshot(): Taking screenshot successfully

2022-04-25 11:21:11 - [MESSAGE][INFO] - 0 hidden object(s)

2022-04-25 11:21:11 - [MESSAGE][PASSED] - Taking screenshot successfully
[[ATTACHMENT|/home/juzcategui/git/DIMS/Reports/20220425_112027/Breaks/20220425_112027/1650900070513.png]]]]></system-out>
         <system-err><![CDATA[]]></system-err>
      </testcase>
      <testcase name="Test Cases/Edit Break" time="58.131" classname="Test Cases/Edit Break" status="PASSED">
         <system-out><![CDATA[2022-04-25 11:21:11 - [TEST_CASE][PASSED] - Test Cases/Edit Break: Test Cases/Edit Break

2022-04-25 11:21:11 - [TEST_STEP][PASSED] - openBrowser(""): Browser is opened with url: ''

2022-04-25 11:21:11 - [MESSAGE][WARNING] - A browser is already opened. Closing browser and opening a new one

2022-04-25 11:21:11 - [MESSAGE][INFO] - Starting 'Chrome' driver

2022-04-25 11:21:11 - [MESSAGE][INFO] - Action delay is set to 0 milliseconds

2022-04-25 11:21:12 - [MESSAGE][PASSED] - Browser is opened with url: ''

2022-04-25 11:21:12 - [TEST_STEP][PASSED] - navigateToUrl("http://35.237.24.127:8081/dims-app/#/home"): Navigate to 'http://35.237.24.127:8081/dims-app/#/home' successfully

2022-04-25 11:21:56 - [MESSAGE][PASSED] - Navigate to 'http://35.237.24.127:8081/dims-app/#/home' successfully

2022-04-25 11:21:56 - [TEST_STEP][PASSED] - setText(findTestObject("Object Repository/Create Lead/Page_Debt IMS/input_Username_form-control w-75 ng-untouch_2a886e"), username): Text 'SUPER_USER7' is set on object 'Object Repository/Create Lead/Page_Debt IMS/input_Username_form-control w-75 ng-untouch_2a886e'

2022-04-25 11:21:56 - [MESSAGE][PASSED] - Text 'SUPER_USER7' is set on object 'Object Repository/Create Lead/Page_Debt IMS/input_Username_form-control w-75 ng-untouch_2a886e'

2022-04-25 11:21:56 - [TEST_STEP][PASSED] - setText(findTestObject("Object Repository/Create Lead/Page_Debt IMS/input_Password_form-control w-75 ng-untouch_173c6b"), pass): Text 'Abcd1234**' is set on object 'Object Repository/Create Lead/Page_Debt IMS/input_Password_form-control w-75 ng-untouch_173c6b'

2022-04-25 11:21:57 - [MESSAGE][PASSED] - Text 'Abcd1234**' is set on object 'Object Repository/Create Lead/Page_Debt IMS/input_Password_form-control w-75 ng-untouch_173c6b'

2022-04-25 11:21:57 - [TEST_STEP][PASSED] - click(findTestObject("Object Repository/Create Lead/Page_Debt IMS/button_Login")): Object: 'Object Repository/Create Lead/Page_Debt IMS/button_Login' is clicked on

2022-04-25 11:22:00 - [MESSAGE][PASSED] - Object: 'Object Repository/Create Lead/Page_Debt IMS/button_Login' is clicked on

2022-04-25 11:22:00 - [TEST_STEP][PASSED] - click(findTestObject("Breaks/Page_Debt IMS/strong_Administration")): Object: 'Object Repository/Breaks/Page_Debt IMS/strong_Administration' is clicked on

2022-04-25 11:22:02 - [MESSAGE][PASSED] - Object: 'Object Repository/Breaks/Page_Debt IMS/strong_Administration' is clicked on

2022-04-25 11:22:02 - [TEST_STEP][PASSED] - click(findTestObject("Breaks/Page_Debt IMS/span_Breaks")): Object: 'Object Repository/Breaks/Page_Debt IMS/span_Breaks' is clicked on

2022-04-25 11:22:02 - [MESSAGE][PASSED] - Object: 'Object Repository/Breaks/Page_Debt IMS/span_Breaks' is clicked on

2022-04-25 11:22:02 - [TEST_STEP][PASSED] - setText(findTestObject("Breaks/input_Break search"), "test aut"): Text 'test aut' is set on object 'Object Repository/Breaks/input_Break search'

2022-04-25 11:22:04 - [MESSAGE][PASSED] - Text 'test aut' is set on object 'Object Repository/Breaks/input_Break search'

2022-04-25 11:22:04 - [TEST_STEP][PASSED] - click(findTestObject("Breaks/button_Status_editButton")): Object: 'Object Repository/Breaks/button_Status_editButton' is clicked on

2022-04-25 11:22:04 - [MESSAGE][PASSED] - Object: 'Object Repository/Breaks/button_Status_editButton' is clicked on

2022-04-25 11:22:04 - [TEST_STEP][PASSED] - setText(findTestObject("Breaks/input_Name_form-control shadow-none ng-untouched ng-pristine ng-invalid"), name): Text 'Test aut modificado' is set on object 'Object Repository/Breaks/input_Name_form-control shadow-none ng-untouched ng-pristine ng-invalid'

2022-04-25 11:22:06 - [MESSAGE][PASSED] - Text 'Test aut modificado' is set on object 'Object Repository/Breaks/input_Name_form-control shadow-none ng-untouched ng-pristine ng-invalid'

2022-04-25 11:22:06 - [TEST_STEP][PASSED] - setText(findTestObject("Breaks/input_Description_form-control shadow-none ng-untouched ng-pristine ng-invalid"), description): Text 'Test aut modificado' is set on object 'Object Repository/Breaks/input_Description_form-control shadow-none ng-untouched ng-pristine ng-invalid'

2022-04-25 11:22:06 - [MESSAGE][PASSED] - Text 'Test aut modificado' is set on object 'Object Repository/Breaks/input_Description_form-control shadow-none ng-untouched ng-pristine ng-invalid'

2022-04-25 11:22:06 - [TEST_STEP][PASSED] - click(findTestObject("Breaks/button_Welcome, Julio Uzctegui_saveButton")): Object: 'Object Repository/Breaks/button_Welcome, Julio Uzctegui_saveButton' is clicked on

2022-04-25 11:22:07 - [MESSAGE][PASSED] - Object: 'Object Repository/Breaks/button_Welcome, Julio Uzctegui_saveButton' is clicked on

2022-04-25 11:22:07 - [TEST_STEP][PASSED] - click(findTestObject("Breaks/button_Accept edit")): Object: 'Object Repository/Breaks/button_Accept edit' is clicked on

2022-04-25 11:22:07 - [MESSAGE][PASSED] - Object: 'Object Repository/Breaks/button_Accept edit' is clicked on

2022-04-25 11:22:07 - [TEST_STEP][PASSED] - delay(1, STOP_ON_FAILURE): Delayed 1 second(s)

2022-04-25 11:22:08 - [MESSAGE][PASSED] - Delayed 1 second(s)

2022-04-25 11:22:08 - [TEST_STEP][PASSED] - takeFullPageScreenshot(): Taking screenshot successfully

2022-04-25 11:22:09 - [MESSAGE][INFO] - 0 hidden object(s)

2022-04-25 11:22:09 - [MESSAGE][PASSED] - Taking screenshot successfully
[[ATTACHMENT|/home/juzcategui/git/DIMS/Reports/20220425_112027/Breaks/20220425_112027/1650900128908.png]]]]></system-out>
         <system-err><![CDATA[]]></system-err>
      </testcase>
      <testcase name="Test Cases/Delete Break" time="43.496" classname="Test Cases/Delete Break" status="PASSED">
         <system-out><![CDATA[2022-04-25 11:22:09 - [TEST_CASE][PASSED] - Test Cases/Delete Break: Test Cases/Delete Break

2022-04-25 11:22:09 - [TEST_STEP][PASSED] - openBrowser(""): Browser is opened with url: ''

2022-04-25 11:22:09 - [MESSAGE][WARNING] - A browser is already opened. Closing browser and opening a new one

2022-04-25 11:22:09 - [MESSAGE][INFO] - Starting 'Chrome' driver

2022-04-25 11:22:09 - [MESSAGE][INFO] - Action delay is set to 0 milliseconds

2022-04-25 11:22:10 - [MESSAGE][PASSED] - Browser is opened with url: ''

2022-04-25 11:22:10 - [TEST_STEP][PASSED] - navigateToUrl("http://35.237.24.127:8081/dims-app/#/home"): Navigate to 'http://35.237.24.127:8081/dims-app/#/home' successfully

2022-04-25 11:22:41 - [MESSAGE][PASSED] - Navigate to 'http://35.237.24.127:8081/dims-app/#/home' successfully

2022-04-25 11:22:41 - [TEST_STEP][PASSED] - setText(findTestObject("Object Repository/Create Lead/Page_Debt IMS/input_Username_form-control w-75 ng-untouch_2a886e"), username): Text 'SUPER_USER7' is set on object 'Object Repository/Create Lead/Page_Debt IMS/input_Username_form-control w-75 ng-untouch_2a886e'

2022-04-25 11:22:42 - [MESSAGE][PASSED] - Text 'SUPER_USER7' is set on object 'Object Repository/Create Lead/Page_Debt IMS/input_Username_form-control w-75 ng-untouch_2a886e'

2022-04-25 11:22:42 - [TEST_STEP][PASSED] - setText(findTestObject("Object Repository/Create Lead/Page_Debt IMS/input_Password_form-control w-75 ng-untouch_173c6b"), pass): Text 'Abcd1234**' is set on object 'Object Repository/Create Lead/Page_Debt IMS/input_Password_form-control w-75 ng-untouch_173c6b'

2022-04-25 11:22:42 - [MESSAGE][PASSED] - Text 'Abcd1234**' is set on object 'Object Repository/Create Lead/Page_Debt IMS/input_Password_form-control w-75 ng-untouch_173c6b'

2022-04-25 11:22:42 - [TEST_STEP][PASSED] - click(findTestObject("Object Repository/Create Lead/Page_Debt IMS/button_Login")): Object: 'Object Repository/Create Lead/Page_Debt IMS/button_Login' is clicked on

2022-04-25 11:22:45 - [MESSAGE][PASSED] - Object: 'Object Repository/Create Lead/Page_Debt IMS/button_Login' is clicked on

2022-04-25 11:22:45 - [TEST_STEP][PASSED] - click(findTestObject("Breaks/Page_Debt IMS/strong_Administration")): Object: 'Object Repository/Breaks/Page_Debt IMS/strong_Administration' is clicked on

2022-04-25 11:22:46 - [MESSAGE][PASSED] - Object: 'Object Repository/Breaks/Page_Debt IMS/strong_Administration' is clicked on

2022-04-25 11:22:46 - [TEST_STEP][PASSED] - click(findTestObject("Breaks/Page_Debt IMS/span_Breaks")): Object: 'Object Repository/Breaks/Page_Debt IMS/span_Breaks' is clicked on

2022-04-25 11:22:47 - [MESSAGE][PASSED] - Object: 'Object Repository/Breaks/Page_Debt IMS/span_Breaks' is clicked on

2022-04-25 11:22:47 - [TEST_STEP][PASSED] - setText(findTestObject("Breaks/input_Break search"), "test aut"): Text 'test aut' is set on object 'Object Repository/Breaks/input_Break search'

2022-04-25 11:22:49 - [MESSAGE][PASSED] - Text 'test aut' is set on object 'Object Repository/Breaks/input_Break search'

2022-04-25 11:22:49 - [TEST_STEP][PASSED] - click(findTestObject("Breaks/Page_Debt IMS/Page_Debt IMS/td_Test aut modificado")): Object: 'Object Repository/Breaks/Page_Debt IMS/Page_Debt IMS/td_Test aut modificado' is clicked on

2022-04-25 11:22:50 - [MESSAGE][PASSED] - Object: 'Object Repository/Breaks/Page_Debt IMS/Page_Debt IMS/td_Test aut modificado' is clicked on

2022-04-25 11:22:50 - [TEST_STEP][PASSED] - click(findTestObject("Teams/Page_Debt IMS/button_Welcome, Julio Uzctegui_deleteButton")): Object: 'Object Repository/Teams/Page_Debt IMS/button_Welcome, Julio Uzctegui_deleteButton' is clicked on

2022-04-25 11:22:50 - [MESSAGE][PASSED] - Object: 'Object Repository/Teams/Page_Debt IMS/button_Welcome, Julio Uzctegui_deleteButton' is clicked on

2022-04-25 11:22:50 - [TEST_STEP][PASSED] - click(findTestObject("Breaks/button_Accept delete")): Object: 'Object Repository/Breaks/button_Accept delete' is clicked on

2022-04-25 11:22:51 - [MESSAGE][PASSED] - Object: 'Object Repository/Breaks/button_Accept delete' is clicked on

2022-04-25 11:22:51 - [TEST_STEP][PASSED] - delay(1, STOP_ON_FAILURE): Delayed 1 second(s)

2022-04-25 11:22:52 - [MESSAGE][PASSED] - Delayed 1 second(s)

2022-04-25 11:22:52 - [TEST_STEP][PASSED] - takeFullPageScreenshot(): Taking screenshot successfully

2022-04-25 11:22:52 - [MESSAGE][INFO] - 0 hidden object(s)

2022-04-25 11:22:52 - [MESSAGE][PASSED] - Taking screenshot successfully
[[ATTACHMENT|/home/juzcategui/git/DIMS/Reports/20220425_112027/Breaks/20220425_112027/1650900172478.png]]]]></system-out>
         <system-err><![CDATA[]]></system-err>
      </testcase>
      <system-out><![CDATA[2022-04-25 11:20:30 - [TEST_SUITE][PASSED] - Breaks: Test Cases/Delete Break]]></system-out>
      <system-err><![CDATA[]]></system-err>
   </testsuite>
</testsuites>
