<?xml version="1.0" encoding="UTF-8"?>
<testsuites name="New Lead" time="67.641" tests="1" failures="0" errors="0">
   <testsuite name="New Lead" tests="1" failures="0" errors="0" time="67.641" skipped="0" timestamp="2022-07-29 13:53:10" hostname="juzcategui - juzcategui" id="Test Suites/New Lead">
      <properties>
         <property name="deviceName" value=""/>
         <property name="devicePlatform" value=""/>
         <property name="logFolder" value="/home/juzcategui/git/DIMS/Reports/20220729_135306/New Lead/20220729_135306"/>
         <property name="logFiles" value="/home/juzcategui/git/DIMS/Reports/20220729_135306/New Lead/20220729_135306/execution0.log"/>
         <property name="attachments" value="/home/juzcategui/git/DIMS/Reports/20220729_135306/New Lead/20220729_135306/1659117257271.png"/>
         <property name="hostName" value="juzcategui - juzcategui"/>
         <property name="os" value="Linux 64bit"/>
         <property name="katalonVersion" value="8.2.5.208"/>
         <property name="browser" value="Chrome 102.0.5005.115"/>
         <property name="hostAddress" value="192.168.12.200"/>
         <property name="sessionId" value="e51a314b1a8cd38fc27e296025e6119f"/>
         <property name="seleniumVersion" value="3.141.59"/>
         <property name="proxyInformation" value="ProxyInformation { proxyOption=NO_PROXY, proxyServerType=HTTP, username=, password=********, proxyServerAddress=, proxyServerPort=0, executionList=&quot;&quot;, isApplyToDesiredCapabilities=true }"/>
         <property name="platform" value="Linux"/>
      </properties>
      <testcase name="Test Cases/Create Lead - All Fields" time="66.715" classname="Test Cases/Create Lead - All Fields" status="PASSED">
         <system-out><![CDATA[2022-07-29 13:53:11 - [TEST_CASE][PASSED] - Test Cases/Create Lead - All Fields: Test Cases/Create Lead - All Fields

2022-07-29 13:53:12 - [TEST_STEP][PASSED] - openBrowser(""): Browser is opened with url: ''

2022-07-29 13:53:12 - [MESSAGE][INFO] - Starting 'Chrome' driver

2022-07-29 13:53:12 - [MESSAGE][INFO] - Action delay is set to 0 milliseconds

2022-07-29 13:53:14 - [MESSAGE][PASSED] - Browser is opened with url: ''

2022-07-29 13:53:14 - [TEST_STEP][PASSED] - navigateToUrl("http://35.237.24.127:8081/dims-app/#/home"): Navigate to 'http://35.237.24.127:8081/dims-app/#/home' successfully

2022-07-29 13:53:53 - [MESSAGE][PASSED] - Navigate to 'http://35.237.24.127:8081/dims-app/#/home' successfully

2022-07-29 13:53:53 - [TEST_STEP][PASSED] - setText(findTestObject("Object Repository/Create Lead/input_Username_form-control w-75 ng-untouch_2a886e"), username): Text 'SUPER_USER7' is set on object 'Object Repository/Create Lead/input_Username_form-control w-75 ng-untouch_2a886e'

2022-07-29 13:53:54 - [MESSAGE][PASSED] - Text 'SUPER_USER7' is set on object 'Object Repository/Create Lead/input_Username_form-control w-75 ng-untouch_2a886e'

2022-07-29 13:53:54 - [TEST_STEP][PASSED] - setText(findTestObject("Object Repository/Create Lead/input_Password_form-control w-75 ng-untouch_173c6b"), pass): Text 'Abcd1234**' is set on object 'Object Repository/Create Lead/input_Password_form-control w-75 ng-untouch_173c6b'

2022-07-29 13:53:55 - [MESSAGE][PASSED] - Text 'Abcd1234**' is set on object 'Object Repository/Create Lead/input_Password_form-control w-75 ng-untouch_173c6b'

2022-07-29 13:53:55 - [TEST_STEP][PASSED] - click(findTestObject("Object Repository/Create Lead/button_Login")): Object: 'Object Repository/Create Lead/button_Login' is clicked on

2022-07-29 13:53:58 - [MESSAGE][PASSED] - Object: 'Object Repository/Create Lead/button_Login' is clicked on

2022-07-29 13:53:58 - [TEST_STEP][PASSED] - click(findTestObject("Object Repository/Create Lead/strong_My Tools")): Object: 'Object Repository/Create Lead/strong_My Tools' is clicked on

2022-07-29 13:53:58 - [MESSAGE][PASSED] - Object: 'Object Repository/Create Lead/strong_My Tools' is clicked on

2022-07-29 13:53:58 - [TEST_STEP][PASSED] - click(findTestObject("Object Repository/Create Lead/span_New Lead")): Object: 'Object Repository/Create Lead/span_New Lead' is clicked on

2022-07-29 13:53:59 - [MESSAGE][PASSED] - Object: 'Object Repository/Create Lead/span_New Lead' is clicked on

2022-07-29 13:53:59 - [TEST_STEP][PASSED] - selectOptionByValue(findTestObject("Object Repository/Create Lead/select_Select OneAdvertising-Stop My Payday_d308cb"), "3", true): All options with value '3' are selected in object 'Object Repository/Create Lead/select_Select OneAdvertising-Stop My Payday_d308cb'  using regular expression

2022-07-29 13:54:01 - [MESSAGE][PASSED] - All options with value '3' are selected in object 'Object Repository/Create Lead/select_Select OneAdvertising-Stop My Payday_d308cb'  using regular expression

2022-07-29 13:54:01 - [TEST_STEP][PASSED] - selectOptionByValue(findTestObject("Object Repository/Create Lead/select_Select OneHFG 2020HFG NONEHFG PAYDAY_f27ab0"), "2", true): All options with value '2' are selected in object 'Object Repository/Create Lead/select_Select OneHFG 2020HFG NONEHFG PAYDAY_f27ab0'  using regular expression

2022-07-29 13:54:02 - [MESSAGE][PASSED] - All options with value '2' are selected in object 'Object Repository/Create Lead/select_Select OneHFG 2020HFG NONEHFG PAYDAY_f27ab0'  using regular expression

2022-07-29 13:54:02 - [TEST_STEP][PASSED] - selectOptionByValue(findTestObject("Create Lead/status select"), "12", true): All options with value '12' are selected in object 'Object Repository/Create Lead/status select'  using regular expression

2022-07-29 13:54:03 - [MESSAGE][PASSED] - All options with value '12' are selected in object 'Object Repository/Create Lead/status select'  using regular expression

2022-07-29 13:54:03 - [TEST_STEP][PASSED] - setText(findTestObject("Create Lead/input_First Name"), firstname): Text 'taiana' is set on object 'Object Repository/Create Lead/input_First Name'

2022-07-29 13:54:04 - [MESSAGE][PASSED] - Text 'taiana' is set on object 'Object Repository/Create Lead/input_First Name'

2022-07-29 13:54:04 - [TEST_STEP][PASSED] - setText(findTestObject("Create Lead/input_Last Name"), lastname): Text 'gonzales' is set on object 'Object Repository/Create Lead/input_Last Name'

2022-07-29 13:54:04 - [MESSAGE][PASSED] - Text 'gonzales' is set on object 'Object Repository/Create Lead/input_Last Name'

2022-07-29 13:54:05 - [TEST_STEP][PASSED] - setText(findTestObject("Create Lead/input_Address 1"), address1): Text 'primera direccion' is set on object 'Object Repository/Create Lead/input_Address 1'

2022-07-29 13:54:05 - [MESSAGE][PASSED] - Text 'primera direccion' is set on object 'Object Repository/Create Lead/input_Address 1'

2022-07-29 13:54:05 - [TEST_STEP][PASSED] - setText(findTestObject("Create Lead/input_Address 2"), address2): Text 'segunda direccion' is set on object 'Object Repository/Create Lead/input_Address 2'

2022-07-29 13:54:06 - [MESSAGE][PASSED] - Text 'segunda direccion' is set on object 'Object Repository/Create Lead/input_Address 2'

2022-07-29 13:54:06 - [TEST_STEP][PASSED] - setText(findTestObject("Create Lead/input_City"), city): Text 'california' is set on object 'Object Repository/Create Lead/input_City'

2022-07-29 13:54:07 - [MESSAGE][PASSED] - Text 'california' is set on object 'Object Repository/Create Lead/input_City'

2022-07-29 13:54:07 - [TEST_STEP][PASSED] - selectOptionByValue(findTestObject("Object Repository/Create Lead/select_Select OneUS Armed Forces EuropeAlas_fd93bc"), "2: 2", true): All options with value '2: 2' are selected in object 'Object Repository/Create Lead/select_Select OneUS Armed Forces EuropeAlas_fd93bc'  using regular expression

2022-07-29 13:54:09 - [MESSAGE][PASSED] - All options with value '2: 2' are selected in object 'Object Repository/Create Lead/select_Select OneUS Armed Forces EuropeAlas_fd93bc'  using regular expression

2022-07-29 13:54:09 - [TEST_STEP][PASSED] - setText(findTestObject("Create Lead/input_Zip"), zip): Text '35540' is set on object 'Object Repository/Create Lead/input_Zip'

2022-07-29 13:54:09 - [MESSAGE][PASSED] - Text '35540' is set on object 'Object Repository/Create Lead/input_Zip'

2022-07-29 13:54:09 - [TEST_STEP][PASSED] - selectOptionByValue(findTestObject("debt ims R/Page_Debt IMS/select_Select OneUNITED STATES OF AMERICA"), "62", true): All options with value '62' are selected in object 'Object Repository/debt ims R/Page_Debt IMS/select_Select OneUNITED STATES OF AMERICA'  using regular expression

2022-07-29 13:54:10 - [MESSAGE][PASSED] - All options with value '62' are selected in object 'Object Repository/debt ims R/Page_Debt IMS/select_Select OneUNITED STATES OF AMERICA'  using regular expression

2022-07-29 13:54:10 - [TEST_STEP][PASSED] - setText(findTestObject("Create Lead/Page_Debt IMS/input_Home Phone_new"), homephone): Text '2129909090' is set on object 'Object Repository/Create Lead/Page_Debt IMS/input_Home Phone_new'

2022-07-29 13:54:11 - [MESSAGE][PASSED] - Text '2129909090' is set on object 'Object Repository/Create Lead/Page_Debt IMS/input_Home Phone_new'

2022-07-29 13:54:11 - [TEST_STEP][PASSED] - setText(findTestObject("Create Lead/input_Work Phone"), workphone): Text '2128908081' is set on object 'Object Repository/Create Lead/input_Work Phone'

2022-07-29 13:54:12 - [MESSAGE][PASSED] - Text '2128908081' is set on object 'Object Repository/Create Lead/input_Work Phone'

2022-07-29 13:54:12 - [TEST_STEP][PASSED] - setText(findTestObject("Create Lead/input_Cell Phone"), cellphone): Text '4144908979' is set on object 'Object Repository/Create Lead/input_Cell Phone'

2022-07-29 13:54:13 - [MESSAGE][PASSED] - Text '4144908979' is set on object 'Object Repository/Create Lead/input_Cell Phone'

2022-07-29 13:54:13 - [TEST_STEP][PASSED] - setText(findTestObject("Create Lead/input_Fax"), fax): Text '2129909091' is set on object 'Object Repository/Create Lead/input_Fax'

2022-07-29 13:54:13 - [MESSAGE][PASSED] - Text '2129909091' is set on object 'Object Repository/Create Lead/input_Fax'

2022-07-29 13:54:13 - [TEST_STEP][PASSED] - setText(findTestObject("Create Lead/input_Email_form-control shadow-none ng-untouched ng-pristine ng-invalid"), email): Text 'tatiana@gmail.com' is set on object 'Object Repository/Create Lead/input_Email_form-control shadow-none ng-untouched ng-pristine ng-invalid'

2022-07-29 13:54:14 - [MESSAGE][PASSED] - Text 'tatiana@gmail.com' is set on object 'Object Repository/Create Lead/input_Email_form-control shadow-none ng-untouched ng-pristine ng-invalid'

2022-07-29 13:54:14 - [TEST_STEP][PASSED] - setText(findTestObject("Create Lead/input_Mailer Code"), maildercode): Text 'code26' is set on object 'Object Repository/Create Lead/input_Mailer Code'

2022-07-29 13:54:15 - [MESSAGE][PASSED] - Text 'code26' is set on object 'Object Repository/Create Lead/input_Mailer Code'

2022-07-29 13:54:15 - [TEST_STEP][PASSED] - scrollToElement(findTestObject("Object Repository/Create Lead/button_Welcome, Julio Uzctegui_saveButton"), 0): Scroll to object 'Object Repository/Create Lead/button_Welcome, Julio Uzctegui_saveButton' successfully

2022-07-29 13:54:15 - [MESSAGE][WARNING] - Timeout '0' is invalid. Using default page load timeout: '30'

2022-07-29 13:54:15 - [MESSAGE][PASSED] - Scroll to object 'Object Repository/Create Lead/button_Welcome, Julio Uzctegui_saveButton' successfully

2022-07-29 13:54:15 - [TEST_STEP][PASSED] - click(findTestObject("Object Repository/Create Lead/button_Welcome, Julio Uzctegui_saveButton")): Object: 'Object Repository/Create Lead/button_Welcome, Julio Uzctegui_saveButton' is clicked on

2022-07-29 13:54:16 - [MESSAGE][PASSED] - Object: 'Object Repository/Create Lead/button_Welcome, Julio Uzctegui_saveButton' is clicked on

2022-07-29 13:54:16 - [TEST_STEP][PASSED] - delay(1, STOP_ON_FAILURE): Delayed 1 second(s)

2022-07-29 13:54:17 - [MESSAGE][PASSED] - Delayed 1 second(s)

2022-07-29 13:54:17 - [TEST_STEP][PASSED] - takeFullPageScreenshot(): Taking screenshot successfully

2022-07-29 13:54:17 - [MESSAGE][INFO] - 0 hidden object(s)

2022-07-29 13:54:18 - [MESSAGE][PASSED] - Taking screenshot successfully
[[ATTACHMENT|/home/juzcategui/git/DIMS/Reports/20220729_135306/New Lead/20220729_135306/1659117257271.png]]]]></system-out>
         <system-err><![CDATA[]]></system-err>
      </testcase>
      <system-out><![CDATA[2022-07-29 13:53:10 - [TEST_SUITE][PASSED] - New Lead: Test Cases/Create Lead - All Fields]]></system-out>
      <system-err><![CDATA[]]></system-err>
   </testsuite>
</testsuites>
