<?xml version="1.0" encoding="UTF-8"?>
<testsuites name="Programs" time="88.941" tests="1" failures="0" errors="0">
   <testsuite name="Programs" tests="1" failures="0" errors="0" time="88.941" skipped="0" timestamp="2022-03-22 00:26:10" hostname="juzcategui - juzcategui" id="Test Suites/Programs">
      <properties>
         <property name="deviceName" value=""/>
         <property name="devicePlatform" value=""/>
         <property name="logFolder" value="/home/juzcategui/git/DIMS/Reports/20220322_002607/Programs/20220322_002607"/>
         <property name="logFiles" value="/home/juzcategui/git/DIMS/Reports/20220322_002607/Programs/20220322_002607/execution0.log"/>
         <property name="attachments" value=""/>
         <property name="hostName" value="juzcategui - juzcategui"/>
         <property name="os" value="Linux 64bit"/>
         <property name="katalonVersion" value="8.2.5.208"/>
         <property name="browser" value="Chrome 98.0.4758.102"/>
         <property name="hostAddress" value="192.168.250.10"/>
         <property name="sessionId" value="c3082a4e72e2425545efda12e7e836fe"/>
         <property name="seleniumVersion" value="3.141.59"/>
         <property name="proxyInformation" value="ProxyInformation { proxyOption=NO_PROXY, proxyServerType=HTTP, username=, password=********, proxyServerAddress=, proxyServerPort=0, executionList=&quot;&quot;, isApplyToDesiredCapabilities=true }"/>
         <property name="platform" value="Linux"/>
      </properties>
      <testcase name="Test Cases/Add Programs" time="88.374" classname="Test Cases/Add Programs" status="PASSED">
         <system-out><![CDATA[2022-03-22 00:26:10 - [TEST_CASE][PASSED] - Test Cases/Add Programs: Test Cases/Add Programs

2022-03-22 00:26:11 - [TEST_STEP][PASSED] - openBrowser(""): Browser is opened with url: ''

2022-03-22 00:26:11 - [MESSAGE][INFO] - Starting 'Chrome' driver

2022-03-22 00:26:11 - [MESSAGE][INFO] - Action delay is set to 0 milliseconds

2022-03-22 00:26:13 - [MESSAGE][PASSED] - Browser is opened with url: ''

2022-03-22 00:26:13 - [TEST_STEP][PASSED] - navigateToUrl("http://35.237.24.127:8081/dims-app/#/home"): Navigate to 'http://35.237.24.127:8081/dims-app/#/home' successfully

2022-03-22 00:26:32 - [MESSAGE][PASSED] - Navigate to 'http://35.237.24.127:8081/dims-app/#/home' successfully

2022-03-22 00:26:32 - [TEST_STEP][PASSED] - setText(findTestObject("Object Repository/Programs/input_Username_form-control w-75 ng-untouch_2a886e"), username): Text 'SUPER_USER7' is set on object 'Object Repository/Programs/input_Username_form-control w-75 ng-untouch_2a886e'

2022-03-22 00:26:33 - [MESSAGE][PASSED] - Text 'SUPER_USER7' is set on object 'Object Repository/Programs/input_Username_form-control w-75 ng-untouch_2a886e'

2022-03-22 00:26:33 - [TEST_STEP][PASSED] - setText(findTestObject("Object Repository/Programs/input_Password_form-control w-75 ng-untouch_173c6b"), pass): Text 'Abcd1234**' is set on object 'Object Repository/Programs/input_Password_form-control w-75 ng-untouch_173c6b'

2022-03-22 00:26:34 - [MESSAGE][PASSED] - Text 'Abcd1234**' is set on object 'Object Repository/Programs/input_Password_form-control w-75 ng-untouch_173c6b'

2022-03-22 00:26:34 - [TEST_STEP][PASSED] - click(findTestObject("Object Repository/Programs/button_Login")): Object: 'Object Repository/Programs/button_Login' is clicked on

2022-03-22 00:26:36 - [MESSAGE][PASSED] - Object: 'Object Repository/Programs/button_Login' is clicked on

2022-03-22 00:26:36 - [TEST_STEP][PASSED] - click(findTestObject("Object Repository/Programs/strong_Maintenance Tools")): Object: 'Object Repository/Programs/strong_Maintenance Tools' is clicked on

2022-03-22 00:26:37 - [MESSAGE][PASSED] - Object: 'Object Repository/Programs/strong_Maintenance Tools' is clicked on

2022-03-22 00:26:37 - [TEST_STEP][PASSED] - click(findTestObject("Object Repository/Programs/span_Programs")): Object: 'Object Repository/Programs/span_Programs' is clicked on

2022-03-22 00:26:38 - [MESSAGE][PASSED] - Object: 'Object Repository/Programs/span_Programs' is clicked on

2022-03-22 00:26:38 - [TEST_STEP][PASSED] - click(findTestObject("Object Repository/Programs/button_Welcome, Julio Uzctegui_addButton")): Object: 'Object Repository/Programs/button_Welcome, Julio Uzctegui_addButton' is clicked on

2022-03-22 00:26:39 - [MESSAGE][PASSED] - Object: 'Object Repository/Programs/button_Welcome, Julio Uzctegui_addButton' is clicked on

2022-03-22 00:26:39 - [TEST_STEP][PASSED] - click(findTestObject("Object Repository/Programs/div_Select an Office(s)")): Object: 'Object Repository/Programs/div_Select an Office(s)' is clicked on

2022-03-22 00:26:40 - [MESSAGE][PASSED] - Object: 'Object Repository/Programs/div_Select an Office(s)' is clicked on

2022-03-22 00:26:40 - [TEST_STEP][PASSED] - click(findTestObject("Object Repository/Programs/div_Debt - Ims_p-checkbox-box")): Object: 'Object Repository/Programs/div_Debt - Ims_p-checkbox-box' is clicked on

2022-03-22 00:26:40 - [MESSAGE][PASSED] - Object: 'Object Repository/Programs/div_Debt - Ims_p-checkbox-box' is clicked on

2022-03-22 00:26:40 - [TEST_STEP][PASSED] - setText(findTestObject("Object Repository/Programs/input_Username_form-control w-75 ng-untouch_2a886e"), programname): Text 'Test dg aut' is set on object 'Object Repository/Programs/input_Username_form-control w-75 ng-untouch_2a886e'

2022-03-22 00:26:41 - [MESSAGE][PASSED] - Text 'Test dg aut' is set on object 'Object Repository/Programs/input_Username_form-control w-75 ng-untouch_2a886e'

2022-03-22 00:26:41 - [TEST_STEP][PASSED] - click(findTestObject("Object Repository/Programs/div_Select a Pay Frequencie(s)")): Object: 'Object Repository/Programs/div_Select a Pay Frequencie(s)' is clicked on

2022-03-22 00:26:41 - [MESSAGE][PASSED] - Object: 'Object Repository/Programs/div_Select a Pay Frequencie(s)' is clicked on

2022-03-22 00:26:41 - [TEST_STEP][PASSED] - click(findTestObject("Object Repository/Programs/div_Semi  Monthly_p-checkbox-box")): Object: 'Object Repository/Programs/div_Semi  Monthly_p-checkbox-box' is clicked on

2022-03-22 00:26:42 - [MESSAGE][PASSED] - Object: 'Object Repository/Programs/div_Semi  Monthly_p-checkbox-box' is clicked on

2022-03-22 00:26:42 - [TEST_STEP][PASSED] - setText(findTestObject("Object Repository/Programs/input_Email_form-control shadow-none ng-unt_36dc17"), email): Text 'test@gmail.com' is set on object 'Object Repository/Programs/input_Email_form-control shadow-none ng-unt_36dc17'

2022-03-22 00:26:43 - [MESSAGE][PASSED] - Text 'test@gmail.com' is set on object 'Object Repository/Programs/input_Email_form-control shadow-none ng-unt_36dc17'

2022-03-22 00:26:43 - [TEST_STEP][PASSED] - doubleClick(findTestObject("Programs/Page_Debt IMS/input_Debt amount From_")): Object: 'Object Repository/Programs/Page_Debt IMS/input_Debt amount From_' is double clicked on

2022-03-22 00:26:43 - [MESSAGE][PASSED] - Object: 'Object Repository/Programs/Page_Debt IMS/input_Debt amount From_' is double clicked on

2022-03-22 00:26:43 - [TEST_STEP][PASSED] - setText(findTestObject("Programs/Page_Debt IMS/input_Minimum Debt Accepted"), minimumdebt): Text '10' is set on object 'Object Repository/Programs/Page_Debt IMS/input_Minimum Debt Accepted'

2022-03-22 00:26:44 - [MESSAGE][PASSED] - Text '10' is set on object 'Object Repository/Programs/Page_Debt IMS/input_Minimum Debt Accepted'

2022-03-22 00:26:44 - [TEST_STEP][PASSED] - doubleClick(findTestObject("Programs/Page_Debt IMS/input_Minimum Creditor Balance")): Object: 'Object Repository/Programs/Page_Debt IMS/input_Minimum Creditor Balance' is double clicked on

2022-03-22 00:26:45 - [MESSAGE][PASSED] - Object: 'Object Repository/Programs/Page_Debt IMS/input_Minimum Creditor Balance' is double clicked on

2022-03-22 00:26:45 - [TEST_STEP][PASSED] - setText(findTestObject("Programs/Page_Debt IMS/input_Minimum Creditor Balance"), minimumCreditor): Text '' is set on object 'Object Repository/Programs/Page_Debt IMS/input_Minimum Creditor Balance'

2022-03-22 00:26:45 - [MESSAGE][PASSED] - Text '' is set on object 'Object Repository/Programs/Page_Debt IMS/input_Minimum Creditor Balance'

2022-03-22 00:26:45 - [TEST_STEP][PASSED] - doubleClick(findTestObject("Programs/Page_Debt IMS/input_Program Minimum Payment_for")): Object: 'Object Repository/Programs/Page_Debt IMS/input_Program Minimum Payment_for' is double clicked on

2022-03-22 00:26:46 - [MESSAGE][PASSED] - Object: 'Object Repository/Programs/Page_Debt IMS/input_Program Minimum Payment_for' is double clicked on

2022-03-22 00:26:46 - [TEST_STEP][PASSED] - setText(findTestObject("Programs/Page_Debt IMS/input_Program Minimum Payment_for"), programminimum): Text '10' is set on object 'Object Repository/Programs/Page_Debt IMS/input_Program Minimum Payment_for'

2022-03-22 00:26:46 - [MESSAGE][PASSED] - Text '10' is set on object 'Object Repository/Programs/Page_Debt IMS/input_Program Minimum Payment_for'

2022-03-22 00:26:46 - [TEST_STEP][PASSED] - doubleClick(findTestObject("Programs/Page_Debt IMS/input_Debt amount From_")): Object: 'Object Repository/Programs/Page_Debt IMS/input_Debt amount From_' is double clicked on

2022-03-22 00:26:47 - [MESSAGE][PASSED] - Object: 'Object Repository/Programs/Page_Debt IMS/input_Debt amount From_' is double clicked on

2022-03-22 00:26:47 - [TEST_STEP][PASSED] - setText(findTestObject("Programs/Page_Debt IMS/input_Debt amount From_"), debtamountfrom): Text '100' is set on object 'Object Repository/Programs/Page_Debt IMS/input_Debt amount From_'

2022-03-22 00:26:48 - [MESSAGE][PASSED] - Text '100' is set on object 'Object Repository/Programs/Page_Debt IMS/input_Debt amount From_'

2022-03-22 00:26:48 - [TEST_STEP][PASSED] - doubleClick(findTestObject("Programs/Page_Debt IMS/input_Debt amount To_")): Object: 'Object Repository/Programs/Page_Debt IMS/input_Debt amount To_' is double clicked on

2022-03-22 00:26:48 - [MESSAGE][PASSED] - Object: 'Object Repository/Programs/Page_Debt IMS/input_Debt amount To_' is double clicked on

2022-03-22 00:26:48 - [TEST_STEP][PASSED] - setText(findTestObject("Programs/Page_Debt IMS/input_Debt amount To_"), debtamountto): Text '10' is set on object 'Object Repository/Programs/Page_Debt IMS/input_Debt amount To_'

2022-03-22 00:26:49 - [MESSAGE][PASSED] - Text '10' is set on object 'Object Repository/Programs/Page_Debt IMS/input_Debt amount To_'

2022-03-22 00:26:49 - [TEST_STEP][PASSED] - selectOptionByValue(findTestObject("Object Repository/Programs/select_Select One12345678910111213141516171_b2f31c"), "10", true): All options with value '10' are selected in object 'Object Repository/Programs/select_Select One12345678910111213141516171_b2f31c'  using regular expression

2022-03-22 00:26:50 - [MESSAGE][PASSED] - All options with value '10' are selected in object 'Object Repository/Programs/select_Select One12345678910111213141516171_b2f31c'  using regular expression

2022-03-22 00:26:50 - [TEST_STEP][PASSED] - click(findTestObject("Object Repository/Programs/button_Add")): Object: 'Object Repository/Programs/button_Add' is clicked on

2022-03-22 00:26:51 - [MESSAGE][PASSED] - Object: 'Object Repository/Programs/button_Add' is clicked on

2022-03-22 00:26:51 - [TEST_STEP][PASSED] - click(findTestObject("Object Repository/Programs/div_Select a Unacceptable debt(s)")): Object: 'Object Repository/Programs/div_Select a Unacceptable debt(s)' is clicked on

2022-03-22 00:26:51 - [MESSAGE][PASSED] - Object: 'Object Repository/Programs/div_Select a Unacceptable debt(s)' is clicked on

2022-03-22 00:26:51 - [TEST_STEP][PASSED] - click(findTestObject("Object Repository/Programs/div_Only medical_p-checkbox-box")): Object: 'Object Repository/Programs/div_Only medical_p-checkbox-box' is clicked on

2022-03-22 00:27:22 - [MESSAGE][INFO] - Unable to find the element located by 'By.xpath: (.//*[normalize-space(text()) and normalize-space(.)='Only medical'])[1]/following::div[2]'. Please recheck the objects properties to make sure the desired element is located. 

2022-03-22 00:27:22 - [MESSAGE][WARNING] - [SELF-HEALING] Failed to find element with id 'Object Repository/Programs/div_Only medical_p-checkbox-box'. Try using Self-healing.

2022-03-22 00:27:23 - [MESSAGE][WARNING] - [SELF-HEALING] The current locator of test object 'Object Repository/Programs/div_Only medical_p-checkbox-box' was broken. Propose an alternative one: '(.//*[normalize-space(text()) and normalize-space(.)='Select a Unacceptable debt(s)'])[1]/following::div[12]'.

2022-03-22 00:27:23 - [MESSAGE][PASSED] - Object: 'Object Repository/Programs/div_Only medical_p-checkbox-box' is clicked on

2022-03-22 00:27:23 - [TEST_STEP][PASSED] - selectOptionByValue(findTestObject("Object Repository/Programs/select_Select OneYesNo"), "false", true): All options with value 'false' are selected in object 'Object Repository/Programs/select_Select OneYesNo'  using regular expression

2022-03-22 00:27:24 - [MESSAGE][PASSED] - All options with value 'false' are selected in object 'Object Repository/Programs/select_Select OneYesNo'  using regular expression

2022-03-22 00:27:24 - [TEST_STEP][PASSED] - selectOptionByValue(findTestObject("Object Repository/Programs/select_Select OneYesNo_1"), "false", true): All options with value 'false' are selected in object 'Object Repository/Programs/select_Select OneYesNo_1'  using regular expression

2022-03-22 00:27:25 - [MESSAGE][PASSED] - All options with value 'false' are selected in object 'Object Repository/Programs/select_Select OneYesNo_1'  using regular expression

2022-03-22 00:27:25 - [TEST_STEP][PASSED] - selectOptionByValue(findTestObject("Object Repository/Programs/select_Select OneYesNo_1"), "false", true): All options with value 'false' are selected in object 'Object Repository/Programs/select_Select OneYesNo_1'  using regular expression

2022-03-22 00:27:26 - [MESSAGE][PASSED] - All options with value 'false' are selected in object 'Object Repository/Programs/select_Select OneYesNo_1'  using regular expression

2022-03-22 00:27:26 - [TEST_STEP][PASSED] - selectOptionByValue(findTestObject("Object Repository/Programs/select_Select OneYesNo_1"), "false", true): All options with value 'false' are selected in object 'Object Repository/Programs/select_Select OneYesNo_1'  using regular expression

2022-03-22 00:27:27 - [MESSAGE][PASSED] - All options with value 'false' are selected in object 'Object Repository/Programs/select_Select OneYesNo_1'  using regular expression

2022-03-22 00:27:27 - [TEST_STEP][PASSED] - selectOptionByValue(findTestObject("Object Repository/Programs/select_Select OneYesNo_1"), "false", true): All options with value 'false' are selected in object 'Object Repository/Programs/select_Select OneYesNo_1'  using regular expression

2022-03-22 00:27:27 - [MESSAGE][PASSED] - All options with value 'false' are selected in object 'Object Repository/Programs/select_Select OneYesNo_1'  using regular expression

2022-03-22 00:27:27 - [TEST_STEP][PASSED] - selectOptionByValue(findTestObject("Object Repository/Programs/select_Select OneYesNo_1"), "false", true): All options with value 'false' are selected in object 'Object Repository/Programs/select_Select OneYesNo_1'  using regular expression

2022-03-22 00:27:28 - [MESSAGE][PASSED] - All options with value 'false' are selected in object 'Object Repository/Programs/select_Select OneYesNo_1'  using regular expression

2022-03-22 00:27:28 - [TEST_STEP][PASSED] - delay(10): Delayed 10 second(s)

2022-03-22 00:27:38 - [MESSAGE][PASSED] - Delayed 10 second(s)

2022-03-22 00:27:38 - [TEST_STEP][PASSED] - click(findTestObject("Object Repository/Programs/button_Welcome, Julio Uzctegui_saveButton")): Object: 'Object Repository/Programs/button_Welcome, Julio Uzctegui_saveButton' is clicked on

2022-03-22 00:27:39 - [MESSAGE][PASSED] - Object: 'Object Repository/Programs/button_Welcome, Julio Uzctegui_saveButton' is clicked on]]></system-out>
         <system-err><![CDATA[]]></system-err>
      </testcase>
      <system-out><![CDATA[2022-03-22 00:26:10 - [TEST_SUITE][PASSED] - Programs: Test Cases/Add Programs]]></system-out>
      <system-err><![CDATA[]]></system-err>
   </testsuite>
</testsuites>
