<?xml version="1.0" encoding="UTF-8"?>
<testsuites name="Notary Network" time="53.778" tests="1" failures="0" errors="0">
   <testsuite name="Notary Network" tests="1" failures="0" errors="0" time="53.778" skipped="0" timestamp="2022-04-08 13:32:13" hostname="juzcategui - juzcategui" id="Test Suites/Notary Network">
      <properties>
         <property name="deviceName" value=""/>
         <property name="devicePlatform" value=""/>
         <property name="logFolder" value="/home/juzcategui/git/DIMS/Reports/20220408_133208/Notary Network/20220408_133208"/>
         <property name="logFiles" value="/home/juzcategui/git/DIMS/Reports/20220408_133208/Notary Network/20220408_133208/execution0.log"/>
         <property name="attachments" value=""/>
         <property name="hostName" value="juzcategui - juzcategui"/>
         <property name="os" value="Linux 64bit"/>
         <property name="katalonVersion" value="8.2.5.208"/>
         <property name="browser" value="Chrome 98.0.4758.102"/>
         <property name="hostAddress" value="192.168.12.62"/>
         <property name="sessionId" value="52cd65541b1f5c69f788fa1718329786"/>
         <property name="seleniumVersion" value="3.141.59"/>
         <property name="proxyInformation" value="ProxyInformation { proxyOption=NO_PROXY, proxyServerType=HTTP, username=, password=********, proxyServerAddress=, proxyServerPort=0, executionList=&quot;&quot;, isApplyToDesiredCapabilities=true }"/>
         <property name="platform" value="Linux"/>
      </properties>
      <testcase name="Test Cases/Delete Notary Network" time="53.051" classname="Test Cases/Delete Notary Network" status="PASSED">
         <system-out><![CDATA[2022-04-08 13:32:14 - [TEST_CASE][PASSED] - Test Cases/Delete Notary Network: Test Cases/Delete Notary Network

2022-04-08 13:32:14 - [TEST_STEP][PASSED] - openBrowser(""): Browser is opened with url: ''

2022-04-08 13:32:15 - [MESSAGE][INFO] - Starting 'Chrome' driver

2022-04-08 13:32:15 - [MESSAGE][INFO] - Action delay is set to 0 milliseconds

2022-04-08 13:32:17 - [MESSAGE][PASSED] - Browser is opened with url: ''

2022-04-08 13:32:17 - [TEST_STEP][PASSED] - navigateToUrl("http://35.237.24.127:8081/dims-app/#/home"): Navigate to 'http://35.237.24.127:8081/dims-app/#/home' successfully

2022-04-08 13:32:26 - [MESSAGE][PASSED] - Navigate to 'http://35.237.24.127:8081/dims-app/#/home' successfully

2022-04-08 13:32:26 - [TEST_STEP][PASSED] - setText(findTestObject("Object Repository/Create Lead/Page_Debt IMS/input_Username_form-control w-75 ng-untouch_2a886e"), username): Text 'SUPER_USER7' is set on object 'Object Repository/Create Lead/Page_Debt IMS/input_Username_form-control w-75 ng-untouch_2a886e'

2022-04-08 13:32:27 - [MESSAGE][PASSED] - Text 'SUPER_USER7' is set on object 'Object Repository/Create Lead/Page_Debt IMS/input_Username_form-control w-75 ng-untouch_2a886e'

2022-04-08 13:32:27 - [TEST_STEP][PASSED] - setText(findTestObject("Object Repository/Create Lead/Page_Debt IMS/input_Password_form-control w-75 ng-untouch_173c6b"), pass): Text 'Abcd1234**' is set on object 'Object Repository/Create Lead/Page_Debt IMS/input_Password_form-control w-75 ng-untouch_173c6b'

2022-04-08 13:32:28 - [MESSAGE][PASSED] - Text 'Abcd1234**' is set on object 'Object Repository/Create Lead/Page_Debt IMS/input_Password_form-control w-75 ng-untouch_173c6b'

2022-04-08 13:32:28 - [TEST_STEP][PASSED] - click(findTestObject("Object Repository/Create Lead/Page_Debt IMS/button_Login")): Object: 'Object Repository/Create Lead/Page_Debt IMS/button_Login' is clicked on

2022-04-08 13:32:31 - [MESSAGE][PASSED] - Object: 'Object Repository/Create Lead/Page_Debt IMS/button_Login' is clicked on

2022-04-08 13:32:31 - [TEST_STEP][PASSED] - click(findTestObject("Notary Network/strong_Office Tools")): Object: 'Object Repository/Notary Network/strong_Office Tools' is clicked on

2022-04-08 13:32:32 - [MESSAGE][PASSED] - Object: 'Object Repository/Notary Network/strong_Office Tools' is clicked on

2022-04-08 13:32:32 - [TEST_STEP][PASSED] - click(findTestObject("Notary Network/span_Notary Network")): Object: 'Object Repository/Notary Network/span_Notary Network' is clicked on

2022-04-08 13:32:33 - [MESSAGE][PASSED] - Object: 'Object Repository/Notary Network/span_Notary Network' is clicked on

2022-04-08 13:32:33 - [TEST_STEP][PASSED] - setText(findTestObject("Notary Network/Edit/input_Notary Network_search"), "lisbeth"): Text 'lisbeth' is set on object 'Object Repository/Notary Network/Edit/input_Notary Network_search'

2022-04-08 13:32:34 - [MESSAGE][PASSED] - Text 'lisbeth' is set on object 'Object Repository/Notary Network/Edit/input_Notary Network_search'

2022-04-08 13:32:34 - [TEST_STEP][PASSED] - click(findTestObject("Notary Network/Delete/td_Email_tdEditButton")): Object: 'Object Repository/Notary Network/Delete/td_Email_tdEditButton' is clicked on

2022-04-08 13:33:05 - [MESSAGE][INFO] - Unable to find the element located by 'By.xpath: //table[@id='pr_id_2-table']/tbody/tr/td'. Please recheck the objects properties to make sure the desired element is located. 

2022-04-08 13:33:05 - [MESSAGE][WARNING] - [SELF-HEALING] Failed to find element with id 'Object Repository/Notary Network/Delete/td_Email_tdEditButton'. Try using Self-healing.

2022-04-08 13:33:05 - [MESSAGE][WARNING] - [SELF-HEALING] The current locator of test object 'Object Repository/Notary Network/Delete/td_Email_tdEditButton' was broken. Propose an alternative one: '(.//*[normalize-space(text()) and normalize-space(.)='Email'])[1]/following::td[1]'.

2022-04-08 13:33:06 - [MESSAGE][PASSED] - Object: 'Object Repository/Notary Network/Delete/td_Email_tdEditButton' is clicked on

2022-04-08 13:33:06 - [TEST_STEP][PASSED] - click(findTestObject("Notary Network/Delete/button_Welcome, Julio Uzctegui_deleteButton"), STOP_ON_FAILURE): Object: 'Object Repository/Notary Network/Delete/button_Welcome, Julio Uzctegui_deleteButton' is clicked on

2022-04-08 13:33:06 - [MESSAGE][PASSED] - Object: 'Object Repository/Notary Network/Delete/button_Welcome, Julio Uzctegui_deleteButton' is clicked on

2022-04-08 13:33:06 - [TEST_STEP][PASSED] - click(findTestObject("Notary Network/Delete/button_Accept delete")): Object: 'Object Repository/Notary Network/Delete/button_Accept delete' is clicked on

2022-04-08 13:33:07 - [MESSAGE][PASSED] - Object: 'Object Repository/Notary Network/Delete/button_Accept delete' is clicked on]]></system-out>
         <system-err><![CDATA[]]></system-err>
      </testcase>
      <system-out><![CDATA[2022-04-08 13:32:13 - [TEST_SUITE][PASSED] - Notary Network: Test Cases/Delete Notary Network]]></system-out>
      <system-err><![CDATA[]]></system-err>
   </testsuite>
</testsuites>
