<?xml version="1.0" encoding="UTF-8"?>
<testsuites name="Breaks" time="88.655" tests="3" failures="0" errors="0">
   <testsuite name="Breaks" tests="3" failures="0" errors="0" time="88.655" skipped="0" timestamp="2022-04-25 09:54:22" hostname="juzcategui - juzcategui" id="Test Suites/Breaks">
      <properties>
         <property name="deviceName" value=""/>
         <property name="devicePlatform" value=""/>
         <property name="logFolder" value="/home/juzcategui/git/DIMS/Reports/20220425_095419/Breaks/20220425_095419"/>
         <property name="logFiles" value="/home/juzcategui/git/DIMS/Reports/20220425_095419/Breaks/20220425_095419/execution0.log"/>
         <property name="attachments" value="/home/juzcategui/git/DIMS/Reports/20220425_095419/Breaks/20220425_095419/1650894893215.png, /home/juzcategui/git/DIMS/Reports/20220425_095419/Breaks/20220425_095419/1650894922788.png, /home/juzcategui/git/DIMS/Reports/20220425_095419/Breaks/20220425_095419/1650894950584.png"/>
         <property name="hostName" value="juzcategui - juzcategui"/>
         <property name="os" value="Linux 64bit"/>
         <property name="katalonVersion" value="8.2.5.208"/>
         <property name="browser" value="Chrome 100.0.4896.75"/>
         <property name="hostAddress" value="192.168.250.10"/>
         <property name="sessionId" value="51a6d1098cd1b4d8217bb04db3e1bee9"/>
         <property name="seleniumVersion" value="3.141.59"/>
         <property name="proxyInformation" value="ProxyInformation { proxyOption=NO_PROXY, proxyServerType=HTTP, username=, password=********, proxyServerAddress=, proxyServerPort=0, executionList=&quot;&quot;, isApplyToDesiredCapabilities=true }"/>
         <property name="platform" value="Linux"/>
      </properties>
      <testcase name="Test Cases/Add break" time="30.994" classname="Test Cases/Add break" status="PASSED">
         <system-out><![CDATA[2022-04-25 09:54:22 - [TEST_CASE][PASSED] - Test Cases/Add break: Test Cases/Add break

2022-04-25 09:54:23 - [TEST_STEP][PASSED] - openBrowser(""): Browser is opened with url: ''

2022-04-25 09:54:23 - [MESSAGE][INFO] - Starting 'Chrome' driver

2022-04-25 09:54:23 - [MESSAGE][INFO] - Action delay is set to 0 milliseconds

2022-04-25 09:54:25 - [MESSAGE][PASSED] - Browser is opened with url: ''

2022-04-25 09:54:25 - [TEST_STEP][PASSED] - navigateToUrl("http://35.237.24.127:8081/dims-app/#/home"): Navigate to 'http://35.237.24.127:8081/dims-app/#/home' successfully

2022-04-25 09:54:44 - [MESSAGE][PASSED] - Navigate to 'http://35.237.24.127:8081/dims-app/#/home' successfully

2022-04-25 09:54:44 - [TEST_STEP][PASSED] - setText(findTestObject("Object Repository/Create Lead/Page_Debt IMS/input_Username_form-control w-75 ng-untouch_2a886e"), username): Text 'SUPER_USER7' is set on object 'Object Repository/Create Lead/Page_Debt IMS/input_Username_form-control w-75 ng-untouch_2a886e'

2022-04-25 09:54:45 - [MESSAGE][PASSED] - Text 'SUPER_USER7' is set on object 'Object Repository/Create Lead/Page_Debt IMS/input_Username_form-control w-75 ng-untouch_2a886e'

2022-04-25 09:54:45 - [TEST_STEP][PASSED] - setText(findTestObject("Object Repository/Create Lead/Page_Debt IMS/input_Password_form-control w-75 ng-untouch_173c6b"), pass): Text 'Abcd1234**' is set on object 'Object Repository/Create Lead/Page_Debt IMS/input_Password_form-control w-75 ng-untouch_173c6b'

2022-04-25 09:54:46 - [MESSAGE][PASSED] - Text 'Abcd1234**' is set on object 'Object Repository/Create Lead/Page_Debt IMS/input_Password_form-control w-75 ng-untouch_173c6b'

2022-04-25 09:54:46 - [TEST_STEP][PASSED] - click(findTestObject("Object Repository/Create Lead/Page_Debt IMS/button_Login")): Object: 'Object Repository/Create Lead/Page_Debt IMS/button_Login' is clicked on

2022-04-25 09:54:48 - [MESSAGE][PASSED] - Object: 'Object Repository/Create Lead/Page_Debt IMS/button_Login' is clicked on

2022-04-25 09:54:48 - [TEST_STEP][PASSED] - click(findTestObject("Breaks/Page_Debt IMS/strong_Administration")): Object: 'Object Repository/Breaks/Page_Debt IMS/strong_Administration' is clicked on

2022-04-25 09:54:49 - [MESSAGE][PASSED] - Object: 'Object Repository/Breaks/Page_Debt IMS/strong_Administration' is clicked on

2022-04-25 09:54:49 - [TEST_STEP][PASSED] - click(findTestObject("Breaks/Page_Debt IMS/span_Breaks")): Object: 'Object Repository/Breaks/Page_Debt IMS/span_Breaks' is clicked on

2022-04-25 09:54:50 - [MESSAGE][PASSED] - Object: 'Object Repository/Breaks/Page_Debt IMS/span_Breaks' is clicked on

2022-04-25 09:54:50 - [TEST_STEP][PASSED] - click(findTestObject("Breaks/button_Welcome, Julio Uzctegui_addButton")): Object: 'Object Repository/Breaks/button_Welcome, Julio Uzctegui_addButton' is clicked on

2022-04-25 09:54:51 - [MESSAGE][PASSED] - Object: 'Object Repository/Breaks/button_Welcome, Julio Uzctegui_addButton' is clicked on

2022-04-25 09:54:51 - [TEST_STEP][PASSED] - setText(findTestObject("Breaks/input_Name_form-control shadow-none ng-untouched ng-pristine ng-invalid"), name): Text 'Test aut' is set on object 'Object Repository/Breaks/input_Name_form-control shadow-none ng-untouched ng-pristine ng-invalid'

2022-04-25 09:54:51 - [MESSAGE][PASSED] - Text 'Test aut' is set on object 'Object Repository/Breaks/input_Name_form-control shadow-none ng-untouched ng-pristine ng-invalid'

2022-04-25 09:54:51 - [TEST_STEP][PASSED] - setText(findTestObject("Breaks/input_Description_form-control shadow-none ng-untouched ng-pristine ng-invalid"), description): Text 'Test aut' is set on object 'Object Repository/Breaks/input_Description_form-control shadow-none ng-untouched ng-pristine ng-invalid'

2022-04-25 09:54:52 - [MESSAGE][PASSED] - Text 'Test aut' is set on object 'Object Repository/Breaks/input_Description_form-control shadow-none ng-untouched ng-pristine ng-invalid'

2022-04-25 09:54:52 - [TEST_STEP][PASSED] - click(findTestObject("Breaks/button_Welcome, Julio Uzctegui_saveButton")): Object: 'Object Repository/Breaks/button_Welcome, Julio Uzctegui_saveButton' is clicked on

2022-04-25 09:54:53 - [MESSAGE][PASSED] - Object: 'Object Repository/Breaks/button_Welcome, Julio Uzctegui_saveButton' is clicked on

2022-04-25 09:54:53 - [TEST_STEP][PASSED] - waitForAngularLoad(0): This page doesn't use Angular.

2022-04-25 09:54:53 - [MESSAGE][WARNING] - This page doesn't use Angular.

2022-04-25 09:54:53 - [TEST_STEP][PASSED] - takeFullPageScreenshot(): Taking screenshot successfully

2022-04-25 09:54:53 - [MESSAGE][INFO] - 0 hidden object(s)

2022-04-25 09:54:53 - [MESSAGE][PASSED] - Taking screenshot successfully
[[ATTACHMENT|/home/juzcategui/git/DIMS/Reports/20220425_095419/Breaks/20220425_095419/1650894893215.png]]]]></system-out>
         <system-err><![CDATA[]]></system-err>
      </testcase>
      <testcase name="Test Cases/Edit Break" time="29.286" classname="Test Cases/Edit Break" status="PASSED">
         <system-out><![CDATA[2022-04-25 09:54:54 - [TEST_CASE][PASSED] - Test Cases/Edit Break: Test Cases/Edit Break

2022-04-25 09:54:54 - [TEST_STEP][PASSED] - openBrowser(""): Browser is opened with url: ''

2022-04-25 09:54:54 - [MESSAGE][WARNING] - A browser is already opened. Closing browser and opening a new one

2022-04-25 09:54:54 - [MESSAGE][INFO] - Starting 'Chrome' driver

2022-04-25 09:54:54 - [MESSAGE][INFO] - Action delay is set to 0 milliseconds

2022-04-25 09:54:55 - [MESSAGE][PASSED] - Browser is opened with url: ''

2022-04-25 09:54:55 - [TEST_STEP][PASSED] - navigateToUrl("http://35.237.24.127:8081/dims-app/#/home"): Navigate to 'http://35.237.24.127:8081/dims-app/#/home' successfully

2022-04-25 09:55:13 - [MESSAGE][PASSED] - Navigate to 'http://35.237.24.127:8081/dims-app/#/home' successfully

2022-04-25 09:55:13 - [TEST_STEP][PASSED] - setText(findTestObject("Object Repository/Create Lead/Page_Debt IMS/input_Username_form-control w-75 ng-untouch_2a886e"), username): Text 'SUPER_USER7' is set on object 'Object Repository/Create Lead/Page_Debt IMS/input_Username_form-control w-75 ng-untouch_2a886e'

2022-04-25 09:55:14 - [MESSAGE][PASSED] - Text 'SUPER_USER7' is set on object 'Object Repository/Create Lead/Page_Debt IMS/input_Username_form-control w-75 ng-untouch_2a886e'

2022-04-25 09:55:14 - [TEST_STEP][PASSED] - setText(findTestObject("Object Repository/Create Lead/Page_Debt IMS/input_Password_form-control w-75 ng-untouch_173c6b"), pass): Text 'Abcd1234**' is set on object 'Object Repository/Create Lead/Page_Debt IMS/input_Password_form-control w-75 ng-untouch_173c6b'

2022-04-25 09:55:14 - [MESSAGE][PASSED] - Text 'Abcd1234**' is set on object 'Object Repository/Create Lead/Page_Debt IMS/input_Password_form-control w-75 ng-untouch_173c6b'

2022-04-25 09:55:14 - [TEST_STEP][PASSED] - click(findTestObject("Object Repository/Create Lead/Page_Debt IMS/button_Login")): Object: 'Object Repository/Create Lead/Page_Debt IMS/button_Login' is clicked on

2022-04-25 09:55:17 - [MESSAGE][PASSED] - Object: 'Object Repository/Create Lead/Page_Debt IMS/button_Login' is clicked on

2022-04-25 09:55:17 - [TEST_STEP][PASSED] - click(findTestObject("Breaks/Page_Debt IMS/strong_Administration")): Object: 'Object Repository/Breaks/Page_Debt IMS/strong_Administration' is clicked on

2022-04-25 09:55:18 - [MESSAGE][PASSED] - Object: 'Object Repository/Breaks/Page_Debt IMS/strong_Administration' is clicked on

2022-04-25 09:55:18 - [TEST_STEP][PASSED] - click(findTestObject("Breaks/Page_Debt IMS/span_Breaks")): Object: 'Object Repository/Breaks/Page_Debt IMS/span_Breaks' is clicked on

2022-04-25 09:55:18 - [MESSAGE][PASSED] - Object: 'Object Repository/Breaks/Page_Debt IMS/span_Breaks' is clicked on

2022-04-25 09:55:18 - [TEST_STEP][PASSED] - setText(findTestObject("Breaks/input_Break search"), "test aut"): Text 'test aut' is set on object 'Object Repository/Breaks/input_Break search'

2022-04-25 09:55:19 - [MESSAGE][PASSED] - Text 'test aut' is set on object 'Object Repository/Breaks/input_Break search'

2022-04-25 09:55:19 - [TEST_STEP][PASSED] - click(findTestObject("Breaks/button_Status_editButton")): Object: 'Object Repository/Breaks/button_Status_editButton' is clicked on

2022-04-25 09:55:20 - [MESSAGE][PASSED] - Object: 'Object Repository/Breaks/button_Status_editButton' is clicked on

2022-04-25 09:55:20 - [TEST_STEP][PASSED] - setText(findTestObject("Breaks/input_Name_form-control shadow-none ng-untouched ng-pristine ng-invalid"), name): Text 'Test aut modificado' is set on object 'Object Repository/Breaks/input_Name_form-control shadow-none ng-untouched ng-pristine ng-invalid'

2022-04-25 09:55:20 - [MESSAGE][PASSED] - Text 'Test aut modificado' is set on object 'Object Repository/Breaks/input_Name_form-control shadow-none ng-untouched ng-pristine ng-invalid'

2022-04-25 09:55:20 - [TEST_STEP][PASSED] - setText(findTestObject("Breaks/input_Description_form-control shadow-none ng-untouched ng-pristine ng-invalid"), description): Text 'Test aut modificado' is set on object 'Object Repository/Breaks/input_Description_form-control shadow-none ng-untouched ng-pristine ng-invalid'

2022-04-25 09:55:21 - [MESSAGE][PASSED] - Text 'Test aut modificado' is set on object 'Object Repository/Breaks/input_Description_form-control shadow-none ng-untouched ng-pristine ng-invalid'

2022-04-25 09:55:21 - [TEST_STEP][PASSED] - click(findTestObject("Breaks/button_Welcome, Julio Uzctegui_saveButton")): Object: 'Object Repository/Breaks/button_Welcome, Julio Uzctegui_saveButton' is clicked on

2022-04-25 09:55:22 - [MESSAGE][PASSED] - Object: 'Object Repository/Breaks/button_Welcome, Julio Uzctegui_saveButton' is clicked on

2022-04-25 09:55:22 - [TEST_STEP][PASSED] - click(findTestObject("Breaks/button_Accept edit")): Object: 'Object Repository/Breaks/button_Accept edit' is clicked on

2022-04-25 09:55:22 - [MESSAGE][PASSED] - Object: 'Object Repository/Breaks/button_Accept edit' is clicked on

2022-04-25 09:55:22 - [TEST_STEP][PASSED] - waitForAngularLoad(0): This page doesn't use Angular.

2022-04-25 09:55:22 - [MESSAGE][WARNING] - This page doesn't use Angular.

2022-04-25 09:55:22 - [TEST_STEP][PASSED] - takeFullPageScreenshot(): Taking screenshot successfully

2022-04-25 09:55:23 - [MESSAGE][INFO] - 0 hidden object(s)

2022-04-25 09:55:23 - [MESSAGE][PASSED] - Taking screenshot successfully
[[ATTACHMENT|/home/juzcategui/git/DIMS/Reports/20220425_095419/Breaks/20220425_095419/1650894922788.png]]]]></system-out>
         <system-err><![CDATA[]]></system-err>
      </testcase>
      <testcase name="Test Cases/Delete Break" time="27.732" classname="Test Cases/Delete Break" status="PASSED">
         <system-out><![CDATA[2022-04-25 09:55:23 - [TEST_CASE][PASSED] - Test Cases/Delete Break: Test Cases/Delete Break

2022-04-25 09:55:23 - [TEST_STEP][PASSED] - openBrowser(""): Browser is opened with url: ''

2022-04-25 09:55:23 - [MESSAGE][WARNING] - A browser is already opened. Closing browser and opening a new one

2022-04-25 09:55:23 - [MESSAGE][INFO] - Starting 'Chrome' driver

2022-04-25 09:55:23 - [MESSAGE][INFO] - Action delay is set to 0 milliseconds

2022-04-25 09:55:24 - [MESSAGE][PASSED] - Browser is opened with url: ''

2022-04-25 09:55:24 - [TEST_STEP][PASSED] - navigateToUrl("http://35.237.24.127:8081/dims-app/#/home"): Navigate to 'http://35.237.24.127:8081/dims-app/#/home' successfully

2022-04-25 09:55:42 - [MESSAGE][PASSED] - Navigate to 'http://35.237.24.127:8081/dims-app/#/home' successfully

2022-04-25 09:55:42 - [TEST_STEP][PASSED] - setText(findTestObject("Object Repository/Create Lead/Page_Debt IMS/input_Username_form-control w-75 ng-untouch_2a886e"), username): Text 'SUPER_USER7' is set on object 'Object Repository/Create Lead/Page_Debt IMS/input_Username_form-control w-75 ng-untouch_2a886e'

2022-04-25 09:55:43 - [MESSAGE][PASSED] - Text 'SUPER_USER7' is set on object 'Object Repository/Create Lead/Page_Debt IMS/input_Username_form-control w-75 ng-untouch_2a886e'

2022-04-25 09:55:43 - [TEST_STEP][PASSED] - setText(findTestObject("Object Repository/Create Lead/Page_Debt IMS/input_Password_form-control w-75 ng-untouch_173c6b"), pass): Text 'Abcd1234**' is set on object 'Object Repository/Create Lead/Page_Debt IMS/input_Password_form-control w-75 ng-untouch_173c6b'

2022-04-25 09:55:43 - [MESSAGE][PASSED] - Text 'Abcd1234**' is set on object 'Object Repository/Create Lead/Page_Debt IMS/input_Password_form-control w-75 ng-untouch_173c6b'

2022-04-25 09:55:43 - [TEST_STEP][PASSED] - click(findTestObject("Object Repository/Create Lead/Page_Debt IMS/button_Login")): Object: 'Object Repository/Create Lead/Page_Debt IMS/button_Login' is clicked on

2022-04-25 09:55:46 - [MESSAGE][PASSED] - Object: 'Object Repository/Create Lead/Page_Debt IMS/button_Login' is clicked on

2022-04-25 09:55:46 - [TEST_STEP][PASSED] - click(findTestObject("Breaks/Page_Debt IMS/strong_Administration")): Object: 'Object Repository/Breaks/Page_Debt IMS/strong_Administration' is clicked on

2022-04-25 09:55:47 - [MESSAGE][PASSED] - Object: 'Object Repository/Breaks/Page_Debt IMS/strong_Administration' is clicked on

2022-04-25 09:55:47 - [TEST_STEP][PASSED] - click(findTestObject("Breaks/Page_Debt IMS/span_Breaks")): Object: 'Object Repository/Breaks/Page_Debt IMS/span_Breaks' is clicked on

2022-04-25 09:55:47 - [MESSAGE][PASSED] - Object: 'Object Repository/Breaks/Page_Debt IMS/span_Breaks' is clicked on

2022-04-25 09:55:47 - [TEST_STEP][PASSED] - setText(findTestObject("Breaks/input_Break search"), "test aut"): Text 'test aut' is set on object 'Object Repository/Breaks/input_Break search'

2022-04-25 09:55:48 - [MESSAGE][PASSED] - Text 'test aut' is set on object 'Object Repository/Breaks/input_Break search'

2022-04-25 09:55:48 - [TEST_STEP][PASSED] - click(findTestObject("Breaks/Page_Debt IMS/Page_Debt IMS/td_Test aut modificado")): Object: 'Object Repository/Breaks/Page_Debt IMS/Page_Debt IMS/td_Test aut modificado' is clicked on

2022-04-25 09:55:49 - [MESSAGE][PASSED] - Object: 'Object Repository/Breaks/Page_Debt IMS/Page_Debt IMS/td_Test aut modificado' is clicked on

2022-04-25 09:55:49 - [TEST_STEP][PASSED] - click(findTestObject("Teams/Page_Debt IMS/button_Welcome, Julio Uzctegui_deleteButton")): Object: 'Object Repository/Teams/Page_Debt IMS/button_Welcome, Julio Uzctegui_deleteButton' is clicked on

2022-04-25 09:55:49 - [MESSAGE][PASSED] - Object: 'Object Repository/Teams/Page_Debt IMS/button_Welcome, Julio Uzctegui_deleteButton' is clicked on

2022-04-25 09:55:49 - [TEST_STEP][PASSED] - click(findTestObject("Breaks/button_Accept delete")): Object: 'Object Repository/Breaks/button_Accept delete' is clicked on

2022-04-25 09:55:50 - [MESSAGE][PASSED] - Object: 'Object Repository/Breaks/button_Accept delete' is clicked on

2022-04-25 09:55:50 - [TEST_STEP][PASSED] - waitForAngularLoad(0): This page doesn't use Angular.

2022-04-25 09:55:50 - [MESSAGE][WARNING] - This page doesn't use Angular.

2022-04-25 09:55:50 - [TEST_STEP][PASSED] - takeFullPageScreenshot(): Taking screenshot successfully

2022-04-25 09:55:51 - [MESSAGE][INFO] - 0 hidden object(s)

2022-04-25 09:55:51 - [MESSAGE][PASSED] - Taking screenshot successfully
[[ATTACHMENT|/home/juzcategui/git/DIMS/Reports/20220425_095419/Breaks/20220425_095419/1650894950584.png]]]]></system-out>
         <system-err><![CDATA[]]></system-err>
      </testcase>
      <system-out><![CDATA[2022-04-25 09:54:22 - [TEST_SUITE][PASSED] - Breaks: Test Cases/Delete Break]]></system-out>
      <system-err><![CDATA[]]></system-err>
   </testsuite>
</testsuites>
