<?xml version="1.0" encoding="UTF-8"?>
<testsuites name="Community Rules" time="59.902" tests="1" failures="0" errors="0">
   <testsuite name="Community Rules" tests="1" failures="0" errors="0" time="59.902" skipped="0" timestamp="2022-05-18 11:48:41" hostname="juzcategui - juzcategui" id="Test Suites/Community Rules">
      <properties>
         <property name="deviceName" value=""/>
         <property name="devicePlatform" value=""/>
         <property name="logFolder" value="/home/juzcategui/git/DIMS/Reports/20220518_114837/Community Rules/20220518_114837"/>
         <property name="logFiles" value="/home/juzcategui/git/DIMS/Reports/20220518_114837/Community Rules/20220518_114837/execution0.log"/>
         <property name="attachments" value="/home/juzcategui/git/DIMS/Reports/20220518_114837/Community Rules/20220518_114837/1652888980332.png"/>
         <property name="hostName" value="juzcategui - juzcategui"/>
         <property name="os" value="Linux 64bit"/>
         <property name="katalonVersion" value="8.2.5.208"/>
         <property name="browser" value="Chrome 100.0.4896.75"/>
         <property name="hostAddress" value="192.168.250.10"/>
         <property name="sessionId" value="73c995bfed4b8fe1cc1d48c37b4c88aa"/>
         <property name="seleniumVersion" value="3.141.59"/>
         <property name="proxyInformation" value="ProxyInformation { proxyOption=NO_PROXY, proxyServerType=HTTP, username=, password=********, proxyServerAddress=, proxyServerPort=0, executionList=&quot;&quot;, isApplyToDesiredCapabilities=true }"/>
         <property name="platform" value="Linux"/>
      </properties>
      <testcase name="Test Cases/Edit Community Rule" time="59.371" classname="Test Cases/Edit Community Rule" status="PASSED">
         <system-out><![CDATA[2022-05-18 11:48:41 - [TEST_CASE][PASSED] - Test Cases/Edit Community Rule: Test Cases/Edit Community Rule

2022-05-18 11:48:42 - [TEST_STEP][PASSED] - openBrowser(""): Browser is opened with url: ''

2022-05-18 11:48:42 - [MESSAGE][INFO] - Starting 'Chrome' driver

2022-05-18 11:48:42 - [MESSAGE][INFO] - Action delay is set to 0 milliseconds

2022-05-18 11:48:44 - [MESSAGE][PASSED] - Browser is opened with url: ''

2022-05-18 11:48:44 - [TEST_STEP][PASSED] - navigateToUrl("http://35.237.24.127:8081/dims-app/#/home"): Navigate to 'http://35.237.24.127:8081/dims-app/#/home' successfully

2022-05-18 11:49:22 - [MESSAGE][PASSED] - Navigate to 'http://35.237.24.127:8081/dims-app/#/home' successfully

2022-05-18 11:49:22 - [TEST_STEP][PASSED] - setText(findTestObject("Object Repository/Create Lead/Page_Debt IMS/input_Username_form-control w-75 ng-untouch_2a886e"), username): Text 'SUPER_USER7' is set on object 'Object Repository/Create Lead/Page_Debt IMS/input_Username_form-control w-75 ng-untouch_2a886e'

2022-05-18 11:49:22 - [MESSAGE][PASSED] - Text 'SUPER_USER7' is set on object 'Object Repository/Create Lead/Page_Debt IMS/input_Username_form-control w-75 ng-untouch_2a886e'

2022-05-18 11:49:22 - [TEST_STEP][PASSED] - setText(findTestObject("Object Repository/Create Lead/Page_Debt IMS/input_Password_form-control w-75 ng-untouch_173c6b"), pass): Text 'Abcd1234**' is set on object 'Object Repository/Create Lead/Page_Debt IMS/input_Password_form-control w-75 ng-untouch_173c6b'

2022-05-18 11:49:23 - [MESSAGE][PASSED] - Text 'Abcd1234**' is set on object 'Object Repository/Create Lead/Page_Debt IMS/input_Password_form-control w-75 ng-untouch_173c6b'

2022-05-18 11:49:23 - [TEST_STEP][PASSED] - click(findTestObject("Object Repository/Create Lead/Page_Debt IMS/button_Login")): Object: 'Object Repository/Create Lead/Page_Debt IMS/button_Login' is clicked on

2022-05-18 11:49:26 - [MESSAGE][PASSED] - Object: 'Object Repository/Create Lead/Page_Debt IMS/button_Login' is clicked on

2022-05-18 11:49:26 - [TEST_STEP][PASSED] - click(findTestObject("Competitors/Add Competitors/strong_Maintenance Tools")): Object: 'Object Repository/Competitors/Add Competitors/strong_Maintenance Tools' is clicked on

2022-05-18 11:49:27 - [MESSAGE][PASSED] - Object: 'Object Repository/Competitors/Add Competitors/strong_Maintenance Tools' is clicked on

2022-05-18 11:49:27 - [TEST_STEP][PASSED] - click(findTestObject("Community Rules/Add community rule/span_Community Rules")): Object: 'Object Repository/Community Rules/Add community rule/span_Community Rules' is clicked on

2022-05-18 11:49:27 - [MESSAGE][PASSED] - Object: 'Object Repository/Community Rules/Add community rule/span_Community Rules' is clicked on

2022-05-18 11:49:27 - [TEST_STEP][PASSED] - setText(findTestObject("Competitors/Edit Competitor/input competitors for search"), communityrulename): Text 'Test aut' is set on object 'Object Repository/Competitors/Edit Competitor/input competitors for search'

2022-05-18 11:49:31 - [MESSAGE][PASSED] - Text 'Test aut' is set on object 'Object Repository/Competitors/Edit Competitor/input competitors for search'

2022-05-18 11:49:31 - [TEST_STEP][PASSED] - click(findTestObject("Competitors/Edit Competitor/button_Competitors_editButton")): Object: 'Object Repository/Competitors/Edit Competitor/button_Competitors_editButton' is clicked on

2022-05-18 11:49:32 - [MESSAGE][PASSED] - Object: 'Object Repository/Competitors/Edit Competitor/button_Competitors_editButton' is clicked on

2022-05-18 11:49:32 - [TEST_STEP][PASSED] - delay(3): Delayed 3 second(s)

2022-05-18 11:49:35 - [MESSAGE][PASSED] - Delayed 3 second(s)

2022-05-18 11:49:35 - [TEST_STEP][PASSED] - setText(findTestObject("Community Rules/Edit community rule/input_Community Rule edit"), communityrulenamemodify): Text 'Test aut modificado' is set on object 'Object Repository/Community Rules/Edit community rule/input_Community Rule edit'

2022-05-18 11:49:36 - [MESSAGE][PASSED] - Text 'Test aut modificado' is set on object 'Object Repository/Community Rules/Edit community rule/input_Community Rule edit'

2022-05-18 11:49:36 - [TEST_STEP][PASSED] - click(findTestObject("Community Rules/Page_Debt IMS/span_Show Age_p-inputswitch-slider")): Object: 'Object Repository/Community Rules/Page_Debt IMS/span_Show Age_p-inputswitch-slider' is clicked on

2022-05-18 11:49:37 - [MESSAGE][PASSED] - Object: 'Object Repository/Community Rules/Page_Debt IMS/span_Show Age_p-inputswitch-slider' is clicked on

2022-05-18 11:49:37 - [TEST_STEP][PASSED] - click(findTestObject("Community Rules/Page_Debt IMS/span_Show Source_p-inputswitch-slider")): Object: 'Object Repository/Community Rules/Page_Debt IMS/span_Show Source_p-inputswitch-slider' is clicked on

2022-05-18 11:49:37 - [MESSAGE][PASSED] - Object: 'Object Repository/Community Rules/Page_Debt IMS/span_Show Source_p-inputswitch-slider' is clicked on

2022-05-18 11:49:37 - [TEST_STEP][PASSED] - click(findTestObject("Community Rules/Page_Debt IMS/span_Show City_p-inputswitch-slider")): Object: 'Object Repository/Community Rules/Page_Debt IMS/span_Show City_p-inputswitch-slider' is clicked on

2022-05-18 11:49:37 - [MESSAGE][PASSED] - Object: 'Object Repository/Community Rules/Page_Debt IMS/span_Show City_p-inputswitch-slider' is clicked on

2022-05-18 11:49:37 - [TEST_STEP][PASSED] - click(findTestObject("Community Rules/Page_Debt IMS/span_Show Speak Spanish_p-inputswitch-slider")): Object: 'Object Repository/Community Rules/Page_Debt IMS/span_Show Speak Spanish_p-inputswitch-slider' is clicked on

2022-05-18 11:49:38 - [MESSAGE][PASSED] - Object: 'Object Repository/Community Rules/Page_Debt IMS/span_Show Speak Spanish_p-inputswitch-slider' is clicked on

2022-05-18 11:49:38 - [TEST_STEP][PASSED] - click(findTestObject("Community Rules/Edit community rule/button_Welcome, Julio Uzctegui_saveButton")): Object: 'Object Repository/Community Rules/Edit community rule/button_Welcome, Julio Uzctegui_saveButton' is clicked on

2022-05-18 11:49:38 - [MESSAGE][PASSED] - Object: 'Object Repository/Community Rules/Edit community rule/button_Welcome, Julio Uzctegui_saveButton' is clicked on

2022-05-18 11:49:38 - [TEST_STEP][PASSED] - click(findTestObject("Community Rules/Edit community rule/button_Accept")): Object: 'Object Repository/Community Rules/Edit community rule/button_Accept' is clicked on

2022-05-18 11:49:39 - [MESSAGE][PASSED] - Object: 'Object Repository/Community Rules/Edit community rule/button_Accept' is clicked on

2022-05-18 11:49:39 - [TEST_STEP][PASSED] - delay(1): Delayed 1 second(s)

2022-05-18 11:49:40 - [MESSAGE][PASSED] - Delayed 1 second(s)

2022-05-18 11:49:40 - [TEST_STEP][PASSED] - takeFullPageScreenshot([]): Taking screenshot successfully

2022-05-18 11:49:40 - [MESSAGE][INFO] - 0 hidden object(s)

2022-05-18 11:49:40 - [MESSAGE][INFO] - 0 hidden object(s)

2022-05-18 11:49:41 - [MESSAGE][PASSED] - Taking screenshot successfully
[[ATTACHMENT|/home/juzcategui/git/DIMS/Reports/20220518_114837/Community Rules/20220518_114837/1652888980332.png]]]]></system-out>
         <system-err><![CDATA[]]></system-err>
      </testcase>
      <system-out><![CDATA[2022-05-18 11:48:41 - [TEST_SUITE][PASSED] - Community Rules: Test Cases/Edit Community Rule]]></system-out>
      <system-err><![CDATA[]]></system-err>
   </testsuite>
</testsuites>
