<?xml version="1.0" encoding="UTF-8"?>
<testsuites name="Reject Reasons" time="104.547" tests="3" failures="0" errors="0">
   <testsuite name="Reject Reasons" tests="3" failures="0" errors="0" time="104.547" skipped="0" timestamp="2022-03-29 11:46:53" hostname="juzcategui - juzcategui" id="Test Suites/Reject Reasons">
      <properties>
         <property name="deviceName" value=""/>
         <property name="devicePlatform" value=""/>
         <property name="logFolder" value="/home/juzcategui/git/DIMS/Reports/20220329_114650/Reject Reasons/20220329_114650"/>
         <property name="logFiles" value="/home/juzcategui/git/DIMS/Reports/20220329_114650/Reject Reasons/20220329_114650/execution0.log"/>
         <property name="attachments" value=""/>
         <property name="hostName" value="juzcategui - juzcategui"/>
         <property name="os" value="Linux 64bit"/>
         <property name="katalonVersion" value="8.2.5.208"/>
         <property name="browser" value="Chrome 98.0.4758.102"/>
         <property name="hostAddress" value="192.168.250.10"/>
         <property name="sessionId" value="4f0509620cc2721e9374174fda7b37f7"/>
         <property name="seleniumVersion" value="3.141.59"/>
         <property name="proxyInformation" value="ProxyInformation { proxyOption=NO_PROXY, proxyServerType=HTTP, username=, password=********, proxyServerAddress=, proxyServerPort=0, executionList=&quot;&quot;, isApplyToDesiredCapabilities=true }"/>
         <property name="platform" value="Linux"/>
      </properties>
      <testcase name="Test Cases/Add Reject Reason" time="36.047" classname="Test Cases/Add Reject Reason" status="PASSED">
         <system-out><![CDATA[2022-03-29 11:46:54 - [TEST_CASE][PASSED] - Test Cases/Add Reject Reason: Test Cases/Add Reject Reason

2022-03-29 11:46:54 - [TEST_STEP][PASSED] - openBrowser(""): Browser is opened with url: ''

2022-03-29 11:46:54 - [MESSAGE][INFO] - Starting 'Chrome' driver

2022-03-29 11:46:55 - [MESSAGE][INFO] - Action delay is set to 0 milliseconds

2022-03-29 11:46:56 - [MESSAGE][PASSED] - Browser is opened with url: ''

2022-03-29 11:46:56 - [TEST_STEP][PASSED] - navigateToUrl("http://35.237.24.127:8081/dims-app/#/home"): Navigate to 'http://35.237.24.127:8081/dims-app/#/home' successfully

2022-03-29 11:47:17 - [MESSAGE][PASSED] - Navigate to 'http://35.237.24.127:8081/dims-app/#/home' successfully

2022-03-29 11:47:17 - [TEST_STEP][PASSED] - setText(findTestObject("Object Repository/Reject reasons/Page_Debt IMS/input_Username_form-control w-75 ng-untouch_2a886e"), username): Text 'SUPER_USER7' is set on object 'Object Repository/Reject reasons/Page_Debt IMS/input_Username_form-control w-75 ng-untouch_2a886e'

2022-03-29 11:47:18 - [MESSAGE][PASSED] - Text 'SUPER_USER7' is set on object 'Object Repository/Reject reasons/Page_Debt IMS/input_Username_form-control w-75 ng-untouch_2a886e'

2022-03-29 11:47:18 - [TEST_STEP][PASSED] - setText(findTestObject("Object Repository/Reject reasons/Page_Debt IMS/input_Password_form-control w-75 ng-untouch_173c6b"), pass): Text 'Abcd1234**' is set on object 'Object Repository/Reject reasons/Page_Debt IMS/input_Password_form-control w-75 ng-untouch_173c6b'

2022-03-29 11:47:19 - [MESSAGE][PASSED] - Text 'Abcd1234**' is set on object 'Object Repository/Reject reasons/Page_Debt IMS/input_Password_form-control w-75 ng-untouch_173c6b'

2022-03-29 11:47:19 - [TEST_STEP][PASSED] - click(findTestObject("Object Repository/Reject reasons/Page_Debt IMS/button_Login"), STOP_ON_FAILURE): Object: 'Object Repository/Reject reasons/Page_Debt IMS/button_Login' is clicked on

2022-03-29 11:47:22 - [MESSAGE][PASSED] - Object: 'Object Repository/Reject reasons/Page_Debt IMS/button_Login' is clicked on

2022-03-29 11:47:22 - [TEST_STEP][PASSED] - click(findTestObject("Object Repository/Reject reasons/Page_Debt IMS/strong_Maintenance Tools")): Object: 'Object Repository/Reject reasons/Page_Debt IMS/strong_Maintenance Tools' is clicked on

2022-03-29 11:47:23 - [MESSAGE][PASSED] - Object: 'Object Repository/Reject reasons/Page_Debt IMS/strong_Maintenance Tools' is clicked on

2022-03-29 11:47:23 - [TEST_STEP][PASSED] - click(findTestObject("Object Repository/Reject reasons/Page_Debt IMS/span_Reject Reasons")): Object: 'Object Repository/Reject reasons/Page_Debt IMS/span_Reject Reasons' is clicked on

2022-03-29 11:47:23 - [MESSAGE][PASSED] - Object: 'Object Repository/Reject reasons/Page_Debt IMS/span_Reject Reasons' is clicked on

2022-03-29 11:47:23 - [TEST_STEP][PASSED] - click(findTestObject("Object Repository/Reject reasons/Page_Debt IMS/button_Welcome, Julio Uzctegui_addButton")): Object: 'Object Repository/Reject reasons/Page_Debt IMS/button_Welcome, Julio Uzctegui_addButton' is clicked on

2022-03-29 11:47:25 - [MESSAGE][PASSED] - Object: 'Object Repository/Reject reasons/Page_Debt IMS/button_Welcome, Julio Uzctegui_addButton' is clicked on

2022-03-29 11:47:25 - [TEST_STEP][PASSED] - setText(findTestObject("Reject reasons/Page_Debt IMS/input_Description"), description): Text 'No money' is set on object 'Object Repository/Reject reasons/Page_Debt IMS/input_Description'

2022-03-29 11:47:25 - [MESSAGE][PASSED] - Text 'No money' is set on object 'Object Repository/Reject reasons/Page_Debt IMS/input_Description'

2022-03-29 11:47:26 - [TEST_STEP][PASSED] - click(findTestObject("Object Repository/Reject reasons/Page_Debt IMS/div_Reject ToRejectedCommunityUnassigned")): Object: 'Object Repository/Reject reasons/Page_Debt IMS/div_Reject ToRejectedCommunityUnassigned' is clicked on

2022-03-29 11:47:26 - [MESSAGE][PASSED] - Object: 'Object Repository/Reject reasons/Page_Debt IMS/div_Reject ToRejectedCommunityUnassigned' is clicked on

2022-03-29 11:47:26 - [TEST_STEP][PASSED] - selectOptionByValue(findTestObject("Object Repository/Reject reasons/Page_Debt IMS/select_RejectedCommunityUnassigned"), "Rejected", true): All options with value 'Rejected' are selected in object 'Object Repository/Reject reasons/Page_Debt IMS/select_RejectedCommunityUnassigned'  using regular expression

2022-03-29 11:47:27 - [MESSAGE][PASSED] - All options with value 'Rejected' are selected in object 'Object Repository/Reject reasons/Page_Debt IMS/select_RejectedCommunityUnassigned'  using regular expression

2022-03-29 11:47:27 - [TEST_STEP][PASSED] - setText(findTestObject("Object Repository/Reject reasons/Page_Debt IMS/input_Username_form-control w-75 ng-untouch_2a886e"), "reason"): Text 'reason' is set on object 'Object Repository/Reject reasons/Page_Debt IMS/input_Username_form-control w-75 ng-untouch_2a886e'

2022-03-29 11:47:28 - [MESSAGE][PASSED] - Text 'reason' is set on object 'Object Repository/Reject reasons/Page_Debt IMS/input_Username_form-control w-75 ng-untouch_2a886e'

2022-03-29 11:47:28 - [TEST_STEP][PASSED] - setText(findTestObject("Reject reasons/Page_Debt IMS/input_Reject Reason"), reject): Text 'No money' is set on object 'Object Repository/Reject reasons/Page_Debt IMS/input_Reject Reason'

2022-03-29 11:47:28 - [MESSAGE][PASSED] - Text 'No money' is set on object 'Object Repository/Reject reasons/Page_Debt IMS/input_Reject Reason'

2022-03-29 11:47:28 - [TEST_STEP][PASSED] - click(findTestObject("Object Repository/Reject reasons/Page_Debt IMS/div_Select a Office(s)")): Object: 'Object Repository/Reject reasons/Page_Debt IMS/div_Select a Office(s)' is clicked on

2022-03-29 11:47:29 - [MESSAGE][PASSED] - Object: 'Object Repository/Reject reasons/Page_Debt IMS/div_Select a Office(s)' is clicked on

2022-03-29 11:47:29 - [TEST_STEP][PASSED] - click(findTestObject("Object Repository/Reject reasons/Page_Debt IMS/div_Select a Office(s)_p-checkbox-box")): Object: 'Object Repository/Reject reasons/Page_Debt IMS/div_Select a Office(s)_p-checkbox-box' is clicked on

2022-03-29 11:47:29 - [MESSAGE][PASSED] - Object: 'Object Repository/Reject reasons/Page_Debt IMS/div_Select a Office(s)_p-checkbox-box' is clicked on

2022-03-29 11:47:29 - [TEST_STEP][PASSED] - click(findTestObject("Object Repository/Reject reasons/Page_Debt IMS/button_Welcome, Julio Uzctegui_saveButton")): Object: 'Object Repository/Reject reasons/Page_Debt IMS/button_Welcome, Julio Uzctegui_saveButton' is clicked on

2022-03-29 11:47:30 - [MESSAGE][PASSED] - Object: 'Object Repository/Reject reasons/Page_Debt IMS/button_Welcome, Julio Uzctegui_saveButton' is clicked on]]></system-out>
         <system-err><![CDATA[]]></system-err>
      </testcase>
      <testcase name="Test Cases/Edit Reject Reason" time="28.488" classname="Test Cases/Edit Reject Reason" status="PASSED">
         <system-out><![CDATA[2022-03-29 11:47:30 - [TEST_CASE][PASSED] - Test Cases/Edit Reject Reason: Test Cases/Edit Reject Reason

2022-03-29 11:47:30 - [TEST_STEP][PASSED] - openBrowser(""): Browser is opened with url: ''

2022-03-29 11:47:30 - [MESSAGE][WARNING] - A browser is already opened. Closing browser and opening a new one

2022-03-29 11:47:30 - [MESSAGE][INFO] - Starting 'Chrome' driver

2022-03-29 11:47:30 - [MESSAGE][INFO] - Action delay is set to 0 milliseconds

2022-03-29 11:47:31 - [MESSAGE][PASSED] - Browser is opened with url: ''

2022-03-29 11:47:31 - [TEST_STEP][PASSED] - navigateToUrl("http://35.237.24.127:8081/dims-app/#/home"): Navigate to 'http://35.237.24.127:8081/dims-app/#/home' successfully

2022-03-29 11:47:47 - [MESSAGE][PASSED] - Navigate to 'http://35.237.24.127:8081/dims-app/#/home' successfully

2022-03-29 11:47:47 - [TEST_STEP][PASSED] - setText(findTestObject("Object Repository/Reject reasons/Page_Debt IMS/input_Username_form-control w-75 ng-untouch_2a886e"), username): Text 'SUPER_USER7' is set on object 'Object Repository/Reject reasons/Page_Debt IMS/input_Username_form-control w-75 ng-untouch_2a886e'

2022-03-29 11:47:48 - [MESSAGE][PASSED] - Text 'SUPER_USER7' is set on object 'Object Repository/Reject reasons/Page_Debt IMS/input_Username_form-control w-75 ng-untouch_2a886e'

2022-03-29 11:47:48 - [TEST_STEP][PASSED] - setText(findTestObject("Object Repository/Reject reasons/Page_Debt IMS/input_Password_form-control w-75 ng-untouch_173c6b"), pass): Text 'Abcd1234**' is set on object 'Object Repository/Reject reasons/Page_Debt IMS/input_Password_form-control w-75 ng-untouch_173c6b'

2022-03-29 11:47:49 - [MESSAGE][PASSED] - Text 'Abcd1234**' is set on object 'Object Repository/Reject reasons/Page_Debt IMS/input_Password_form-control w-75 ng-untouch_173c6b'

2022-03-29 11:47:49 - [TEST_STEP][PASSED] - click(findTestObject("Object Repository/Reject reasons/Page_Debt IMS/button_Login"), STOP_ON_FAILURE): Object: 'Object Repository/Reject reasons/Page_Debt IMS/button_Login' is clicked on

2022-03-29 11:47:51 - [MESSAGE][PASSED] - Object: 'Object Repository/Reject reasons/Page_Debt IMS/button_Login' is clicked on

2022-03-29 11:47:51 - [TEST_STEP][PASSED] - click(findTestObject("Object Repository/Reject reasons/Page_Debt IMS/strong_Maintenance Tools")): Object: 'Object Repository/Reject reasons/Page_Debt IMS/strong_Maintenance Tools' is clicked on

2022-03-29 11:47:52 - [MESSAGE][PASSED] - Object: 'Object Repository/Reject reasons/Page_Debt IMS/strong_Maintenance Tools' is clicked on

2022-03-29 11:47:52 - [TEST_STEP][PASSED] - click(findTestObject("Object Repository/Reject reasons/Page_Debt IMS/span_Reject Reasons")): Object: 'Object Repository/Reject reasons/Page_Debt IMS/span_Reject Reasons' is clicked on

2022-03-29 11:47:53 - [MESSAGE][PASSED] - Object: 'Object Repository/Reject reasons/Page_Debt IMS/span_Reject Reasons' is clicked on

2022-03-29 11:47:53 - [TEST_STEP][PASSED] - setText(findTestObject("Reject reasons/EDIT/Page_Debt IMS/input_Reject Reasons_search"), "money"): Text 'money' is set on object 'Object Repository/Reject reasons/EDIT/Page_Debt IMS/input_Reject Reasons_search'

2022-03-29 11:47:54 - [MESSAGE][PASSED] - Text 'money' is set on object 'Object Repository/Reject reasons/EDIT/Page_Debt IMS/input_Reject Reasons_search'

2022-03-29 11:47:54 - [TEST_STEP][PASSED] - click(findTestObject("Reject reasons/EDIT/Page_Debt IMS/button_Reason_editButton")): Object: 'Object Repository/Reject reasons/EDIT/Page_Debt IMS/button_Reason_editButton' is clicked on

2022-03-29 11:47:55 - [MESSAGE][PASSED] - Object: 'Object Repository/Reject reasons/EDIT/Page_Debt IMS/button_Reason_editButton' is clicked on

2022-03-29 11:47:55 - [TEST_STEP][PASSED] - setText(findTestObject("Reject reasons/EDIT/Page_Debt IMS/input_Description_edit"), description): Text 'No money modified' is set on object 'Object Repository/Reject reasons/EDIT/Page_Debt IMS/input_Description_edit'

2022-03-29 11:47:56 - [MESSAGE][PASSED] - Text 'No money modified' is set on object 'Object Repository/Reject reasons/EDIT/Page_Debt IMS/input_Description_edit'

2022-03-29 11:47:56 - [TEST_STEP][PASSED] - setText(findTestObject("Reject reasons/EDIT/Page_Debt IMS/input_Reject Reasons_search"), reject): Text 'No money modified' is set on object 'Object Repository/Reject reasons/EDIT/Page_Debt IMS/input_Reject Reasons_search'

2022-03-29 11:47:57 - [MESSAGE][PASSED] - Text 'No money modified' is set on object 'Object Repository/Reject reasons/EDIT/Page_Debt IMS/input_Reject Reasons_search'

2022-03-29 11:47:57 - [TEST_STEP][PASSED] - click(findTestObject("Reject reasons/EDIT/Page_Debt IMS/button_Welcome, Julio Uzctegui_saveButton")): Object: 'Object Repository/Reject reasons/EDIT/Page_Debt IMS/button_Welcome, Julio Uzctegui_saveButton' is clicked on

2022-03-29 11:47:58 - [MESSAGE][PASSED] - Object: 'Object Repository/Reject reasons/EDIT/Page_Debt IMS/button_Welcome, Julio Uzctegui_saveButton' is clicked on

2022-03-29 11:47:58 - [TEST_STEP][PASSED] - click(findTestObject("Reject reasons/EDIT/Page_Debt IMS/button_Accept")): Object: 'Object Repository/Reject reasons/EDIT/Page_Debt IMS/button_Accept' is clicked on

2022-03-29 11:47:58 - [MESSAGE][PASSED] - Object: 'Object Repository/Reject reasons/EDIT/Page_Debt IMS/button_Accept' is clicked on]]></system-out>
         <system-err><![CDATA[]]></system-err>
      </testcase>
      <testcase name="Test Cases/Delete Reject Reason" time="39.261" classname="Test Cases/Delete Reject Reason" status="PASSED">
         <system-out><![CDATA[2022-03-29 11:47:58 - [TEST_CASE][PASSED] - Test Cases/Delete Reject Reason: Test Cases/Delete Reject Reason

2022-03-29 11:47:59 - [TEST_STEP][PASSED] - openBrowser(""): Browser is opened with url: ''

2022-03-29 11:47:59 - [MESSAGE][WARNING] - A browser is already opened. Closing browser and opening a new one

2022-03-29 11:47:59 - [MESSAGE][INFO] - Starting 'Chrome' driver

2022-03-29 11:47:59 - [MESSAGE][INFO] - Action delay is set to 0 milliseconds

2022-03-29 11:47:59 - [MESSAGE][PASSED] - Browser is opened with url: ''

2022-03-29 11:47:59 - [TEST_STEP][PASSED] - navigateToUrl("http://35.237.24.127:8081/dims-app/#/home"): Navigate to 'http://35.237.24.127:8081/dims-app/#/home' successfully

2022-03-29 11:48:30 - [MESSAGE][PASSED] - Navigate to 'http://35.237.24.127:8081/dims-app/#/home' successfully

2022-03-29 11:48:30 - [TEST_STEP][PASSED] - setText(findTestObject("Object Repository/Reject reasons/Page_Debt IMS/input_Username_form-control w-75 ng-untouch_2a886e"), username): Text 'SUPER_USER7' is set on object 'Object Repository/Reject reasons/Page_Debt IMS/input_Username_form-control w-75 ng-untouch_2a886e'

2022-03-29 11:48:30 - [MESSAGE][PASSED] - Text 'SUPER_USER7' is set on object 'Object Repository/Reject reasons/Page_Debt IMS/input_Username_form-control w-75 ng-untouch_2a886e'

2022-03-29 11:48:30 - [TEST_STEP][PASSED] - setText(findTestObject("Object Repository/Reject reasons/Page_Debt IMS/input_Password_form-control w-75 ng-untouch_173c6b"), pass): Text 'Abcd1234**' is set on object 'Object Repository/Reject reasons/Page_Debt IMS/input_Password_form-control w-75 ng-untouch_173c6b'

2022-03-29 11:48:31 - [MESSAGE][PASSED] - Text 'Abcd1234**' is set on object 'Object Repository/Reject reasons/Page_Debt IMS/input_Password_form-control w-75 ng-untouch_173c6b'

2022-03-29 11:48:31 - [TEST_STEP][PASSED] - click(findTestObject("Object Repository/Reject reasons/Page_Debt IMS/button_Login"), STOP_ON_FAILURE): Object: 'Object Repository/Reject reasons/Page_Debt IMS/button_Login' is clicked on

2022-03-29 11:48:33 - [MESSAGE][PASSED] - Object: 'Object Repository/Reject reasons/Page_Debt IMS/button_Login' is clicked on

2022-03-29 11:48:33 - [TEST_STEP][PASSED] - click(findTestObject("Object Repository/Reject reasons/Page_Debt IMS/strong_Maintenance Tools")): Object: 'Object Repository/Reject reasons/Page_Debt IMS/strong_Maintenance Tools' is clicked on

2022-03-29 11:48:34 - [MESSAGE][PASSED] - Object: 'Object Repository/Reject reasons/Page_Debt IMS/strong_Maintenance Tools' is clicked on

2022-03-29 11:48:34 - [TEST_STEP][PASSED] - click(findTestObject("Object Repository/Reject reasons/Page_Debt IMS/span_Reject Reasons")): Object: 'Object Repository/Reject reasons/Page_Debt IMS/span_Reject Reasons' is clicked on

2022-03-29 11:48:35 - [MESSAGE][PASSED] - Object: 'Object Repository/Reject reasons/Page_Debt IMS/span_Reject Reasons' is clicked on

2022-03-29 11:48:35 - [TEST_STEP][PASSED] - setText(findTestObject("Reject reasons/EDIT/Page_Debt IMS/input_Reject Reasons_search"), "money"): Text 'money' is set on object 'Object Repository/Reject reasons/EDIT/Page_Debt IMS/input_Reject Reasons_search'

2022-03-29 11:48:36 - [MESSAGE][PASSED] - Text 'money' is set on object 'Object Repository/Reject reasons/EDIT/Page_Debt IMS/input_Reject Reasons_search'

2022-03-29 11:48:36 - [TEST_STEP][PASSED] - click(findTestObject("Reject reasons/delete/Page_Debt IMS/td_No money modified")): Object: 'Object Repository/Reject reasons/delete/Page_Debt IMS/td_No money modified' is clicked on

2022-03-29 11:48:36 - [MESSAGE][PASSED] - Object: 'Object Repository/Reject reasons/delete/Page_Debt IMS/td_No money modified' is clicked on

2022-03-29 11:48:36 - [TEST_STEP][PASSED] - click(findTestObject("Reject reasons/delete/Page_Debt IMS/button_Welcome, Julio Uzctegui_deleteButton")): Object: 'Object Repository/Reject reasons/delete/Page_Debt IMS/button_Welcome, Julio Uzctegui_deleteButton' is clicked on

2022-03-29 11:48:37 - [MESSAGE][PASSED] - Object: 'Object Repository/Reject reasons/delete/Page_Debt IMS/button_Welcome, Julio Uzctegui_deleteButton' is clicked on

2022-03-29 11:48:37 - [TEST_STEP][PASSED] - click(findTestObject("Reject reasons/delete/Page_Debt IMS/button_Accept")): Object: 'Object Repository/Reject reasons/delete/Page_Debt IMS/button_Accept' is clicked on

2022-03-29 11:48:38 - [MESSAGE][PASSED] - Object: 'Object Repository/Reject reasons/delete/Page_Debt IMS/button_Accept' is clicked on]]></system-out>
         <system-err><![CDATA[]]></system-err>
      </testcase>
      <system-out><![CDATA[2022-03-29 11:46:53 - [TEST_SUITE][PASSED] - Reject Reasons: Test Cases/Delete Reject Reason]]></system-out>
      <system-err><![CDATA[]]></system-err>
   </testsuite>
</testsuites>
