<?xml version="1.0" encoding="UTF-8"?>
<testsuites name="DIMS" time="47.735" tests="1" failures="0" errors="0">
   <testsuite name="DIMS" tests="1" failures="0" errors="0" time="47.735" skipped="0" timestamp="2022-03-13 16:39:01" hostname="juzcategui - juzcategui" id="Test Suites/DIMS">
      <properties>
         <property name="deviceName" value=""/>
         <property name="devicePlatform" value=""/>
         <property name="logFolder" value="/home/juzcategui/git/DIMS/Reports/20220313_163857/DIMS/20220313_163857"/>
         <property name="logFiles" value="/home/juzcategui/git/DIMS/Reports/20220313_163857/DIMS/20220313_163857/execution0.log"/>
         <property name="attachments" value=""/>
         <property name="hostName" value="juzcategui - juzcategui"/>
         <property name="os" value="Linux 64bit"/>
         <property name="katalonVersion" value="8.2.5.208"/>
         <property name="browser" value="Chrome 98.0.4758.102"/>
         <property name="hostAddress" value="192.168.250.5"/>
         <property name="sessionId" value="0201f2891b2eeb3798ebaeec7925ca02"/>
         <property name="seleniumVersion" value="3.141.59"/>
         <property name="proxyInformation" value="ProxyInformation { proxyOption=NO_PROXY, proxyServerType=HTTP, username=, password=********, proxyServerAddress=, proxyServerPort=0, executionList=&quot;&quot;, isApplyToDesiredCapabilities=true }"/>
         <property name="platform" value="Linux"/>
      </properties>
      <testcase name="Test Cases/Add Office(s)" time="47.013" classname="Test Cases/Add Office(s)" status="PASSED">
         <system-out><![CDATA[2022-03-13 16:39:02 - [TEST_CASE][PASSED] - Test Cases/Add Office(s): Test Cases/Add Office(s)

2022-03-13 16:39:03 - [TEST_STEP][PASSED] - openBrowser(""): Browser is opened with url: ''

2022-03-13 16:39:03 - [MESSAGE][INFO] - Starting 'Chrome' driver

2022-03-13 16:39:03 - [MESSAGE][INFO] - Action delay is set to 0 milliseconds

2022-03-13 16:39:05 - [MESSAGE][PASSED] - Browser is opened with url: ''

2022-03-13 16:39:05 - [TEST_STEP][PASSED] - navigateToUrl("http://35.237.24.127:8081/dims-app/#/home"): Navigate to 'http://35.237.24.127:8081/dims-app/#/home' successfully

2022-03-13 16:39:26 - [MESSAGE][PASSED] - Navigate to 'http://35.237.24.127:8081/dims-app/#/home' successfully

2022-03-13 16:39:26 - [TEST_STEP][PASSED] - setText(findTestObject("Object Repository/debt ims R/Page_Debt IMS/input_Username_form-control w-75 ng-untouch_2a886e"), username): Text 'SUPER_USER7' is set on object 'Object Repository/debt ims R/Page_Debt IMS/input_Username_form-control w-75 ng-untouch_2a886e'

2022-03-13 16:39:27 - [MESSAGE][PASSED] - Text 'SUPER_USER7' is set on object 'Object Repository/debt ims R/Page_Debt IMS/input_Username_form-control w-75 ng-untouch_2a886e'

2022-03-13 16:39:27 - [TEST_STEP][PASSED] - setText(findTestObject("Object Repository/debt ims R/Page_Debt IMS/input_Password_form-control w-75 ng-untouch_173c6b"), pass): Text 'Abcd1234**' is set on object 'Object Repository/debt ims R/Page_Debt IMS/input_Password_form-control w-75 ng-untouch_173c6b'

2022-03-13 16:39:28 - [MESSAGE][PASSED] - Text 'Abcd1234**' is set on object 'Object Repository/debt ims R/Page_Debt IMS/input_Password_form-control w-75 ng-untouch_173c6b'

2022-03-13 16:39:28 - [TEST_STEP][PASSED] - click(findTestObject("Object Repository/debt ims R/Page_Debt IMS/button_Login")): Object: 'Object Repository/debt ims R/Page_Debt IMS/button_Login' is clicked on

2022-03-13 16:39:30 - [MESSAGE][PASSED] - Object: 'Object Repository/debt ims R/Page_Debt IMS/button_Login' is clicked on

2022-03-13 16:39:30 - [TEST_STEP][PASSED] - click(findTestObject("Object Repository/debt ims R/Page_Debt IMS/strong_Office Tools")): Object: 'Object Repository/debt ims R/Page_Debt IMS/strong_Office Tools' is clicked on

2022-03-13 16:39:31 - [MESSAGE][PASSED] - Object: 'Object Repository/debt ims R/Page_Debt IMS/strong_Office Tools' is clicked on

2022-03-13 16:39:31 - [TEST_STEP][PASSED] - click(findTestObject("Object Repository/debt ims R/Page_Debt IMS/span_Office")): Object: 'Object Repository/debt ims R/Page_Debt IMS/span_Office' is clicked on

2022-03-13 16:39:32 - [MESSAGE][PASSED] - Object: 'Object Repository/debt ims R/Page_Debt IMS/span_Office' is clicked on

2022-03-13 16:39:32 - [TEST_STEP][PASSED] - click(findTestObject("Object Repository/debt ims R/Page_Debt IMS/button_Welcome, Anifer Da Rocha_addButton")): Object: 'Object Repository/debt ims R/Page_Debt IMS/button_Welcome, Anifer Da Rocha_addButton' is clicked on

2022-03-13 16:39:33 - [MESSAGE][PASSED] - Object: 'Object Repository/debt ims R/Page_Debt IMS/button_Welcome, Anifer Da Rocha_addButton' is clicked on

2022-03-13 16:39:33 - [TEST_STEP][PASSED] - setText(findTestObject("debt ims R/Page_Debt IMS/input_Office Name_form-control shadow-none ng-pristine ng-invalid ng-touched"), officename): Text 'Oficina de julio' is set on object 'Object Repository/debt ims R/Page_Debt IMS/input_Office Name_form-control shadow-none ng-pristine ng-invalid ng-touched'

2022-03-13 16:39:34 - [MESSAGE][PASSED] - Text 'Oficina de julio' is set on object 'Object Repository/debt ims R/Page_Debt IMS/input_Office Name_form-control shadow-none ng-pristine ng-invalid ng-touched'

2022-03-13 16:39:34 - [TEST_STEP][PASSED] - setText(findTestObject("debt ims R/Page_Debt IMS/input_Office Alias_form-control shadow-none ng-untouched ng-pristine ng-invalid"), officealias): Text 'alias de la oficina' is set on object 'Object Repository/debt ims R/Page_Debt IMS/input_Office Alias_form-control shadow-none ng-untouched ng-pristine ng-invalid'

2022-03-13 16:39:35 - [MESSAGE][PASSED] - Text 'alias de la oficina' is set on object 'Object Repository/debt ims R/Page_Debt IMS/input_Office Alias_form-control shadow-none ng-untouched ng-pristine ng-invalid'

2022-03-13 16:39:35 - [TEST_STEP][PASSED] - setText(findTestObject("debt ims R/Page_Debt IMS/input_Address_form-control shadow-none ng-untouched ng-pristine ng-invalid"), addres): Text 'direccion' is set on object 'Object Repository/debt ims R/Page_Debt IMS/input_Address_form-control shadow-none ng-untouched ng-pristine ng-invalid'

2022-03-13 16:39:35 - [MESSAGE][PASSED] - Text 'direccion' is set on object 'Object Repository/debt ims R/Page_Debt IMS/input_Address_form-control shadow-none ng-untouched ng-pristine ng-invalid'

2022-03-13 16:39:35 - [TEST_STEP][PASSED] - selectOptionByValue(findTestObject("Object Repository/debt ims R/Page_Debt IMS/select_Select OneUNITED STATES OF AMERICA"), "1: Object", true): All options with value '1: Object' are selected in object 'Object Repository/debt ims R/Page_Debt IMS/select_Select OneUNITED STATES OF AMERICA'  using regular expression

2022-03-13 16:39:36 - [MESSAGE][PASSED] - All options with value '1: Object' are selected in object 'Object Repository/debt ims R/Page_Debt IMS/select_Select OneUNITED STATES OF AMERICA'  using regular expression

2022-03-13 16:39:36 - [TEST_STEP][PASSED] - selectOptionByValue(findTestObject("Object Repository/debt ims R/Page_Debt IMS/select_Select OneUS Armed Forces EuropeAlas_fd93bc"), "8: Object", true): All options with value '8: Object' are selected in object 'Object Repository/debt ims R/Page_Debt IMS/select_Select OneUS Armed Forces EuropeAlas_fd93bc'  using regular expression

2022-03-13 16:39:38 - [MESSAGE][PASSED] - All options with value '8: Object' are selected in object 'Object Repository/debt ims R/Page_Debt IMS/select_Select OneUS Armed Forces EuropeAlas_fd93bc'  using regular expression

2022-03-13 16:39:38 - [TEST_STEP][PASSED] - setText(findTestObject("debt ims R/Page_Debt IMS/input_Zip_form-control shadow-none ng-untouched ng-pristine ng-valid"), zip): Text '1014' is set on object 'Object Repository/debt ims R/Page_Debt IMS/input_Zip_form-control shadow-none ng-untouched ng-pristine ng-valid'

2022-03-13 16:39:39 - [MESSAGE][PASSED] - Text '1014' is set on object 'Object Repository/debt ims R/Page_Debt IMS/input_Zip_form-control shadow-none ng-untouched ng-pristine ng-valid'

2022-03-13 16:39:39 - [TEST_STEP][PASSED] - setText(findTestObject("debt ims R/Page_Debt IMS/input_City_form-control shadow-none ng-pristine ng-valid ng-touched"), city): Text 'california' is set on object 'Object Repository/debt ims R/Page_Debt IMS/input_City_form-control shadow-none ng-pristine ng-valid ng-touched'

2022-03-13 16:39:40 - [MESSAGE][PASSED] - Text 'california' is set on object 'Object Repository/debt ims R/Page_Debt IMS/input_City_form-control shadow-none ng-pristine ng-valid ng-touched'

2022-03-13 16:39:40 - [TEST_STEP][PASSED] - selectOptionByValue(findTestObject("Object Repository/debt ims R/Page_Debt IMS/select_Select OneDebt - Ims"), "1: Object", true): All options with value '1: Object' are selected in object 'Object Repository/debt ims R/Page_Debt IMS/select_Select OneDebt - Ims'  using regular expression

2022-03-13 16:39:41 - [MESSAGE][PASSED] - All options with value '1: Object' are selected in object 'Object Repository/debt ims R/Page_Debt IMS/select_Select OneDebt - Ims'  using regular expression

2022-03-13 16:39:41 - [TEST_STEP][PASSED] - setText(findTestObject("Object Repository/debt ims R/Page_Debt IMS/input_Phone Number_form-control shadow-none_f75f0d"), phone): Text '4141115' is set on object 'Object Repository/debt ims R/Page_Debt IMS/input_Phone Number_form-control shadow-none_f75f0d'

2022-03-13 16:39:41 - [MESSAGE][PASSED] - Text '4141115' is set on object 'Object Repository/debt ims R/Page_Debt IMS/input_Phone Number_form-control shadow-none_f75f0d'

2022-03-13 16:39:41 - [TEST_STEP][PASSED] - setText(findTestObject("debt ims R/Page_Debt IMS/input_Fax Number_form-control shadow-none ng-untouched ng-pristine ng-invalid"), fax): Text '1014' is set on object 'Object Repository/debt ims R/Page_Debt IMS/input_Fax Number_form-control shadow-none ng-untouched ng-pristine ng-invalid'

2022-03-13 16:39:42 - [MESSAGE][PASSED] - Text '1014' is set on object 'Object Repository/debt ims R/Page_Debt IMS/input_Fax Number_form-control shadow-none ng-untouched ng-pristine ng-invalid'

2022-03-13 16:39:42 - [TEST_STEP][PASSED] - setText(findTestObject("debt ims R/Page_Debt IMS/input_Web Site_form-control shadow-none ng-untouched ng-pristine ng-invalid"), web): Text 'paginaweb.com' is set on object 'Object Repository/debt ims R/Page_Debt IMS/input_Web Site_form-control shadow-none ng-untouched ng-pristine ng-invalid'

2022-03-13 16:39:43 - [MESSAGE][PASSED] - Text 'paginaweb.com' is set on object 'Object Repository/debt ims R/Page_Debt IMS/input_Web Site_form-control shadow-none ng-untouched ng-pristine ng-invalid'

2022-03-13 16:39:43 - [TEST_STEP][PASSED] - setText(findTestObject("debt ims R/Page_Debt IMS/input_Landing URL prefix_form-control shadow-none ng-untouched ng-pristine ng-invalid"), landing): Text 'paginadelanding.com' is set on object 'Object Repository/debt ims R/Page_Debt IMS/input_Landing URL prefix_form-control shadow-none ng-untouched ng-pristine ng-invalid'

2022-03-13 16:39:44 - [MESSAGE][PASSED] - Text 'paginadelanding.com' is set on object 'Object Repository/debt ims R/Page_Debt IMS/input_Landing URL prefix_form-control shadow-none ng-untouched ng-pristine ng-invalid'

2022-03-13 16:39:44 - [TEST_STEP][PASSED] - selectOptionByValue(findTestObject("Object Repository/debt ims R/Page_Debt IMS/select_Select Time ZoneEastern Standard Cen_41b770"), "Eastern Standard", true): All options with value 'Eastern Standard' are selected in object 'Object Repository/debt ims R/Page_Debt IMS/select_Select Time ZoneEastern Standard Cen_41b770'  using regular expression

2022-03-13 16:39:45 - [MESSAGE][PASSED] - All options with value 'Eastern Standard' are selected in object 'Object Repository/debt ims R/Page_Debt IMS/select_Select Time ZoneEastern Standard Cen_41b770'  using regular expression

2022-03-13 16:39:45 - [TEST_STEP][PASSED] - selectOptionByValue(findTestObject("Object Repository/debt ims R/Page_Debt IMS/select_Select OneCommunityRejectedUnassigned"), "Unassigned", true): All options with value 'Unassigned' are selected in object 'Object Repository/debt ims R/Page_Debt IMS/select_Select OneCommunityRejectedUnassigned'  using regular expression

2022-03-13 16:39:46 - [MESSAGE][PASSED] - All options with value 'Unassigned' are selected in object 'Object Repository/debt ims R/Page_Debt IMS/select_Select OneCommunityRejectedUnassigned'  using regular expression

2022-03-13 16:39:46 - [TEST_STEP][PASSED] - selectOptionByValue(findTestObject("Object Repository/debt ims R/Page_Debt IMS/select_Select OneYesNo"), "true", true): All options with value 'true' are selected in object 'Object Repository/debt ims R/Page_Debt IMS/select_Select OneYesNo'  using regular expression

2022-03-13 16:39:47 - [MESSAGE][PASSED] - All options with value 'true' are selected in object 'Object Repository/debt ims R/Page_Debt IMS/select_Select OneYesNo'  using regular expression

2022-03-13 16:39:47 - [TEST_STEP][PASSED] - selectOptionByValue(findTestObject("Object Repository/debt ims R/Page_Debt IMS/select_Select OneTest"), " ", true): All options with value ' ' are selected in object 'Object Repository/debt ims R/Page_Debt IMS/select_Select OneTest'  using regular expression

2022-03-13 16:39:47 - [MESSAGE][PASSED] - All options with value ' ' are selected in object 'Object Repository/debt ims R/Page_Debt IMS/select_Select OneTest'  using regular expression

2022-03-13 16:39:47 - [TEST_STEP][PASSED] - selectOptionByValue(findTestObject("Object Repository/debt ims R/Page_Debt IMS/select_Select OneMeridian"), "Meridian", true): All options with value 'Meridian' are selected in object 'Object Repository/debt ims R/Page_Debt IMS/select_Select OneMeridian'  using regular expression

2022-03-13 16:39:48 - [MESSAGE][PASSED] - All options with value 'Meridian' are selected in object 'Object Repository/debt ims R/Page_Debt IMS/select_Select OneMeridian'  using regular expression

2022-03-13 16:39:48 - [TEST_STEP][PASSED] - click(findTestObject("debt ims R/Page_Debt IMS/button_Welcome, Julio Uzctegui_saveButton")): Object: 'Object Repository/debt ims R/Page_Debt IMS/button_Welcome, Julio Uzctegui_saveButton' is clicked on

2022-03-13 16:39:49 - [MESSAGE][PASSED] - Object: 'Object Repository/debt ims R/Page_Debt IMS/button_Welcome, Julio Uzctegui_saveButton' is clicked on

2022-03-13 16:39:49 - [TEST_STEP][PASSED] - closeBrowser(): Browser is closed

2022-03-13 16:39:49 - [MESSAGE][PASSED] - Browser is closed]]></system-out>
         <system-err><![CDATA[]]></system-err>
      </testcase>
      <system-out><![CDATA[2022-03-13 16:39:01 - [TEST_SUITE][PASSED] - DIMS: Test Cases/Add Office(s)]]></system-out>
      <system-err><![CDATA[]]></system-err>
   </testsuite>
</testsuites>
