<?xml version="1.0" encoding="UTF-8"?>
<testsuites name="Email Campaings" time="71.347" tests="1" failures="0" errors="0">
   <testsuite name="Email Campaings" tests="1" failures="0" errors="0" time="71.347" skipped="0" timestamp="2022-03-31 16:04:02" hostname="juzcategui - juzcategui" id="Test Suites/Email Campaings">
      <properties>
         <property name="deviceName" value=""/>
         <property name="devicePlatform" value=""/>
         <property name="logFolder" value="/home/juzcategui/git/DIMS/Reports/20220331_160358/Email Campaings/20220331_160358"/>
         <property name="logFiles" value="/home/juzcategui/git/DIMS/Reports/20220331_160358/Email Campaings/20220331_160358/execution0.log"/>
         <property name="attachments" value=""/>
         <property name="hostName" value="juzcategui - juzcategui"/>
         <property name="os" value="Linux 64bit"/>
         <property name="katalonVersion" value="8.2.5.208"/>
         <property name="browser" value="Chrome 98.0.4758.102"/>
         <property name="hostAddress" value="192.168.12.44"/>
         <property name="sessionId" value="f15299048eb5eecc8526a38a30f7b124"/>
         <property name="seleniumVersion" value="3.141.59"/>
         <property name="proxyInformation" value="ProxyInformation { proxyOption=NO_PROXY, proxyServerType=HTTP, username=, password=********, proxyServerAddress=, proxyServerPort=0, executionList=&quot;&quot;, isApplyToDesiredCapabilities=true }"/>
         <property name="platform" value="Linux"/>
      </properties>
      <testcase name="Test Cases/Edit Email Campaing" time="70.709" classname="Test Cases/Edit Email Campaing" status="PASSED">
         <system-out><![CDATA[2022-03-31 16:04:02 - [TEST_CASE][PASSED] - Test Cases/Edit Email Campaing: Test Cases/Edit Email Campaing

2022-03-31 16:04:03 - [TEST_STEP][PASSED] - openBrowser(""): Browser is opened with url: ''

2022-03-31 16:04:03 - [MESSAGE][INFO] - Starting 'Chrome' driver

2022-03-31 16:04:03 - [MESSAGE][INFO] - Action delay is set to 0 milliseconds

2022-03-31 16:04:05 - [MESSAGE][PASSED] - Browser is opened with url: ''

2022-03-31 16:04:05 - [TEST_STEP][PASSED] - navigateToUrl("http://35.237.24.127:8081/dims-app/#/home"): Navigate to 'http://35.237.24.127:8081/dims-app/#/home' successfully

2022-03-31 16:04:19 - [MESSAGE][PASSED] - Navigate to 'http://35.237.24.127:8081/dims-app/#/home' successfully

2022-03-31 16:04:19 - [TEST_STEP][PASSED] - setText(findTestObject("Object Repository/Email Templates/Page_Debt IMS/input_Username_form-control w-75 ng-untouch_2a886e"), username): Text 'SUPER_USER7' is set on object 'Object Repository/Email Templates/Page_Debt IMS/input_Username_form-control w-75 ng-untouch_2a886e'

2022-03-31 16:04:20 - [MESSAGE][PASSED] - Text 'SUPER_USER7' is set on object 'Object Repository/Email Templates/Page_Debt IMS/input_Username_form-control w-75 ng-untouch_2a886e'

2022-03-31 16:04:20 - [TEST_STEP][PASSED] - setText(findTestObject("Object Repository/Email Templates/Page_Debt IMS/input_Password_form-control w-75 ng-untouch_173c6b"), pass): Text 'Abcd1234**' is set on object 'Object Repository/Email Templates/Page_Debt IMS/input_Password_form-control w-75 ng-untouch_173c6b'

2022-03-31 16:04:21 - [MESSAGE][PASSED] - Text 'Abcd1234**' is set on object 'Object Repository/Email Templates/Page_Debt IMS/input_Password_form-control w-75 ng-untouch_173c6b'

2022-03-31 16:04:21 - [TEST_STEP][PASSED] - click(findTestObject("Object Repository/Email Templates/Page_Debt IMS/button_Login")): Object: 'Object Repository/Email Templates/Page_Debt IMS/button_Login' is clicked on

2022-03-31 16:04:22 - [MESSAGE][PASSED] - Object: 'Object Repository/Email Templates/Page_Debt IMS/button_Login' is clicked on

2022-03-31 16:04:22 - [TEST_STEP][PASSED] - click(findTestObject("Object Repository/Email Templates/Page_Debt IMS/strong_Maintenance Tools")): Object: 'Object Repository/Email Templates/Page_Debt IMS/strong_Maintenance Tools' is clicked on

2022-03-31 16:04:22 - [MESSAGE][PASSED] - Object: 'Object Repository/Email Templates/Page_Debt IMS/strong_Maintenance Tools' is clicked on

2022-03-31 16:04:22 - [TEST_STEP][PASSED] - click(findTestObject("Email Campaings/add/span_Email Campaigns")): Object: 'Object Repository/Email Campaings/add/span_Email Campaigns' is clicked on

2022-03-31 16:04:23 - [MESSAGE][PASSED] - Object: 'Object Repository/Email Campaings/add/span_Email Campaigns' is clicked on

2022-03-31 16:04:23 - [TEST_STEP][PASSED] - setText(findTestObject("Email Campaings/Edit/input_Email Campaign choose to edit"), "test aut"): Text 'test aut' is set on object 'Object Repository/Email Campaings/Edit/input_Email Campaign choose to edit'

2022-03-31 16:04:24 - [MESSAGE][PASSED] - Text 'test aut' is set on object 'Object Repository/Email Campaings/Edit/input_Email Campaign choose to edit'

2022-03-31 16:04:24 - [TEST_STEP][PASSED] - click(findTestObject("Email Campaings/Edit/button_Action_editButton")): Object: 'Object Repository/Email Campaings/Edit/button_Action_editButton' is clicked on

2022-03-31 16:04:25 - [MESSAGE][PASSED] - Object: 'Object Repository/Email Campaings/Edit/button_Action_editButton' is clicked on

2022-03-31 16:04:25 - [TEST_STEP][PASSED] - selectOptionByValue(findTestObject("Email Campaings/add/select_Select OneDebt - ImsConsumer"), "2", true): All options with value '2' are selected in object 'Object Repository/Email Campaings/add/select_Select OneDebt - ImsConsumer'  using regular expression

2022-03-31 16:04:26 - [MESSAGE][PASSED] - All options with value '2' are selected in object 'Object Repository/Email Campaings/add/select_Select OneDebt - ImsConsumer'  using regular expression

2022-03-31 16:04:26 - [TEST_STEP][PASSED] - selectOptionByValue(findTestObject("Email Campaings/add/select_Select status"), "2", true): All options with value '2' are selected in object 'Object Repository/Email Campaings/add/select_Select status'  using regular expression

2022-03-31 16:04:27 - [MESSAGE][PASSED] - All options with value '2' are selected in object 'Object Repository/Email Campaings/add/select_Select status'  using regular expression

2022-03-31 16:04:27 - [TEST_STEP][PASSED] - setText(findTestObject("Email Campaings/add/input_Campaign Name_"), name): Text 'Test aut modify' is set on object 'Object Repository/Email Campaings/add/input_Campaign Name_'

2022-03-31 16:04:28 - [MESSAGE][PASSED] - Text 'Test aut modify' is set on object 'Object Repository/Email Campaings/add/input_Campaign Name_'

2022-03-31 16:04:28 - [TEST_STEP][PASSED] - setText(findTestObject("Email Campaings/add/input_Send From Email"), fromemail): Text 'testmodify@test.com' is set on object 'Object Repository/Email Campaings/add/input_Send From Email'

2022-03-31 16:04:29 - [MESSAGE][PASSED] - Text 'testmodify@test.com' is set on object 'Object Repository/Email Campaings/add/input_Send From Email'

2022-03-31 16:04:29 - [TEST_STEP][PASSED] - setText(findTestObject("Email Campaings/add/input_Send To Email"), toemail): Text 'testmodify@test.com' is set on object 'Object Repository/Email Campaings/add/input_Send To Email'

2022-03-31 16:04:30 - [MESSAGE][PASSED] - Text 'testmodify@test.com' is set on object 'Object Repository/Email Campaings/add/input_Send To Email'

2022-03-31 16:04:30 - [TEST_STEP][PASSED] - click(findTestObject("Email Campaings/add/input_Campaign Date_"), STOP_ON_FAILURE): Object: 'Object Repository/Email Campaings/add/input_Campaign Date_' is clicked on

2022-03-31 16:04:30 - [MESSAGE][PASSED] - Object: 'Object Repository/Email Campaings/add/input_Campaign Date_' is clicked on

2022-03-31 16:04:30 - [TEST_STEP][PASSED] - click(findTestObject("Email Campaings/add/span_"), STOP_ON_FAILURE): Object: 'Object Repository/Email Campaings/add/span_' is clicked on

2022-03-31 16:05:01 - [MESSAGE][INFO] - Unable to find the element located by 'By.xpath: (.//*[normalize-space(text()) and normalize-space(.)='March'])[1]/following::span[3]'. Please recheck the objects properties to make sure the desired element is located. 

2022-03-31 16:05:01 - [MESSAGE][WARNING] - [SELF-HEALING] Failed to find element with id 'Object Repository/Email Campaings/add/span_'. Try using Self-healing.

2022-03-31 16:05:02 - [MESSAGE][WARNING] - [SELF-HEALING] The current locator of test object 'Object Repository/Email Campaings/add/span_' was broken. Propose an alternative one: '(.//*[normalize-space(text()) and normalize-space(.)='<'])[1]/following::span[4]'.

2022-03-31 16:05:02 - [MESSAGE][PASSED] - Object: 'Object Repository/Email Campaings/add/span_' is clicked on

2022-03-31 16:05:02 - [TEST_STEP][PASSED] - click(findTestObject("Email Campaings/add/span_5"), STOP_ON_FAILURE): Object: 'Object Repository/Email Campaings/add/span_5' is clicked on

2022-03-31 16:05:02 - [MESSAGE][PASSED] - Object: 'Object Repository/Email Campaings/add/span_5' is clicked on

2022-03-31 16:05:02 - [TEST_STEP][PASSED] - delay(10): Delayed 10 second(s)

2022-03-31 16:05:12 - [MESSAGE][PASSED] - Delayed 10 second(s)

2022-03-31 16:05:12 - [TEST_STEP][PASSED] - scrollToElement(findTestObject("Email Campaings/add/button_Welcome, Julio Uzctegui_saveButton"), 0): Scroll to object 'Object Repository/Email Campaings/add/button_Welcome, Julio Uzctegui_saveButton' successfully

2022-03-31 16:05:12 - [MESSAGE][WARNING] - Timeout '0' is invalid. Using default page load timeout: '30'

2022-03-31 16:05:13 - [MESSAGE][PASSED] - Scroll to object 'Object Repository/Email Campaings/add/button_Welcome, Julio Uzctegui_saveButton' successfully

2022-03-31 16:05:13 - [TEST_STEP][PASSED] - click(findTestObject("Email Campaings/add/button_Welcome, Julio Uzctegui_saveButton")): Object: 'Object Repository/Email Campaings/add/button_Welcome, Julio Uzctegui_saveButton' is clicked on

2022-03-31 16:05:13 - [MESSAGE][PASSED] - Object: 'Object Repository/Email Campaings/add/button_Welcome, Julio Uzctegui_saveButton' is clicked on

2022-03-31 16:05:13 - [TEST_STEP][PASSED] - closeBrowser(): Browser is closed

2022-03-31 16:05:13 - [MESSAGE][PASSED] - Browser is closed]]></system-out>
         <system-err><![CDATA[]]></system-err>
      </testcase>
      <system-out><![CDATA[2022-03-31 16:04:02 - [TEST_SUITE][PASSED] - Email Campaings: Test Cases/Edit Email Campaing]]></system-out>
      <system-err><![CDATA[]]></system-err>
   </testsuite>
</testsuites>
