<?xml version="1.0" encoding="UTF-8"?>
<testsuites name="DIMS" time="60.087" tests="3" failures="2" errors="0">
   <testsuite name="DIMS" tests="3" failures="2" errors="0" time="60.087" skipped="0" timestamp="2022-03-14 11:50:07" hostname="juzcategui - juzcategui" id="Test Suites/DIMS">
      <properties>
         <property name="deviceName" value=""/>
         <property name="devicePlatform" value=""/>
         <property name="logFolder" value="/home/juzcategui/git/DIMS/Reports/20220314_115003/DIMS/20220314_115003"/>
         <property name="logFiles" value="/home/juzcategui/git/DIMS/Reports/20220314_115003/DIMS/20220314_115003/execution0.log"/>
         <property name="attachments" value=""/>
         <property name="hostName" value="juzcategui - juzcategui"/>
         <property name="os" value="Linux 64bit"/>
         <property name="katalonVersion" value="8.2.5.208"/>
         <property name="browser" value="Chrome 98.0.4758.102"/>
         <property name="hostAddress" value="192.168.250.10"/>
         <property name="sessionId" value="9a4272dbbad7360ea9ba5d5e2857ee23"/>
         <property name="seleniumVersion" value="3.141.59"/>
         <property name="proxyInformation" value="ProxyInformation { proxyOption=NO_PROXY, proxyServerType=HTTP, username=, password=********, proxyServerAddress=, proxyServerPort=0, executionList=&quot;&quot;, isApplyToDesiredCapabilities=true }"/>
         <property name="platform" value="Linux"/>
      </properties>
      <testcase name="Test Cases/Add Office CGTS" time="53.734" classname="Test Cases/Add Office CGTS" status="PASSED">
         <system-out><![CDATA[2022-03-14 11:50:08 - [TEST_CASE][PASSED] - Test Cases/Add Office CGTS: Test Cases/Add Office CGTS

2022-03-14 11:50:09 - [TEST_STEP][PASSED] - openBrowser(""): Browser is opened with url: ''

2022-03-14 11:50:09 - [MESSAGE][INFO] - Starting 'Chrome' driver

2022-03-14 11:50:09 - [MESSAGE][INFO] - Action delay is set to 0 milliseconds

2022-03-14 11:50:11 - [MESSAGE][PASSED] - Browser is opened with url: ''

2022-03-14 11:50:11 - [TEST_STEP][PASSED] - navigateToUrl("http://35.237.24.127:8081/dims-app/#/home"): Navigate to 'http://35.237.24.127:8081/dims-app/#/home' successfully

2022-03-14 11:50:34 - [MESSAGE][PASSED] - Navigate to 'http://35.237.24.127:8081/dims-app/#/home' successfully

2022-03-14 11:50:34 - [TEST_STEP][PASSED] - setText(findTestObject("Object Repository/debt ims R/Page_Debt IMS/input_Username_form-control w-75 ng-untouch_2a886e"), username): Text 'SUPER_USER7' is set on object 'Object Repository/debt ims R/Page_Debt IMS/input_Username_form-control w-75 ng-untouch_2a886e'

2022-03-14 11:50:35 - [MESSAGE][PASSED] - Text 'SUPER_USER7' is set on object 'Object Repository/debt ims R/Page_Debt IMS/input_Username_form-control w-75 ng-untouch_2a886e'

2022-03-14 11:50:35 - [TEST_STEP][PASSED] - setText(findTestObject("Object Repository/debt ims R/Page_Debt IMS/input_Password_form-control w-75 ng-untouch_173c6b"), pass): Text 'Abcd1234**' is set on object 'Object Repository/debt ims R/Page_Debt IMS/input_Password_form-control w-75 ng-untouch_173c6b'

2022-03-14 11:50:36 - [MESSAGE][PASSED] - Text 'Abcd1234**' is set on object 'Object Repository/debt ims R/Page_Debt IMS/input_Password_form-control w-75 ng-untouch_173c6b'

2022-03-14 11:50:36 - [TEST_STEP][PASSED] - click(findTestObject("Object Repository/debt ims R/Page_Debt IMS/button_Login")): Object: 'Object Repository/debt ims R/Page_Debt IMS/button_Login' is clicked on

2022-03-14 11:50:38 - [MESSAGE][PASSED] - Object: 'Object Repository/debt ims R/Page_Debt IMS/button_Login' is clicked on

2022-03-14 11:50:38 - [TEST_STEP][PASSED] - click(findTestObject("Object Repository/debt ims R/Page_Debt IMS/strong_Office Tools")): Object: 'Object Repository/debt ims R/Page_Debt IMS/strong_Office Tools' is clicked on

2022-03-14 11:50:40 - [MESSAGE][PASSED] - Object: 'Object Repository/debt ims R/Page_Debt IMS/strong_Office Tools' is clicked on

2022-03-14 11:50:40 - [TEST_STEP][PASSED] - click(findTestObject("Object Repository/debt ims R/Page_Debt IMS/span_Office")): Object: 'Object Repository/debt ims R/Page_Debt IMS/span_Office' is clicked on

2022-03-14 11:50:40 - [MESSAGE][PASSED] - Object: 'Object Repository/debt ims R/Page_Debt IMS/span_Office' is clicked on

2022-03-14 11:50:40 - [TEST_STEP][PASSED] - click(findTestObject("Object Repository/debt ims R/Page_Debt IMS/button_Welcome, Anifer Da Rocha_addButton")): Object: 'Object Repository/debt ims R/Page_Debt IMS/button_Welcome, Anifer Da Rocha_addButton' is clicked on

2022-03-14 11:50:43 - [MESSAGE][PASSED] - Object: 'Object Repository/debt ims R/Page_Debt IMS/button_Welcome, Anifer Da Rocha_addButton' is clicked on

2022-03-14 11:50:43 - [TEST_STEP][PASSED] - setText(findTestObject("debt ims R/Page_Debt IMS/input_Office Name_form-control shadow-none ng-pristine ng-invalid ng-touched"), officename): Text 'Oficina CGTS' is set on object 'Object Repository/debt ims R/Page_Debt IMS/input_Office Name_form-control shadow-none ng-pristine ng-invalid ng-touched'

2022-03-14 11:50:46 - [MESSAGE][PASSED] - Text 'Oficina CGTS' is set on object 'Object Repository/debt ims R/Page_Debt IMS/input_Office Name_form-control shadow-none ng-pristine ng-invalid ng-touched'

2022-03-14 11:50:46 - [TEST_STEP][PASSED] - setText(findTestObject("debt ims R/Page_Debt IMS/input_Office Alias_form-control shadow-none ng-untouched ng-pristine ng-invalid"), officealias): Text 'alias de la oficina' is set on object 'Object Repository/debt ims R/Page_Debt IMS/input_Office Alias_form-control shadow-none ng-untouched ng-pristine ng-invalid'

2022-03-14 11:50:47 - [MESSAGE][PASSED] - Text 'alias de la oficina' is set on object 'Object Repository/debt ims R/Page_Debt IMS/input_Office Alias_form-control shadow-none ng-untouched ng-pristine ng-invalid'

2022-03-14 11:50:47 - [TEST_STEP][PASSED] - setText(findTestObject("debt ims R/Page_Debt IMS/input_Address_form-control shadow-none ng-untouched ng-pristine ng-invalid"), addres): Text 'direccion' is set on object 'Object Repository/debt ims R/Page_Debt IMS/input_Address_form-control shadow-none ng-untouched ng-pristine ng-invalid'

2022-03-14 11:50:48 - [MESSAGE][PASSED] - Text 'direccion' is set on object 'Object Repository/debt ims R/Page_Debt IMS/input_Address_form-control shadow-none ng-untouched ng-pristine ng-invalid'

2022-03-14 11:50:48 - [TEST_STEP][PASSED] - selectOptionByValue(findTestObject("Object Repository/debt ims R/Page_Debt IMS/select_Select OneUNITED STATES OF AMERICA"), "1: Object", true): All options with value '1: Object' are selected in object 'Object Repository/debt ims R/Page_Debt IMS/select_Select OneUNITED STATES OF AMERICA'  using regular expression

2022-03-14 11:50:49 - [MESSAGE][PASSED] - All options with value '1: Object' are selected in object 'Object Repository/debt ims R/Page_Debt IMS/select_Select OneUNITED STATES OF AMERICA'  using regular expression

2022-03-14 11:50:49 - [TEST_STEP][PASSED] - selectOptionByValue(findTestObject("Object Repository/debt ims R/Page_Debt IMS/select_Select OneUS Armed Forces EuropeAlas_fd93bc"), "8: Object", true): All options with value '8: Object' are selected in object 'Object Repository/debt ims R/Page_Debt IMS/select_Select OneUS Armed Forces EuropeAlas_fd93bc'  using regular expression

2022-03-14 11:50:51 - [MESSAGE][PASSED] - All options with value '8: Object' are selected in object 'Object Repository/debt ims R/Page_Debt IMS/select_Select OneUS Armed Forces EuropeAlas_fd93bc'  using regular expression

2022-03-14 11:50:51 - [TEST_STEP][PASSED] - setText(findTestObject("debt ims R/Page_Debt IMS/input_Zip_form-control shadow-none ng-untouched ng-pristine ng-valid"), zip): Text '1014' is set on object 'Object Repository/debt ims R/Page_Debt IMS/input_Zip_form-control shadow-none ng-untouched ng-pristine ng-valid'

2022-03-14 11:50:52 - [MESSAGE][PASSED] - Text '1014' is set on object 'Object Repository/debt ims R/Page_Debt IMS/input_Zip_form-control shadow-none ng-untouched ng-pristine ng-valid'

2022-03-14 11:50:52 - [TEST_STEP][PASSED] - setText(findTestObject("debt ims R/Page_Debt IMS/input_City_form-control shadow-none ng-pristine ng-valid ng-touched"), city): Text 'california' is set on object 'Object Repository/debt ims R/Page_Debt IMS/input_City_form-control shadow-none ng-pristine ng-valid ng-touched'

2022-03-14 11:50:52 - [MESSAGE][PASSED] - Text 'california' is set on object 'Object Repository/debt ims R/Page_Debt IMS/input_City_form-control shadow-none ng-pristine ng-valid ng-touched'

2022-03-14 11:50:52 - [TEST_STEP][PASSED] - selectOptionByValue(findTestObject("Object Repository/debt ims R/Page_Debt IMS/select_Select OneDebt - Ims"), "1: Object", true): All options with value '1: Object' are selected in object 'Object Repository/debt ims R/Page_Debt IMS/select_Select OneDebt - Ims'  using regular expression

2022-03-14 11:50:53 - [MESSAGE][PASSED] - All options with value '1: Object' are selected in object 'Object Repository/debt ims R/Page_Debt IMS/select_Select OneDebt - Ims'  using regular expression

2022-03-14 11:50:53 - [TEST_STEP][PASSED] - setText(findTestObject("Object Repository/debt ims R/Page_Debt IMS/input_Phone Number_form-control shadow-none_f75f0d"), phone): Text '4141115' is set on object 'Object Repository/debt ims R/Page_Debt IMS/input_Phone Number_form-control shadow-none_f75f0d'

2022-03-14 11:50:54 - [MESSAGE][PASSED] - Text '4141115' is set on object 'Object Repository/debt ims R/Page_Debt IMS/input_Phone Number_form-control shadow-none_f75f0d'

2022-03-14 11:50:54 - [TEST_STEP][PASSED] - setText(findTestObject("debt ims R/Page_Debt IMS/input_Fax Number_form-control shadow-none ng-untouched ng-pristine ng-invalid"), fax): Text '1014' is set on object 'Object Repository/debt ims R/Page_Debt IMS/input_Fax Number_form-control shadow-none ng-untouched ng-pristine ng-invalid'

2022-03-14 11:50:55 - [MESSAGE][PASSED] - Text '1014' is set on object 'Object Repository/debt ims R/Page_Debt IMS/input_Fax Number_form-control shadow-none ng-untouched ng-pristine ng-invalid'

2022-03-14 11:50:55 - [TEST_STEP][PASSED] - setText(findTestObject("debt ims R/Page_Debt IMS/input_Web Site_form-control shadow-none ng-untouched ng-pristine ng-invalid"), web): Text 'paginaweb.com' is set on object 'Object Repository/debt ims R/Page_Debt IMS/input_Web Site_form-control shadow-none ng-untouched ng-pristine ng-invalid'

2022-03-14 11:50:56 - [MESSAGE][PASSED] - Text 'paginaweb.com' is set on object 'Object Repository/debt ims R/Page_Debt IMS/input_Web Site_form-control shadow-none ng-untouched ng-pristine ng-invalid'

2022-03-14 11:50:56 - [TEST_STEP][PASSED] - setText(findTestObject("debt ims R/Page_Debt IMS/input_Landing URL prefix_form-control shadow-none ng-untouched ng-pristine ng-invalid"), landing): Text 'paginadelanding.com' is set on object 'Object Repository/debt ims R/Page_Debt IMS/input_Landing URL prefix_form-control shadow-none ng-untouched ng-pristine ng-invalid'

2022-03-14 11:50:56 - [MESSAGE][PASSED] - Text 'paginadelanding.com' is set on object 'Object Repository/debt ims R/Page_Debt IMS/input_Landing URL prefix_form-control shadow-none ng-untouched ng-pristine ng-invalid'

2022-03-14 11:50:56 - [TEST_STEP][PASSED] - selectOptionByValue(findTestObject("Object Repository/debt ims R/Page_Debt IMS/select_Select Time ZoneEastern Standard Cen_41b770"), "Eastern Standard", true): All options with value 'Eastern Standard' are selected in object 'Object Repository/debt ims R/Page_Debt IMS/select_Select Time ZoneEastern Standard Cen_41b770'  using regular expression

2022-03-14 11:50:57 - [MESSAGE][PASSED] - All options with value 'Eastern Standard' are selected in object 'Object Repository/debt ims R/Page_Debt IMS/select_Select Time ZoneEastern Standard Cen_41b770'  using regular expression

2022-03-14 11:50:57 - [TEST_STEP][PASSED] - selectOptionByValue(findTestObject("Object Repository/debt ims R/Page_Debt IMS/select_Select OneCommunityRejectedUnassigned"), "Unassigned", true): All options with value 'Unassigned' are selected in object 'Object Repository/debt ims R/Page_Debt IMS/select_Select OneCommunityRejectedUnassigned'  using regular expression

2022-03-14 11:50:58 - [MESSAGE][PASSED] - All options with value 'Unassigned' are selected in object 'Object Repository/debt ims R/Page_Debt IMS/select_Select OneCommunityRejectedUnassigned'  using regular expression

2022-03-14 11:50:58 - [TEST_STEP][PASSED] - selectOptionByValue(findTestObject("Object Repository/debt ims R/Page_Debt IMS/select_Select OneYesNo"), "true", true): All options with value 'true' are selected in object 'Object Repository/debt ims R/Page_Debt IMS/select_Select OneYesNo'  using regular expression

2022-03-14 11:50:59 - [MESSAGE][PASSED] - All options with value 'true' are selected in object 'Object Repository/debt ims R/Page_Debt IMS/select_Select OneYesNo'  using regular expression

2022-03-14 11:50:59 - [TEST_STEP][PASSED] - selectOptionByValue(findTestObject("Object Repository/debt ims R/Page_Debt IMS/select_Select OneTest"), " ", true): All options with value ' ' are selected in object 'Object Repository/debt ims R/Page_Debt IMS/select_Select OneTest'  using regular expression

2022-03-14 11:51:00 - [MESSAGE][PASSED] - All options with value ' ' are selected in object 'Object Repository/debt ims R/Page_Debt IMS/select_Select OneTest'  using regular expression

2022-03-14 11:51:00 - [TEST_STEP][PASSED] - selectOptionByValue(findTestObject("Object Repository/debt ims R/Page_Debt IMS/select_Select OneMeridian"), "Meridian", true): All options with value 'Meridian' are selected in object 'Object Repository/debt ims R/Page_Debt IMS/select_Select OneMeridian'  using regular expression

2022-03-14 11:51:01 - [MESSAGE][PASSED] - All options with value 'Meridian' are selected in object 'Object Repository/debt ims R/Page_Debt IMS/select_Select OneMeridian'  using regular expression

2022-03-14 11:51:01 - [TEST_STEP][PASSED] - click(findTestObject("debt ims R/Page_Debt IMS/button_Welcome, Julio Uzctegui_saveButton")): Object: 'Object Repository/debt ims R/Page_Debt IMS/button_Welcome, Julio Uzctegui_saveButton' is clicked on

2022-03-14 11:51:02 - [MESSAGE][PASSED] - Object: 'Object Repository/debt ims R/Page_Debt IMS/button_Welcome, Julio Uzctegui_saveButton' is clicked on

2022-03-14 11:51:02 - [TEST_STEP][PASSED] - closeBrowser(): Browser is closed

2022-03-14 11:51:02 - [MESSAGE][PASSED] - Browser is closed]]></system-out>
         <system-err><![CDATA[]]></system-err>
      </testcase>
      <testcase name="Test Cases/Edit Office - CGTS" time="2.505" classname="Test Cases/Edit Office - CGTS" status="FAILED">
         <failure type="FAILED" message="Test Cases/Edit Office - CGTS FAILED.
Reason:
com.kms.katalon.core.exception.StepFailedException: Unable to navigate to 'http://35.237.24.127:8081/dims-app/#/home'
	at com.kms.katalon.core.webui.keyword.internal.WebUIKeywordMain.stepFailed(WebUIKeywordMain.groovy:64)
	at com.kms.katalon.core.webui.keyword.internal.WebUIKeywordMain.runKeyword(WebUIKeywordMain.groovy:26)
	at com.kms.katalon.core.webui.keyword.builtin.NavigateToUrlKeyword.navigateToUrl(NavigateToUrlKeyword.groovy:83)
	at com.kms.katalon.core.webui.keyword.builtin.NavigateToUrlKeyword.execute(NavigateToUrlKeyword.groovy:67)
	at com.kms.katalon.core.keyword.internal.KeywordExecutor.executeKeywordForPlatform(KeywordExecutor.groovy:74)
	at com.kms.katalon.core.webui.keyword.WebUiBuiltInKeywords.navigateToUrl(WebUiBuiltInKeywords.groovy:187)
	at com.kms.katalon.core.webui.keyword.WebUiBuiltInKeywords$navigateToUrl$0.call(Unknown Source)
	at Edit Office - CGTS.run(Edit Office - CGTS:22)
	at com.kms.katalon.core.main.ScriptEngine.run(ScriptEngine.java:194)
	at com.kms.katalon.core.main.ScriptEngine.runScriptAsRawText(ScriptEngine.java:119)
	at com.kms.katalon.core.main.TestCaseExecutor.runScript(TestCaseExecutor.java:442)
	at com.kms.katalon.core.main.TestCaseExecutor.doExecute(TestCaseExecutor.java:433)
	at com.kms.katalon.core.main.TestCaseExecutor.processExecutionPhase(TestCaseExecutor.java:412)
	at com.kms.katalon.core.main.TestCaseExecutor.accessMainPhase(TestCaseExecutor.java:404)
	at com.kms.katalon.core.main.TestCaseExecutor.execute(TestCaseExecutor.java:281)
	at com.kms.katalon.core.main.TestSuiteExecutor.accessTestCaseMainPhase(TestSuiteExecutor.java:202)
	at com.kms.katalon.core.main.TestSuiteExecutor.accessTestSuiteMainPhase(TestSuiteExecutor.java:164)
	at com.kms.katalon.core.main.TestSuiteExecutor.execute(TestSuiteExecutor.java:105)
	at com.kms.katalon.core.main.TestCaseMain.startTestSuite(TestCaseMain.java:185)
	at com.kms.katalon.core.main.TestCaseMain$startTestSuite$0.call(Unknown Source)
	at TempTestSuite1647273003758.run(TempTestSuite1647273003758.groovy:36)
Caused by: org.openqa.selenium.WebDriverException: unknown error: cannot determine loading status
from disconnected: received Inspector.detached event
  (Session info: chrome=98.0.4758.102)
Build info: version: '3.141.59', revision: 'e82be7d358', time: '2018-11-14T08:25:53'
System info: host: 'juzcategui', ip: '192.168.250.10', os.name: 'Linux', os.arch: 'amd64', os.version: '5.13.0-30-generic', java.version: '1.8.0_312'
Driver info: com.kms.katalon.selenium.driver.CChromeDriver
Capabilities {acceptInsecureCerts: false, browserName: chrome, browserVersion: 98.0.4758.102, chrome: {chromedriverVersion: 97.0.4692.36 (747e0a0f19c13..., userDataDir: /tmp/.com.google.Chrome.U8Cqm9}, goog:chromeOptions: {debuggerAddress: localhost:39043}, javascriptEnabled: true, networkConnectionEnabled: false, pageLoadStrategy: normal, platform: LINUX, platformName: LINUX, proxy: Proxy(), setWindowRect: true, strictFileInteractability: false, timeouts: {implicit: 0, pageLoad: 300000, script: 30000}, unhandledPromptBehavior: dismiss and notify, webauthn:extension:credBlob: true, webauthn:extension:largeBlob: true, webauthn:virtualAuthenticators: true}
Session ID: 058c797e09a5ff6508ac4615e9590cb5
	at org.openqa.selenium.remote.http.W3CHttpResponseCodec.createException(W3CHttpResponseCodec.java:187)
	at org.openqa.selenium.remote.http.W3CHttpResponseCodec.decode(W3CHttpResponseCodec.java:122)
	at org.openqa.selenium.remote.http.W3CHttpResponseCodec.decode(W3CHttpResponseCodec.java:49)
	at org.openqa.selenium.remote.HttpCommandExecutor.execute(HttpCommandExecutor.java:158)
	at org.openqa.selenium.remote.service.DriverCommandExecutor.execute(DriverCommandExecutor.java:83)
	at org.openqa.selenium.remote.RemoteWebDriver.execute(RemoteWebDriver.java:552)
	at com.kms.katalon.selenium.driver.CChromeDriver.execute(CChromeDriver.java:19)
	at org.openqa.selenium.remote.RemoteWebDriver.get(RemoteWebDriver.java:277)
	at org.openqa.selenium.remote.RemoteWebDriver$RemoteNavigation.to(RemoteWebDriver.java:857)
	at org.openqa.selenium.support.events.EventFiringWebDriver$EventFiringNavigation.to(EventFiringWebDriver.java:569)
	at com.kms.katalon.core.webui.keyword.builtin.NavigateToUrlKeyword$_navigateToUrl_closure1.doCall(NavigateToUrlKeyword.groovy:81)
	at com.kms.katalon.core.webui.keyword.builtin.NavigateToUrlKeyword$_navigateToUrl_closure1.call(NavigateToUrlKeyword.groovy)
	at com.kms.katalon.core.webui.keyword.internal.WebUIKeywordMain.runKeyword(WebUIKeywordMain.groovy:20)
	... 19 more
"/>
         <system-out><![CDATA[2022-03-14 11:51:02 - [TEST_CASE][FAILED] - Test Cases/Edit Office - CGTS: Test Cases/Edit Office - CGTS FAILED.
Reason:
com.kms.katalon.core.exception.StepFailedException: Unable to navigate to 'http://35.237.24.127:8081/dims-app/#/home'
	at com.kms.katalon.core.webui.keyword.internal.WebUIKeywordMain.stepFailed(WebUIKeywordMain.groovy:64)
	at com.kms.katalon.core.webui.keyword.internal.WebUIKeywordMain.runKeyword(WebUIKeywordMain.groovy:26)
	at com.kms.katalon.core.webui.keyword.builtin.NavigateToUrlKeyword.navigateToUrl(NavigateToUrlKeyword.groovy:83)
	at com.kms.katalon.core.webui.keyword.builtin.NavigateToUrlKeyword.execute(NavigateToUrlKeyword.groovy:67)
	at com.kms.katalon.core.keyword.internal.KeywordExecutor.executeKeywordForPlatform(KeywordExecutor.groovy:74)
	at com.kms.katalon.core.webui.keyword.WebUiBuiltInKeywords.navigateToUrl(WebUiBuiltInKeywords.groovy:187)
	at com.kms.katalon.core.webui.keyword.WebUiBuiltInKeywords$navigateToUrl$0.call(Unknown Source)
	at Edit Office - CGTS.run(Edit Office - CGTS:22)
	at com.kms.katalon.core.main.ScriptEngine.run(ScriptEngine.java:194)
	at com.kms.katalon.core.main.ScriptEngine.runScriptAsRawText(ScriptEngine.java:119)
	at com.kms.katalon.core.main.TestCaseExecutor.runScript(TestCaseExecutor.java:442)
	at com.kms.katalon.core.main.TestCaseExecutor.doExecute(TestCaseExecutor.java:433)
	at com.kms.katalon.core.main.TestCaseExecutor.processExecutionPhase(TestCaseExecutor.java:412)
	at com.kms.katalon.core.main.TestCaseExecutor.accessMainPhase(TestCaseExecutor.java:404)
	at com.kms.katalon.core.main.TestCaseExecutor.execute(TestCaseExecutor.java:281)
	at com.kms.katalon.core.main.TestSuiteExecutor.accessTestCaseMainPhase(TestSuiteExecutor.java:202)
	at com.kms.katalon.core.main.TestSuiteExecutor.accessTestSuiteMainPhase(TestSuiteExecutor.java:164)
	at com.kms.katalon.core.main.TestSuiteExecutor.execute(TestSuiteExecutor.java:105)
	at com.kms.katalon.core.main.TestCaseMain.startTestSuite(TestCaseMain.java:185)
	at com.kms.katalon.core.main.TestCaseMain$startTestSuite$0.call(Unknown Source)
	at TempTestSuite1647273003758.run(TempTestSuite1647273003758.groovy:36)
Caused by: org.openqa.selenium.WebDriverException: unknown error: cannot determine loading status
from disconnected: received Inspector.detached event
  (Session info: chrome=98.0.4758.102)
Build info: version: '3.141.59', revision: 'e82be7d358', time: '2018-11-14T08:25:53'
System info: host: 'juzcategui', ip: '192.168.250.10', os.name: 'Linux', os.arch: 'amd64', os.version: '5.13.0-30-generic', java.version: '1.8.0_312'
Driver info: com.kms.katalon.selenium.driver.CChromeDriver
Capabilities {acceptInsecureCerts: false, browserName: chrome, browserVersion: 98.0.4758.102, chrome: {chromedriverVersion: 97.0.4692.36 (747e0a0f19c13..., userDataDir: /tmp/.com.google.Chrome.U8Cqm9}, goog:chromeOptions: {debuggerAddress: localhost:39043}, javascriptEnabled: true, networkConnectionEnabled: false, pageLoadStrategy: normal, platform: LINUX, platformName: LINUX, proxy: Proxy(), setWindowRect: true, strictFileInteractability: false, timeouts: {implicit: 0, pageLoad: 300000, script: 30000}, unhandledPromptBehavior: dismiss and notify, webauthn:extension:credBlob: true, webauthn:extension:largeBlob: true, webauthn:virtualAuthenticators: true}
Session ID: 058c797e09a5ff6508ac4615e9590cb5
	at org.openqa.selenium.remote.http.W3CHttpResponseCodec.createException(W3CHttpResponseCodec.java:187)
	at org.openqa.selenium.remote.http.W3CHttpResponseCodec.decode(W3CHttpResponseCodec.java:122)
	at org.openqa.selenium.remote.http.W3CHttpResponseCodec.decode(W3CHttpResponseCodec.java:49)
	at org.openqa.selenium.remote.HttpCommandExecutor.execute(HttpCommandExecutor.java:158)
	at org.openqa.selenium.remote.service.DriverCommandExecutor.execute(DriverCommandExecutor.java:83)
	at org.openqa.selenium.remote.RemoteWebDriver.execute(RemoteWebDriver.java:552)
	at com.kms.katalon.selenium.driver.CChromeDriver.execute(CChromeDriver.java:19)
	at org.openqa.selenium.remote.RemoteWebDriver.get(RemoteWebDriver.java:277)
	at org.openqa.selenium.remote.RemoteWebDriver$RemoteNavigation.to(RemoteWebDriver.java:857)
	at org.openqa.selenium.support.events.EventFiringWebDriver$EventFiringNavigation.to(EventFiringWebDriver.java:569)
	at com.kms.katalon.core.webui.keyword.builtin.NavigateToUrlKeyword$_navigateToUrl_closure1.doCall(NavigateToUrlKeyword.groovy:81)
	at com.kms.katalon.core.webui.keyword.builtin.NavigateToUrlKeyword$_navigateToUrl_closure1.call(NavigateToUrlKeyword.groovy)
	at com.kms.katalon.core.webui.keyword.internal.WebUIKeywordMain.runKeyword(WebUIKeywordMain.groovy:20)
	... 19 more


2022-03-14 11:51:02 - [TEST_STEP][PASSED] - openBrowser(""): Browser is opened with url: ''

2022-03-14 11:51:02 - [MESSAGE][INFO] - Starting 'Chrome' driver

2022-03-14 11:51:02 - [MESSAGE][INFO] - Action delay is set to 0 milliseconds

2022-03-14 11:51:03 - [MESSAGE][PASSED] - Browser is opened with url: ''

2022-03-14 11:51:03 - [TEST_STEP][FAILED] - navigateToUrl("http://35.237.24.127:8081/dims-app/#/home"): Unable to navigate to 'http://35.237.24.127:8081/dims-app/#/home' (Root cause: com.kms.katalon.core.exception.StepFailedException: Unable to navigate to 'http://35.237.24.127:8081/dims-app/#/home'
	at com.kms.katalon.core.webui.keyword.internal.WebUIKeywordMain.stepFailed(WebUIKeywordMain.groovy:64)
	at com.kms.katalon.core.webui.keyword.internal.WebUIKeywordMain.runKeyword(WebUIKeywordMain.groovy:26)
	at com.kms.katalon.core.webui.keyword.builtin.NavigateToUrlKeyword.navigateToUrl(NavigateToUrlKeyword.groovy:83)
	at com.kms.katalon.core.webui.keyword.builtin.NavigateToUrlKeyword.execute(NavigateToUrlKeyword.groovy:67)
	at com.kms.katalon.core.keyword.internal.KeywordExecutor.executeKeywordForPlatform(KeywordExecutor.groovy:74)
	at com.kms.katalon.core.webui.keyword.WebUiBuiltInKeywords.navigateToUrl(WebUiBuiltInKeywords.groovy:187)
	at com.kms.katalon.core.webui.keyword.WebUiBuiltInKeywords$navigateToUrl$0.call(Unknown Source)
	at Edit Office - CGTS.run(Edit Office - CGTS:22)
	at com.kms.katalon.core.main.ScriptEngine.run(ScriptEngine.java:194)
	at com.kms.katalon.core.main.ScriptEngine.runScriptAsRawText(ScriptEngine.java:119)
	at com.kms.katalon.core.main.TestCaseExecutor.runScript(TestCaseExecutor.java:442)
	at com.kms.katalon.core.main.TestCaseExecutor.doExecute(TestCaseExecutor.java:433)
	at com.kms.katalon.core.main.TestCaseExecutor.processExecutionPhase(TestCaseExecutor.java:412)
	at com.kms.katalon.core.main.TestCaseExecutor.accessMainPhase(TestCaseExecutor.java:404)
	at com.kms.katalon.core.main.TestCaseExecutor.execute(TestCaseExecutor.java:281)
	at com.kms.katalon.core.main.TestSuiteExecutor.accessTestCaseMainPhase(TestSuiteExecutor.java:202)
	at com.kms.katalon.core.main.TestSuiteExecutor.accessTestSuiteMainPhase(TestSuiteExecutor.java:164)
	at com.kms.katalon.core.main.TestSuiteExecutor.execute(TestSuiteExecutor.java:105)
	at com.kms.katalon.core.main.TestCaseMain.startTestSuite(TestCaseMain.java:185)
	at com.kms.katalon.core.main.TestCaseMain$startTestSuite$0.call(Unknown Source)
	at TempTestSuite1647273003758.run(TempTestSuite1647273003758.groovy:36)
Caused by: org.openqa.selenium.WebDriverException: unknown error: cannot determine loading status
from disconnected: received Inspector.detached event
  (Session info: chrome=98.0.4758.102)
Build info: version: '3.141.59', revision: 'e82be7d358', time: '2018-11-14T08:25:53'
System info: host: 'juzcategui', ip: '192.168.250.10', os.name: 'Linux', os.arch: 'amd64', os.version: '5.13.0-30-generic', java.version: '1.8.0_312'
Driver info: com.kms.katalon.selenium.driver.CChromeDriver
Capabilities {acceptInsecureCerts: false, browserName: chrome, browserVersion: 98.0.4758.102, chrome: {chromedriverVersion: 97.0.4692.36 (747e0a0f19c13..., userDataDir: /tmp/.com.google.Chrome.U8Cqm9}, goog:chromeOptions: {debuggerAddress: localhost:39043}, javascriptEnabled: true, networkConnectionEnabled: false, pageLoadStrategy: normal, platform: LINUX, platformName: LINUX, proxy: Proxy(), setWindowRect: true, strictFileInteractability: false, timeouts: {implicit: 0, pageLoad: 300000, script: 30000}, unhandledPromptBehavior: dismiss and notify, webauthn:extension:credBlob: true, webauthn:extension:largeBlob: true, webauthn:virtualAuthenticators: true}
Session ID: 058c797e09a5ff6508ac4615e9590cb5
	at org.openqa.selenium.remote.http.W3CHttpResponseCodec.createException(W3CHttpResponseCodec.java:187)
	at org.openqa.selenium.remote.http.W3CHttpResponseCodec.decode(W3CHttpResponseCodec.java:122)
	at org.openqa.selenium.remote.http.W3CHttpResponseCodec.decode(W3CHttpResponseCodec.java:49)
	at org.openqa.selenium.remote.HttpCommandExecutor.execute(HttpCommandExecutor.java:158)
	at org.openqa.selenium.remote.service.DriverCommandExecutor.execute(DriverCommandExecutor.java:83)
	at org.openqa.selenium.remote.RemoteWebDriver.execute(RemoteWebDriver.java:552)
	at com.kms.katalon.selenium.driver.CChromeDriver.execute(CChromeDriver.java:19)
	at org.openqa.selenium.remote.RemoteWebDriver.get(RemoteWebDriver.java:277)
	at org.openqa.selenium.remote.RemoteWebDriver$RemoteNavigation.to(RemoteWebDriver.java:857)
	at org.openqa.selenium.support.events.EventFiringWebDriver$EventFiringNavigation.to(EventFiringWebDriver.java:569)
	at com.kms.katalon.core.webui.keyword.builtin.NavigateToUrlKeyword$_navigateToUrl_closure1.doCall(NavigateToUrlKeyword.groovy:81)
	at com.kms.katalon.core.webui.keyword.builtin.NavigateToUrlKeyword$_navigateToUrl_closure1.call(NavigateToUrlKeyword.groovy)
	at com.kms.katalon.core.webui.keyword.internal.WebUIKeywordMain.runKeyword(WebUIKeywordMain.groovy:20)
	at com.kms.katalon.core.webui.keyword.builtin.NavigateToUrlKeyword.navigateToUrl(NavigateToUrlKeyword.groovy:83)
	at com.kms.katalon.core.webui.keyword.builtin.NavigateToUrlKeyword.execute(NavigateToUrlKeyword.groovy:67)
	at com.kms.katalon.core.keyword.internal.KeywordExecutor.executeKeywordForPlatform(KeywordExecutor.groovy:74)
	at com.kms.katalon.core.webui.keyword.WebUiBuiltInKeywords.navigateToUrl(WebUiBuiltInKeywords.groovy:187)
	at com.kms.katalon.core.webui.keyword.WebUiBuiltInKeywords$navigateToUrl$0.call(Unknown Source)
	at Script1647272156436.run(Script1647272156436.groovy:22)
	... 13 more
)

2022-03-14 11:51:05 - [MESSAGE][WARNING] - Cannot take screenshot

2022-03-14 11:51:05 - [MESSAGE][FAILED] - Unable to navigate to 'http://35.237.24.127:8081/dims-app/#/home' (Root cause: com.kms.katalon.core.exception.StepFailedException: Unable to navigate to 'http://35.237.24.127:8081/dims-app/#/home'
	at com.kms.katalon.core.webui.keyword.internal.WebUIKeywordMain.stepFailed(WebUIKeywordMain.groovy:64)
	at com.kms.katalon.core.webui.keyword.internal.WebUIKeywordMain.runKeyword(WebUIKeywordMain.groovy:26)
	at com.kms.katalon.core.webui.keyword.builtin.NavigateToUrlKeyword.navigateToUrl(NavigateToUrlKeyword.groovy:83)
	at com.kms.katalon.core.webui.keyword.builtin.NavigateToUrlKeyword.execute(NavigateToUrlKeyword.groovy:67)
	at com.kms.katalon.core.keyword.internal.KeywordExecutor.executeKeywordForPlatform(KeywordExecutor.groovy:74)
	at com.kms.katalon.core.webui.keyword.WebUiBuiltInKeywords.navigateToUrl(WebUiBuiltInKeywords.groovy:187)
	at com.kms.katalon.core.webui.keyword.WebUiBuiltInKeywords$navigateToUrl$0.call(Unknown Source)
	at Edit Office - CGTS.run(Edit Office - CGTS:22)
	at com.kms.katalon.core.main.ScriptEngine.run(ScriptEngine.java:194)
	at com.kms.katalon.core.main.ScriptEngine.runScriptAsRawText(ScriptEngine.java:119)
	at com.kms.katalon.core.main.TestCaseExecutor.runScript(TestCaseExecutor.java:442)
	at com.kms.katalon.core.main.TestCaseExecutor.doExecute(TestCaseExecutor.java:433)
	at com.kms.katalon.core.main.TestCaseExecutor.processExecutionPhase(TestCaseExecutor.java:412)
	at com.kms.katalon.core.main.TestCaseExecutor.accessMainPhase(TestCaseExecutor.java:404)
	at com.kms.katalon.core.main.TestCaseExecutor.execute(TestCaseExecutor.java:281)
	at com.kms.katalon.core.main.TestSuiteExecutor.accessTestCaseMainPhase(TestSuiteExecutor.java:202)
	at com.kms.katalon.core.main.TestSuiteExecutor.accessTestSuiteMainPhase(TestSuiteExecutor.java:164)
	at com.kms.katalon.core.main.TestSuiteExecutor.execute(TestSuiteExecutor.java:105)
	at com.kms.katalon.core.main.TestCaseMain.startTestSuite(TestCaseMain.java:185)
	at com.kms.katalon.core.main.TestCaseMain$startTestSuite$0.call(Unknown Source)
	at TempTestSuite1647273003758.run(TempTestSuite1647273003758.groovy:36)
Caused by: org.openqa.selenium.WebDriverException: unknown error: cannot determine loading status
from disconnected: received Inspector.detached event
  (Session info: chrome=98.0.4758.102)
Build info: version: '3.141.59', revision: 'e82be7d358', time: '2018-11-14T08:25:53'
System info: host: 'juzcategui', ip: '192.168.250.10', os.name: 'Linux', os.arch: 'amd64', os.version: '5.13.0-30-generic', java.version: '1.8.0_312'
Driver info: com.kms.katalon.selenium.driver.CChromeDriver
Capabilities {acceptInsecureCerts: false, browserName: chrome, browserVersion: 98.0.4758.102, chrome: {chromedriverVersion: 97.0.4692.36 (747e0a0f19c13..., userDataDir: /tmp/.com.google.Chrome.U8Cqm9}, goog:chromeOptions: {debuggerAddress: localhost:39043}, javascriptEnabled: true, networkConnectionEnabled: false, pageLoadStrategy: normal, platform: LINUX, platformName: LINUX, proxy: Proxy(), setWindowRect: true, strictFileInteractability: false, timeouts: {implicit: 0, pageLoad: 300000, script: 30000}, unhandledPromptBehavior: dismiss and notify, webauthn:extension:credBlob: true, webauthn:extension:largeBlob: true, webauthn:virtualAuthenticators: true}
Session ID: 058c797e09a5ff6508ac4615e9590cb5
	at org.openqa.selenium.remote.http.W3CHttpResponseCodec.createException(W3CHttpResponseCodec.java:187)
	at org.openqa.selenium.remote.http.W3CHttpResponseCodec.decode(W3CHttpResponseCodec.java:122)
	at org.openqa.selenium.remote.http.W3CHttpResponseCodec.decode(W3CHttpResponseCodec.java:49)
	at org.openqa.selenium.remote.HttpCommandExecutor.execute(HttpCommandExecutor.java:158)
	at org.openqa.selenium.remote.service.DriverCommandExecutor.execute(DriverCommandExecutor.java:83)
	at org.openqa.selenium.remote.RemoteWebDriver.execute(RemoteWebDriver.java:552)
	at com.kms.katalon.selenium.driver.CChromeDriver.execute(CChromeDriver.java:19)
	at org.openqa.selenium.remote.RemoteWebDriver.get(RemoteWebDriver.java:277)
	at org.openqa.selenium.remote.RemoteWebDriver$RemoteNavigation.to(RemoteWebDriver.java:857)
	at org.openqa.selenium.support.events.EventFiringWebDriver$EventFiringNavigation.to(EventFiringWebDriver.java:569)
	at com.kms.katalon.core.webui.keyword.builtin.NavigateToUrlKeyword$_navigateToUrl_closure1.doCall(NavigateToUrlKeyword.groovy:81)
	at com.kms.katalon.core.webui.keyword.builtin.NavigateToUrlKeyword$_navigateToUrl_closure1.call(NavigateToUrlKeyword.groovy)
	at com.kms.katalon.core.webui.keyword.internal.WebUIKeywordMain.runKeyword(WebUIKeywordMain.groovy:20)
	at com.kms.katalon.core.webui.keyword.builtin.NavigateToUrlKeyword.navigateToUrl(NavigateToUrlKeyword.groovy:83)
	at com.kms.katalon.core.webui.keyword.builtin.NavigateToUrlKeyword.execute(NavigateToUrlKeyword.groovy:67)
	at com.kms.katalon.core.keyword.internal.KeywordExecutor.executeKeywordForPlatform(KeywordExecutor.groovy:74)
	at com.kms.katalon.core.webui.keyword.WebUiBuiltInKeywords.navigateToUrl(WebUiBuiltInKeywords.groovy:187)
	at com.kms.katalon.core.webui.keyword.WebUiBuiltInKeywords$navigateToUrl$0.call(Unknown Source)
	at Script1647272156436.run(Script1647272156436.groovy:22)
	... 13 more
)]]></system-out>
         <system-err><![CDATA[2022-03-14 11:51:02 - [TEST_CASE][FAILED] - Test Cases/Edit Office - CGTS: Test Cases/Edit Office - CGTS FAILED.
Reason:
com.kms.katalon.core.exception.StepFailedException: Unable to navigate to 'http://35.237.24.127:8081/dims-app/#/home'
	at com.kms.katalon.core.webui.keyword.internal.WebUIKeywordMain.stepFailed(WebUIKeywordMain.groovy:64)
	at com.kms.katalon.core.webui.keyword.internal.WebUIKeywordMain.runKeyword(WebUIKeywordMain.groovy:26)
	at com.kms.katalon.core.webui.keyword.builtin.NavigateToUrlKeyword.navigateToUrl(NavigateToUrlKeyword.groovy:83)
	at com.kms.katalon.core.webui.keyword.builtin.NavigateToUrlKeyword.execute(NavigateToUrlKeyword.groovy:67)
	at com.kms.katalon.core.keyword.internal.KeywordExecutor.executeKeywordForPlatform(KeywordExecutor.groovy:74)
	at com.kms.katalon.core.webui.keyword.WebUiBuiltInKeywords.navigateToUrl(WebUiBuiltInKeywords.groovy:187)
	at com.kms.katalon.core.webui.keyword.WebUiBuiltInKeywords$navigateToUrl$0.call(Unknown Source)
	at Edit Office - CGTS.run(Edit Office - CGTS:22)
	at com.kms.katalon.core.main.ScriptEngine.run(ScriptEngine.java:194)
	at com.kms.katalon.core.main.ScriptEngine.runScriptAsRawText(ScriptEngine.java:119)
	at com.kms.katalon.core.main.TestCaseExecutor.runScript(TestCaseExecutor.java:442)
	at com.kms.katalon.core.main.TestCaseExecutor.doExecute(TestCaseExecutor.java:433)
	at com.kms.katalon.core.main.TestCaseExecutor.processExecutionPhase(TestCaseExecutor.java:412)
	at com.kms.katalon.core.main.TestCaseExecutor.accessMainPhase(TestCaseExecutor.java:404)
	at com.kms.katalon.core.main.TestCaseExecutor.execute(TestCaseExecutor.java:281)
	at com.kms.katalon.core.main.TestSuiteExecutor.accessTestCaseMainPhase(TestSuiteExecutor.java:202)
	at com.kms.katalon.core.main.TestSuiteExecutor.accessTestSuiteMainPhase(TestSuiteExecutor.java:164)
	at com.kms.katalon.core.main.TestSuiteExecutor.execute(TestSuiteExecutor.java:105)
	at com.kms.katalon.core.main.TestCaseMain.startTestSuite(TestCaseMain.java:185)
	at com.kms.katalon.core.main.TestCaseMain$startTestSuite$0.call(Unknown Source)
	at TempTestSuite1647273003758.run(TempTestSuite1647273003758.groovy:36)
Caused by: org.openqa.selenium.WebDriverException: unknown error: cannot determine loading status
from disconnected: received Inspector.detached event
  (Session info: chrome=98.0.4758.102)
Build info: version: '3.141.59', revision: 'e82be7d358', time: '2018-11-14T08:25:53'
System info: host: 'juzcategui', ip: '192.168.250.10', os.name: 'Linux', os.arch: 'amd64', os.version: '5.13.0-30-generic', java.version: '1.8.0_312'
Driver info: com.kms.katalon.selenium.driver.CChromeDriver
Capabilities {acceptInsecureCerts: false, browserName: chrome, browserVersion: 98.0.4758.102, chrome: {chromedriverVersion: 97.0.4692.36 (747e0a0f19c13..., userDataDir: /tmp/.com.google.Chrome.U8Cqm9}, goog:chromeOptions: {debuggerAddress: localhost:39043}, javascriptEnabled: true, networkConnectionEnabled: false, pageLoadStrategy: normal, platform: LINUX, platformName: LINUX, proxy: Proxy(), setWindowRect: true, strictFileInteractability: false, timeouts: {implicit: 0, pageLoad: 300000, script: 30000}, unhandledPromptBehavior: dismiss and notify, webauthn:extension:credBlob: true, webauthn:extension:largeBlob: true, webauthn:virtualAuthenticators: true}
Session ID: 058c797e09a5ff6508ac4615e9590cb5
	at org.openqa.selenium.remote.http.W3CHttpResponseCodec.createException(W3CHttpResponseCodec.java:187)
	at org.openqa.selenium.remote.http.W3CHttpResponseCodec.decode(W3CHttpResponseCodec.java:122)
	at org.openqa.selenium.remote.http.W3CHttpResponseCodec.decode(W3CHttpResponseCodec.java:49)
	at org.openqa.selenium.remote.HttpCommandExecutor.execute(HttpCommandExecutor.java:158)
	at org.openqa.selenium.remote.service.DriverCommandExecutor.execute(DriverCommandExecutor.java:83)
	at org.openqa.selenium.remote.RemoteWebDriver.execute(RemoteWebDriver.java:552)
	at com.kms.katalon.selenium.driver.CChromeDriver.execute(CChromeDriver.java:19)
	at org.openqa.selenium.remote.RemoteWebDriver.get(RemoteWebDriver.java:277)
	at org.openqa.selenium.remote.RemoteWebDriver$RemoteNavigation.to(RemoteWebDriver.java:857)
	at org.openqa.selenium.support.events.EventFiringWebDriver$EventFiringNavigation.to(EventFiringWebDriver.java:569)
	at com.kms.katalon.core.webui.keyword.builtin.NavigateToUrlKeyword$_navigateToUrl_closure1.doCall(NavigateToUrlKeyword.groovy:81)
	at com.kms.katalon.core.webui.keyword.builtin.NavigateToUrlKeyword$_navigateToUrl_closure1.call(NavigateToUrlKeyword.groovy)
	at com.kms.katalon.core.webui.keyword.internal.WebUIKeywordMain.runKeyword(WebUIKeywordMain.groovy:20)
	... 19 more]]></system-err>
      </testcase>
      <testcase name="Test Cases/Delete Office CGTS" time="2.736" classname="Test Cases/Delete Office CGTS" status="FAILED">
         <failure type="FAILED" message="Test Cases/Delete Office CGTS FAILED.
Reason:
com.kms.katalon.core.exception.StepFailedException: Unable to navigate to 'http://35.237.24.127:8081/dims-app/#/home'
	at com.kms.katalon.core.webui.keyword.internal.WebUIKeywordMain.stepFailed(WebUIKeywordMain.groovy:64)
	at com.kms.katalon.core.webui.keyword.internal.WebUIKeywordMain.runKeyword(WebUIKeywordMain.groovy:26)
	at com.kms.katalon.core.webui.keyword.builtin.NavigateToUrlKeyword.navigateToUrl(NavigateToUrlKeyword.groovy:83)
	at com.kms.katalon.core.webui.keyword.builtin.NavigateToUrlKeyword.execute(NavigateToUrlKeyword.groovy:67)
	at com.kms.katalon.core.keyword.internal.KeywordExecutor.executeKeywordForPlatform(KeywordExecutor.groovy:74)
	at com.kms.katalon.core.webui.keyword.WebUiBuiltInKeywords.navigateToUrl(WebUiBuiltInKeywords.groovy:187)
	at com.kms.katalon.core.webui.keyword.WebUiBuiltInKeywords$navigateToUrl$0.call(Unknown Source)
	at Delete Office CGTS.run(Delete Office CGTS:22)
	at com.kms.katalon.core.main.ScriptEngine.run(ScriptEngine.java:194)
	at com.kms.katalon.core.main.ScriptEngine.runScriptAsRawText(ScriptEngine.java:119)
	at com.kms.katalon.core.main.TestCaseExecutor.runScript(TestCaseExecutor.java:442)
	at com.kms.katalon.core.main.TestCaseExecutor.doExecute(TestCaseExecutor.java:433)
	at com.kms.katalon.core.main.TestCaseExecutor.processExecutionPhase(TestCaseExecutor.java:412)
	at com.kms.katalon.core.main.TestCaseExecutor.accessMainPhase(TestCaseExecutor.java:404)
	at com.kms.katalon.core.main.TestCaseExecutor.execute(TestCaseExecutor.java:281)
	at com.kms.katalon.core.main.TestSuiteExecutor.accessTestCaseMainPhase(TestSuiteExecutor.java:202)
	at com.kms.katalon.core.main.TestSuiteExecutor.accessTestSuiteMainPhase(TestSuiteExecutor.java:164)
	at com.kms.katalon.core.main.TestSuiteExecutor.execute(TestSuiteExecutor.java:105)
	at com.kms.katalon.core.main.TestCaseMain.startTestSuite(TestCaseMain.java:185)
	at com.kms.katalon.core.main.TestCaseMain$startTestSuite$0.call(Unknown Source)
	at TempTestSuite1647273003758.run(TempTestSuite1647273003758.groovy:36)
Caused by: org.openqa.selenium.WebDriverException: unknown error: cannot determine loading status
from disconnected: Unable to receive message from renderer
  (Session info: chrome=98.0.4758.102)
Build info: version: '3.141.59', revision: 'e82be7d358', time: '2018-11-14T08:25:53'
System info: host: 'juzcategui', ip: '192.168.250.10', os.name: 'Linux', os.arch: 'amd64', os.version: '5.13.0-30-generic', java.version: '1.8.0_312'
Driver info: com.kms.katalon.selenium.driver.CChromeDriver
Capabilities {acceptInsecureCerts: false, browserName: chrome, browserVersion: 98.0.4758.102, chrome: {chromedriverVersion: 97.0.4692.36 (747e0a0f19c13..., userDataDir: /tmp/.com.google.Chrome.lYRSWT}, goog:chromeOptions: {debuggerAddress: localhost:46009}, javascriptEnabled: true, networkConnectionEnabled: false, pageLoadStrategy: normal, platform: LINUX, platformName: LINUX, proxy: Proxy(), setWindowRect: true, strictFileInteractability: false, timeouts: {implicit: 0, pageLoad: 300000, script: 30000}, unhandledPromptBehavior: dismiss and notify, webauthn:extension:credBlob: true, webauthn:extension:largeBlob: true, webauthn:virtualAuthenticators: true}
Session ID: 9a4272dbbad7360ea9ba5d5e2857ee23
	at org.openqa.selenium.remote.http.W3CHttpResponseCodec.createException(W3CHttpResponseCodec.java:187)
	at org.openqa.selenium.remote.http.W3CHttpResponseCodec.decode(W3CHttpResponseCodec.java:122)
	at org.openqa.selenium.remote.http.W3CHttpResponseCodec.decode(W3CHttpResponseCodec.java:49)
	at org.openqa.selenium.remote.HttpCommandExecutor.execute(HttpCommandExecutor.java:158)
	at org.openqa.selenium.remote.service.DriverCommandExecutor.execute(DriverCommandExecutor.java:83)
	at org.openqa.selenium.remote.RemoteWebDriver.execute(RemoteWebDriver.java:552)
	at com.kms.katalon.selenium.driver.CChromeDriver.execute(CChromeDriver.java:19)
	at org.openqa.selenium.remote.RemoteWebDriver.get(RemoteWebDriver.java:277)
	at org.openqa.selenium.remote.RemoteWebDriver$RemoteNavigation.to(RemoteWebDriver.java:857)
	at org.openqa.selenium.support.events.EventFiringWebDriver$EventFiringNavigation.to(EventFiringWebDriver.java:569)
	at com.kms.katalon.core.webui.keyword.builtin.NavigateToUrlKeyword$_navigateToUrl_closure1.doCall(NavigateToUrlKeyword.groovy:81)
	at com.kms.katalon.core.webui.keyword.builtin.NavigateToUrlKeyword$_navigateToUrl_closure1.call(NavigateToUrlKeyword.groovy)
	at com.kms.katalon.core.webui.keyword.internal.WebUIKeywordMain.runKeyword(WebUIKeywordMain.groovy:20)
	... 19 more
"/>
         <system-out><![CDATA[2022-03-14 11:51:05 - [TEST_CASE][FAILED] - Test Cases/Delete Office CGTS: Test Cases/Delete Office CGTS FAILED.
Reason:
com.kms.katalon.core.exception.StepFailedException: Unable to navigate to 'http://35.237.24.127:8081/dims-app/#/home'
	at com.kms.katalon.core.webui.keyword.internal.WebUIKeywordMain.stepFailed(WebUIKeywordMain.groovy:64)
	at com.kms.katalon.core.webui.keyword.internal.WebUIKeywordMain.runKeyword(WebUIKeywordMain.groovy:26)
	at com.kms.katalon.core.webui.keyword.builtin.NavigateToUrlKeyword.navigateToUrl(NavigateToUrlKeyword.groovy:83)
	at com.kms.katalon.core.webui.keyword.builtin.NavigateToUrlKeyword.execute(NavigateToUrlKeyword.groovy:67)
	at com.kms.katalon.core.keyword.internal.KeywordExecutor.executeKeywordForPlatform(KeywordExecutor.groovy:74)
	at com.kms.katalon.core.webui.keyword.WebUiBuiltInKeywords.navigateToUrl(WebUiBuiltInKeywords.groovy:187)
	at com.kms.katalon.core.webui.keyword.WebUiBuiltInKeywords$navigateToUrl$0.call(Unknown Source)
	at Delete Office CGTS.run(Delete Office CGTS:22)
	at com.kms.katalon.core.main.ScriptEngine.run(ScriptEngine.java:194)
	at com.kms.katalon.core.main.ScriptEngine.runScriptAsRawText(ScriptEngine.java:119)
	at com.kms.katalon.core.main.TestCaseExecutor.runScript(TestCaseExecutor.java:442)
	at com.kms.katalon.core.main.TestCaseExecutor.doExecute(TestCaseExecutor.java:433)
	at com.kms.katalon.core.main.TestCaseExecutor.processExecutionPhase(TestCaseExecutor.java:412)
	at com.kms.katalon.core.main.TestCaseExecutor.accessMainPhase(TestCaseExecutor.java:404)
	at com.kms.katalon.core.main.TestCaseExecutor.execute(TestCaseExecutor.java:281)
	at com.kms.katalon.core.main.TestSuiteExecutor.accessTestCaseMainPhase(TestSuiteExecutor.java:202)
	at com.kms.katalon.core.main.TestSuiteExecutor.accessTestSuiteMainPhase(TestSuiteExecutor.java:164)
	at com.kms.katalon.core.main.TestSuiteExecutor.execute(TestSuiteExecutor.java:105)
	at com.kms.katalon.core.main.TestCaseMain.startTestSuite(TestCaseMain.java:185)
	at com.kms.katalon.core.main.TestCaseMain$startTestSuite$0.call(Unknown Source)
	at TempTestSuite1647273003758.run(TempTestSuite1647273003758.groovy:36)
Caused by: org.openqa.selenium.WebDriverException: unknown error: cannot determine loading status
from disconnected: Unable to receive message from renderer
  (Session info: chrome=98.0.4758.102)
Build info: version: '3.141.59', revision: 'e82be7d358', time: '2018-11-14T08:25:53'
System info: host: 'juzcategui', ip: '192.168.250.10', os.name: 'Linux', os.arch: 'amd64', os.version: '5.13.0-30-generic', java.version: '1.8.0_312'
Driver info: com.kms.katalon.selenium.driver.CChromeDriver
Capabilities {acceptInsecureCerts: false, browserName: chrome, browserVersion: 98.0.4758.102, chrome: {chromedriverVersion: 97.0.4692.36 (747e0a0f19c13..., userDataDir: /tmp/.com.google.Chrome.lYRSWT}, goog:chromeOptions: {debuggerAddress: localhost:46009}, javascriptEnabled: true, networkConnectionEnabled: false, pageLoadStrategy: normal, platform: LINUX, platformName: LINUX, proxy: Proxy(), setWindowRect: true, strictFileInteractability: false, timeouts: {implicit: 0, pageLoad: 300000, script: 30000}, unhandledPromptBehavior: dismiss and notify, webauthn:extension:credBlob: true, webauthn:extension:largeBlob: true, webauthn:virtualAuthenticators: true}
Session ID: 9a4272dbbad7360ea9ba5d5e2857ee23
	at org.openqa.selenium.remote.http.W3CHttpResponseCodec.createException(W3CHttpResponseCodec.java:187)
	at org.openqa.selenium.remote.http.W3CHttpResponseCodec.decode(W3CHttpResponseCodec.java:122)
	at org.openqa.selenium.remote.http.W3CHttpResponseCodec.decode(W3CHttpResponseCodec.java:49)
	at org.openqa.selenium.remote.HttpCommandExecutor.execute(HttpCommandExecutor.java:158)
	at org.openqa.selenium.remote.service.DriverCommandExecutor.execute(DriverCommandExecutor.java:83)
	at org.openqa.selenium.remote.RemoteWebDriver.execute(RemoteWebDriver.java:552)
	at com.kms.katalon.selenium.driver.CChromeDriver.execute(CChromeDriver.java:19)
	at org.openqa.selenium.remote.RemoteWebDriver.get(RemoteWebDriver.java:277)
	at org.openqa.selenium.remote.RemoteWebDriver$RemoteNavigation.to(RemoteWebDriver.java:857)
	at org.openqa.selenium.support.events.EventFiringWebDriver$EventFiringNavigation.to(EventFiringWebDriver.java:569)
	at com.kms.katalon.core.webui.keyword.builtin.NavigateToUrlKeyword$_navigateToUrl_closure1.doCall(NavigateToUrlKeyword.groovy:81)
	at com.kms.katalon.core.webui.keyword.builtin.NavigateToUrlKeyword$_navigateToUrl_closure1.call(NavigateToUrlKeyword.groovy)
	at com.kms.katalon.core.webui.keyword.internal.WebUIKeywordMain.runKeyword(WebUIKeywordMain.groovy:20)
	... 19 more


2022-03-14 11:51:05 - [TEST_STEP][PASSED] - openBrowser(""): Browser is opened with url: ''

2022-03-14 11:51:05 - [MESSAGE][WARNING] - A browser is already opened. Closing browser and opening a new one

2022-03-14 11:51:05 - [MESSAGE][INFO] - Starting 'Chrome' driver

2022-03-14 11:51:05 - [MESSAGE][INFO] - Action delay is set to 0 milliseconds

2022-03-14 11:51:06 - [MESSAGE][PASSED] - Browser is opened with url: ''

2022-03-14 11:51:06 - [TEST_STEP][FAILED] - navigateToUrl("http://35.237.24.127:8081/dims-app/#/home"): Unable to navigate to 'http://35.237.24.127:8081/dims-app/#/home' (Root cause: com.kms.katalon.core.exception.StepFailedException: Unable to navigate to 'http://35.237.24.127:8081/dims-app/#/home'
	at com.kms.katalon.core.webui.keyword.internal.WebUIKeywordMain.stepFailed(WebUIKeywordMain.groovy:64)
	at com.kms.katalon.core.webui.keyword.internal.WebUIKeywordMain.runKeyword(WebUIKeywordMain.groovy:26)
	at com.kms.katalon.core.webui.keyword.builtin.NavigateToUrlKeyword.navigateToUrl(NavigateToUrlKeyword.groovy:83)
	at com.kms.katalon.core.webui.keyword.builtin.NavigateToUrlKeyword.execute(NavigateToUrlKeyword.groovy:67)
	at com.kms.katalon.core.keyword.internal.KeywordExecutor.executeKeywordForPlatform(KeywordExecutor.groovy:74)
	at com.kms.katalon.core.webui.keyword.WebUiBuiltInKeywords.navigateToUrl(WebUiBuiltInKeywords.groovy:187)
	at com.kms.katalon.core.webui.keyword.WebUiBuiltInKeywords$navigateToUrl$0.call(Unknown Source)
	at Delete Office CGTS.run(Delete Office CGTS:22)
	at com.kms.katalon.core.main.ScriptEngine.run(ScriptEngine.java:194)
	at com.kms.katalon.core.main.ScriptEngine.runScriptAsRawText(ScriptEngine.java:119)
	at com.kms.katalon.core.main.TestCaseExecutor.runScript(TestCaseExecutor.java:442)
	at com.kms.katalon.core.main.TestCaseExecutor.doExecute(TestCaseExecutor.java:433)
	at com.kms.katalon.core.main.TestCaseExecutor.processExecutionPhase(TestCaseExecutor.java:412)
	at com.kms.katalon.core.main.TestCaseExecutor.accessMainPhase(TestCaseExecutor.java:404)
	at com.kms.katalon.core.main.TestCaseExecutor.execute(TestCaseExecutor.java:281)
	at com.kms.katalon.core.main.TestSuiteExecutor.accessTestCaseMainPhase(TestSuiteExecutor.java:202)
	at com.kms.katalon.core.main.TestSuiteExecutor.accessTestSuiteMainPhase(TestSuiteExecutor.java:164)
	at com.kms.katalon.core.main.TestSuiteExecutor.execute(TestSuiteExecutor.java:105)
	at com.kms.katalon.core.main.TestCaseMain.startTestSuite(TestCaseMain.java:185)
	at com.kms.katalon.core.main.TestCaseMain$startTestSuite$0.call(Unknown Source)
	at TempTestSuite1647273003758.run(TempTestSuite1647273003758.groovy:36)
Caused by: org.openqa.selenium.WebDriverException: unknown error: cannot determine loading status
from disconnected: Unable to receive message from renderer
  (Session info: chrome=98.0.4758.102)
Build info: version: '3.141.59', revision: 'e82be7d358', time: '2018-11-14T08:25:53'
System info: host: 'juzcategui', ip: '192.168.250.10', os.name: 'Linux', os.arch: 'amd64', os.version: '5.13.0-30-generic', java.version: '1.8.0_312'
Driver info: com.kms.katalon.selenium.driver.CChromeDriver
Capabilities {acceptInsecureCerts: false, browserName: chrome, browserVersion: 98.0.4758.102, chrome: {chromedriverVersion: 97.0.4692.36 (747e0a0f19c13..., userDataDir: /tmp/.com.google.Chrome.lYRSWT}, goog:chromeOptions: {debuggerAddress: localhost:46009}, javascriptEnabled: true, networkConnectionEnabled: false, pageLoadStrategy: normal, platform: LINUX, platformName: LINUX, proxy: Proxy(), setWindowRect: true, strictFileInteractability: false, timeouts: {implicit: 0, pageLoad: 300000, script: 30000}, unhandledPromptBehavior: dismiss and notify, webauthn:extension:credBlob: true, webauthn:extension:largeBlob: true, webauthn:virtualAuthenticators: true}
Session ID: 9a4272dbbad7360ea9ba5d5e2857ee23
	at org.openqa.selenium.remote.http.W3CHttpResponseCodec.createException(W3CHttpResponseCodec.java:187)
	at org.openqa.selenium.remote.http.W3CHttpResponseCodec.decode(W3CHttpResponseCodec.java:122)
	at org.openqa.selenium.remote.http.W3CHttpResponseCodec.decode(W3CHttpResponseCodec.java:49)
	at org.openqa.selenium.remote.HttpCommandExecutor.execute(HttpCommandExecutor.java:158)
	at org.openqa.selenium.remote.service.DriverCommandExecutor.execute(DriverCommandExecutor.java:83)
	at org.openqa.selenium.remote.RemoteWebDriver.execute(RemoteWebDriver.java:552)
	at com.kms.katalon.selenium.driver.CChromeDriver.execute(CChromeDriver.java:19)
	at org.openqa.selenium.remote.RemoteWebDriver.get(RemoteWebDriver.java:277)
	at org.openqa.selenium.remote.RemoteWebDriver$RemoteNavigation.to(RemoteWebDriver.java:857)
	at org.openqa.selenium.support.events.EventFiringWebDriver$EventFiringNavigation.to(EventFiringWebDriver.java:569)
	at com.kms.katalon.core.webui.keyword.builtin.NavigateToUrlKeyword$_navigateToUrl_closure1.doCall(NavigateToUrlKeyword.groovy:81)
	at com.kms.katalon.core.webui.keyword.builtin.NavigateToUrlKeyword$_navigateToUrl_closure1.call(NavigateToUrlKeyword.groovy)
	at com.kms.katalon.core.webui.keyword.internal.WebUIKeywordMain.runKeyword(WebUIKeywordMain.groovy:20)
	at com.kms.katalon.core.webui.keyword.builtin.NavigateToUrlKeyword.navigateToUrl(NavigateToUrlKeyword.groovy:83)
	at com.kms.katalon.core.webui.keyword.builtin.NavigateToUrlKeyword.execute(NavigateToUrlKeyword.groovy:67)
	at com.kms.katalon.core.keyword.internal.KeywordExecutor.executeKeywordForPlatform(KeywordExecutor.groovy:74)
	at com.kms.katalon.core.webui.keyword.WebUiBuiltInKeywords.navigateToUrl(WebUiBuiltInKeywords.groovy:187)
	at com.kms.katalon.core.webui.keyword.WebUiBuiltInKeywords$navigateToUrl$0.call(Unknown Source)
	at Script1647272174908.run(Script1647272174908.groovy:22)
	... 13 more
)

2022-03-14 11:51:07 - [MESSAGE][WARNING] - Cannot take screenshot

2022-03-14 11:51:07 - [MESSAGE][FAILED] - Unable to navigate to 'http://35.237.24.127:8081/dims-app/#/home' (Root cause: com.kms.katalon.core.exception.StepFailedException: Unable to navigate to 'http://35.237.24.127:8081/dims-app/#/home'
	at com.kms.katalon.core.webui.keyword.internal.WebUIKeywordMain.stepFailed(WebUIKeywordMain.groovy:64)
	at com.kms.katalon.core.webui.keyword.internal.WebUIKeywordMain.runKeyword(WebUIKeywordMain.groovy:26)
	at com.kms.katalon.core.webui.keyword.builtin.NavigateToUrlKeyword.navigateToUrl(NavigateToUrlKeyword.groovy:83)
	at com.kms.katalon.core.webui.keyword.builtin.NavigateToUrlKeyword.execute(NavigateToUrlKeyword.groovy:67)
	at com.kms.katalon.core.keyword.internal.KeywordExecutor.executeKeywordForPlatform(KeywordExecutor.groovy:74)
	at com.kms.katalon.core.webui.keyword.WebUiBuiltInKeywords.navigateToUrl(WebUiBuiltInKeywords.groovy:187)
	at com.kms.katalon.core.webui.keyword.WebUiBuiltInKeywords$navigateToUrl$0.call(Unknown Source)
	at Delete Office CGTS.run(Delete Office CGTS:22)
	at com.kms.katalon.core.main.ScriptEngine.run(ScriptEngine.java:194)
	at com.kms.katalon.core.main.ScriptEngine.runScriptAsRawText(ScriptEngine.java:119)
	at com.kms.katalon.core.main.TestCaseExecutor.runScript(TestCaseExecutor.java:442)
	at com.kms.katalon.core.main.TestCaseExecutor.doExecute(TestCaseExecutor.java:433)
	at com.kms.katalon.core.main.TestCaseExecutor.processExecutionPhase(TestCaseExecutor.java:412)
	at com.kms.katalon.core.main.TestCaseExecutor.accessMainPhase(TestCaseExecutor.java:404)
	at com.kms.katalon.core.main.TestCaseExecutor.execute(TestCaseExecutor.java:281)
	at com.kms.katalon.core.main.TestSuiteExecutor.accessTestCaseMainPhase(TestSuiteExecutor.java:202)
	at com.kms.katalon.core.main.TestSuiteExecutor.accessTestSuiteMainPhase(TestSuiteExecutor.java:164)
	at com.kms.katalon.core.main.TestSuiteExecutor.execute(TestSuiteExecutor.java:105)
	at com.kms.katalon.core.main.TestCaseMain.startTestSuite(TestCaseMain.java:185)
	at com.kms.katalon.core.main.TestCaseMain$startTestSuite$0.call(Unknown Source)
	at TempTestSuite1647273003758.run(TempTestSuite1647273003758.groovy:36)
Caused by: org.openqa.selenium.WebDriverException: unknown error: cannot determine loading status
from disconnected: Unable to receive message from renderer
  (Session info: chrome=98.0.4758.102)
Build info: version: '3.141.59', revision: 'e82be7d358', time: '2018-11-14T08:25:53'
System info: host: 'juzcategui', ip: '192.168.250.10', os.name: 'Linux', os.arch: 'amd64', os.version: '5.13.0-30-generic', java.version: '1.8.0_312'
Driver info: com.kms.katalon.selenium.driver.CChromeDriver
Capabilities {acceptInsecureCerts: false, browserName: chrome, browserVersion: 98.0.4758.102, chrome: {chromedriverVersion: 97.0.4692.36 (747e0a0f19c13..., userDataDir: /tmp/.com.google.Chrome.lYRSWT}, goog:chromeOptions: {debuggerAddress: localhost:46009}, javascriptEnabled: true, networkConnectionEnabled: false, pageLoadStrategy: normal, platform: LINUX, platformName: LINUX, proxy: Proxy(), setWindowRect: true, strictFileInteractability: false, timeouts: {implicit: 0, pageLoad: 300000, script: 30000}, unhandledPromptBehavior: dismiss and notify, webauthn:extension:credBlob: true, webauthn:extension:largeBlob: true, webauthn:virtualAuthenticators: true}
Session ID: 9a4272dbbad7360ea9ba5d5e2857ee23
	at org.openqa.selenium.remote.http.W3CHttpResponseCodec.createException(W3CHttpResponseCodec.java:187)
	at org.openqa.selenium.remote.http.W3CHttpResponseCodec.decode(W3CHttpResponseCodec.java:122)
	at org.openqa.selenium.remote.http.W3CHttpResponseCodec.decode(W3CHttpResponseCodec.java:49)
	at org.openqa.selenium.remote.HttpCommandExecutor.execute(HttpCommandExecutor.java:158)
	at org.openqa.selenium.remote.service.DriverCommandExecutor.execute(DriverCommandExecutor.java:83)
	at org.openqa.selenium.remote.RemoteWebDriver.execute(RemoteWebDriver.java:552)
	at com.kms.katalon.selenium.driver.CChromeDriver.execute(CChromeDriver.java:19)
	at org.openqa.selenium.remote.RemoteWebDriver.get(RemoteWebDriver.java:277)
	at org.openqa.selenium.remote.RemoteWebDriver$RemoteNavigation.to(RemoteWebDriver.java:857)
	at org.openqa.selenium.support.events.EventFiringWebDriver$EventFiringNavigation.to(EventFiringWebDriver.java:569)
	at com.kms.katalon.core.webui.keyword.builtin.NavigateToUrlKeyword$_navigateToUrl_closure1.doCall(NavigateToUrlKeyword.groovy:81)
	at com.kms.katalon.core.webui.keyword.builtin.NavigateToUrlKeyword$_navigateToUrl_closure1.call(NavigateToUrlKeyword.groovy)
	at com.kms.katalon.core.webui.keyword.internal.WebUIKeywordMain.runKeyword(WebUIKeywordMain.groovy:20)
	at com.kms.katalon.core.webui.keyword.builtin.NavigateToUrlKeyword.navigateToUrl(NavigateToUrlKeyword.groovy:83)
	at com.kms.katalon.core.webui.keyword.builtin.NavigateToUrlKeyword.execute(NavigateToUrlKeyword.groovy:67)
	at com.kms.katalon.core.keyword.internal.KeywordExecutor.executeKeywordForPlatform(KeywordExecutor.groovy:74)
	at com.kms.katalon.core.webui.keyword.WebUiBuiltInKeywords.navigateToUrl(WebUiBuiltInKeywords.groovy:187)
	at com.kms.katalon.core.webui.keyword.WebUiBuiltInKeywords$navigateToUrl$0.call(Unknown Source)
	at Script1647272174908.run(Script1647272174908.groovy:22)
	... 13 more
)]]></system-out>
         <system-err><![CDATA[2022-03-14 11:51:05 - [TEST_CASE][FAILED] - Test Cases/Delete Office CGTS: Test Cases/Delete Office CGTS FAILED.
Reason:
com.kms.katalon.core.exception.StepFailedException: Unable to navigate to 'http://35.237.24.127:8081/dims-app/#/home'
	at com.kms.katalon.core.webui.keyword.internal.WebUIKeywordMain.stepFailed(WebUIKeywordMain.groovy:64)
	at com.kms.katalon.core.webui.keyword.internal.WebUIKeywordMain.runKeyword(WebUIKeywordMain.groovy:26)
	at com.kms.katalon.core.webui.keyword.builtin.NavigateToUrlKeyword.navigateToUrl(NavigateToUrlKeyword.groovy:83)
	at com.kms.katalon.core.webui.keyword.builtin.NavigateToUrlKeyword.execute(NavigateToUrlKeyword.groovy:67)
	at com.kms.katalon.core.keyword.internal.KeywordExecutor.executeKeywordForPlatform(KeywordExecutor.groovy:74)
	at com.kms.katalon.core.webui.keyword.WebUiBuiltInKeywords.navigateToUrl(WebUiBuiltInKeywords.groovy:187)
	at com.kms.katalon.core.webui.keyword.WebUiBuiltInKeywords$navigateToUrl$0.call(Unknown Source)
	at Delete Office CGTS.run(Delete Office CGTS:22)
	at com.kms.katalon.core.main.ScriptEngine.run(ScriptEngine.java:194)
	at com.kms.katalon.core.main.ScriptEngine.runScriptAsRawText(ScriptEngine.java:119)
	at com.kms.katalon.core.main.TestCaseExecutor.runScript(TestCaseExecutor.java:442)
	at com.kms.katalon.core.main.TestCaseExecutor.doExecute(TestCaseExecutor.java:433)
	at com.kms.katalon.core.main.TestCaseExecutor.processExecutionPhase(TestCaseExecutor.java:412)
	at com.kms.katalon.core.main.TestCaseExecutor.accessMainPhase(TestCaseExecutor.java:404)
	at com.kms.katalon.core.main.TestCaseExecutor.execute(TestCaseExecutor.java:281)
	at com.kms.katalon.core.main.TestSuiteExecutor.accessTestCaseMainPhase(TestSuiteExecutor.java:202)
	at com.kms.katalon.core.main.TestSuiteExecutor.accessTestSuiteMainPhase(TestSuiteExecutor.java:164)
	at com.kms.katalon.core.main.TestSuiteExecutor.execute(TestSuiteExecutor.java:105)
	at com.kms.katalon.core.main.TestCaseMain.startTestSuite(TestCaseMain.java:185)
	at com.kms.katalon.core.main.TestCaseMain$startTestSuite$0.call(Unknown Source)
	at TempTestSuite1647273003758.run(TempTestSuite1647273003758.groovy:36)
Caused by: org.openqa.selenium.WebDriverException: unknown error: cannot determine loading status
from disconnected: Unable to receive message from renderer
  (Session info: chrome=98.0.4758.102)
Build info: version: '3.141.59', revision: 'e82be7d358', time: '2018-11-14T08:25:53'
System info: host: 'juzcategui', ip: '192.168.250.10', os.name: 'Linux', os.arch: 'amd64', os.version: '5.13.0-30-generic', java.version: '1.8.0_312'
Driver info: com.kms.katalon.selenium.driver.CChromeDriver
Capabilities {acceptInsecureCerts: false, browserName: chrome, browserVersion: 98.0.4758.102, chrome: {chromedriverVersion: 97.0.4692.36 (747e0a0f19c13..., userDataDir: /tmp/.com.google.Chrome.lYRSWT}, goog:chromeOptions: {debuggerAddress: localhost:46009}, javascriptEnabled: true, networkConnectionEnabled: false, pageLoadStrategy: normal, platform: LINUX, platformName: LINUX, proxy: Proxy(), setWindowRect: true, strictFileInteractability: false, timeouts: {implicit: 0, pageLoad: 300000, script: 30000}, unhandledPromptBehavior: dismiss and notify, webauthn:extension:credBlob: true, webauthn:extension:largeBlob: true, webauthn:virtualAuthenticators: true}
Session ID: 9a4272dbbad7360ea9ba5d5e2857ee23
	at org.openqa.selenium.remote.http.W3CHttpResponseCodec.createException(W3CHttpResponseCodec.java:187)
	at org.openqa.selenium.remote.http.W3CHttpResponseCodec.decode(W3CHttpResponseCodec.java:122)
	at org.openqa.selenium.remote.http.W3CHttpResponseCodec.decode(W3CHttpResponseCodec.java:49)
	at org.openqa.selenium.remote.HttpCommandExecutor.execute(HttpCommandExecutor.java:158)
	at org.openqa.selenium.remote.service.DriverCommandExecutor.execute(DriverCommandExecutor.java:83)
	at org.openqa.selenium.remote.RemoteWebDriver.execute(RemoteWebDriver.java:552)
	at com.kms.katalon.selenium.driver.CChromeDriver.execute(CChromeDriver.java:19)
	at org.openqa.selenium.remote.RemoteWebDriver.get(RemoteWebDriver.java:277)
	at org.openqa.selenium.remote.RemoteWebDriver$RemoteNavigation.to(RemoteWebDriver.java:857)
	at org.openqa.selenium.support.events.EventFiringWebDriver$EventFiringNavigation.to(EventFiringWebDriver.java:569)
	at com.kms.katalon.core.webui.keyword.builtin.NavigateToUrlKeyword$_navigateToUrl_closure1.doCall(NavigateToUrlKeyword.groovy:81)
	at com.kms.katalon.core.webui.keyword.builtin.NavigateToUrlKeyword$_navigateToUrl_closure1.call(NavigateToUrlKeyword.groovy)
	at com.kms.katalon.core.webui.keyword.internal.WebUIKeywordMain.runKeyword(WebUIKeywordMain.groovy:20)
	... 19 more]]></system-err>
      </testcase>
      <system-out><![CDATA[2022-03-14 11:50:07 - [TEST_SUITE][FAILED] - DIMS: Test Cases/Edit Office - CGTS FAILED.
Reason:
com.kms.katalon.core.exception.StepFailedException: Unable to navigate to 'http://35.237.24.127:8081/dims-app/#/home'
	at com.kms.katalon.core.webui.keyword.internal.WebUIKeywordMain.stepFailed(WebUIKeywordMain.groovy:64)
	at com.kms.katalon.core.webui.keyword.internal.WebUIKeywordMain.runKeyword(WebUIKeywordMain.groovy:26)
	at com.kms.katalon.core.webui.keyword.builtin.NavigateToUrlKeyword.navigateToUrl(NavigateToUrlKeyword.groovy:83)
	at com.kms.katalon.core.webui.keyword.builtin.NavigateToUrlKeyword.execute(NavigateToUrlKeyword.groovy:67)
	at com.kms.katalon.core.keyword.internal.KeywordExecutor.executeKeywordForPlatform(KeywordExecutor.groovy:74)
	at com.kms.katalon.core.webui.keyword.WebUiBuiltInKeywords.navigateToUrl(WebUiBuiltInKeywords.groovy:187)
	at com.kms.katalon.core.webui.keyword.WebUiBuiltInKeywords$navigateToUrl$0.call(Unknown Source)
	at Edit Office - CGTS.run(Edit Office - CGTS:22)
	at com.kms.katalon.core.main.ScriptEngine.run(ScriptEngine.java:194)
	at com.kms.katalon.core.main.ScriptEngine.runScriptAsRawText(ScriptEngine.java:119)
	at com.kms.katalon.core.main.TestCaseExecutor.runScript(TestCaseExecutor.java:442)
	at com.kms.katalon.core.main.TestCaseExecutor.doExecute(TestCaseExecutor.java:433)
	at com.kms.katalon.core.main.TestCaseExecutor.processExecutionPhase(TestCaseExecutor.java:412)
	at com.kms.katalon.core.main.TestCaseExecutor.accessMainPhase(TestCaseExecutor.java:404)
	at com.kms.katalon.core.main.TestCaseExecutor.execute(TestCaseExecutor.java:281)
	at com.kms.katalon.core.main.TestSuiteExecutor.accessTestCaseMainPhase(TestSuiteExecutor.java:202)
	at com.kms.katalon.core.main.TestSuiteExecutor.accessTestSuiteMainPhase(TestSuiteExecutor.java:164)
	at com.kms.katalon.core.main.TestSuiteExecutor.execute(TestSuiteExecutor.java:105)
	at com.kms.katalon.core.main.TestCaseMain.startTestSuite(TestCaseMain.java:185)
	at com.kms.katalon.core.main.TestCaseMain$startTestSuite$0.call(Unknown Source)
	at TempTestSuite1647273003758.run(TempTestSuite1647273003758.groovy:36)
Caused by: org.openqa.selenium.WebDriverException: unknown error: cannot determine loading status
from disconnected: received Inspector.detached event
  (Session info: chrome=98.0.4758.102)
Build info: version: '3.141.59', revision: 'e82be7d358', time: '2018-11-14T08:25:53'
System info: host: 'juzcategui', ip: '192.168.250.10', os.name: 'Linux', os.arch: 'amd64', os.version: '5.13.0-30-generic', java.version: '1.8.0_312'
Driver info: com.kms.katalon.selenium.driver.CChromeDriver
Capabilities {acceptInsecureCerts: false, browserName: chrome, browserVersion: 98.0.4758.102, chrome: {chromedriverVersion: 97.0.4692.36 (747e0a0f19c13..., userDataDir: /tmp/.com.google.Chrome.U8Cqm9}, goog:chromeOptions: {debuggerAddress: localhost:39043}, javascriptEnabled: true, networkConnectionEnabled: false, pageLoadStrategy: normal, platform: LINUX, platformName: LINUX, proxy: Proxy(), setWindowRect: true, strictFileInteractability: false, timeouts: {implicit: 0, pageLoad: 300000, script: 30000}, unhandledPromptBehavior: dismiss and notify, webauthn:extension:credBlob: true, webauthn:extension:largeBlob: true, webauthn:virtualAuthenticators: true}
Session ID: 058c797e09a5ff6508ac4615e9590cb5
	at org.openqa.selenium.remote.http.W3CHttpResponseCodec.createException(W3CHttpResponseCodec.java:187)
	at org.openqa.selenium.remote.http.W3CHttpResponseCodec.decode(W3CHttpResponseCodec.java:122)
	at org.openqa.selenium.remote.http.W3CHttpResponseCodec.decode(W3CHttpResponseCodec.java:49)
	at org.openqa.selenium.remote.HttpCommandExecutor.execute(HttpCommandExecutor.java:158)
	at org.openqa.selenium.remote.service.DriverCommandExecutor.execute(DriverCommandExecutor.java:83)
	at org.openqa.selenium.remote.RemoteWebDriver.execute(RemoteWebDriver.java:552)
	at com.kms.katalon.selenium.driver.CChromeDriver.execute(CChromeDriver.java:19)
	at org.openqa.selenium.remote.RemoteWebDriver.get(RemoteWebDriver.java:277)
	at org.openqa.selenium.remote.RemoteWebDriver$RemoteNavigation.to(RemoteWebDriver.java:857)
	at org.openqa.selenium.support.events.EventFiringWebDriver$EventFiringNavigation.to(EventFiringWebDriver.java:569)
	at com.kms.katalon.core.webui.keyword.builtin.NavigateToUrlKeyword$_navigateToUrl_closure1.doCall(NavigateToUrlKeyword.groovy:81)
	at com.kms.katalon.core.webui.keyword.builtin.NavigateToUrlKeyword$_navigateToUrl_closure1.call(NavigateToUrlKeyword.groovy)
	at com.kms.katalon.core.webui.keyword.internal.WebUIKeywordMain.runKeyword(WebUIKeywordMain.groovy:20)
	... 19 more]]></system-out>
      <system-err><![CDATA[2022-03-14 11:50:07 - [TEST_SUITE][FAILED] - DIMS: Test Cases/Edit Office - CGTS FAILED.
Reason:
com.kms.katalon.core.exception.StepFailedException: Unable to navigate to 'http://35.237.24.127:8081/dims-app/#/home'
	at com.kms.katalon.core.webui.keyword.internal.WebUIKeywordMain.stepFailed(WebUIKeywordMain.groovy:64)
	at com.kms.katalon.core.webui.keyword.internal.WebUIKeywordMain.runKeyword(WebUIKeywordMain.groovy:26)
	at com.kms.katalon.core.webui.keyword.builtin.NavigateToUrlKeyword.navigateToUrl(NavigateToUrlKeyword.groovy:83)
	at com.kms.katalon.core.webui.keyword.builtin.NavigateToUrlKeyword.execute(NavigateToUrlKeyword.groovy:67)
	at com.kms.katalon.core.keyword.internal.KeywordExecutor.executeKeywordForPlatform(KeywordExecutor.groovy:74)
	at com.kms.katalon.core.webui.keyword.WebUiBuiltInKeywords.navigateToUrl(WebUiBuiltInKeywords.groovy:187)
	at com.kms.katalon.core.webui.keyword.WebUiBuiltInKeywords$navigateToUrl$0.call(Unknown Source)
	at Edit Office - CGTS.run(Edit Office - CGTS:22)
	at com.kms.katalon.core.main.ScriptEngine.run(ScriptEngine.java:194)
	at com.kms.katalon.core.main.ScriptEngine.runScriptAsRawText(ScriptEngine.java:119)
	at com.kms.katalon.core.main.TestCaseExecutor.runScript(TestCaseExecutor.java:442)
	at com.kms.katalon.core.main.TestCaseExecutor.doExecute(TestCaseExecutor.java:433)
	at com.kms.katalon.core.main.TestCaseExecutor.processExecutionPhase(TestCaseExecutor.java:412)
	at com.kms.katalon.core.main.TestCaseExecutor.accessMainPhase(TestCaseExecutor.java:404)
	at com.kms.katalon.core.main.TestCaseExecutor.execute(TestCaseExecutor.java:281)
	at com.kms.katalon.core.main.TestSuiteExecutor.accessTestCaseMainPhase(TestSuiteExecutor.java:202)
	at com.kms.katalon.core.main.TestSuiteExecutor.accessTestSuiteMainPhase(TestSuiteExecutor.java:164)
	at com.kms.katalon.core.main.TestSuiteExecutor.execute(TestSuiteExecutor.java:105)
	at com.kms.katalon.core.main.TestCaseMain.startTestSuite(TestCaseMain.java:185)
	at com.kms.katalon.core.main.TestCaseMain$startTestSuite$0.call(Unknown Source)
	at TempTestSuite1647273003758.run(TempTestSuite1647273003758.groovy:36)
Caused by: org.openqa.selenium.WebDriverException: unknown error: cannot determine loading status
from disconnected: received Inspector.detached event
  (Session info: chrome=98.0.4758.102)
Build info: version: '3.141.59', revision: 'e82be7d358', time: '2018-11-14T08:25:53'
System info: host: 'juzcategui', ip: '192.168.250.10', os.name: 'Linux', os.arch: 'amd64', os.version: '5.13.0-30-generic', java.version: '1.8.0_312'
Driver info: com.kms.katalon.selenium.driver.CChromeDriver
Capabilities {acceptInsecureCerts: false, browserName: chrome, browserVersion: 98.0.4758.102, chrome: {chromedriverVersion: 97.0.4692.36 (747e0a0f19c13..., userDataDir: /tmp/.com.google.Chrome.U8Cqm9}, goog:chromeOptions: {debuggerAddress: localhost:39043}, javascriptEnabled: true, networkConnectionEnabled: false, pageLoadStrategy: normal, platform: LINUX, platformName: LINUX, proxy: Proxy(), setWindowRect: true, strictFileInteractability: false, timeouts: {implicit: 0, pageLoad: 300000, script: 30000}, unhandledPromptBehavior: dismiss and notify, webauthn:extension:credBlob: true, webauthn:extension:largeBlob: true, webauthn:virtualAuthenticators: true}
Session ID: 058c797e09a5ff6508ac4615e9590cb5
	at org.openqa.selenium.remote.http.W3CHttpResponseCodec.createException(W3CHttpResponseCodec.java:187)
	at org.openqa.selenium.remote.http.W3CHttpResponseCodec.decode(W3CHttpResponseCodec.java:122)
	at org.openqa.selenium.remote.http.W3CHttpResponseCodec.decode(W3CHttpResponseCodec.java:49)
	at org.openqa.selenium.remote.HttpCommandExecutor.execute(HttpCommandExecutor.java:158)
	at org.openqa.selenium.remote.service.DriverCommandExecutor.execute(DriverCommandExecutor.java:83)
	at org.openqa.selenium.remote.RemoteWebDriver.execute(RemoteWebDriver.java:552)
	at com.kms.katalon.selenium.driver.CChromeDriver.execute(CChromeDriver.java:19)
	at org.openqa.selenium.remote.RemoteWebDriver.get(RemoteWebDriver.java:277)
	at org.openqa.selenium.remote.RemoteWebDriver$RemoteNavigation.to(RemoteWebDriver.java:857)
	at org.openqa.selenium.support.events.EventFiringWebDriver$EventFiringNavigation.to(EventFiringWebDriver.java:569)
	at com.kms.katalon.core.webui.keyword.builtin.NavigateToUrlKeyword$_navigateToUrl_closure1.doCall(NavigateToUrlKeyword.groovy:81)
	at com.kms.katalon.core.webui.keyword.builtin.NavigateToUrlKeyword$_navigateToUrl_closure1.call(NavigateToUrlKeyword.groovy)
	at com.kms.katalon.core.webui.keyword.internal.WebUIKeywordMain.runKeyword(WebUIKeywordMain.groovy:20)
	... 19 more]]></system-err>
   </testsuite>
</testsuites>
