<?xml version="1.0" encoding="UTF-8"?>
<testsuites name="My Worklist" time="43.778" tests="1" failures="0" errors="0">
   <testsuite name="My Worklist" tests="1" failures="0" errors="0" time="43.778" skipped="0" timestamp="2022-04-29 14:51:51" hostname="juzcategui - juzcategui" id="Test Suites/My Worklist">
      <properties>
         <property name="deviceName" value=""/>
         <property name="devicePlatform" value=""/>
         <property name="logFolder" value="/home/juzcategui/git/DIMS/Reports/20220429_145147/My Worklist/20220429_145147"/>
         <property name="logFiles" value="/home/juzcategui/git/DIMS/Reports/20220429_145147/My Worklist/20220429_145147/execution0.log"/>
         <property name="attachments" value="/home/juzcategui/git/DIMS/Reports/20220429_145147/My Worklist/20220429_145147/1651258349064.png, /home/juzcategui/git/DIMS/Reports/20220429_145147/My Worklist/20220429_145147/1651258354583.png"/>
         <property name="hostName" value="juzcategui - juzcategui"/>
         <property name="os" value="Linux 64bit"/>
         <property name="katalonVersion" value="8.2.5.208"/>
         <property name="browser" value="Chrome 100.0.4896.75"/>
         <property name="hostAddress" value="192.168.12.200"/>
         <property name="sessionId" value="4179215358884e688a6e93c207812d22"/>
         <property name="seleniumVersion" value="3.141.59"/>
         <property name="proxyInformation" value="ProxyInformation { proxyOption=NO_PROXY, proxyServerType=HTTP, username=, password=********, proxyServerAddress=, proxyServerPort=0, executionList=&quot;&quot;, isApplyToDesiredCapabilities=true }"/>
         <property name="platform" value="Linux"/>
      </properties>
      <testcase name="Test Cases/Filter My Worklist" time="43.088" classname="Test Cases/Filter My Worklist" status="PASSED">
         <system-out><![CDATA[2022-04-29 14:51:52 - [TEST_CASE][PASSED] - Test Cases/Filter My Worklist: Test Cases/Filter My Worklist

2022-04-29 14:51:52 - [TEST_STEP][PASSED] - openBrowser(""): Browser is opened with url: ''

2022-04-29 14:51:53 - [MESSAGE][INFO] - Starting 'Chrome' driver

2022-04-29 14:51:53 - [MESSAGE][INFO] - Action delay is set to 0 milliseconds

2022-04-29 14:51:55 - [MESSAGE][PASSED] - Browser is opened with url: ''

2022-04-29 14:51:55 - [TEST_STEP][PASSED] - navigateToUrl("http://35.237.24.127:8081/dims-app/#/home"): Navigate to 'http://35.237.24.127:8081/dims-app/#/home' successfully

2022-04-29 14:52:12 - [MESSAGE][PASSED] - Navigate to 'http://35.237.24.127:8081/dims-app/#/home' successfully

2022-04-29 14:52:12 - [TEST_STEP][PASSED] - setText(findTestObject("Object Repository/Create Lead/input_Username_form-control w-75 ng-untouch_2a886e"), username): Text 'SUPER_USER7' is set on object 'Object Repository/Create Lead/input_Username_form-control w-75 ng-untouch_2a886e'

2022-04-29 14:52:13 - [MESSAGE][PASSED] - Text 'SUPER_USER7' is set on object 'Object Repository/Create Lead/input_Username_form-control w-75 ng-untouch_2a886e'

2022-04-29 14:52:13 - [TEST_STEP][PASSED] - setText(findTestObject("Object Repository/Create Lead/input_Password_form-control w-75 ng-untouch_173c6b"), pass): Text 'Abcd1234**' is set on object 'Object Repository/Create Lead/input_Password_form-control w-75 ng-untouch_173c6b'

2022-04-29 14:52:14 - [MESSAGE][PASSED] - Text 'Abcd1234**' is set on object 'Object Repository/Create Lead/input_Password_form-control w-75 ng-untouch_173c6b'

2022-04-29 14:52:14 - [TEST_STEP][PASSED] - click(findTestObject("Object Repository/Create Lead/button_Login")): Object: 'Object Repository/Create Lead/button_Login' is clicked on

2022-04-29 14:52:14 - [MESSAGE][PASSED] - Object: 'Object Repository/Create Lead/button_Login' is clicked on

2022-04-29 14:52:14 - [TEST_STEP][PASSED] - click(findTestObject("Myworklist(lead status)/Page_Debt IMS/strong_My Tools")): Object: 'Object Repository/Myworklist(lead status)/Page_Debt IMS/strong_My Tools' is clicked on

2022-04-29 14:52:17 - [MESSAGE][PASSED] - Object: 'Object Repository/Myworklist(lead status)/Page_Debt IMS/strong_My Tools' is clicked on

2022-04-29 14:52:17 - [TEST_STEP][PASSED] - click(findTestObject("Myworklist(lead status)/Page_Debt IMS/span_My Worklist")): Object: 'Object Repository/Myworklist(lead status)/Page_Debt IMS/span_My Worklist' is clicked on

2022-04-29 14:52:18 - [MESSAGE][PASSED] - Object: 'Object Repository/Myworklist(lead status)/Page_Debt IMS/span_My Worklist' is clicked on

2022-04-29 14:52:18 - [TEST_STEP][PASSED] - setText(findTestObject("Object Repository/Myworklist(lead status)/search ojito add note/input_Filter"), statuses): Text 'Attempting' is set on object 'Object Repository/Myworklist(lead status)/search ojito add note/input_Filter'

2022-04-29 14:52:19 - [MESSAGE][PASSED] - Text 'Attempting' is set on object 'Object Repository/Myworklist(lead status)/search ojito add note/input_Filter'

2022-04-29 14:52:19 - [TEST_STEP][PASSED] - delay(1, STOP_ON_FAILURE): Delayed 1 second(s)

2022-04-29 14:52:20 - [MESSAGE][PASSED] - Delayed 1 second(s)

2022-04-29 14:52:20 - [TEST_STEP][PASSED] - setText(findTestObject("Object Repository/Myworklist(lead status)/search ojito add note/input_Filter_2nd"), state): Text 'alaska' is set on object 'Object Repository/Myworklist(lead status)/search ojito add note/input_Filter_2nd'

2022-04-29 14:52:21 - [MESSAGE][PASSED] - Text 'alaska' is set on object 'Object Repository/Myworklist(lead status)/search ojito add note/input_Filter_2nd'

2022-04-29 14:52:21 - [TEST_STEP][PASSED] - delay(1, STOP_ON_FAILURE): Delayed 1 second(s)

2022-04-29 14:52:22 - [MESSAGE][PASSED] - Delayed 1 second(s)

2022-04-29 14:52:22 - [TEST_STEP][PASSED] - setText(findTestObject("Object Repository/Myworklist(lead status)/search ojito add note/input_Filter_2nd"), source): Text 'mailer' is set on object 'Object Repository/Myworklist(lead status)/search ojito add note/input_Filter_2nd'

2022-04-29 14:52:23 - [MESSAGE][PASSED] - Text 'mailer' is set on object 'Object Repository/Myworklist(lead status)/search ojito add note/input_Filter_2nd'

2022-04-29 14:52:23 - [TEST_STEP][PASSED] - delay(1, STOP_ON_FAILURE): Delayed 1 second(s)

2022-04-29 14:52:24 - [MESSAGE][PASSED] - Delayed 1 second(s)

2022-04-29 14:52:24 - [TEST_STEP][PASSED] - setText(findTestObject("Object Repository/Myworklist(lead status)/search ojito add note/input_Filter_2nd"), zip): Text '1010' is set on object 'Object Repository/Myworklist(lead status)/search ojito add note/input_Filter_2nd'

2022-04-29 14:52:24 - [MESSAGE][PASSED] - Text '1010' is set on object 'Object Repository/Myworklist(lead status)/search ojito add note/input_Filter_2nd'

2022-04-29 14:52:24 - [TEST_STEP][PASSED] - click(findTestObject("Myworklist(lead status)/search ojito add note/button_FILE_editButton")): Object: 'Object Repository/Myworklist(lead status)/search ojito add note/button_FILE_editButton' is clicked on

2022-04-29 14:52:25 - [MESSAGE][PASSED] - Object: 'Object Repository/Myworklist(lead status)/search ojito add note/button_FILE_editButton' is clicked on

2022-04-29 14:52:25 - [TEST_STEP][PASSED] - scrollToElement(findTestObject("Object Repository/Myworklist(lead status)/search ojito add note/button_Save Note"), 0, STOP_ON_FAILURE): Scroll to object 'Object Repository/Myworklist(lead status)/search ojito add note/button_Save Note' successfully

2022-04-29 14:52:25 - [MESSAGE][WARNING] - Timeout '0' is invalid. Using default page load timeout: '30'

2022-04-29 14:52:26 - [MESSAGE][PASSED] - Scroll to object 'Object Repository/Myworklist(lead status)/search ojito add note/button_Save Note' successfully

2022-04-29 14:52:26 - [TEST_STEP][PASSED] - selectOptionByValue(findTestObject("Object Repository/Myworklist(lead status)/search ojito add note/Page_Debt IMS/select_Select OneCalle  textedHOT LEADLEFT _fb051f"), "1", true): All options with value '1' are selected in object 'Object Repository/Myworklist(lead status)/search ojito add note/Page_Debt IMS/select_Select OneCalle  textedHOT LEADLEFT _fb051f'  using regular expression

2022-04-29 14:52:27 - [MESSAGE][PASSED] - All options with value '1' are selected in object 'Object Repository/Myworklist(lead status)/search ojito add note/Page_Debt IMS/select_Select OneCalle  textedHOT LEADLEFT _fb051f'  using regular expression

2022-04-29 14:52:27 - [TEST_STEP][PASSED] - click(findTestObject("Object Repository/Myworklist(lead status)/search ojito add note/button_Save Note")): Object: 'Object Repository/Myworklist(lead status)/search ojito add note/button_Save Note' is clicked on

2022-04-29 14:52:28 - [MESSAGE][PASSED] - Object: 'Object Repository/Myworklist(lead status)/search ojito add note/button_Save Note' is clicked on

2022-04-29 14:52:28 - [TEST_STEP][PASSED] - delay(1, STOP_ON_FAILURE): Delayed 1 second(s)

2022-04-29 14:52:29 - [MESSAGE][PASSED] - Delayed 1 second(s)

2022-04-29 14:52:29 - [TEST_STEP][PASSED] - takeFullPageScreenshot(): Taking screenshot successfully

2022-04-29 14:52:29 - [MESSAGE][INFO] - 0 hidden object(s)

2022-04-29 14:52:29 - [MESSAGE][PASSED] - Taking screenshot successfully
[[ATTACHMENT|/home/juzcategui/git/DIMS/Reports/20220429_145147/My Worklist/20220429_145147/1651258349064.png]]

2022-04-29 14:52:29 - [TEST_STEP][PASSED] - click(findTestObject("Object Repository/Myworklist(lead status)/search ojito add note/button_Back")): Object: 'Object Repository/Myworklist(lead status)/search ojito add note/button_Back' is clicked on

2022-04-29 14:52:30 - [MESSAGE][PASSED] - Object: 'Object Repository/Myworklist(lead status)/search ojito add note/button_Back' is clicked on

2022-04-29 14:52:30 - [TEST_STEP][PASSED] - setText(findTestObject("Object Repository/Myworklist(lead status)/search ojito add note/input_Filter"), zip): Text '1010' is set on object 'Object Repository/Myworklist(lead status)/search ojito add note/input_Filter'

2022-04-29 14:52:33 - [MESSAGE][PASSED] - Text '1010' is set on object 'Object Repository/Myworklist(lead status)/search ojito add note/input_Filter'

2022-04-29 14:52:33 - [TEST_STEP][PASSED] - scrollToPosition(150, 100, STOP_ON_FAILURE): Browser is scrolled to position x = 150, y = 100

2022-04-29 14:52:33 - [MESSAGE][PASSED] - Browser is scrolled to position x = 150, y = 100

2022-04-29 14:52:33 - [TEST_STEP][PASSED] - click(findTestObject("Object Repository/Myworklist(lead status)/search ojito add note/button_ojito")): Object: 'Object Repository/Myworklist(lead status)/search ojito add note/button_ojito' is clicked on

2022-04-29 14:52:34 - [MESSAGE][PASSED] - Object: 'Object Repository/Myworklist(lead status)/search ojito add note/button_ojito' is clicked on

2022-04-29 14:52:34 - [TEST_STEP][PASSED] - takeFullPageScreenshot(): Taking screenshot successfully

2022-04-29 14:52:35 - [MESSAGE][INFO] - 0 hidden object(s)

2022-04-29 14:52:35 - [MESSAGE][PASSED] - Taking screenshot successfully
[[ATTACHMENT|/home/juzcategui/git/DIMS/Reports/20220429_145147/My Worklist/20220429_145147/1651258354583.png]]]]></system-out>
         <system-err><![CDATA[]]></system-err>
      </testcase>
      <system-out><![CDATA[2022-04-29 14:51:51 - [TEST_SUITE][PASSED] - My Worklist: Test Cases/Filter My Worklist]]></system-out>
      <system-err><![CDATA[]]></system-err>
   </testsuite>
</testsuites>
