<?xml version="1.0" encoding="UTF-8"?>
<testsuites name="Programs" time="34.63" tests="1" failures="0" errors="0">
   <testsuite name="Programs" tests="1" failures="0" errors="0" time="34.63" skipped="0" timestamp="2022-03-22 00:18:11" hostname="juzcategui - juzcategui" id="Test Suites/Programs">
      <properties>
         <property name="deviceName" value=""/>
         <property name="devicePlatform" value=""/>
         <property name="logFolder" value="/home/juzcategui/git/DIMS/Reports/20220322_001807/Programs/20220322_001807"/>
         <property name="logFiles" value="/home/juzcategui/git/DIMS/Reports/20220322_001807/Programs/20220322_001807/execution0.log"/>
         <property name="attachments" value="/home/juzcategui/git/DIMS/Reports/20220322_001807/Programs/20220322_001807/1647922720040.png"/>
         <property name="hostName" value="juzcategui - juzcategui"/>
         <property name="os" value="Linux 64bit"/>
         <property name="katalonVersion" value="8.2.5.208"/>
         <property name="browser" value="Chrome 98.0.4758.102"/>
         <property name="hostAddress" value="192.168.250.10"/>
         <property name="sessionId" value="deace4113d6fe5d27a7ae879474d193c"/>
         <property name="seleniumVersion" value="3.141.59"/>
         <property name="proxyInformation" value="ProxyInformation { proxyOption=NO_PROXY, proxyServerType=HTTP, username=, password=********, proxyServerAddress=, proxyServerPort=0, executionList=&quot;&quot;, isApplyToDesiredCapabilities=true }"/>
         <property name="platform" value="Linux"/>
      </properties>
      <testcase name="Test Cases/Add Programs" time="0.486" classname="Test Cases/Add Programs" status="INCOMPLETE">
         <system-out><![CDATA[2022-03-22 00:18:45 - [TEST_CASE][INCOMPLETE] - Test Cases/Add Programs: null

2022-03-22 00:18:45 - [TEST_STEP][INCOMPLETE] - openBrowser(""): Action delay is set to 0 milliseconds

2022-03-22 00:18:45 - [MESSAGE][WARNING] - A browser is already opened. Closing browser and opening a new one

2022-03-22 00:18:45 - [MESSAGE][INFO] - Starting 'Chrome' driver

2022-03-22 00:18:45 - [MESSAGE][INFO] - Action delay is set to 0 milliseconds]]></system-out>
         <system-err><![CDATA[2022-03-22 00:18:45 - [TEST_CASE][INCOMPLETE] - Test Cases/Add Programs: null]]></system-err>
      </testcase>
      <system-out><![CDATA[2022-03-22 00:18:11 - [TEST_SUITE][INCOMPLETE] - Programs: null]]></system-out>
      <system-err><![CDATA[2022-03-22 00:18:11 - [TEST_SUITE][INCOMPLETE] - Programs: null]]></system-err>
   </testsuite>
</testsuites>
