<?xml version="1.0" encoding="UTF-8"?>
<testsuites name="Programs" time="73.677" tests="1" failures="0" errors="0">
   <testsuite name="Programs" tests="1" failures="0" errors="0" time="73.677" skipped="0" timestamp="2022-03-21 23:18:48" hostname="juzcategui - juzcategui" id="Test Suites/Programs">
      <properties>
         <property name="deviceName" value=""/>
         <property name="devicePlatform" value=""/>
         <property name="logFolder" value="/home/juzcategui/git/DIMS/Reports/20220321_231845/Programs/20220321_231845"/>
         <property name="logFiles" value="/home/juzcategui/git/DIMS/Reports/20220321_231845/Programs/20220321_231845/execution0.log"/>
         <property name="attachments" value=""/>
         <property name="hostName" value="juzcategui - juzcategui"/>
         <property name="os" value="Linux 64bit"/>
         <property name="katalonVersion" value="8.2.5.208"/>
         <property name="browser" value="Chrome 98.0.4758.102"/>
         <property name="hostAddress" value="192.168.250.10"/>
         <property name="sessionId" value="1a66c5e72937b0317fd05e73795fe7bc"/>
         <property name="seleniumVersion" value="3.141.59"/>
         <property name="proxyInformation" value="ProxyInformation { proxyOption=NO_PROXY, proxyServerType=HTTP, username=, password=********, proxyServerAddress=, proxyServerPort=0, executionList=&quot;&quot;, isApplyToDesiredCapabilities=true }"/>
         <property name="platform" value="Linux"/>
      </properties>
      <testcase name="Test Cases/Add Programs" time="72.971" classname="Test Cases/Add Programs" status="PASSED">
         <system-out><![CDATA[2022-03-21 23:18:49 - [TEST_CASE][PASSED] - Test Cases/Add Programs: Test Cases/Add Programs

2022-03-21 23:18:49 - [TEST_STEP][PASSED] - openBrowser(""): Browser is opened with url: ''

2022-03-21 23:18:50 - [MESSAGE][INFO] - Starting 'Chrome' driver

2022-03-21 23:18:50 - [MESSAGE][INFO] - Action delay is set to 0 milliseconds

2022-03-21 23:18:51 - [MESSAGE][PASSED] - Browser is opened with url: ''

2022-03-21 23:18:51 - [TEST_STEP][PASSED] - navigateToUrl("http://35.237.24.127:8081/dims-app/#/home"): Navigate to 'http://35.237.24.127:8081/dims-app/#/home' successfully

2022-03-21 23:19:08 - [MESSAGE][PASSED] - Navigate to 'http://35.237.24.127:8081/dims-app/#/home' successfully

2022-03-21 23:19:08 - [TEST_STEP][PASSED] - setText(findTestObject("Object Repository/Programs/input_Username_form-control w-75 ng-untouch_2a886e"), username): Text 'SUPER_USER7' is set on object 'Object Repository/Programs/input_Username_form-control w-75 ng-untouch_2a886e'

2022-03-21 23:19:08 - [MESSAGE][PASSED] - Text 'SUPER_USER7' is set on object 'Object Repository/Programs/input_Username_form-control w-75 ng-untouch_2a886e'

2022-03-21 23:19:08 - [TEST_STEP][PASSED] - setText(findTestObject("Object Repository/Programs/input_Password_form-control w-75 ng-untouch_173c6b"), pass): Text 'Abcd1234**' is set on object 'Object Repository/Programs/input_Password_form-control w-75 ng-untouch_173c6b'

2022-03-21 23:19:09 - [MESSAGE][PASSED] - Text 'Abcd1234**' is set on object 'Object Repository/Programs/input_Password_form-control w-75 ng-untouch_173c6b'

2022-03-21 23:19:09 - [TEST_STEP][PASSED] - click(findTestObject("Object Repository/Programs/button_Login")): Object: 'Object Repository/Programs/button_Login' is clicked on

2022-03-21 23:19:12 - [MESSAGE][PASSED] - Object: 'Object Repository/Programs/button_Login' is clicked on

2022-03-21 23:19:12 - [TEST_STEP][PASSED] - click(findTestObject("Object Repository/Programs/strong_Maintenance Tools")): Object: 'Object Repository/Programs/strong_Maintenance Tools' is clicked on

2022-03-21 23:19:12 - [MESSAGE][PASSED] - Object: 'Object Repository/Programs/strong_Maintenance Tools' is clicked on

2022-03-21 23:19:12 - [TEST_STEP][PASSED] - click(findTestObject("Object Repository/Programs/span_Programs")): Object: 'Object Repository/Programs/span_Programs' is clicked on

2022-03-21 23:19:13 - [MESSAGE][PASSED] - Object: 'Object Repository/Programs/span_Programs' is clicked on

2022-03-21 23:19:13 - [TEST_STEP][PASSED] - click(findTestObject("Object Repository/Programs/button_Welcome, Julio Uzctegui_addButton")): Object: 'Object Repository/Programs/button_Welcome, Julio Uzctegui_addButton' is clicked on

2022-03-21 23:19:14 - [MESSAGE][PASSED] - Object: 'Object Repository/Programs/button_Welcome, Julio Uzctegui_addButton' is clicked on

2022-03-21 23:19:14 - [TEST_STEP][PASSED] - click(findTestObject("Object Repository/Programs/div_Select an Office(s)")): Object: 'Object Repository/Programs/div_Select an Office(s)' is clicked on

2022-03-21 23:19:15 - [MESSAGE][PASSED] - Object: 'Object Repository/Programs/div_Select an Office(s)' is clicked on

2022-03-21 23:19:15 - [TEST_STEP][PASSED] - click(findTestObject("Object Repository/Programs/div_Debt - Ims_p-checkbox-box")): Object: 'Object Repository/Programs/div_Debt - Ims_p-checkbox-box' is clicked on

2022-03-21 23:19:15 - [MESSAGE][PASSED] - Object: 'Object Repository/Programs/div_Debt - Ims_p-checkbox-box' is clicked on

2022-03-21 23:19:15 - [TEST_STEP][PASSED] - setText(findTestObject("Object Repository/Programs/input_Username_form-control w-75 ng-untouch_2a886e"), programname): Text 'Test dg aut' is set on object 'Object Repository/Programs/input_Username_form-control w-75 ng-untouch_2a886e'

2022-03-21 23:19:16 - [MESSAGE][PASSED] - Text 'Test dg aut' is set on object 'Object Repository/Programs/input_Username_form-control w-75 ng-untouch_2a886e'

2022-03-21 23:19:16 - [TEST_STEP][PASSED] - click(findTestObject("Object Repository/Programs/div_Select a Pay Frequencie(s)")): Object: 'Object Repository/Programs/div_Select a Pay Frequencie(s)' is clicked on

2022-03-21 23:19:17 - [MESSAGE][PASSED] - Object: 'Object Repository/Programs/div_Select a Pay Frequencie(s)' is clicked on

2022-03-21 23:19:17 - [TEST_STEP][PASSED] - click(findTestObject("Object Repository/Programs/div_Semi  Monthly_p-checkbox-box")): Object: 'Object Repository/Programs/div_Semi  Monthly_p-checkbox-box' is clicked on

2022-03-21 23:19:17 - [MESSAGE][PASSED] - Object: 'Object Repository/Programs/div_Semi  Monthly_p-checkbox-box' is clicked on

2022-03-21 23:19:17 - [TEST_STEP][PASSED] - setText(findTestObject("Object Repository/Programs/input_Email_form-control shadow-none ng-unt_36dc17"), email): Text 'test@gmail.com' is set on object 'Object Repository/Programs/input_Email_form-control shadow-none ng-unt_36dc17'

2022-03-21 23:19:18 - [MESSAGE][PASSED] - Text 'test@gmail.com' is set on object 'Object Repository/Programs/input_Email_form-control shadow-none ng-unt_36dc17'

2022-03-21 23:19:18 - [TEST_STEP][PASSED] - click(findTestObject("Object Repository/Programs/input_Username_form-control w-75 ng-untouch_2a886e")): Object: 'Object Repository/Programs/input_Username_form-control w-75 ng-untouch_2a886e' is clicked on

2022-03-21 23:19:19 - [MESSAGE][PASSED] - Object: 'Object Repository/Programs/input_Username_form-control w-75 ng-untouch_2a886e' is clicked on

2022-03-21 23:19:19 - [TEST_STEP][PASSED] - doubleClick(findTestObject("Object Repository/Programs/input_Username_form-control w-75 ng-untouch_2a886e")): Object: 'Object Repository/Programs/input_Username_form-control w-75 ng-untouch_2a886e' is double clicked on

2022-03-21 23:19:19 - [MESSAGE][PASSED] - Object: 'Object Repository/Programs/input_Username_form-control w-75 ng-untouch_2a886e' is double clicked on

2022-03-21 23:19:19 - [TEST_STEP][PASSED] - click(findTestObject("Object Repository/Programs/input_Username_form-control w-75 ng-untouch_2a886e")): Object: 'Object Repository/Programs/input_Username_form-control w-75 ng-untouch_2a886e' is clicked on

2022-03-21 23:19:20 - [MESSAGE][PASSED] - Object: 'Object Repository/Programs/input_Username_form-control w-75 ng-untouch_2a886e' is clicked on

2022-03-21 23:19:20 - [TEST_STEP][PASSED] - doubleClick(findTestObject("Object Repository/Programs/input_Username_form-control w-75 ng-untouch_2a886e")): Object: 'Object Repository/Programs/input_Username_form-control w-75 ng-untouch_2a886e' is double clicked on

2022-03-21 23:19:20 - [MESSAGE][PASSED] - Object: 'Object Repository/Programs/input_Username_form-control w-75 ng-untouch_2a886e' is double clicked on

2022-03-21 23:19:20 - [TEST_STEP][PASSED] - click(findTestObject("Object Repository/Programs/input_Username_form-control w-75 ng-untouch_2a886e")): Object: 'Object Repository/Programs/input_Username_form-control w-75 ng-untouch_2a886e' is clicked on

2022-03-21 23:19:20 - [MESSAGE][PASSED] - Object: 'Object Repository/Programs/input_Username_form-control w-75 ng-untouch_2a886e' is clicked on

2022-03-21 23:19:20 - [TEST_STEP][PASSED] - selectOptionByValue(findTestObject("Object Repository/Programs/select_Select One12345678910111213141516171_b2f31c"), "10", true): All options with value '10' are selected in object 'Object Repository/Programs/select_Select One12345678910111213141516171_b2f31c'  using regular expression

2022-03-21 23:19:22 - [MESSAGE][PASSED] - All options with value '10' are selected in object 'Object Repository/Programs/select_Select One12345678910111213141516171_b2f31c'  using regular expression

2022-03-21 23:19:22 - [TEST_STEP][PASSED] - click(findTestObject("Object Repository/Programs/button_Add")): Object: 'Object Repository/Programs/button_Add' is clicked on

2022-03-21 23:19:23 - [MESSAGE][PASSED] - Object: 'Object Repository/Programs/button_Add' is clicked on

2022-03-21 23:19:23 - [TEST_STEP][PASSED] - click(findTestObject("Object Repository/Programs/div_Select a Unacceptable debt(s)")): Object: 'Object Repository/Programs/div_Select a Unacceptable debt(s)' is clicked on

2022-03-21 23:19:23 - [MESSAGE][PASSED] - Object: 'Object Repository/Programs/div_Select a Unacceptable debt(s)' is clicked on

2022-03-21 23:19:23 - [TEST_STEP][PASSED] - click(findTestObject("Object Repository/Programs/div_Only medical_p-checkbox-box")): Object: 'Object Repository/Programs/div_Only medical_p-checkbox-box' is clicked on

2022-03-21 23:19:54 - [MESSAGE][INFO] - Unable to find the element located by 'By.xpath: (.//*[normalize-space(text()) and normalize-space(.)='Only medical'])[1]/following::div[2]'. Please recheck the objects properties to make sure the desired element is located. 

2022-03-21 23:19:54 - [MESSAGE][WARNING] - [SELF-HEALING] Failed to find element with id 'Object Repository/Programs/div_Only medical_p-checkbox-box'. Try using Self-healing.

2022-03-21 23:19:55 - [MESSAGE][INFO] - [SELF-HEALING] Failed Locator: '(.//*[normalize-space(text()) and normalize-space(.)='Only medical'])[1]/following::div[2]'.

2022-03-21 23:19:55 - [MESSAGE][INFO] - [SELF-HEALING] Working Locator: '(.//*[normalize-space(text()) and normalize-space(.)='Select a Unacceptable debt(s)'])[1]/following::div[12]'.

2022-03-21 23:19:55 - [MESSAGE][INFO] - [SELF-HEALING] Screenshot: /home/juzcategui/git/DIMS/Reports/Self-healing/Object Repository/Programs/div_Only medical_p-checkbox-box_neighbor.png

2022-03-21 23:19:55 - [MESSAGE][WARNING] - [SELF-HEALING] The current locator of test object 'Object Repository/Programs/div_Only medical_p-checkbox-box' was broken. Propose an alternative one: '(.//*[normalize-space(text()) and normalize-space(.)='Select a Unacceptable debt(s)'])[1]/following::div[12]'.

2022-03-21 23:19:56 - [MESSAGE][PASSED] - Object: 'Object Repository/Programs/div_Only medical_p-checkbox-box' is clicked on

2022-03-21 23:19:56 - [TEST_STEP][PASSED] - selectOptionByValue(findTestObject("Object Repository/Programs/select_Select OneYesNo"), "false", true): All options with value 'false' are selected in object 'Object Repository/Programs/select_Select OneYesNo'  using regular expression

2022-03-21 23:19:57 - [MESSAGE][PASSED] - All options with value 'false' are selected in object 'Object Repository/Programs/select_Select OneYesNo'  using regular expression

2022-03-21 23:19:57 - [TEST_STEP][PASSED] - selectOptionByValue(findTestObject("Object Repository/Programs/select_Select OneYesNo_1"), "false", true): All options with value 'false' are selected in object 'Object Repository/Programs/select_Select OneYesNo_1'  using regular expression

2022-03-21 23:19:58 - [MESSAGE][PASSED] - All options with value 'false' are selected in object 'Object Repository/Programs/select_Select OneYesNo_1'  using regular expression

2022-03-21 23:19:58 - [TEST_STEP][PASSED] - selectOptionByValue(findTestObject("Object Repository/Programs/select_Select OneYesNo_1"), "false", true): All options with value 'false' are selected in object 'Object Repository/Programs/select_Select OneYesNo_1'  using regular expression

2022-03-21 23:19:59 - [MESSAGE][PASSED] - All options with value 'false' are selected in object 'Object Repository/Programs/select_Select OneYesNo_1'  using regular expression

2022-03-21 23:19:59 - [TEST_STEP][PASSED] - selectOptionByValue(findTestObject("Object Repository/Programs/select_Select OneYesNo_1"), "false", true): All options with value 'false' are selected in object 'Object Repository/Programs/select_Select OneYesNo_1'  using regular expression

2022-03-21 23:19:59 - [MESSAGE][PASSED] - All options with value 'false' are selected in object 'Object Repository/Programs/select_Select OneYesNo_1'  using regular expression

2022-03-21 23:19:59 - [TEST_STEP][PASSED] - selectOptionByValue(findTestObject("Object Repository/Programs/select_Select OneYesNo_1"), "false", true): All options with value 'false' are selected in object 'Object Repository/Programs/select_Select OneYesNo_1'  using regular expression

2022-03-21 23:20:00 - [MESSAGE][PASSED] - All options with value 'false' are selected in object 'Object Repository/Programs/select_Select OneYesNo_1'  using regular expression

2022-03-21 23:20:00 - [TEST_STEP][PASSED] - selectOptionByValue(findTestObject("Object Repository/Programs/select_Select OneYesNo_1"), "false", true): All options with value 'false' are selected in object 'Object Repository/Programs/select_Select OneYesNo_1'  using regular expression

2022-03-21 23:20:01 - [MESSAGE][PASSED] - All options with value 'false' are selected in object 'Object Repository/Programs/select_Select OneYesNo_1'  using regular expression

2022-03-21 23:20:01 - [TEST_STEP][PASSED] - click(findTestObject("Object Repository/Programs/button_Welcome, Julio Uzctegui_saveButton")): Object: 'Object Repository/Programs/button_Welcome, Julio Uzctegui_saveButton' is clicked on

2022-03-21 23:20:02 - [MESSAGE][PASSED] - Object: 'Object Repository/Programs/button_Welcome, Julio Uzctegui_saveButton' is clicked on]]></system-out>
         <system-err><![CDATA[]]></system-err>
      </testcase>
      <system-out><![CDATA[2022-03-21 23:18:48 - [TEST_SUITE][PASSED] - Programs: Test Cases/Add Programs]]></system-out>
      <system-err><![CDATA[]]></system-err>
   </testsuite>
</testsuites>
