<?xml version="1.0" encoding="UTF-8"?>
<testsuites name="New Lead" time="52.284" tests="1" failures="0" errors="0">
   <testsuite name="New Lead" tests="1" failures="0" errors="0" time="52.284" skipped="0" timestamp="2022-07-28 16:24:40" hostname="juzcategui - juzcategui" id="Test Suites/New Lead">
      <properties>
         <property name="deviceName" value=""/>
         <property name="devicePlatform" value=""/>
         <property name="logFolder" value="/home/juzcategui/git/DIMS/Reports/20220728_162437/New Lead/20220728_162437"/>
         <property name="logFiles" value="/home/juzcategui/git/DIMS/Reports/20220728_162437/New Lead/20220728_162437/execution0.log"/>
         <property name="attachments" value="/home/juzcategui/git/DIMS/Reports/20220728_162437/New Lead/20220728_162437/1659039931836.png"/>
         <property name="hostName" value="juzcategui - juzcategui"/>
         <property name="os" value="Linux 64bit"/>
         <property name="katalonVersion" value="8.2.5.208"/>
         <property name="browser" value="Chrome 102.0.5005.115"/>
         <property name="hostAddress" value="192.168.12.200"/>
         <property name="sessionId" value="57b5aed1703f97da6aff80d6567d3296"/>
         <property name="seleniumVersion" value="3.141.59"/>
         <property name="proxyInformation" value="ProxyInformation { proxyOption=NO_PROXY, proxyServerType=HTTP, username=, password=********, proxyServerAddress=, proxyServerPort=0, executionList=&quot;&quot;, isApplyToDesiredCapabilities=true }"/>
         <property name="platform" value="Linux"/>
      </properties>
      <testcase name="Test Cases/Create Lead - Required Fields" time="51.687" classname="Test Cases/Create Lead - Required Fields" status="PASSED">
         <system-out><![CDATA[2022-07-28 16:24:41 - [TEST_CASE][PASSED] - Test Cases/Create Lead - Required Fields: Test Cases/Create Lead - Required Fields

2022-07-28 16:24:41 - [TEST_STEP][PASSED] - openBrowser(""): Browser is opened with url: ''

2022-07-28 16:24:41 - [MESSAGE][INFO] - Starting 'Chrome' driver

2022-07-28 16:24:41 - [MESSAGE][INFO] - Action delay is set to 0 milliseconds

2022-07-28 16:24:43 - [MESSAGE][PASSED] - Browser is opened with url: ''

2022-07-28 16:24:43 - [TEST_STEP][PASSED] - navigateToUrl("http://35.237.24.127:8081/dims-app/#/home"): Navigate to 'http://35.237.24.127:8081/dims-app/#/home' successfully

2022-07-28 16:25:14 - [MESSAGE][PASSED] - Navigate to 'http://35.237.24.127:8081/dims-app/#/home' successfully

2022-07-28 16:25:14 - [TEST_STEP][PASSED] - setText(findTestObject("Object Repository/Create Lead/input_Username_form-control w-75 ng-untouch_2a886e"), username): Text 'SUPER_USER7' is set on object 'Object Repository/Create Lead/input_Username_form-control w-75 ng-untouch_2a886e'

2022-07-28 16:25:15 - [MESSAGE][PASSED] - Text 'SUPER_USER7' is set on object 'Object Repository/Create Lead/input_Username_form-control w-75 ng-untouch_2a886e'

2022-07-28 16:25:15 - [TEST_STEP][PASSED] - setText(findTestObject("Object Repository/Create Lead/input_Password_form-control w-75 ng-untouch_173c6b"), pass): Text 'Abcd1234**' is set on object 'Object Repository/Create Lead/input_Password_form-control w-75 ng-untouch_173c6b'

2022-07-28 16:25:16 - [MESSAGE][PASSED] - Text 'Abcd1234**' is set on object 'Object Repository/Create Lead/input_Password_form-control w-75 ng-untouch_173c6b'

2022-07-28 16:25:16 - [TEST_STEP][PASSED] - click(findTestObject("Object Repository/Create Lead/button_Login")): Object: 'Object Repository/Create Lead/button_Login' is clicked on

2022-07-28 16:25:19 - [MESSAGE][PASSED] - Object: 'Object Repository/Create Lead/button_Login' is clicked on

2022-07-28 16:25:19 - [TEST_STEP][PASSED] - click(findTestObject("Object Repository/Create Lead/strong_My Tools")): Object: 'Object Repository/Create Lead/strong_My Tools' is clicked on

2022-07-28 16:25:19 - [MESSAGE][PASSED] - Object: 'Object Repository/Create Lead/strong_My Tools' is clicked on

2022-07-28 16:25:19 - [TEST_STEP][PASSED] - click(findTestObject("Object Repository/Create Lead/span_New Lead")): Object: 'Object Repository/Create Lead/span_New Lead' is clicked on

2022-07-28 16:25:20 - [MESSAGE][PASSED] - Object: 'Object Repository/Create Lead/span_New Lead' is clicked on

2022-07-28 16:25:20 - [TEST_STEP][PASSED] - selectOptionByValue(findTestObject("Object Repository/Create Lead/select_Select OneAdvertising-Stop My Payday_d308cb"), "3", true): All options with value '3' are selected in object 'Object Repository/Create Lead/select_Select OneAdvertising-Stop My Payday_d308cb'  using regular expression

2022-07-28 16:25:22 - [MESSAGE][PASSED] - All options with value '3' are selected in object 'Object Repository/Create Lead/select_Select OneAdvertising-Stop My Payday_d308cb'  using regular expression

2022-07-28 16:25:22 - [TEST_STEP][PASSED] - selectOptionByValue(findTestObject("Object Repository/Create Lead/select_Select OneHFG 2020HFG NONEHFG PAYDAY_f27ab0"), "2", true): All options with value '2' are selected in object 'Object Repository/Create Lead/select_Select OneHFG 2020HFG NONEHFG PAYDAY_f27ab0'  using regular expression

2022-07-28 16:25:23 - [MESSAGE][PASSED] - All options with value '2' are selected in object 'Object Repository/Create Lead/select_Select OneHFG 2020HFG NONEHFG PAYDAY_f27ab0'  using regular expression

2022-07-28 16:25:23 - [TEST_STEP][PASSED] - setText(findTestObject("Create Lead/input_First Name"), firstname): Text 'julio' is set on object 'Object Repository/Create Lead/input_First Name'

2022-07-28 16:25:23 - [MESSAGE][PASSED] - Text 'julio' is set on object 'Object Repository/Create Lead/input_First Name'

2022-07-28 16:25:23 - [TEST_STEP][PASSED] - setText(findTestObject("Create Lead/input_Last Name"), lastname): Text 'herrera' is set on object 'Object Repository/Create Lead/input_Last Name'

2022-07-28 16:25:24 - [MESSAGE][PASSED] - Text 'herrera' is set on object 'Object Repository/Create Lead/input_Last Name'

2022-07-28 16:25:24 - [TEST_STEP][PASSED] - selectOptionByValue(findTestObject("Object Repository/Create Lead/select_Select OneUS Armed Forces EuropeAlas_fd93bc"), "2: 2", true): All options with value '2: 2' are selected in object 'Object Repository/Create Lead/select_Select OneUS Armed Forces EuropeAlas_fd93bc'  using regular expression

2022-07-28 16:25:26 - [MESSAGE][PASSED] - All options with value '2: 2' are selected in object 'Object Repository/Create Lead/select_Select OneUS Armed Forces EuropeAlas_fd93bc'  using regular expression

2022-07-28 16:25:26 - [TEST_STEP][PASSED] - setText(findTestObject("Create Lead/Page_Debt IMS/input_Home Phone_new"), homephone): Text '2129909090' is set on object 'Object Repository/Create Lead/Page_Debt IMS/input_Home Phone_new'

2022-07-28 16:25:27 - [MESSAGE][PASSED] - Text '2129909090' is set on object 'Object Repository/Create Lead/Page_Debt IMS/input_Home Phone_new'

2022-07-28 16:25:27 - [TEST_STEP][PASSED] - setText(findTestObject("Create Lead/input_Email_form-control shadow-none ng-untouched ng-pristine ng-invalid"), email): Text 'julio@gmail.com' is set on object 'Object Repository/Create Lead/input_Email_form-control shadow-none ng-untouched ng-pristine ng-invalid'

2022-07-28 16:25:28 - [MESSAGE][PASSED] - Text 'julio@gmail.com' is set on object 'Object Repository/Create Lead/input_Email_form-control shadow-none ng-untouched ng-pristine ng-invalid'

2022-07-28 16:25:28 - [TEST_STEP][PASSED] - delay(2, STOP_ON_FAILURE): Delayed 2 second(s)

2022-07-28 16:25:30 - [MESSAGE][PASSED] - Delayed 2 second(s)

2022-07-28 16:25:30 - [TEST_STEP][PASSED] - click(findTestObject("Object Repository/Create Lead/button_Welcome, Julio Uzctegui_saveButton")): Object: 'Object Repository/Create Lead/button_Welcome, Julio Uzctegui_saveButton' is clicked on

2022-07-28 16:25:30 - [MESSAGE][PASSED] - Object: 'Object Repository/Create Lead/button_Welcome, Julio Uzctegui_saveButton' is clicked on

2022-07-28 16:25:30 - [TEST_STEP][PASSED] - delay(1, STOP_ON_FAILURE): Delayed 1 second(s)

2022-07-28 16:25:31 - [MESSAGE][PASSED] - Delayed 1 second(s)

2022-07-28 16:25:31 - [TEST_STEP][PASSED] - takeFullPageScreenshot(): Taking screenshot successfully

2022-07-28 16:25:32 - [MESSAGE][INFO] - 0 hidden object(s)

2022-07-28 16:25:32 - [MESSAGE][PASSED] - Taking screenshot successfully
[[ATTACHMENT|/home/juzcategui/git/DIMS/Reports/20220728_162437/New Lead/20220728_162437/1659039931836.png]]]]></system-out>
         <system-err><![CDATA[]]></system-err>
      </testcase>
      <system-out><![CDATA[2022-07-28 16:24:40 - [TEST_SUITE][PASSED] - New Lead: Test Cases/Create Lead - Required Fields]]></system-out>
      <system-err><![CDATA[]]></system-err>
   </testsuite>
</testsuites>
