<?xml version="1.0" encoding="UTF-8"?>
<testsuites name="Profiles" time="149.475" tests="1" failures="0" errors="0">
   <testsuite name="Profiles" tests="1" failures="0" errors="0" time="149.475" skipped="0" timestamp="2022-07-13 18:35:08" hostname="juzcategui - juzcategui" id="Test Suites/Profiles">
      <properties>
         <property name="deviceName" value=""/>
         <property name="devicePlatform" value=""/>
         <property name="logFolder" value="/home/juzcategui/git/DIMS/Reports/20220713_183504/Profiles/20220713_183504"/>
         <property name="logFiles" value="/home/juzcategui/git/DIMS/Reports/20220713_183504/Profiles/20220713_183504/execution0.log"/>
         <property name="attachments" value="/home/juzcategui/git/DIMS/Reports/20220713_183504/Profiles/20220713_183504/1657751856879.png"/>
         <property name="hostName" value="juzcategui - juzcategui"/>
         <property name="os" value="Linux 64bit"/>
         <property name="katalonVersion" value="8.2.5.208"/>
         <property name="browser" value="Chrome 102.0.5005.115"/>
         <property name="hostAddress" value="192.168.250.10"/>
         <property name="sessionId" value="c23fd95985feba835167c96f36c7d234"/>
         <property name="seleniumVersion" value="3.141.59"/>
         <property name="proxyInformation" value="ProxyInformation { proxyOption=NO_PROXY, proxyServerType=HTTP, username=, password=********, proxyServerAddress=, proxyServerPort=0, executionList=&quot;&quot;, isApplyToDesiredCapabilities=true }"/>
         <property name="platform" value="Linux"/>
      </properties>
      <testcase name="Test Cases/Delete Profile" time="148.928" classname="Test Cases/Delete Profile" status="PASSED">
         <system-out><![CDATA[2022-07-13 18:35:08 - [TEST_CASE][PASSED] - Test Cases/Delete Profile: Test Cases/Delete Profile

2022-07-13 18:35:09 - [TEST_STEP][PASSED] - openBrowser(""): Browser is opened with url: ''

2022-07-13 18:35:09 - [MESSAGE][INFO] - Starting 'Chrome' driver

2022-07-13 18:35:09 - [MESSAGE][INFO] - Action delay is set to 0 milliseconds

2022-07-13 18:35:11 - [MESSAGE][PASSED] - Browser is opened with url: ''

2022-07-13 18:35:11 - [TEST_STEP][PASSED] - navigateToUrl("http://35.237.24.127:8081/dims-app/#/home"): Navigate to 'http://35.237.24.127:8081/dims-app/#/home' successfully

2022-07-13 18:37:26 - [MESSAGE][PASSED] - Navigate to 'http://35.237.24.127:8081/dims-app/#/home' successfully

2022-07-13 18:37:26 - [TEST_STEP][PASSED] - setText(findTestObject("Object Repository/Create Lead/Page_Debt IMS/input_Username_form-control w-75 ng-untouch_2a886e"), username): Text 'SUPER_USER7' is set on object 'Object Repository/Create Lead/Page_Debt IMS/input_Username_form-control w-75 ng-untouch_2a886e'

2022-07-13 18:37:27 - [MESSAGE][PASSED] - Text 'SUPER_USER7' is set on object 'Object Repository/Create Lead/Page_Debt IMS/input_Username_form-control w-75 ng-untouch_2a886e'

2022-07-13 18:37:27 - [TEST_STEP][PASSED] - setText(findTestObject("Object Repository/Create Lead/Page_Debt IMS/input_Password_form-control w-75 ng-untouch_173c6b"), pass): Text 'Abcd1234**' is set on object 'Object Repository/Create Lead/Page_Debt IMS/input_Password_form-control w-75 ng-untouch_173c6b'

2022-07-13 18:37:28 - [MESSAGE][PASSED] - Text 'Abcd1234**' is set on object 'Object Repository/Create Lead/Page_Debt IMS/input_Password_form-control w-75 ng-untouch_173c6b'

2022-07-13 18:37:28 - [TEST_STEP][PASSED] - click(findTestObject("Object Repository/Profiles/Page_Debt IMS/button_Login")): Object: 'Object Repository/Profiles/Page_Debt IMS/button_Login' is clicked on

2022-07-13 18:37:31 - [MESSAGE][PASSED] - Object: 'Object Repository/Profiles/Page_Debt IMS/button_Login' is clicked on

2022-07-13 18:37:31 - [TEST_STEP][PASSED] - click(findTestObject("Object Repository/Profiles/Page_Debt IMS/strong_Security")): Object: 'Object Repository/Profiles/Page_Debt IMS/strong_Security' is clicked on

2022-07-13 18:37:31 - [MESSAGE][PASSED] - Object: 'Object Repository/Profiles/Page_Debt IMS/strong_Security' is clicked on

2022-07-13 18:37:31 - [TEST_STEP][PASSED] - click(findTestObject("Object Repository/Profiles/Page_Debt IMS/span_Profiles")): Object: 'Object Repository/Profiles/Page_Debt IMS/span_Profiles' is clicked on

2022-07-13 18:37:32 - [MESSAGE][PASSED] - Object: 'Object Repository/Profiles/Page_Debt IMS/span_Profiles' is clicked on

2022-07-13 18:37:32 - [TEST_STEP][PASSED] - setText(findTestObject("Profiles/edit - delete profiles/edit - delete profiles/input_Profiles to search"), namemodify): Text 'Test aut modificado' is set on object 'Object Repository/Profiles/edit - delete profiles/edit - delete profiles/input_Profiles to search'

2022-07-13 18:37:33 - [MESSAGE][PASSED] - Text 'Test aut modificado' is set on object 'Object Repository/Profiles/edit - delete profiles/edit - delete profiles/input_Profiles to search'

2022-07-13 18:37:33 - [TEST_STEP][PASSED] - click(findTestObject("Profiles/edit - delete profiles/td_Systems Permissions_tdEditButton")): Object: 'Object Repository/Profiles/edit - delete profiles/td_Systems Permissions_tdEditButton' is clicked on

2022-07-13 18:37:34 - [MESSAGE][PASSED] - Object: 'Object Repository/Profiles/edit - delete profiles/td_Systems Permissions_tdEditButton' is clicked on

2022-07-13 18:37:34 - [TEST_STEP][PASSED] - click(findTestObject("Profiles/edit - delete profiles/edit - delete profiles/button_Welcome, Julio Uzctegui_deleteButton")): Object: 'Object Repository/Profiles/edit - delete profiles/edit - delete profiles/button_Welcome, Julio Uzctegui_deleteButton' is clicked on

2022-07-13 18:37:34 - [MESSAGE][PASSED] - Object: 'Object Repository/Profiles/edit - delete profiles/edit - delete profiles/button_Welcome, Julio Uzctegui_deleteButton' is clicked on

2022-07-13 18:37:34 - [TEST_STEP][PASSED] - click(findTestObject("Profiles/edit - delete profiles/edit - delete profiles/button_Accept")): Object: 'Object Repository/Profiles/edit - delete profiles/edit - delete profiles/button_Accept' is clicked on

2022-07-13 18:37:35 - [MESSAGE][PASSED] - Object: 'Object Repository/Profiles/edit - delete profiles/edit - delete profiles/button_Accept' is clicked on

2022-07-13 18:37:35 - [TEST_STEP][PASSED] - delay(1, STOP_ON_FAILURE): Delayed 1 second(s)

2022-07-13 18:37:36 - [MESSAGE][PASSED] - Delayed 1 second(s)

2022-07-13 18:37:36 - [TEST_STEP][PASSED] - takeFullPageScreenshot(): Taking screenshot successfully

2022-07-13 18:37:37 - [MESSAGE][INFO] - 0 hidden object(s)

2022-07-13 18:37:37 - [MESSAGE][PASSED] - Taking screenshot successfully
[[ATTACHMENT|/home/juzcategui/git/DIMS/Reports/20220713_183504/Profiles/20220713_183504/1657751856879.png]]]]></system-out>
         <system-err><![CDATA[]]></system-err>
      </testcase>
      <system-out><![CDATA[2022-07-13 18:35:08 - [TEST_SUITE][PASSED] - Profiles: Test Cases/Delete Profile]]></system-out>
      <system-err><![CDATA[]]></system-err>
   </testsuite>
</testsuites>
