<?xml version="1.0" encoding="UTF-8"?>
<testsuites name="Breaks" time="109.78" tests="2" failures="0" errors="0">
   <testsuite name="Breaks" tests="2" failures="0" errors="0" time="109.78" skipped="0" timestamp="2022-04-25 09:46:16" hostname="juzcategui - juzcategui" id="Test Suites/Breaks">
      <properties>
         <property name="deviceName" value=""/>
         <property name="devicePlatform" value=""/>
         <property name="logFolder" value="/home/juzcategui/git/DIMS/Reports/20220425_094612/Breaks/20220425_094612"/>
         <property name="logFiles" value="/home/juzcategui/git/DIMS/Reports/20220425_094612/Breaks/20220425_094612/execution0.log"/>
         <property name="attachments" value="/home/juzcategui/git/DIMS/Reports/20220425_094612/Breaks/20220425_094612/1650894432037.png, /home/juzcategui/git/DIMS/Reports/20220425_094612/Breaks/20220425_094612/1650894432807.png, /home/juzcategui/git/DIMS/Reports/20220425_094612/Breaks/20220425_094612/1650894484772.png, /home/juzcategui/git/DIMS/Reports/20220425_094612/Breaks/20220425_094612/1650894485319.png"/>
         <property name="hostName" value="juzcategui - juzcategui"/>
         <property name="os" value="Linux 64bit"/>
         <property name="katalonVersion" value="8.2.5.208"/>
         <property name="browser" value="Chrome 100.0.4896.75"/>
         <property name="hostAddress" value="192.168.250.10"/>
         <property name="sessionId" value="4462af0565d0377ccf9cc11a08e9d296"/>
         <property name="seleniumVersion" value="3.141.59"/>
         <property name="proxyInformation" value="ProxyInformation { proxyOption=NO_PROXY, proxyServerType=HTTP, username=, password=********, proxyServerAddress=, proxyServerPort=0, executionList=&quot;&quot;, isApplyToDesiredCapabilities=true }"/>
         <property name="platform" value="Linux"/>
      </properties>
      <testcase name="Test Cases/Edit Break" time="56.752" classname="Test Cases/Edit Break" status="PASSED">
         <system-out><![CDATA[2022-04-25 09:46:16 - [TEST_CASE][PASSED] - Test Cases/Edit Break: Test Cases/Edit Break

2022-04-25 09:46:17 - [TEST_STEP][PASSED] - openBrowser(""): Browser is opened with url: ''

2022-04-25 09:46:17 - [MESSAGE][INFO] - Starting 'Chrome' driver

2022-04-25 09:46:17 - [MESSAGE][INFO] - Action delay is set to 0 milliseconds

2022-04-25 09:46:18 - [MESSAGE][PASSED] - Browser is opened with url: ''

2022-04-25 09:46:19 - [TEST_STEP][PASSED] - navigateToUrl("http://35.237.24.127:8081/dims-app/#/home"): Navigate to 'http://35.237.24.127:8081/dims-app/#/home' successfully

2022-04-25 09:47:01 - [MESSAGE][PASSED] - Navigate to 'http://35.237.24.127:8081/dims-app/#/home' successfully

2022-04-25 09:47:01 - [TEST_STEP][PASSED] - setText(findTestObject("Object Repository/Create Lead/Page_Debt IMS/input_Username_form-control w-75 ng-untouch_2a886e"), username): Text 'SUPER_USER7' is set on object 'Object Repository/Create Lead/Page_Debt IMS/input_Username_form-control w-75 ng-untouch_2a886e'

2022-04-25 09:47:02 - [MESSAGE][PASSED] - Text 'SUPER_USER7' is set on object 'Object Repository/Create Lead/Page_Debt IMS/input_Username_form-control w-75 ng-untouch_2a886e'

2022-04-25 09:47:02 - [TEST_STEP][PASSED] - setText(findTestObject("Object Repository/Create Lead/Page_Debt IMS/input_Password_form-control w-75 ng-untouch_173c6b"), pass): Text 'Abcd1234**' is set on object 'Object Repository/Create Lead/Page_Debt IMS/input_Password_form-control w-75 ng-untouch_173c6b'

2022-04-25 09:47:02 - [MESSAGE][PASSED] - Text 'Abcd1234**' is set on object 'Object Repository/Create Lead/Page_Debt IMS/input_Password_form-control w-75 ng-untouch_173c6b'

2022-04-25 09:47:02 - [TEST_STEP][PASSED] - click(findTestObject("Object Repository/Create Lead/Page_Debt IMS/button_Login")): Object: 'Object Repository/Create Lead/Page_Debt IMS/button_Login' is clicked on

2022-04-25 09:47:05 - [MESSAGE][PASSED] - Object: 'Object Repository/Create Lead/Page_Debt IMS/button_Login' is clicked on

2022-04-25 09:47:05 - [TEST_STEP][PASSED] - click(findTestObject("Breaks/Page_Debt IMS/strong_Administration")): Object: 'Object Repository/Breaks/Page_Debt IMS/strong_Administration' is clicked on

2022-04-25 09:47:06 - [MESSAGE][PASSED] - Object: 'Object Repository/Breaks/Page_Debt IMS/strong_Administration' is clicked on

2022-04-25 09:47:06 - [TEST_STEP][PASSED] - click(findTestObject("Breaks/Page_Debt IMS/span_Breaks")): Object: 'Object Repository/Breaks/Page_Debt IMS/span_Breaks' is clicked on

2022-04-25 09:47:06 - [MESSAGE][PASSED] - Object: 'Object Repository/Breaks/Page_Debt IMS/span_Breaks' is clicked on

2022-04-25 09:47:06 - [TEST_STEP][PASSED] - setText(findTestObject("Breaks/input_Break search"), "test aut"): Text 'test aut' is set on object 'Object Repository/Breaks/input_Break search'

2022-04-25 09:47:08 - [MESSAGE][PASSED] - Text 'test aut' is set on object 'Object Repository/Breaks/input_Break search'

2022-04-25 09:47:08 - [TEST_STEP][PASSED] - click(findTestObject("Breaks/button_Status_editButton")): Object: 'Object Repository/Breaks/button_Status_editButton' is clicked on

2022-04-25 09:47:08 - [MESSAGE][PASSED] - Object: 'Object Repository/Breaks/button_Status_editButton' is clicked on

2022-04-25 09:47:08 - [TEST_STEP][PASSED] - setText(findTestObject("Breaks/input_Name_form-control shadow-none ng-untouched ng-pristine ng-invalid"), name): Text 'Test aut modificado' is set on object 'Object Repository/Breaks/input_Name_form-control shadow-none ng-untouched ng-pristine ng-invalid'

2022-04-25 09:47:10 - [MESSAGE][PASSED] - Text 'Test aut modificado' is set on object 'Object Repository/Breaks/input_Name_form-control shadow-none ng-untouched ng-pristine ng-invalid'

2022-04-25 09:47:10 - [TEST_STEP][PASSED] - setText(findTestObject("Breaks/input_Description_form-control shadow-none ng-untouched ng-pristine ng-invalid"), description): Text 'Test aut modificado' is set on object 'Object Repository/Breaks/input_Description_form-control shadow-none ng-untouched ng-pristine ng-invalid'

2022-04-25 09:47:10 - [MESSAGE][PASSED] - Text 'Test aut modificado' is set on object 'Object Repository/Breaks/input_Description_form-control shadow-none ng-untouched ng-pristine ng-invalid'

2022-04-25 09:47:10 - [TEST_STEP][PASSED] - click(findTestObject("Breaks/button_Welcome, Julio Uzctegui_saveButton")): Object: 'Object Repository/Breaks/button_Welcome, Julio Uzctegui_saveButton' is clicked on

2022-04-25 09:47:11 - [MESSAGE][PASSED] - Object: 'Object Repository/Breaks/button_Welcome, Julio Uzctegui_saveButton' is clicked on

2022-04-25 09:47:11 - [TEST_STEP][PASSED] - click(findTestObject("Breaks/button_Accept edit")): Object: 'Object Repository/Breaks/button_Accept edit' is clicked on

2022-04-25 09:47:12 - [MESSAGE][PASSED] - Object: 'Object Repository/Breaks/button_Accept edit' is clicked on

2022-04-25 09:47:12 - [TEST_STEP][PASSED] - takeFullPageScreenshot(): Taking screenshot successfully

2022-04-25 09:47:12 - [MESSAGE][INFO] - 0 hidden object(s)

2022-04-25 09:47:12 - [MESSAGE][PASSED] - Taking screenshot successfully
[[ATTACHMENT|/home/juzcategui/git/DIMS/Reports/20220425_094612/Breaks/20220425_094612/1650894432037.png]]

2022-04-25 09:47:12 - [TEST_STEP][PASSED] - takeFullPageScreenshot(): Taking screenshot successfully

2022-04-25 09:47:13 - [MESSAGE][INFO] - 0 hidden object(s)

2022-04-25 09:47:13 - [MESSAGE][PASSED] - Taking screenshot successfully
[[ATTACHMENT|/home/juzcategui/git/DIMS/Reports/20220425_094612/Breaks/20220425_094612/1650894432807.png]]]]></system-out>
         <system-err><![CDATA[]]></system-err>
      </testcase>
      <testcase name="Test Cases/Delete Break" time="52.432" classname="Test Cases/Delete Break" status="PASSED">
         <system-out><![CDATA[2022-04-25 09:47:13 - [TEST_CASE][PASSED] - Test Cases/Delete Break: Test Cases/Delete Break

2022-04-25 09:47:14 - [TEST_STEP][PASSED] - openBrowser(""): Browser is opened with url: ''

2022-04-25 09:47:14 - [MESSAGE][WARNING] - A browser is already opened. Closing browser and opening a new one

2022-04-25 09:47:14 - [MESSAGE][INFO] - Starting 'Chrome' driver

2022-04-25 09:47:14 - [MESSAGE][INFO] - Action delay is set to 0 milliseconds

2022-04-25 09:47:15 - [MESSAGE][PASSED] - Browser is opened with url: ''

2022-04-25 09:47:15 - [TEST_STEP][PASSED] - navigateToUrl("http://35.237.24.127:8081/dims-app/#/home"): Navigate to 'http://35.237.24.127:8081/dims-app/#/home' successfully

2022-04-25 09:47:56 - [MESSAGE][PASSED] - Navigate to 'http://35.237.24.127:8081/dims-app/#/home' successfully

2022-04-25 09:47:56 - [TEST_STEP][PASSED] - setText(findTestObject("Object Repository/Create Lead/Page_Debt IMS/input_Username_form-control w-75 ng-untouch_2a886e"), username): Text 'SUPER_USER7' is set on object 'Object Repository/Create Lead/Page_Debt IMS/input_Username_form-control w-75 ng-untouch_2a886e'

2022-04-25 09:47:57 - [MESSAGE][PASSED] - Text 'SUPER_USER7' is set on object 'Object Repository/Create Lead/Page_Debt IMS/input_Username_form-control w-75 ng-untouch_2a886e'

2022-04-25 09:47:57 - [TEST_STEP][PASSED] - setText(findTestObject("Object Repository/Create Lead/Page_Debt IMS/input_Password_form-control w-75 ng-untouch_173c6b"), pass): Text 'Abcd1234**' is set on object 'Object Repository/Create Lead/Page_Debt IMS/input_Password_form-control w-75 ng-untouch_173c6b'

2022-04-25 09:47:57 - [MESSAGE][PASSED] - Text 'Abcd1234**' is set on object 'Object Repository/Create Lead/Page_Debt IMS/input_Password_form-control w-75 ng-untouch_173c6b'

2022-04-25 09:47:57 - [TEST_STEP][PASSED] - click(findTestObject("Object Repository/Create Lead/Page_Debt IMS/button_Login")): Object: 'Object Repository/Create Lead/Page_Debt IMS/button_Login' is clicked on

2022-04-25 09:48:00 - [MESSAGE][PASSED] - Object: 'Object Repository/Create Lead/Page_Debt IMS/button_Login' is clicked on

2022-04-25 09:48:00 - [TEST_STEP][PASSED] - click(findTestObject("Breaks/Page_Debt IMS/strong_Administration")): Object: 'Object Repository/Breaks/Page_Debt IMS/strong_Administration' is clicked on

2022-04-25 09:48:01 - [MESSAGE][PASSED] - Object: 'Object Repository/Breaks/Page_Debt IMS/strong_Administration' is clicked on

2022-04-25 09:48:01 - [TEST_STEP][PASSED] - click(findTestObject("Breaks/Page_Debt IMS/span_Breaks")): Object: 'Object Repository/Breaks/Page_Debt IMS/span_Breaks' is clicked on

2022-04-25 09:48:01 - [MESSAGE][PASSED] - Object: 'Object Repository/Breaks/Page_Debt IMS/span_Breaks' is clicked on

2022-04-25 09:48:01 - [TEST_STEP][PASSED] - setText(findTestObject("Breaks/input_Break search"), "test aut"): Text 'test aut' is set on object 'Object Repository/Breaks/input_Break search'

2022-04-25 09:48:03 - [MESSAGE][PASSED] - Text 'test aut' is set on object 'Object Repository/Breaks/input_Break search'

2022-04-25 09:48:03 - [TEST_STEP][PASSED] - click(findTestObject("Breaks/Page_Debt IMS/Page_Debt IMS/td_Test aut modificado")): Object: 'Object Repository/Breaks/Page_Debt IMS/Page_Debt IMS/td_Test aut modificado' is clicked on

2022-04-25 09:48:03 - [MESSAGE][PASSED] - Object: 'Object Repository/Breaks/Page_Debt IMS/Page_Debt IMS/td_Test aut modificado' is clicked on

2022-04-25 09:48:03 - [TEST_STEP][PASSED] - click(findTestObject("Teams/Page_Debt IMS/button_Welcome, Julio Uzctegui_deleteButton")): Object: 'Object Repository/Teams/Page_Debt IMS/button_Welcome, Julio Uzctegui_deleteButton' is clicked on

2022-04-25 09:48:04 - [MESSAGE][PASSED] - Object: 'Object Repository/Teams/Page_Debt IMS/button_Welcome, Julio Uzctegui_deleteButton' is clicked on

2022-04-25 09:48:04 - [TEST_STEP][PASSED] - click(findTestObject("Breaks/button_Accept delete")): Object: 'Object Repository/Breaks/button_Accept delete' is clicked on

2022-04-25 09:48:04 - [MESSAGE][PASSED] - Object: 'Object Repository/Breaks/button_Accept delete' is clicked on

2022-04-25 09:48:04 - [TEST_STEP][PASSED] - takeFullPageScreenshot(): Taking screenshot successfully

2022-04-25 09:48:05 - [MESSAGE][INFO] - 0 hidden object(s)

2022-04-25 09:48:05 - [MESSAGE][PASSED] - Taking screenshot successfully
[[ATTACHMENT|/home/juzcategui/git/DIMS/Reports/20220425_094612/Breaks/20220425_094612/1650894484772.png]]

2022-04-25 09:48:05 - [TEST_STEP][PASSED] - takeFullPageScreenshot(): Taking screenshot successfully

2022-04-25 09:48:05 - [MESSAGE][INFO] - 0 hidden object(s)

2022-04-25 09:48:05 - [MESSAGE][PASSED] - Taking screenshot successfully
[[ATTACHMENT|/home/juzcategui/git/DIMS/Reports/20220425_094612/Breaks/20220425_094612/1650894485319.png]]]]></system-out>
         <system-err><![CDATA[]]></system-err>
      </testcase>
      <system-out><![CDATA[2022-04-25 09:46:16 - [TEST_SUITE][PASSED] - Breaks: Test Cases/Delete Break]]></system-out>
      <system-err><![CDATA[]]></system-err>
   </testsuite>
</testsuites>
